#Coordinates  RecID  LigID  Luciferin  Neighbor's number  Vision Range  Scoring
( 2.1666008,  7.9689307, -27.6703583, -0.5191785,  0.7155397,  0.1151542, -0.4529858)    0    0  69.01748332 14 0.000  47.55687315
(-0.3680446,  8.9242841, -30.2483663,  0.0253228, -0.1115099,  0.4945707,  0.8615824)    0    0 110.33100579  0 0.400  72.43165091
( 0.5280614, 19.2475855, -36.7202807, -0.5810510, -0.0771859,  0.6995001, -0.4088053)    0    0  49.40976839  6 4.680  32.87366479
( 5.6379523, 12.9480014, -33.1326529, -0.4890248, -0.1079818, -0.5144882, -0.6960578)    0    0  75.58601267  1 4.080  50.54958655
( 5.5487879, 12.7174758, -33.4918617, -0.4890248, -0.1079819, -0.5144883, -0.6960578)    0    0  75.04539941  3 1.800  50.00093650
( 2.7641328,  8.5302194, -27.5454038, -0.5192005,  0.7155614,  0.1152151, -0.4529109)    0    0  75.16068769  1 1.240  51.38953458
( 2.1980005,  8.0051198, -27.6435976, -0.5025922,  0.6986575,  0.0724491, -0.5040138)    0    0  22.49152241 17 0.920  36.11247312
( 5.3134002, 12.5883307, -33.1940258, -0.4890249, -0.1079833, -0.5144887, -0.6960572)    0    0  74.22624373  1 0.400  49.58447891
(-6.1480325, 11.6492023, -31.8033688,  0.1176098, -0.6864307, -0.2782566,  0.6614787)    0    0  63.36706151  0 0.720  40.73108103
(-4.9800188, 16.0244061, -33.9887906,  0.9173846,  0.2661797, -0.2521733,  0.1547984)    0    0  13.81930139  2 1.720  27.53739508
( 2.1141809, 16.7926741, -27.2345933,  0.0729719, -0.7995325, -0.5004714,  0.3239619)    0    0  99.68977980  3 0.960  67.34259747
( 5.5356998, 12.6843014, -33.5440503, -0.4890248, -0.1079819, -0.5144883, -0.6960578)    0    0  75.22594000  2 1.360  50.11751671
( 1.6662592, 16.8855193, -27.3640557,  0.0729713, -0.7995311, -0.5004726,  0.3239635)    0    0  97.63576438  3 0.560  65.00908096
( 5.3843586, 15.9737477, -24.4267084, -0.5515020, -0.3861944, -0.6347892,  0.3791334)    0    0  87.79494129  3 4.520  58.40401148
(-4.4193259, 21.7287028, -30.8917218,  0.4623175, -0.7482112, -0.0364712, -0.4744602)    0    0  58.13370609  7 1.960  38.34656196
(-6.1128854, 11.0171198, -32.6138935,  0.1176098, -0.6864307, -0.2782566,  0.6614787)    0    0  65.20690665  5 0.400  43.81897716
( 2.2694327,  8.1225399, -27.5486789, -0.5192005,  0.7155614,  0.1152151, -0.4529109)    0    0  74.08792968  2 2.120  49.29733753
( 2.2650783,  8.2268529, -27.4636261, -0.5192005,  0.7155614,  0.1152151, -0.4529109)    0    0  73.42862311  4 1.000  49.71278652
( 5.4651793, 12.8333338, -33.1216008, -0.4890249, -0.1079824, -0.5144884, -0.6960576)    0    0  74.18945545  2 0.320  50.00881273
(-6.1332706, 11.6086082, -32.1285829,  0.1176098, -0.6864307, -0.2782566,  0.6614787)    0    0  65.79868550  2 5.000  43.18077120
( 2.8743305,  8.6128477, -27.4172549, -0.5191608,  0.7155222,  0.1151049, -0.4530463)    0    0  72.10814321  7 0.280  49.89826415
( 5.3691237, 15.8136833, -24.4940936, -0.5515063, -0.3861896, -0.6347887,  0.3791328)    0    0  88.67054965  2 2.920  58.79898383
( 5.5874844, 12.7213753, -24.2638276, -0.7215783, -0.6623996, -0.2013413,  0.0036357)    0    0 -258.17319205  2 2.760 -281.44471332
(-6.0949486, 11.4290126, -32.2872569,  0.1176098, -0.6864307, -0.2782566,  0.6614787)    0    0  64.28869747  8 0.320  42.61324758
(-4.5292020, 21.7251191, -30.9257648,  0.4623175, -0.7482112, -0.0364712, -0.4744602)    0    0  58.65446125  4 5.000  39.22449222
( 6.0898303, 11.8583640, -26.3403109,  0.5350759,  0.6275495, -0.3808867,  0.4180917)    0    0  86.74339532  4 4.120  57.40614057
(-6.1290444, 11.5360343, -32.1620068,  0.1176098, -0.6864307, -0.2782566,  0.6614787)    0    0  65.20242655  6 0.720  42.96346175
(-0.5728636,  8.3607399, -30.1861036,  0.0253228, -0.1115099,  0.4945706,  0.8615824)    0    0 111.75644638  0 0.560  74.21429991
( 2.0658554, 16.4938119, -27.2212033,  0.0729716, -0.7995318, -0.5004721,  0.3239626)    0    0  96.73986541  0 0.400  63.68938574
( 1.8617186, 16.9406175, -27.8456627,  0.0729708, -0.7995299, -0.5004737,  0.3239649)    0    0  97.51398181  0 0.400  64.12867127
(-4.9842032, 15.4368453, -33.7508976,  0.7849529, -0.1662207, -0.3502350,  0.4832754)    0    0 -59.54738892  8 1.160 -40.26547077
( 5.2123707, 16.1653496, -24.5507927, -0.5515091, -0.3861863, -0.6347884,  0.3791325)    0    0  89.78351120  0 4.200  59.87447020
( 2.1053976, 16.7701955, -27.3245367,  0.0729714, -0.7995312, -0.5004727,  0.3239632)    0    0  99.02997134  7 0.240  66.75435877
( 5.7098193, 12.9045585, -33.0866418, -0.4890249, -0.1079822, -0.5144884, -0.6960576)    0    0  74.29736736  9 0.000  49.60134482
( 1.6084631, 16.9466467, -27.6217849,  0.0729711, -0.7995310, -0.5004728,  0.3239636)    0    0  97.33383771  0 0.400  66.03849742
(-4.9737022, 16.0271491, -33.9655658,  0.9160907,  0.2880265, -0.2442331,  0.1347918)    0    0  46.43708063  0 4.120  31.06154276
(-5.0859742, 16.1309254, -33.9668578,  0.9166838,  0.2079515, -0.2717847,  0.2063496)    0    0 -32.23247245  6 3.320 -24.62437694
(-0.7910160,  8.2099636, -30.5230903,  0.0253227, -0.1115099,  0.4945706,  0.8615824)    0    0 110.58240708  0 0.760  72.09587877
( 5.6280303, 12.7619866, -33.5981401, -0.4890249, -0.1079822, -0.5144884, -0.6960576)    0    0  73.91524727  0 0.400  49.57856175
(-4.9769474, 15.3632059, -33.7584855,  0.7722935, -0.1855872, -0.3521114,  0.4951138)    0    0 -40.73420027  7 2.520  -0.17827471
( 2.1033081, 21.3621302, -31.6500956, -0.6227612, -0.2906639,  0.6928075, -0.2184052)    0    0  45.85086086  1 1.000  30.88063880
(-0.4279540,  8.7716610, -30.4570331,  0.0253227, -0.1115099,  0.4945706,  0.8615824)    0    0 113.70709938  2 5.000  75.41659390
(-0.2609815,  9.0459265, -30.5210643,  0.0253227, -0.1115099,  0.4945706,  0.8615824)    0    0 112.43933690  9 0.240  75.24665853
(-5.6701310, 11.7349585, -32.1356854,  0.1176098, -0.6864307, -0.2782566,  0.6614787)    0    0  63.75011867  0 0.800  42.24824563
( 2.4261471, 21.6248593, -31.7317307, -0.6227599, -0.2906476,  0.6928104, -0.2184214)    0    0  45.54154005  4 0.920  30.55102844
(-6.0911498, 11.7549573, -32.0585766,  0.1176098, -0.6864307, -0.2782566,  0.6614787)    0    0  65.22876942  4 0.640  43.74774984
(-0.2214362,  8.6783043, -30.5774540,  0.0253228, -0.1115099,  0.4945706,  0.8615824)    0    0 111.88884960  0 0.480  74.87528251
( 6.0765622, 11.7994161, -26.0625810,  0.5350589,  0.6276453, -0.3808317,  0.4180197)    0    0  85.17492661  4 0.680  58.59543226
( 1.6511448, 16.7188167, -27.2961456,  0.0729705, -0.7995295, -0.5004741,  0.3239654)    0    0  97.53876419  0 0.400  65.53853754
( 2.6533089,  8.3528337, -27.6059026, -0.5192001,  0.7155610,  0.1152140, -0.4529123)    0    0  73.06916945  4 1.000  48.14332674
(-9.7704225, 20.5281074, -25.2645490, -0.2006069, -0.9322444,  0.2906080, -0.0788934)    0    0 -123.92794535  1 5.000 -87.84257164
( 5.6467920, 12.5227088, -33.4962485, -0.4890249, -0.1079825, -0.5144885, -0.6960575)    0    0  74.13961905  1 0.720  48.78243369
( 2.5570627,  8.3321032, -27.6547748, -0.5191895,  0.7155505,  0.1151847, -0.4529483)    0    0  73.32863469  3 0.600  50.10104692
( 6.0874839, 11.8153589, -26.1969119,  0.5365548,  0.6286898, -0.3785883,  0.4165547)    0    0  75.20534178  7 0.520  54.76799788
(-0.6139006,  8.5426373, -30.4036620,  0.0253227, -0.1115099,  0.4945706,  0.8615824)    0    0 111.48713016 11 0.080  73.18414531
(-6.3225951, 11.0910646, -32.6394846,  0.1176098, -0.6864307, -0.2782566,  0.6614787)    0    0  63.94834415 13 0.000  42.62191828
( 0.7615408, 19.6559406, -36.6628401, -0.5810510, -0.0771859,  0.6995001, -0.4088053)    0    0  50.17450584  3 5.000  32.86723824
( 1.7411230, 16.9386639, -27.5708241,  0.0729715, -0.7995315, -0.5004723,  0.3239630)    0    0  96.82607955  0 0.400  66.01120888
( 5.4225062, 12.9407009, -33.6332681, -0.4890248, -0.1079821, -0.5144883, -0.6960577)    0    0  74.31254960  6 0.320  49.71159425
(-6.0904723, 11.2052340, -32.6571288,  0.1176098, -0.6864307, -0.2782566,  0.6614787)    0    0  64.92374764  9 0.240  43.74252605
( 2.0167182, 16.8293814, -27.2818489,  0.0729718, -0.7995322, -0.5004717,  0.3239622)    0    0  99.60560480  4 0.640  67.29945536
( 1.7462306, 16.5732172, -27.4677923,  0.0729703, -0.7995287, -0.5004748,  0.3239663)    0    0  97.43610241  0 0.400  65.13616671
( 5.9148423, 11.7593690, -26.5427049,  0.5352025,  0.6276290, -0.3807047,  0.4179760)    0    0  84.33763454  6 0.440  58.50600263
(-0.3239019,  8.9478846, -30.4245300,  0.0253227, -0.1115099,  0.4945706,  0.8615824)    0    0 112.85691459  4 0.440  75.77663106
( 1.9128248, 16.8281551, -27.3190277,  0.0729720, -0.7995326, -0.5004713,  0.3239618)    0    0 100.10384375  0 5.000  66.73783555
( 2.2874645, 21.5990127, -31.3170449, -0.6227496, -0.2905156,  0.6928337, -0.2185521)    0    0  44.02479771  7 0.280  29.82271466
(-6.0740279, 11.6622841, -31.9782501,  0.1176098, -0.6864307, -0.2782566,  0.6614787)    0    0  65.11446599  7 0.400  43.32832650
( 5.1025147, 16.3985589, -24.5947408, -0.5515034, -0.3861928, -0.6347891,  0.3791332)    0    0  87.51599250  4 1.960  58.76405830
( 1.9546146, 16.8299502, -27.2746358,  0.0729718, -0.7995322, -0.5004717,  0.3239622)    0    0  98.94289669  8 0.560  66.29863864
(-6.1601261, 11.4629348, -32.5820274,  0.1176098, -0.6864307, -0.2782566,  0.6614787)    0    0  64.79488449  8 0.160  43.93003297
( 1.4355437, 16.7816349, -27.3439307,  0.0729716, -0.7995320, -0.5004719,  0.3239625)    0    0  97.47968079 17 0.000  66.57284434
( 1.7176417, 16.7781600, -27.4119234,  0.0729712, -0.7995315, -0.5004723,  0.3239631)    0    0  98.82436559  0 0.480  66.91202108
( 5.9422519, 11.7520696, -26.5192431,  0.5350759,  0.6275495, -0.3808867,  0.4180917)    0    0  88.82454943  1 3.240  59.83050403
( 2.3908420,  8.2164004, -27.5544279, -0.5192004,  0.7155613,  0.1152149, -0.4529111)    0    0  75.79418823  0 3.320  51.21485766
(-6.1427329, 11.7488268, -32.2055570,  0.1176098, -0.6864307, -0.2782566,  0.6614787)    0    0  64.47861453 11 0.160  43.33665467
( 2.5366487,  8.3665737, -27.5013826, -0.5192007,  0.7155615,  0.1152156, -0.4529103)    0    0  73.71214422  3 1.000  50.16442099
( 2.1730656, 21.4256111, -31.6791178, -0.6227610, -0.2906611,  0.6928080, -0.2184080)    0    0  45.90862860  0 2.040  30.66409188
(-6.1258006, 11.4784028, -32.2538414,  0.1176098, -0.6864307, -0.2782566,  0.6614787)    0    0  66.65989561  0 5.000  44.43993074
( 1.7772159, 16.9173303, -27.4363687,  0.0729713, -0.7995311, -0.5004727,  0.3239633)    0    0  94.79955862  6 0.400  61.65804390
( 1.7618824, 16.8855091, -27.4057816,  0.0729714, -0.7995316, -0.5004723,  0.3239628)    0    0  97.94286149 14 0.000  64.32221336
(-6.3016918, 11.3745477, -32.5409934,  0.1176098, -0.6864307, -0.2782566,  0.6614787)    0    0  63.67415394  5 0.480  41.05375083
( 2.0046655,  7.7597977, -27.8170520, -0.5191992,  0.7155601,  0.1152115, -0.4529153)    0    0  72.63847486  5 0.360  49.86961259
( 5.2631417, 15.2711383, -24.0849790, -0.5516622, -0.3860492, -0.6345404,  0.3794641)    0    0  62.72731940  9 2.600  53.82944690
( 1.2059731, 16.8410829, -27.9066061,  0.0729712, -0.7995312, -0.5004725,  0.3239633)    0    0  97.38268501  0 0.400  64.03614947
(-5.9750794, 11.8718692, -32.1202191,  0.1176098, -0.6864307, -0.2782566,  0.6614787)    0    0  65.30477160  2 0.480  44.47143344
( 5.6716735, 12.9744368, -33.0405794, -0.4890248, -0.1079819, -0.5144883, -0.6960578)    0    0  74.58280513  2 0.560  50.08025768
(-4.2710903, 21.7640202, -30.7679737,  0.4623175, -0.7482112, -0.0364712, -0.4744602)    0    0  59.46965984  0 3.320  39.75735902
( 2.7475728,  8.2728312, -27.7456207, -0.5187135,  0.7150796,  0.1138705, -0.4545614)    0    0  69.04739407  0 0.480  48.58490526
( 1.4053794, 16.7176670, -27.4962373,  0.0729712, -0.7995310, -0.5004728,  0.3239635)    0    0  96.51640822  0 0.400  63.71828287
(-0.4767009,  8.7195864, -30.4225743,  0.0253227, -0.1115099,  0.4945706,  0.8615824)    0    0 114.65345247  0 5.000  76.43718089
(-0.6229099,  8.5309207, -30.3074431,  0.0253227, -0.1115099,  0.4945706,  0.8615824)    0    0 112.85974735  4 1.800  74.62819116
(-5.4701355, 16.3758999, -33.8939328,  0.9175380,  0.2263359, -0.2658295,  0.1903437)    0    0  -5.63133394  4 3.880   8.11436538
( 1.6269239, 16.8105600, -27.4306954,  0.0729710, -0.7995307, -0.5004731,  0.3239639)    0    0  96.76097499  3 0.560  64.01714157
( 1.8311302, 16.8598873, -27.3062152,  0.0729714, -0.7995314, -0.5004723,  0.3239631)    0    0  96.49929632 30 0.000  61.41957898
(-6.1226486, 11.3291901, -32.3702461,  0.1176098, -0.6864307, -0.2782566,  0.6614787)    0    0  63.53542518 13 0.080  40.61311829
( 0.6820884, 19.5280203, -36.6728784, -0.5810510, -0.0771859,  0.6995001, -0.4088053)    0    0  51.00860223  0 5.000  34.00573501
( 5.6283203, 12.7199563, -33.0561093, -0.4890249, -0.1079826, -0.5144885, -0.6960575)    0    0  72.54938612  0 0.400  47.74871838
( 1.5934067, 17.0298105, -27.3099985,  0.0729709, -0.7995304, -0.5004733,  0.3239643)    0    0  97.08393542  8 0.080  65.14595236
( 1.3457674, 16.6480074, -27.7379531,  0.0729710, -0.7995307, -0.5004730,  0.3239639)    0    0  95.74724713  0 0.400  63.12388341
(-0.6306574,  8.5305191, -30.3703207,  0.0253227, -0.1115099,  0.4945706,  0.8615824)    0    0 112.23734975  0 0.400  76.46102163
( 1.7319414, 16.5452360, -27.1707966,  0.0729712, -0.7995307, -0.5004731,  0.3239638)    0    0  98.26659046  4 0.240  65.63488455
( 1.9270270, 16.7857866, -27.0514164,  0.0729715, -0.7995316, -0.5004722,  0.3239629)    0    0  96.57611044  1 0.640  62.96788236
(-4.2109170, 21.7696364, -30.7403492,  0.4623175, -0.7482112, -0.0364712, -0.4744602)    0    0  58.48888624  5 3.960  39.09045635
( 5.6694951, 15.5320918, -24.2604887, -0.5508671, -0.3869127, -0.6348575,  0.3792084)    0    0  87.01531702  6 0.680  59.52554121
( 2.4629386, 21.6887172, -31.7993342, -0.6227620, -0.2906747,  0.6928055, -0.2183945)    0    0  45.72063572  3 1.000  31.16427131
( 6.2870432, 11.6603649, -26.2015877,  0.5353292,  0.6277085, -0.3805226,  0.4178604)    0    0  82.85538068  5 0.520  56.43009726
(-6.0689908, 11.3033542, -32.3689472,  0.1176098, -0.6864307, -0.2782566,  0.6614787)    0    0  63.86012916 13 0.000  42.28038189
( 5.5818793, 12.6031776, -33.4372919, -0.4890249, -0.1079824, -0.5144884, -0.6960576)    0    0  73.86410305  0 0.400  49.83807883
( 5.7413290, 12.8233038, -33.1113137, -0.4890249, -0.1079826, -0.5144885, -0.6960575)    0    0  74.35709907  5 0.400  49.46862021
( 2.9364446,  8.5958867, -27.5878523, -0.5191996,  0.7155605,  0.1152127, -0.4529139)    0    0  70.19646125 13 0.360  44.90871976
( 1.3198926, 16.9714660, -27.5978604,  0.0729714, -0.7995316, -0.5004722,  0.3239630)    0    0  97.50237241 19 0.000  65.97583030
( 1.5329500, 16.7907301, -27.7850036,  0.0729708, -0.7995298, -0.5004738,  0.3239649)    0    0  96.75770243  0 0.400  65.77853399
(-6.1578125, 11.2906211, -32.7765443,  0.1176098, -0.6864307, -0.2782566,  0.6614787)    0    0  63.31486427  0 0.400  42.04113190
(-0.5660715,  8.5743260, -30.4301690,  0.0253228, -0.1115099,  0.4945707,  0.8615823)    0    0 109.61506742 11 0.000  73.78902243
( 5.0306174, 16.2279855, -24.7217806, -0.5290532, -0.4110551, -0.6368332,  0.3815493)    0    0  76.72238426  8 0.920  59.64926787
(-4.1896584, 21.5886598, -31.2061396,  0.4623175, -0.7482112, -0.0364712, -0.4744602)    0    0  58.17624756  6 0.440  39.59593593
( 2.1464004, 21.6525637, -31.5956547, -0.6227598, -0.2906458,  0.6928107, -0.2184232)    0    0  44.55550350  1 0.600  29.60066632
(-4.2942975, 21.6311017, -31.1140012,  0.4623175, -0.7482112, -0.0364712, -0.4744602)    0    0  57.92122966  8 2.360  38.86916667
( 2.5602607, 16.8426415, -27.1436705,  0.0729713, -0.7995311, -0.5004727,  0.3239635)    0    0  97.63863032  7 0.240  65.21324512
(-6.5395435, 11.4279191, -32.7390722,  0.1176098, -0.6864307, -0.2782566,  0.6614787)    0    0  64.25475807  5 0.160  43.59354002
( 6.1228480, 11.8669075, -26.0656061,  0.5350759,  0.6275495, -0.3808867,  0.4180917)    0    0  86.89366393  3 1.320  58.66620706
( 5.6404806, 12.9848671, -33.0692409, -0.4890248, -0.1079819, -0.5144883, -0.6960578)    0    0  73.90938105  0 0.400  49.44421689
(-4.2486156, 21.8539769, -30.5311112,  0.4623175, -0.7482112, -0.0364712, -0.4744602)    0    0  57.89405911  9 3.560  38.90311947
( 2.4224973, 21.5993746, -31.7414627, -0.6227593, -0.2906398,  0.6928117, -0.2184291)    0    0  45.17138628  6 2.760  30.19161589
( 5.5471237, 12.7139491, -33.4975841, -0.4890248, -0.1079819, -0.5144883, -0.6960578)    0    0  74.95473110  4 1.120  49.95182219
( 2.4653581,  8.6322195, -27.0303471, -0.4933354,  0.6888846,  0.0509071, -0.5286462)    0    0  23.45167953  2 0.680  45.18853396
( 1.5046134, 16.7391742, -27.6670369,  0.0729714, -0.7995316, -0.5004722,  0.3239629)    0    0  97.99764912 16 0.000  64.10260270
( 2.0658308, 16.8287153, -27.1964354,  0.0729718, -0.7995320, -0.5004718,  0.3239625)    0    0  99.81981893  1 0.720  67.20880849
( 5.1010859, 16.4862516, -24.5682081, -0.5514977, -0.3861993, -0.6347897,  0.3791339)    0    0  87.33515811  5 1.960  58.80051036
( 1.7882583, 16.8313352, -27.1268465,  0.0729713, -0.7995314, -0.5004724,  0.3239630)    0    0  96.34068389  0 0.400  63.33143023
(-5.8039413, 11.1864652, -32.2979251,  0.1176098, -0.6864307, -0.2782566,  0.6614787)    0    0  63.78076644  8 0.080  43.07250093
( 2.1761051, 16.7192016, -26.9742631,  0.0729713, -0.7995308, -0.5004729,  0.3239638)    0    0  97.04144066  1 0.400  65.99449301
( 4.7266632, 21.3853250, -33.2088827, -0.5568581, -0.2187616,  0.7957775, -0.0937578)    0    0  22.82792492 11 3.960  16.26475933
( 5.6445902, 12.9939498, -33.0821658, -0.4890248, -0.1079820, -0.5144883, -0.6960577)    0    0  73.93421864  0 0.400  49.45481044
(-4.2451775, 21.7594020, -30.7743504,  0.4623175, -0.7482112, -0.0364712, -0.4744602)    0    0  57.67711484 10 3.320  38.28379416
( 2.1850157, 21.5342035, -31.7476033, -0.6171468, -0.2388598,  0.7000216, -0.2684130)    0    0  22.09514329 18 3.960  -9.67975308
(-0.4686512,  8.8141262, -30.5461939,  0.0253227, -0.1115099,  0.4945706,  0.8615824)    0    0 112.84108281  5 0.440  75.68592952
( 0.5976495, 19.7352177, -36.3880503, -0.5810510, -0.0771859,  0.6995001, -0.4088053)    0    0  50.57472303  1 5.000  34.21797744
( 2.1306169,  7.9642133, -27.6246377, -0.5191996,  0.7155605,  0.1152127, -0.4529139)    0    0  72.24984273  8 0.240  49.89297567
(-0.1540408,  8.6610476, -30.5501330,  0.0253228, -0.1115099,  0.4945706,  0.8615824)    0    0 111.74377019  8 0.080  75.47703575
( 1.5596264, 16.9202554, -27.0952491,  0.0729716, -0.7995318, -0.5004720,  0.3239626)    0    0  98.87732648  4 0.240  66.81564322
( 1.4299273, 16.8230829, -27.4730390,  0.0729712, -0.7995311, -0.5004727,  0.3239634)    0    0  98.19439649 10 0.000  66.23723709
(-6.4150020, 11.2823627, -32.5843095,  0.1176098, -0.6864307, -0.2782566,  0.6614787)    0    0  63.27942126  0 0.400  42.44131694
(-0.6272718,  8.5172030, -30.2653758,  0.0253227, -0.1115099,  0.4945706,  0.8615824)    0    0 112.48633243  6 0.400  74.56264629
( 6.0807028, 11.9517732, -26.0870796,  0.6703600,  0.6939501, -0.1134686,  0.2370141)    0    0 -104.75187349 27 3.080 -262.28634214
( 1.6881412, 16.8944787, -27.3054769,  0.0729713, -0.7995310, -0.5004728,  0.3239633)    0    0  98.13833344  0 0.400  66.76095053
( 6.0827160, 11.8413869, -26.1664105,  0.5350759,  0.6275495, -0.3808867,  0.4180917)    0    0  89.13606151  0 4.520  59.46221022
(-6.1394995, 11.8122645, -31.9341838,  0.1176098, -0.6864307, -0.2782566,  0.6614787)    0    0  65.06731723  7 0.160  43.96623631
(-4.7080293, 15.7745506, -33.9607013,  0.9164003,  0.2836875, -0.2458298,  0.1387878)    0    0  35.84626049  1 2.360  31.67781734
( 2.2606851, 21.2021557, -31.5426158, -0.6227584, -0.2906287,  0.6928137, -0.2184401)    0    0  45.16276401  7 2.440  30.86798391
(-4.9766935, 15.8404373, -33.9070738,  0.8955665,  0.0798662, -0.3076046,  0.3113864)    0    0  -1.89808262  3 3.240 -29.65778680
( 0.6548821, 19.5612375, -36.6099908, -0.5810510, -0.0771859,  0.6995001, -0.4088053)    0    0  49.77654125  5 5.000  33.30367525
( 5.5900371, 12.8245540, -33.3251505, -0.4890247, -0.1079818, -0.5144881, -0.6960576)    0    0  75.83957126  0 5.000  50.55971486
( 1.1692042, 16.9612016, -27.6147867,  0.0729713, -0.7995311, -0.5004727,  0.3239634)    0    0  94.59807679  7 0.240  61.97411033
( 1.8303519, 16.5350023, -27.7452989,  0.0729713, -0.7995312, -0.5004727,  0.3239633)    0    0  99.56214254  5 0.400  67.48192365
(-5.0122135, 15.3486659, -33.6996680,  0.8391555, -0.0698903, -0.3376241,  0.4206464)    0    0 -24.19017720  5 2.760  -5.94041617
(-9.6269910, 20.4564945, -25.2269284, -0.2006069, -0.9322444,  0.2906080, -0.0788934)    0    0 -108.75313937  0 5.000 -72.50208800
( 1.8626690, 16.9011850, -27.6079184,  0.0729715, -0.7995314, -0.5004724,  0.3239631)    0    0  96.45077807  0 0.400  65.66204055
( 2.0158437, 16.7984660, -27.2656471,  0.0729714, -0.7995317, -0.5004721,  0.3239628)    0    0  99.56043741  6 0.320  67.31395003
( 5.1895648, 16.2165122, -24.5590421, -0.5515049, -0.3861912, -0.6347889,  0.3791330)    0    0  88.75315460  1 3.800  59.33775119
( 1.7383660, 16.7728088, -27.5294818,  0.0729715, -0.7995317, -0.5004721,  0.3239628)    0    0  98.81799523  1 0.640  65.78712028
( 1.5275501, 16.6509233, -27.6237436,  0.0729715, -0.7995314, -0.5004724,  0.3239630)    0    0  96.27450635 29 0.000  64.61725455
( 2.1078277, 16.9284797, -27.1955087,  0.0729714, -0.7995307, -0.5004729,  0.3239640)    0    0  96.81037660  0 0.400  63.74238644
( 2.3313561, 16.8115443, -27.1108211,  0.0729719, -0.7995323, -0.5004715,  0.3239621)    0    0  99.71750229  2 1.360  66.62613626
( 0.4917812, 19.2237981, -36.6950479, -0.5810510, -0.0771859,  0.6995001, -0.4088053)    0    0  50.44635310  2 5.000  33.79678378
(-6.1120602, 11.2388987, -32.4842461,  0.1176098, -0.6864307, -0.2782566,  0.6614787)    0    0  66.59034643  1 5.000  45.10562289
( 5.4155138, 12.9906843, -33.2344091, -0.4890249, -0.1079824, -0.5144884, -0.6960576)    0    0  73.26102767  0 0.400  48.36947513
( 0.5518017, 19.4667103, -36.5614988, -0.5810510, -0.0771859,  0.6995001, -0.4088053)    0    0  49.30845437  7 2.760  33.45725208
( 1.7116493, 16.9837193, -27.2677453,  0.0729712, -0.7995309, -0.5004729,  0.3239636)    0    0  96.21212888 16 0.000  63.32776273
( 1.8606989, 16.7739512, -27.4037688,  0.0729713, -0.7995311, -0.5004727,  0.3239635)    0    0  97.26444278  0 0.400  66.51819388
( 5.2657767, 12.8814804, -33.4619738, -0.4890249, -0.1079836, -0.5144888, -0.6960571)    0    0  73.00921448 14 0.000  48.87033046
( 2.3637688,  8.0209758, -27.7258548, -0.5191971,  0.7155581,  0.1152059, -0.4529222)    0    0  72.80103000  0 0.520  50.13824754
( 5.6238480, 12.9241829, -33.1952296, -0.4890248, -0.1079822, -0.5144884, -0.6960576)    0    0  74.34456095  6 0.480  49.88405014
( 4.9200881, 21.6062549, -33.0169264, -0.5568576, -0.2187520,  0.7957794, -0.0937675)    0    0  22.68048681 12 3.800  16.36892823
(-3.8602777, 21.7574633, -30.6930523,  0.4623175, -0.7482112, -0.0364712, -0.4744602)    0    0  59.12831656  1 4.280  39.98279027
( 2.6026394, 21.7710442, -31.8030207, -0.6227593, -0.2906401,  0.6928117, -0.2184288)    0    0  45.72644489  2 5.000  30.52278503
( 6.1460534, 11.8650149, -25.9457132,  0.5350759,  0.6275495, -0.3808867,  0.4180917)    0    0  86.93869197  2 2.760  58.19413205
(-0.7360601,  8.4428819, -30.2373910,  0.0253227, -0.1115099,  0.4945706,  0.8615824)    0    0 113.98801496  1 2.000  76.45713287
( 2.0172707, 16.8862615, -27.6405061,  0.0729714, -0.7995314, -0.5004724,  0.3239632)    0    0  98.06655323  0 0.640  64.66905967
( 4.3678760, 16.2137915, -25.3460477, -0.0947269, -0.7344543, -0.5680991,  0.3589807)    0    0  50.81371385  0 2.040  29.88389066
(-4.2403435, 21.8404153, -30.5644864,  0.4623175, -0.7482112, -0.0364712, -0.4744602)    0    0  58.73076090  3 5.000  39.10874463
( 5.7106483, 13.1379419, -32.8373069, -0.4890248, -0.1079819, -0.5144883, -0.6960578)    0    0  74.32809842  8 0.160  49.20266853
( 1.5640234, 16.9488807, -27.6422943,  0.0729713, -0.7995309, -0.5004729,  0.3239636)    0    0  97.14099467 23 0.000  64.28685519
( 1.4795454, 16.8490492, -27.2006682,  0.0729708, -0.7995294, -0.5004742,  0.3239652)    0    0  96.12263683  0 0.400  63.16502905
( 5.2276256, 16.0827922, -24.5590778, -0.5464377, -0.3918727, -0.6352984,  0.3797092)    0    0  83.91924186  5 0.840  56.70499022
( 5.4351101, 13.1258745, -33.3607542, -0.4890249, -0.1079850, -0.5144893, -0.6960565)    0    0  72.78105681  0 0.400  48.41346925
(-0.8645432,  8.3243842, -30.1698683,  0.0253227, -0.1115099,  0.4945706,  0.8615824)    0    0 113.00586742  3 4.600  76.68449491
( 1.5921389, 16.8001994, -27.6210869,  0.0729714, -0.7995311, -0.5004726,  0.3239635)    0    0  97.21308271 16 0.000  64.72799539
(-0.6712604,  8.5128091, -30.2896597,  0.0253227, -0.1115099,  0.4945706,  0.8615824)    0    0 112.78149537  7 0.800  74.91219971
( 2.0302561, 21.3085783, -31.6260283, -0.6227620, -0.2906739,  0.6928057, -0.2183953)    0    0  45.24403730  5 1.960  29.76719874
( 2.2964083, 21.4543826, -30.9307643, -0.6227438, -0.2904412,  0.6928468, -0.2186258)    0    0  45.01712604  5 0.360  30.39631099
(-4.7051411, 21.8508718, -30.6382747,  0.4623175, -0.7482112, -0.0364712, -0.4744602)    0    0  58.92782862  2 1.240  39.80858851
( 5.7286951, 13.0891753, -32.8303260, -0.4890248, -0.1079819, -0.5144883, -0.6960578)    0    0  74.42152160  7 4.600  49.15455186
( 2.6392800,  8.2226899, -27.7076055, -0.5192007,  0.7155615,  0.1152156, -0.4529103)    0    0  71.03057705 12 2.040  44.98827742
( 2.2279988,  8.1901344, -27.3600262, -0.5192437,  0.7154422,  0.1151936, -0.4530550)    0    0  71.84071548  2 0.600  48.11542790
( 5.9108613, 13.1910939, -33.0601083, -0.4890249, -0.1079825, -0.5144885, -0.6960575)    0    0  73.66745765  0 0.560  49.58428078
( 5.4974406, 12.9589098, -33.4405182, -0.4890248, -0.1079819, -0.5144883, -0.6960578)    0    0  74.43626887  2 0.600  49.84362395
(-0.4997132,  8.7138161, -30.4088325,  0.0253227, -0.1115099,  0.4945706,  0.8615824)    0    0 109.66025515 11 0.160  72.97930015
( 0.6588723, 19.2667927, -36.8685768, -0.5810510, -0.0771859,  0.6995001, -0.4088053)    0    0  49.82836493  4 5.000  33.64071892
( 6.1176945, 11.5584049, -26.3917466,  0.5675703,  0.6476783, -0.3309774,  0.3857859)    0    0 -72.29682738  9 0.760  23.47079524
