#Coordinates  RecID  LigID  Luciferin  Neighbor's number  Vision Range  Scoring
( 1.4355262, -38.8086735, -16.0728393, -0.3939763,  0.8349775,  0.3086346, -0.2287792)    0    0  61.59794379  1 5.000  41.17524631
(-5.7076697, -27.5184426, -16.3452290, -0.0144218,  0.4431430, -0.7876127, -0.4278814)    0    0 103.09573778  3 0.400  69.47131195
( 7.1926927, -34.3260942, -19.9827060, -0.4780816, -0.1805121,  0.2089750,  0.8337763)    0    0  83.30848437  0 0.400  56.14247322
(-5.6004671, -27.7210810, -16.1935242, -0.0144277,  0.4431421, -0.7876149, -0.4278781)    0    0 103.61086440  0 0.400  70.52150954
(-5.5538290, -27.7427266, -16.2647593, -0.0144151,  0.4431441, -0.7876102, -0.4278851)    0    0 102.81692217  0 0.400  69.54688450
( 0.4214871, -37.2608397, -6.5663340, -0.8786289, -0.0197626, -0.2810215,  0.3855484)    0    0  71.81252078  6 2.520  48.44443751
(-6.0044230, -27.8839644, -16.0435241, -0.0144103,  0.4431449, -0.7876083, -0.4278879)    0    0 103.20603994 14 0.000  69.52384357
(-4.0220328, -33.1699582, -11.3574942, -0.3203656,  0.2644338,  0.1824433, -0.8911538)    0    0  60.61465656  5 0.480  40.52982098
( 0.8764825, -31.0138227, -16.1989625, -0.0684663, -0.8073207,  0.4819976, -0.3335027)    0    0  82.15864134  3 1.360  54.84959861
( 0.3281565, -37.1188379, -6.3967114, -0.8786289, -0.0197626, -0.2810215,  0.3855484)    0    0  73.28075191  0 5.000  49.50803680
( 0.2070444, -36.9331438, -6.1836233, -0.8786289, -0.0197626, -0.2810215,  0.3855484)    0    0  73.03587334  1 5.000  49.17029041
( 7.4839205, -34.4513029, -19.7917639, -0.4780812, -0.1805133,  0.2089776,  0.8337756)    0    0  82.22450690  4 0.480  54.61915011
(-2.1757359, -29.9392099, -11.3259977, -0.2103197,  0.4870832,  0.0795864,  0.8439085)    0    0  93.02463244  2 0.560  61.11050002
( 7.7839380, -34.6054305, -20.2077433, -0.4780814, -0.1805120,  0.2089762,  0.8337761)    0    0  82.42108614 15 0.000  54.96025158
( 7.2325477, -34.4329021, -19.6891653, -0.4780817, -0.1805125,  0.2089750,  0.8337761)    0    0  84.98889194  2 3.120  56.75318211
(-5.7665092, -27.7838960, -16.4367626, -0.0144000,  0.4431466, -0.7876045, -0.4278936)    0    0 105.65625777  1 1.920  70.83132112
(-5.6125156, -27.5342739, -16.0534240, -0.0144274,  0.4431421, -0.7876148, -0.4278782)    0    0 103.30855485  0 0.400  69.60758991
( 0.5228818, -37.3937456, -6.8571635, -0.8786289, -0.0197626, -0.2810215,  0.3855484)    0    0  71.59150117  4 0.600  47.63019453
(-4.3032292, -33.2046549, -10.9400237, -0.3203656,  0.2644338,  0.1824433, -0.8911538)    0    0  61.72499378  1 5.000  41.29819800
(-5.4594064, -27.7881858, -16.0516585, -0.0144009,  0.4431465, -0.7876048, -0.4278931)    0    0 105.37230508  3 1.440  70.09023489
(-5.2375248, -27.8482527, -15.6672660, -0.0144045,  0.4431459, -0.7876061, -0.4278911)    0    0 104.24736511  9 0.240  71.03744822
( 7.2702658, -34.3477381, -19.5296645, -0.4780815, -0.1805123,  0.2089756,  0.8337761)    0    0  83.14460264  6 0.320  55.38734601
(-4.2078910, -33.2070840, -10.6388412, -0.3203656,  0.2644338,  0.1824433, -0.8911538)    0    0  61.17818729  6 0.560  41.06602387
( 0.7726379, -30.9156582, -16.2194064, -0.0684663, -0.8073207,  0.4819976, -0.3335027)    0    0  81.84150263  8 3.080  54.68783826
( 8.3977610, -34.0887596, -11.7464118, -0.0248766,  0.5795163,  0.5032978, -0.6404946)    0    0  75.14596514 12 0.000  51.06546013
(-5.2674521, -27.8760261, -15.8824492, -0.0144036,  0.4431460, -0.7876058, -0.4278916)    0    0 104.55645877  6 0.320  70.40607292
( 8.5361192, -34.1923137, -11.9435608, -0.0248940,  0.5795204,  0.5032908, -0.6404957)    0    0  75.41017266 10 0.080  50.38858953
( 7.4237688, -34.4472211, -19.9848028, -0.4780817, -0.1805125,  0.2089750,  0.8337761)    0    0  85.02714436  1 4.080  56.82304246
( 8.9851487, -34.4594796, -12.0409658, -0.0248915,  0.5795200,  0.5032918, -0.6404955)    0    0  76.52050680  2 0.960  51.53983434
( 9.2144970, -34.5508685, -11.7695361, -0.0248938,  0.5795204,  0.5032908, -0.6404957)    0    0  75.85075203  9 2.680  50.85752568
( 7.6340477, -34.6007647, -20.1789876, -0.4780814, -0.1805117,  0.2089756,  0.8337762)    0    0  83.92389651  8 0.400  56.09482490
( 7.3764249, -34.4658039, -19.9633507, -0.4780919, -0.1805599,  0.2088034,  0.8338029)    0    0  83.73850756  4 0.480  55.81187499
( 8.2986720, -33.0644273, -9.5169153, -0.8652194,  0.1217552, -0.4719249,  0.1177198)    0    0 -138.83085521  2 1.560 -128.87933567
( 1.6619236, -38.6775690, -15.7745141, -0.3939763,  0.8349775,  0.3086346, -0.2287792)    0    0  62.40966815  0 5.000  41.60803198
( 7.5518307, -34.5268660, -20.1462407, -0.4780817, -0.1805125,  0.2089749,  0.8337761)    0    0  84.58400155  3 0.880  56.43864069
( 6.6359977, -35.6716118, -19.6010086, -0.0966900, -0.2734824, -0.9327315,  0.2141731)    0    0  63.32063553  0 2.800  41.01109731
( 1.7182150, -38.6420877, -15.6980792, -0.3939763,  0.8349775,  0.3086346, -0.2287792)    0    0  61.34143119  3 4.920  40.81281304
( 1.4331664, -38.9427198, -15.8691412, -0.3939763,  0.8349775,  0.3086346, -0.2287792)    0    0  60.36104789  1 0.640  39.51911333
( 8.7706741, -33.1857772, -9.6466695, -0.8915984,  0.2384702, -0.3849146, -0.0050066)    0    0  69.26250368  1 2.120  45.51233351
( 1.8120432, -38.7150484, -16.1775222, -0.3939763,  0.8349775,  0.3086346, -0.2287792)    0    0  58.89751083  0 0.440  38.82658415
(-4.6614180, -33.2411644, -10.6123060, -0.3203656,  0.2644338,  0.1824433, -0.8911538)    0    0  61.98799343  0 5.000  41.32532955
( 0.6711333, -30.5932436, -16.4668712, -0.0684663, -0.8073207,  0.4819976, -0.3335027)    0    0  81.92835665  7 3.800  55.11312072
(-5.4640591, -27.7880324, -16.0575645, -0.0143996,  0.4431467, -0.7876043, -0.4278939)    0    0 106.80635083  0 5.000  71.20487364
(-4.5799870, -33.2473860, -10.6061959, -0.3203656,  0.2644338,  0.1824433, -0.8911538)    0    0  59.37078339 15 0.000  40.54423812
(-2.0852015, -30.0198638, -11.8751196, -0.2103197,  0.4870832,  0.0795864,  0.8439085)    0    0  94.13071995  3 0.600  62.66662938
( 0.2309766, -36.9823727, -6.1638591, -0.8786289, -0.0197626, -0.2810215,  0.3855484)    0    0  72.79725670  2 5.000  49.06596266
( 8.4610252, -34.1801235, -11.9470916, -0.0248965,  0.5795212,  0.5032897, -0.6404958)    0    0  76.33784260  6 3.000  51.02235099
( 0.9779117, -30.6779724, -16.6490562, -0.0684663, -0.8073207,  0.4819976, -0.3335027)    0    0  82.23129185  1 2.440  54.98947475
( 1.5522883, -38.5914711, -15.8018812, -0.3939763,  0.8349775,  0.3086346, -0.2287792)    0    0  61.44505325  2 2.480  40.84710994
(-4.7862368, -33.2336703, -11.0049442, -0.3203656,  0.2644338,  0.1824433, -0.8911538)    0    0  61.51610772  2 2.000  41.06268047
(-5.3615208, -27.5629718, -16.2649430, -0.0144066,  0.4431455, -0.7876069, -0.4278899)    0    0 102.50164062  0 0.400  67.91623159
( 0.7932270, -30.8989030, -16.2556480, -0.0684663, -0.8073207,  0.4819976, -0.3335027)    0    0  82.22041701  2 5.000  54.83798768
( 7.1957472, -34.9934445, -19.4256732, -0.4807058, -0.1953548,  0.1531330,  0.8410164)    0    0  60.72209142  0 0.400  47.97575929
( 0.9976764, -30.8056196, -16.9942190, -0.0684663, -0.8073207,  0.4819976, -0.3335027)    0    0  81.33456217  9 0.200  55.21893302
(-5.4765718, -27.7441196, -16.1477186, -0.0144082,  0.4431453, -0.7876075, -0.4278890)    0    0 101.50876460  0 0.400  68.13517035
(-4.7035209, -33.2574420, -10.2702804, -0.3203656,  0.2644338,  0.1824433, -0.8911538)    0    0  59.85355737  0 0.400  39.65554074
(-5.3274955, -33.1206136, -10.1092940, -0.3203656,  0.2644338,  0.1824433, -0.8911538)    0    0  60.29606863  0 0.960  39.96479633
( 0.8508916, -30.8760935, -16.3285195, -0.0684663, -0.8073207,  0.4819976, -0.3335027)    0    0  80.93283429  0 0.400  54.61994920
(-5.6561250, -27.6042223, -16.3627733, -0.0144110,  0.4431448, -0.7876086, -0.4278874)    0    0 103.09517815  1 0.640  68.50436312
( 0.3968071, -37.2251820, -6.5120835, -0.8786289, -0.0197626, -0.2810215,  0.3855484)    0    0  72.46352647  3 1.320  48.90602773
( 8.3978150, -34.1135478, -11.8899107,  0.0003620,  0.5720489,  0.5135503, -0.6395514)    0    0  46.97053716  7 0.400  45.34518429
( 0.8015988, -30.8877429, -16.2745003, -0.0684663, -0.8073207,  0.4819976, -0.3335027)    0    0  82.93805144  0 2.280  55.46105414
(-5.6973358, -27.9357088, -16.2879632, -0.0144133,  0.4431444, -0.7876095, -0.4278862)    0    0 102.04245460  0 0.400  69.51531005
( 1.0709568, -30.7977176, -16.6405122, -0.0684663, -0.8073207,  0.4819976, -0.3335027)    0    0  81.97511671  5 1.240  55.08151034
( 0.2807571, -37.0339822, -6.3736364, -0.8786289, -0.0197626, -0.2810215,  0.3855484)    0    0  71.65112096  7 3.880  47.97141853
( 8.7105623, -34.3141245, -11.9781843, -0.0248923,  0.5795201,  0.5032914, -0.6404955)    0    0  76.52664597  2 0.920  51.50285299
(-4.5084441, -33.2424938, -10.6818879, -0.3203656,  0.2644338,  0.1824433, -0.8911538)    0    0  59.74856075  4 0.400  39.21511922
( 7.2218658, -34.4265378, -19.7266046, -0.4780817, -0.1805123,  0.2089750,  0.8337762)    0    0  84.28875231  2 0.640  56.51659265
( 8.4320791, -33.9319185, -11.8731344,  0.0309423,  0.5623892,  0.5254230, -0.6377238)    0    0  13.91625282 13 0.200  43.09025296
(-5.7410687, -28.0206739, -16.4862774, -0.0144167,  0.4431439, -0.7876108, -0.4278843)    0    0 101.70379655  1 0.880  66.60185812
( 8.2390810, -33.7532809, -11.3611058,  0.1165568,  0.5317546,  0.5554433, -0.6285971)    0    0 -41.34474505  8 0.840  23.06934498
( 0.5679272, -30.8249379, -16.0699761, -0.0684663, -0.8073207,  0.4819976, -0.3335027)    0    0  81.56633422  0 0.400  54.99416933
( 0.4855334, -30.7937004, -16.0621276, -0.0684663, -0.8073207,  0.4819976, -0.3335027)    0    0  81.51777347  8 0.120  55.14567429
(-5.2230750, -28.1719149, -15.8342183, -0.0144049,  0.4431458, -0.7876063, -0.4278909)    0    0 104.74904636  3 0.400  70.79188519
( 1.8129369, -38.7447650, -15.4679877, -0.3939763,  0.8349775,  0.3086346, -0.2287792)    0    0  59.28105879  5 0.440  38.66438770
(-1.6448265, -29.6394674, -11.2848395, -0.2103197,  0.4870832,  0.0795864,  0.8439085)    0    0  93.45728705 10 0.120  62.98365908
(-1.9575042, -29.5730307, -11.1676987, -0.2103197,  0.4870832,  0.0795865,  0.8439085)    0    0  94.53229605  5 1.440  62.21247487
( 8.8151181, -34.3273707, -11.9448421, -0.0248966,  0.5795212,  0.5032897, -0.6404958)    0    0  75.62965177 12 0.920  50.24178760
( 7.2308265, -34.4556943, -19.6729185, -0.4780816, -0.1805123,  0.2089754,  0.8337761)    0    0  83.74608407  0 0.400  56.23325978
( 7.5452146, -34.6058294, -19.7624833, -0.4780817, -0.1805123,  0.2089747,  0.8337762)    0    0  83.17125712  0 0.400  55.68627593
( 1.0037343, -30.7690942, -15.9255360, -0.0684663, -0.8073207,  0.4819976, -0.3335027)    0    0  81.73498218  1 0.520  54.85383918
(-5.3522762, -27.7790671, -15.9135345, -0.0144080,  0.4431453, -0.7876075, -0.4278892)    0    0 103.21860658 14 0.000  69.14066411
(-5.3598492, -27.6290054, -16.1263365, -0.0144029,  0.4431461, -0.7876055, -0.4278920)    0    0 102.18192381  0 0.400  67.58301654
(-4.5944441, -33.2381494, -10.5780269, -0.3203656,  0.2644338,  0.1824433, -0.8911538)    0    0  61.13673967  7 3.320  40.66229967
( 7.1786135, -34.4840266, -19.4932334, -0.4780818, -0.1805121,  0.2089744,  0.8337763)    0    0  83.49459256  0 0.400  55.45587380
( 7.2585605, -34.4420178, -19.6102780, -0.4780817, -0.1805124,  0.2089750,  0.8337761)    0    0  83.80093448  8 0.320  55.45402364
(-6.0420656, -27.7981932, -16.6068042, -0.0144153,  0.4431441, -0.7876102, -0.4278850)    0    0 103.15434148  6 0.160  69.05516210
(-4.5222602, -33.2310871, -10.4284874, -0.3203656,  0.2644338,  0.1824433, -0.8911538)    0    0  60.77123950  0 0.480  40.92838554
(-4.5056735, -33.5380909, -10.7032845, -0.3203656,  0.2644338,  0.1824433, -0.8911538)    0    0  60.29071695  3 0.320  40.42796930
( 6.7535511, -36.0268899, -19.2586694, -0.1012938, -0.2750210, -0.9298972,  0.2221637)    0    0  50.08470350  2 1.440  43.12957858
( 8.8004195, -33.8954426, -11.7580897, -0.0248732,  0.5795145,  0.5032994, -0.6404951)    0    0  74.38215408  1 0.680  48.46853671
( 1.5111108, -38.8485701, -16.1070005, -0.3939763,  0.8349775,  0.3086346, -0.2287792)    0    0  60.92096457  2 0.680  40.93787580
( 7.5532158, -34.5172449, -20.4783251, -0.4780817, -0.1805118,  0.2089740,  0.8337765)    0    0  82.34399427 16 0.000  54.81093879
(-5.3413358, -27.5325883, -16.1218734, -0.0144099,  0.4431450, -0.7876082, -0.4278881)    0    0 102.80475229  0 0.640  67.75386935
(-5.4681843, -28.0254362, -16.4938741, -0.0144167,  0.4431439, -0.7876108, -0.4278843)    0    0 104.25019899  4 0.480  69.47325593
( 0.5856828, -37.4860596, -6.9868813, -0.8786289, -0.0197626, -0.2810215,  0.3855484)    0    0  71.36510590  9 3.800  46.91916574
( 6.7929553, -34.2232555, -19.8712142, -0.4780816, -0.1805114,  0.2089749,  0.8337764)    0    0  83.30796020 12 0.000  55.97614667
( 1.8611630, -38.9201022, -15.7880462, -0.3939763,  0.8349775,  0.3086346, -0.2287792)    0    0  61.00353354  1 0.520  40.77243248
( 1.5535651, -38.7721391, -15.9207943, -0.3939763,  0.8349775,  0.3086346, -0.2287792)    0    0  60.51981460  9 0.840  39.66354195
( 7.3565344, -34.4691617, -19.8664541, -0.4780817, -0.1805125,  0.2089750,  0.8337761)    0    0  85.03326416  0 5.000  56.68888864
( 0.4037306, -37.2346981, -6.5297444, -0.8786289, -0.0197626, -0.2810215,  0.3855484)    0    0  71.84568102  5 0.760  48.49481029
( 7.7149846, -34.4654069, -19.6187840, -0.4780912, -0.1805582,  0.2088048,  0.8338034)    0    0  83.24730053  0 0.400  55.09695403
( 1.8762374, -38.9317080, -15.7817159, -0.3939763,  0.8349775,  0.3086346, -0.2287792)    0    0  60.46296945  0 0.400  40.33474293
( 6.5903698, -35.4291455, -19.8425400, -0.0975493, -0.2737718, -0.9322116,  0.2156649)    0    0  57.72814015  1 2.360  41.38495901
( 1.8720401, -38.7413088, -15.6546317, -0.3939763,  0.8349775,  0.3086346, -0.2287792)    0    0  60.87758922  2 0.520  40.86655173
(-5.8063657, -27.7415769, -16.3998776, -0.0144073,  0.4431454, -0.7876072, -0.4278896)    0    0 105.44125224  2 1.280  70.85279798
( 6.8055000, -34.3617342, -19.6566007, -0.4780814, -0.1805114,  0.2089755,  0.8337764)    0    0  83.07774334 15 0.000  56.19570329
(-1.6689033, -29.6650968, -11.2232555, -0.2103197,  0.4870832,  0.0795864,  0.8439085)    0    0  92.42144191  0 0.600  61.06714846
( 7.4774895, -34.5670207, -19.6340406, -0.4780815, -0.1805132,  0.2089765,  0.8337757)    0    0  83.37087445  0 0.560  55.74446904
(-4.6692873, -33.2419647, -10.6051075, -0.3203656,  0.2644338,  0.1824433, -0.8911538)    0    0  61.27852476  4 1.240  40.44837644
(-4.2810601, -33.2017044, -10.9769869, -0.3203656,  0.2644338,  0.1824433, -0.8911538)    0    0  61.25091142  5 0.480  41.37607488
( 7.3820278, -34.6701627, -19.3424925, -0.4780814, -0.1805125,  0.2089759,  0.8337760)    0    0  82.54257035 14 0.000  55.97209516
( 8.7066557, -34.2524110, -11.8794473, -0.0247929,  0.5794923,  0.5033324, -0.6404923)    0    0  74.95285838  0 0.400  52.03788102
( 7.2398289, -34.4214764, -19.6299227, -0.4780816, -0.1805124,  0.2089751,  0.8337761)    0    0  84.08343524  4 0.640  55.68061803
( 1.6103204, -38.6578424, -15.7999993, -0.3939763,  0.8349775,  0.3086346, -0.2287792)    0    0  60.48222963 10 1.800  39.59582168
( 8.4338804, -33.0992541, -9.5542912, -0.8915983,  0.2384699, -0.3849149, -0.0050063)    0    0  70.49963386  0 2.760  47.31981336
(-4.1777396, -33.1915353, -10.9424680, -0.3203656,  0.2644338,  0.1824433, -0.8911538)    0    0  59.85658444  5 0.400  39.93925953
(-5.4377487, -27.6558852, -16.3405194, -0.0144096,  0.4431450, -0.7876081, -0.4278882)    0    0 103.77422401  3 0.400  69.21586130
( 7.5709049, -34.3606839, -20.3579057, -0.4780816, -0.1805123,  0.2089749,  0.8337762)    0    0  83.99127644  6 0.320  56.34563722
( 7.1759371, -34.9221423, -19.4438990, -0.4780818, -0.1805120,  0.2089742,  0.8337764)    0    0  83.17258349 20 0.000  56.00315436
( 8.9956336, -34.3960735, -11.9257485, -0.0248926,  0.5795201,  0.5032914, -0.6404956)    0    0  76.15771973  5 0.440  51.69606641
( 8.7182184, -34.3235887, -12.0070046, -0.0248494,  0.5795079,  0.5033092, -0.6404943)    0    0  75.45466131  0 0.480  51.55858941
( 8.4391187, -34.2256893, -12.0394383, -0.0248966,  0.5795212,  0.5032897, -0.6404958)    0    0  75.35981441  8 0.600  50.36976456
(-1.9685682, -29.6740322, -11.2940924, -0.2103197,  0.4870832,  0.0795864,  0.8439085)    0    0  94.63580292  4 0.640  63.35651681
( 7.2371498, -34.9287207, -19.5047656, -0.4811755, -0.1996807,  0.1362686,  0.8426320)    0    0  47.49942145  0 0.400  46.35492191
( 8.5164116, -34.2123985, -11.9740698, -0.0248936,  0.5795205,  0.5032909, -0.6404956)    0    0  76.39473217  5 1.240  51.47426705
(-2.3255488, -29.1846703, -11.2256124, -0.2103197,  0.4870832,  0.0795864,  0.8439085)    0    0  93.73988242  7 0.240  63.45075778
( 7.2117388, -34.4270297, -19.8102587, -0.4780817, -0.1805125,  0.2089749,  0.8337761)    0    0  83.43203678 16 0.080  54.46799201
( 0.9127376, -31.1394761, -15.9805203, -0.0684663, -0.8073207,  0.4819976, -0.3335027)    0    0  82.11716827  0 0.480  55.52634377
(-5.3316698, -27.7656173, -15.8676762, -0.0144057,  0.4431457, -0.7876066, -0.4278904)    0    0 102.86135699  0 0.400  67.71538296
(-1.9584810, -29.6852731, -11.2954376, -0.2103197,  0.4870832,  0.0795865,  0.8439085)    0    0  96.47528673  0 5.000  64.31686893
( 7.0788563, -35.4788034, -19.4892173, -0.3633111, -0.3140531, -0.5689213,  0.6676108)    0    0  18.15289504  5 2.280  -0.16804476
( 0.5364566, -30.9725048, -15.9738691, -0.0684663, -0.8073207,  0.4819976, -0.3335027)    0    0  81.10387990  6 0.120  54.64138718
( 7.2888035, -34.4468115, -20.1033879, -0.4780864, -0.1805355,  0.2088902,  0.8337896)    0    0  82.46914365 16 0.000  55.20698767
(-2.0179195, -29.6668163, -11.3039959, -0.2103197,  0.4870832,  0.0795865,  0.8439085)    0    0  91.50206880 11 0.160  60.89312185
( 7.1524004, -34.3430125, -19.5756860, -0.4780817, -0.1805124,  0.2089748,  0.8337762)    0    0  83.48395016 11 0.160  55.50745457
( 0.7774704, -30.8913100, -16.2469418, -0.0684663, -0.8073207,  0.4819976, -0.3335027)    0    0  81.14016973 15 1.320  54.09065075
(-2.2671058, -29.3028286, -11.2339603, -0.2103197,  0.4870832,  0.0795865,  0.8439085)    0    0  95.99550218  1 2.800  64.28159872
( 7.3045187, -34.5669509, -19.8395848, -0.4780916, -0.1805593,  0.2088045,  0.8338030)    0    0  82.76516958  5 0.400  54.98929299
( 1.6722173, -38.6717014, -15.7610176, -0.3939763,  0.8349775,  0.3086346, -0.2287792)    0    0  61.12243766  4 4.360  40.71429307
( 7.6482635, -34.6098758, -20.0789176, -0.4780815, -0.1805119,  0.2089754,  0.8337762)    0    0  83.54134358  2 0.640  55.29263676
(-1.6225666, -29.8479044, -11.4434994, -0.2103197,  0.4870832,  0.0795865,  0.8439085)    0    0  93.81376680  8 0.200  63.71962275
(-4.9841925, -27.9578316, -16.1311653, -0.0144166,  0.4431439, -0.7876107, -0.4278843)    0    0  99.81774545  0 0.800  65.89597569
(-4.6683699, -33.2406574, -10.4941698, -0.3203656,  0.2644338,  0.1824433, -0.8911538)    0    0  60.70714887  9 0.320  40.88139830
( 8.4732384, -34.1877978, -11.9452204, -0.0248965,  0.5795212,  0.5032897, -0.6404957)    0    0  76.56836281  2 3.080  51.03468007
( 1.6387329, -38.6875116, -15.8020505, -0.3939763,  0.8349775,  0.3086346, -0.2287792)    0    0  60.61260120  8 2.840  39.72562790
( 9.0215363, -34.4789153, -11.9281134, -0.0245387,  0.5794183,  0.5034380, -0.6404860)    0    0  74.91178454 13 0.000  50.86880574
( 8.5964701, -34.2547880, -11.9641107, -0.0248965,  0.5795212,  0.5032897, -0.6404957)    0    0  78.11262109  0 3.520  52.17614038
( 8.7023887, -33.9614500, -11.5679372, -0.0245921,  0.5794346,  0.5034156, -0.6404868)    0    0  72.21504068  3 0.520  50.34779370
(-4.6834869, -33.2143680, -10.3982608, -0.3203656,  0.2644338,  0.1824433, -0.8911538)    0    0  60.28434691  1 0.520  40.16624961
( 7.2848046, -34.1949463, -20.1004601, -0.4780814, -0.1805113,  0.2089752,  0.8337765)    0    0  82.64476563 10 0.000  54.90211080
(-2.0607264, -29.6246358, -11.2843927, -0.2103197,  0.4870832,  0.0795864,  0.8439085)    0    0  93.64012848  3 0.600  62.29048283
(-4.5604979, -33.3598820, -10.5569745, -0.3203656,  0.2644337,  0.1824434, -0.8911538)    0    0  59.54318940  0 0.480  40.15613047
(-5.4828021, -27.9946543, -16.2337620, -0.0144054,  0.4431457, -0.7876065, -0.4278906)    0    0 102.75968549  2 0.480  67.01703885
(-2.1131938, -29.4667874, -11.1616266, -0.2103197,  0.4870832,  0.0795865,  0.8439085)    0    0  93.86098042  7 4.280  62.24840780
(-1.8763815, -29.7891338, -11.3474334, -0.2103197,  0.4870832,  0.0795865,  0.8439085)    0    0  95.00810927  3 1.240  63.75287179
(-5.6628654, -27.4390273, -16.5003814, -0.0144188,  0.4431435, -0.7876116, -0.4278831)    0    0 103.53581959  0 0.400  69.58070139
(-4.6982015, -33.2449136, -10.5786516, -0.3203656,  0.2644338,  0.1824433, -0.8911538)    0    0  61.41934919  3 3.160  40.84613492
(-1.9061945, -29.7500872, -11.3053823, -0.2103197,  0.4870832,  0.0795865,  0.8439085)    0    0  95.59930026  2 1.320  63.78588820
(-2.3058678, -29.1678932, -11.0765289, -0.2103197,  0.4870832,  0.0795864,  0.8439085)    0    0  93.61961930  0 0.400  62.43860650
( 8.4287685, -34.1458530, -11.9241388, -0.0248967,  0.5795211,  0.5032897, -0.6404958)    0    0  76.20744226  6 0.400  51.38822090
( 7.5467466, -34.5164368, -19.5042428, -0.4780867, -0.1805363,  0.2088897,  0.8337895)    0    0  83.12285328 26 0.000  55.43335816
( 0.7044535, -30.5774540, -16.1735054, -0.0684663, -0.8073207,  0.4819976, -0.3335027)    0    0  81.44645425  1 0.600  54.31425859
(-4.4935328, -33.2525078, -10.6466811, -0.3203656,  0.2644337,  0.1824434, -0.8911538)    0    0  60.30906726  6 0.320  40.51907855
( 7.0112805, -34.4182038, -19.7446708, -0.4780817, -0.1805124,  0.2089749,  0.8337762)    0    0  83.27575184 20 0.000  54.52589604
( 7.6045737, -34.6064423, -20.4575773, -0.4780813, -0.1805135,  0.2089770,  0.8337756)    0    0  83.34153783  0 0.400  55.41341927
( 7.4630909, -34.6604573, -19.8585627, -0.4780814, -0.1805121,  0.2089756,  0.8337762)    0    0  82.68725503 15 0.000  54.70187004
( 7.4323970, -34.4919073, -19.8865156, -0.4780816, -0.1805127,  0.2089755,  0.8337760)    0    0  83.76951632  2 0.640  56.01358467
(-4.3290180, -33.1633881, -10.7245573, -0.3203656,  0.2644338,  0.1824433, -0.8911538)    0    0  60.33153205  5 0.400  40.21503379
( 7.6818251, -34.4339203, -20.2373183, -0.4780814, -0.1805119,  0.2089757,  0.8337762)    0    0  83.01568208  0 0.400  55.33555446
( 7.7284753, -34.6630223, -20.1502415, -0.4780816, -0.1805114,  0.2089746,  0.8337765)    0    0  82.95726154 10 0.000  54.96803011
( 0.3985945, -37.2276706, -6.5164850, -0.8786289, -0.0197626, -0.2810215,  0.3855484)    0    0  72.42651519  4 4.840  48.87048083
( 0.5736082, -30.8155754, -16.1396847, -0.0684663, -0.8073207,  0.4819976, -0.3335027)    0    0  81.77807649  9 3.000  54.60094593
( 8.9845928, -34.4505135, -12.0087235, -0.0248967,  0.5795211,  0.5032897, -0.6404958)    0    0  76.74193321  1 2.600  51.86755059
( 1.6329142, -38.4005367, -15.7179529, -0.3939763,  0.8349775,  0.3086346, -0.2287792)    0    0  59.85595308  0 0.400  39.21232079
(-5.6814000, -27.6758050, -16.2587555, -0.0144102,  0.4431449, -0.7876083, -0.4278879)    0    0 103.05528325  9 0.160  67.35508581
(-5.4418713, -27.7856449, -16.0265916, -0.0144143,  0.4431443, -0.7876099, -0.4278856)    0    0 104.30663353  7 0.640  69.74228234
( 7.1726584, -34.3324773, -19.7262983, -0.4780815, -0.1805121,  0.2089750,  0.8337763)    0    0  83.74188462  6 0.320  56.05691307
( 7.5901073, -34.5574631, -20.3235516, -0.4780818, -0.1805118,  0.2089739,  0.8337765)    0    0  83.77876844  0 0.400  56.40853333
( 7.4953455, -34.8709345, -19.9803582, -0.4780816, -0.1805123,  0.2089751,  0.8337761)    0    0  82.34563659 20 0.000  54.41391604
(-5.6435697, -28.0890109, -15.8647514, -0.0144231,  0.4431428, -0.7876132, -0.4278806)    0    0 102.93251949  0 0.400  68.02749108
( 7.5063771, -34.5380151, -19.7064661, -0.4780817, -0.1805123,  0.2089745,  0.8337762)    0    0  83.66600188  7 0.240  55.73828040
(-4.4112107, -33.2579870, -10.4507389, -0.3203656,  0.2644338,  0.1824433, -0.8911538)    0    0  60.42615587  5 0.400  40.38262269
( 7.6301411, -34.6890990, -19.9630725, -0.4787039, -0.1835183,  0.1978445,  0.8353952)    0    0  76.71500908 24 0.000  56.03057154
( 8.6288293, -34.0772856, -11.5863389, -0.0248963,  0.5795212,  0.5032898, -0.6404957)    0    0  75.76154610  5 0.320  51.04296680
( 7.0217131, -34.3058611, -19.8233367, -0.4780817, -0.1805122,  0.2089744,  0.8337763)    0    0  83.04431245  0 0.400  55.57764120
( 8.4641363, -33.9563075, -11.9408853, -0.0032833,  0.5731564,  0.5120946, -0.6397188)    0    0  56.94535177  0 0.440  48.78625126
( 7.5413411, -34.4813444, -20.3598247, -0.4780815, -0.1805120,  0.2089752,  0.8337763)    0    0  82.37907290  6 0.320  54.82209920
( 8.8151493, -34.4103868, -12.0477162, -0.0230403,  0.5789866,  0.5040566, -0.6404422)    0    0  68.34092952  6 0.200  50.83531178
( 7.2875936, -34.3522835, -19.9283599, -0.4780816, -0.1805120,  0.2089751,  0.8337762)    0    0  84.04307303  3 0.560  56.17391950
(-2.2071675, -29.3644463, -11.1041590, -0.2103197,  0.4870832,  0.0795865,  0.8439085)    0    0  93.28645119 12 0.240  60.33800913
(-1.9551103, -29.5884951, -11.1299306, -0.2103197,  0.4870832,  0.0795864,  0.8439085)    0    0  93.21557457  0 0.480  64.48190110
( 7.3422045, -35.1432623, -19.7604661, -0.4667022, -0.2628489, -0.1524316,  0.8305806)    0    0  51.96592788 50 0.000  21.12473114
( 8.6058388, -34.4865814, -12.2232440, -0.0248804,  0.5795172,  0.5032962, -0.6404948)    0    0  75.67160364  8 0.320  51.47065969
(-5.3145221, -27.7672643, -15.9983661, -0.0144042,  0.4431459, -0.7876060, -0.4278913)    0    0 105.03408252  4 0.640  70.76257261
( 7.3816318, -34.2948994, -19.6847420, -0.4780814, -0.1805119,  0.2089758,  0.8337762)    0    0  82.39048669 12 0.000  54.35953805
( 7.2009780, -35.2228831, -19.6922605, -0.4666911, -0.2628638, -0.1525221,  0.8305655)    0    0  35.61072205  0 0.400   4.75623854
( 0.7149258, -30.6829019, -16.3745412, -0.0684663, -0.8073207,  0.4819976, -0.3335027)    0    0  81.97032287  5 0.600  55.04234377
( 8.0384770, -33.8416984, -11.7098310, -0.0243945,  0.5793787,  0.5034971, -0.6404807)    0    0  73.16339212  0 0.400  49.81222072
( 7.3749551, -34.7072202, -19.7600095, -0.4780813, -0.1805121,  0.2089762,  0.8337761)    0    0  83.20537088  9 0.080  55.38006229
