#Coordinates  RecID  LigID  Luciferin  Neighbor's number  Vision Range  Scoring
(-19.1657400, 29.0268124, -9.8050708, 0.2622986, -0.3426655, 0.4368761, -0.7892522)    0    0   20.14665226  5 0.200 26.18636557
(-12.7045615, 28.9279163, -8.0182114, 0.3984330, 0.8548418, 0.1532117, -0.2949964)    0    0   22.62032439  6 2.680 28.17578108
(-21.6761505, 25.5798556, -10.2309615, -0.2117182, -0.4833988, 0.2814601, -0.8014245)    0    0   11.20213323  9 0.360 14.93281582
(-19.3844904, 29.2334244, -9.5651046, 0.2634919, -0.3428029, 0.4376985, -0.7883389)    0    0   20.93827238  3 0.680 26.95457618
(-19.4626106, 29.1518169, -9.2702671, 0.2599224, -0.3423829, 0.4353365, -0.7910098)    0    0   16.74408107  12 0.000 20.03422072
(-15.8272108, 27.6355679, -3.3245350, 0.3607162, 0.1580239, -0.6176300, -0.6807683)    0    0   22.16364139  2 0.680 27.72418008
(-16.9402101, 26.9971001, 0.1799625, 0.2993203, 0.0938647, -0.6193207, -0.7197490)    0    0   21.75251991  4 1.400 29.37383303
(-20.8630156, 29.2316471, 0.0857417, 0.2297795, -0.0631005, -0.7024068, -0.6707044)    0    0   17.17977298  0 0.400 23.31452783
(-9.8968917, 27.7903284, -6.0875815, 0.1029252, -0.1444131, 0.4485340, -0.8759957)    0    0   18.35684963  11 1.880 28.33798272
(-19.1732118, 29.2459605, -9.1578017, 0.2628836, -0.3427011, 0.4372405, -0.7888402)    0    0   20.89226881  4 1.480 26.30413837
(-19.3975395, 24.9691175, -1.3412522, 0.2206696, -0.0340381, -0.7149550, -0.6625599)    0    0   -16.55857683  9 2.360 -13.47058252
(-20.5482469, 29.1907683, 0.1272265, 0.2313986, -0.0630442, -0.7018050, -0.6707830)    0    0   18.26397132  4 0.640 22.25607474
(-16.8848021, 27.0709704, 0.1580017, 0.3019849, 0.0961282, -0.6184648, -0.7190729)    0    0   23.15996251  0 3.880 30.34250858
(-20.7836766, 29.0306374, -0.1738757, 0.2291823, -0.0607945, -0.7025833, -0.6709368)    0    0   16.98847052  0 0.480 22.21428431
(-10.3762475, 26.3790810, -8.0813304, 0.1214778, -0.1646975, 0.4292634, -0.8796879)    0    0   6.75619943  1 0.760 10.08492052
(-12.7634964, 29.3425483, -8.1202677, 0.3984277, 0.8548405, 0.1532280, -0.2949987)    0    0   22.48541586  0 0.520 28.11793862
(-19.3931798, 29.1415771, -9.5286199, 0.2611200, -0.3426749, 0.4361808, -0.7900231)    0    0   16.98002949  9 0.200 20.25590880
(-21.7250129, 25.5089829, -10.4961628, -0.2123508, -0.4835912, 0.2810437, -0.8012872)    0    0   11.54879241  7 0.440 14.80471219
(-19.1458896, 24.6291884, -1.3997594, 0.2282135, -0.0167845, -0.7080954, -0.6680103)    0    0   -22.51037425  6 2.680 -19.22893823
(-20.1836265, 27.4051430, -0.5473467, 0.2210809, -0.0516857, -0.7127552, -0.6636503)    0    0   11.94016067  7 1.240 18.57030948
(-22.0207220, 25.4811381, -10.4685196, -0.2116432, -0.4836716, 0.2814314, -0.8012898)    0    0   11.61526215  2 0.600 14.84757007
(-20.2970237, 28.9487682, 0.2802774, 0.2275929, -0.0596769, -0.7036617, -0.6704479)    0    0   18.16256904  0 0.560 23.24899074
(-20.2374016, 27.8991040, -0.2898815, 0.2253283, -0.0577922, -0.7075218, -0.6673081)    0    0   15.87330879  0 0.680 19.55740445
(-12.6136342, 28.7623826, -8.0215110, 0.3984363, 0.8548444, 0.1532034, -0.2949886)    0    0   22.80267933  2 3.320 28.65683520
(-12.6624401, 29.2456733, -8.3746532, 0.3984330, 0.8548346, 0.1532313, -0.2950071)    0    0   22.25740456  1 0.680 27.93190434
(-21.7346024, 25.6970773, -10.3062352, -0.2144420, -0.4841337, 0.2799970, -0.8007690)    0    0   10.91425999  10 0.000 14.36707257
(-15.4464755, 27.1408592, -3.8914476, 0.3606923, 0.1580360, -0.6176743, -0.6807379)    0    0   23.10445059  4 4.920 29.19884100
(-20.0642225, 27.2277925, -0.4238826, 0.2157263, -0.0471107, -0.7193404, -0.6586290)    0    0   13.38001207  6 1.080 18.39418688
(-20.3598037, 29.0812301, 0.1411947, 0.2306423, -0.0632202, -0.7019840, -0.6708396)    0    0   17.33350528  0 0.400 23.52286596
(-10.1281751, 27.2236903, -6.7646284, 0.1130499, -0.1587556, 0.4334438, -0.8798539)    0    0   18.71248043  4 0.680 24.29063225
(-15.8124893, 27.4730141, -3.9235748, 0.3614524, 0.1574560, -0.6166778, -0.6813723)    0    0   21.93903911  9 0.280 28.19254249
(-10.1408352, 27.0940760, -6.7944859, 0.1147402, -0.1545293, 0.4342505, -0.8799897)    0    0   19.82960557  3 1.960 26.63327969
(-22.1875338, 25.4409465, -10.5584098, -0.2145065, -0.4840016, 0.2809275, -0.8005055)    0    0   11.86090204  2 1.800 15.08193460
(-10.1542112, 26.9928925, -6.8042448, 0.1168736, -0.1405257, 0.4386384, -0.8798803)    0    0   19.91587237  1 1.720 31.60162027
(-25.0971896, 27.1521588, -6.3870376, 0.5297054, 0.0319683, -0.0365960, -0.8467886)    0    0   13.26710342  3 4.360 16.48883999
(-12.8305633, 28.9145750, -7.9004217, 0.3984308, 0.8548474, 0.1532129, -0.2949824)    0    0   22.85009665  1 4.440 28.68053771
(-21.3522452, 25.1431371, -10.6536420, -0.2143886, -0.4843744, 0.2806620, -0.8004048)    0    0   2.99451217  3 1.160 8.60346601
(-10.2517525, 26.9169380, -7.1737241, 0.1124866, -0.1702658, 0.4316493, -0.8786553)    0    0   18.50812855  4 0.840 25.32792899
(-12.6075796, 29.2651205, -8.2693165, 0.3984302, 0.8548434, 0.1532178, -0.2949924)    0    0   22.57319393  8 1.320 28.11213614
(-9.5963480, 27.9960527, -5.9017505, 0.1559968, -0.0004631, 0.4552975, -0.8765666)    0    0   3.99833584  3 1.160 2.63848235
(-21.8920650, 25.4887247, -10.5074424, -0.2133357, -0.4836335, 0.2814762, -0.8008481)    0    0   12.85163992  0 3.160 16.13654199
(-16.8490661, 27.1255837, 0.1523257, 0.2990438, 0.0932180, -0.6197916, -0.7195426)    0    0   21.60047357  5 2.440 28.12878699
(-20.2709481, 28.9009364, 0.1000786, 0.2271369, -0.0603427, -0.7043439, -0.6698263)    0    0   16.75657799  5 0.320 19.83098877
(-20.7843270, 28.7088787, -0.2869184, 0.2294894, -0.0617667, -0.7027620, -0.6705558)    0    0   16.60029750  1 0.640 20.08080436
(-19.3810296, 29.2319003, -9.5577978, 0.2637196, -0.3428480, 0.4379103, -0.7881255)    0    0   21.05800203  1 2.360 27.12114399
(-10.9025143, 27.7127874, -7.0206404, 0.3829888, 0.6903906, 0.2774737, -0.5474384)    0    0   3.90608475  43 0.280 -17.03099470
(-19.5594974, 29.2461839, -9.1693694, 0.2601254, -0.3423292, 0.4352120, -0.7910348)    0    0   19.90854870  9 0.600 25.41885384
(-17.2134477, 26.6999215, 0.2039663, 0.3008434, 0.0952786, -0.6186476, -0.7195070)    0    0   22.80329978  2 2.840 30.40821668
(-12.9782595, 28.5896547, -8.1663480, 0.4051576, 0.8422315, 0.1605348, -0.3173673)    0    0   14.75717711  1 0.520 20.94173229
(-25.0399638, 27.1324769, -6.4884198, 0.5296973, 0.0319712, -0.0365706, -0.8467946)    0    0   13.60286393  0 5.000 17.00502383
(-15.5260145, 26.3177067, 0.1913539, 0.3084700, 0.1002217, -0.6125148, -0.7208519)    0    0   5.71606717  15 1.480 15.69746734
(-20.4303353, 29.1495898, 0.1217329, 0.2258917, -0.0597492, -0.7051744, -0.6694267)    0    0   18.27031824  0 0.400 24.27143731
(-16.3103426, 26.5507199, 0.1292337, 0.3007842, 0.0951614, -0.6179755, -0.7201246)    0    0   15.94436951  11 1.560 25.08492066
(-15.8036322, 27.4314783, -4.1209370, 0.3607726, 0.1579693, -0.6175734, -0.6808024)    0    0   22.73078888  8 3.800 28.35619333
(-15.8931269, 27.3788265, -3.6574625, 0.3610081, 0.1577886, -0.6172530, -0.6810100)    0    0   22.97427144  4 0.280 29.27912412
(-10.1553129, 26.9500790, -6.8028239, 0.1164097, -0.1461968, 0.4379031, -0.8793840)    0    0   18.52557821  9 2.520 22.98583670
(-20.5561781, 29.0736392, 0.1679388, 0.2316581, -0.0629735, -0.7017313, -0.6707772)    0    0   17.49147597  9 0.200 22.39709740
(-19.9143940, 26.7291410, -0.7559635, 0.2175266, -0.0421965, -0.7177478, -0.6601058)    0    0   6.85633762  7 1.320 16.41120674
(-15.6375073, 27.8331032, -3.9986510, 0.3608747, 0.1578823, -0.6174540, -0.6808767)    0    0   22.41430097  1 0.520 28.94834678
(-12.6249390, 29.3030051, -8.2519749, 0.3984916, 0.8548181, 0.1531737, -0.2950056)    0    0   22.42689292  9 0.120 28.29872126
(-15.7931679, 27.4395639, -4.0122734, 0.3606794, 0.1580447, -0.6176936, -0.6807252)    0    0   23.14440138  3 5.000 28.99109104
(-20.4299850, 28.5279935, 0.0449570, 0.2248478, -0.0598087, -0.7074274, -0.6673926)    0    0   17.46045184  0 0.760 23.01059745
(-12.3237711, 29.0358263, -8.1576529, 0.4000867, 0.8503942, 0.1564878, -0.3037628)    0    0   20.90059107  9 0.080 28.30291160
(-21.9728942, 25.5278408, -10.3697107, -0.2161015, -0.4847939, 0.2794907, -0.8001000)    0    0   10.95935816  11 1.480 14.27368479
(-20.8088637, 28.7202845, 0.0126134, 0.2280994, -0.0602622, -0.7034423, -0.6704536)    0    0   17.00732399  0 0.400 21.57179544
(-20.3226212, 26.8199415, -1.0558435, 0.2156182, -0.0465052, -0.7191748, -0.6588882)    0    0   16.19470459  1 1.880 21.17315348
(-10.2478955, 26.2079742, -7.0705872, 0.1116930, -0.1700215, 0.4318399, -0.8787102)    0    0   16.77461216  7 0.280 21.09100382
(-20.5540077, 29.1054786, 0.0758497, 0.2310681, -0.0629029, -0.7019392, -0.6707698)    0    0   18.40022536  5 1.480 22.26622955
(-15.2918737, 26.4122584, 0.1699723, 0.3032837, 0.0935570, -0.6138120, -0.7228423)    0    0   6.25784832  14 1.720 16.34890031
(-22.3859925, 21.8359001, -8.0843795, -0.2146723, -0.4814849, 0.2810871, -0.8019215)    0    0   -52.64152673  9 4.520 -59.24072996
(-21.8325738, 25.4970268, -10.4977945, -0.2136112, -0.4837278, 0.2813436, -0.8007643)    0    0   11.70589574  4 3.960 14.15951678
(-15.8061731, 27.4757457, -3.9383142, 0.3606793, 0.1580449, -0.6176935, -0.6807253)    0    0   23.26888553  0 5.000 29.25172328
(-20.4610222, 29.0561304, 0.1043924, 0.2278044, -0.0608482, -0.7038614, -0.6700610)    0    0   17.74594433  0 0.400 23.38194551
(-16.7898022, 27.0116428, 0.1617126, 0.2997546, 0.0953330, -0.6175538, -0.7208925)    0    0   18.82408193  10 1.720 25.91165972
(-19.0765681, 24.0474511, -1.3651775, 0.2392374, 0.0136496, -0.6978312, -0.6749895)    0    0   -29.37943809  6 1.960 -23.44685211
(-12.7225302, 28.4627274, -7.7516180, 0.3985490, 0.8545955, 0.1534170, -0.2954462)    0    0   21.85022726  0 0.400 27.32432029
(-22.1183877, 21.1428994, -7.2072888, -0.2176975, -0.4746078, 0.2418668, -0.8178360)    0    0   -61.04055474  3 4.600 -53.56893269
(-20.8544394, 29.3561253, -0.0204863, 0.2303817, -0.0627407, -0.7021913, -0.6707572)    0    0   14.32524628  8 0.160 16.74894103
(-22.2897085, 25.4466178, -10.4988370, -0.2112728, -0.4834090, 0.2817580, -0.8014312)    0    0   11.83369733  3 0.760 15.41911182
(-19.2845357, 29.0216466, -9.5778505, 0.2630072, -0.3427183, 0.4373137, -0.7887510)    0    0   17.76824274  13 0.000 19.60807131
(-20.2792989, 27.7658417, -0.3043728, 0.2213537, -0.0559804, -0.7115754, -0.6644767)    0    0   15.60351524  16 1.080 18.44943115
(-20.3909838, 29.2158576, 0.2441476, 0.2306645, -0.0627742, -0.7021231, -0.6707283)    0    0   18.07353508  6 0.320 23.09187820
(-19.2155795, 24.0485187, -1.4360739, 0.2448829, 0.0216788, -0.6920213, -0.6787260)    0    0   -29.34257292  5 2.680 -26.37443146
(-18.1169041, 26.3629592, 0.1003138, 0.2783336, 0.0549255, -0.6512353, -0.7038509)    0    0   7.92123804  2 1.560 12.18105263
(-25.0284469, 27.1127159, -6.5482648, 0.5296994, 0.0319709, -0.0365814, -0.8467929)    0    0   13.18188454  4 4.360 16.39527976
(-21.8363913, 25.2832563, -10.5780845, -0.2186523, -0.4852458, 0.2787934, -0.7993759)    0    0   9.46326052  7 0.280 11.46093186
(-16.8907164, 27.0835730, 0.2693463, 0.3117605, 0.1066234, -0.6190414, -0.7128987)    0    0   19.95483381  9 1.560 27.48859125
(-15.8002205, 27.4012674, -3.7831148, 0.3609576, 0.1578281, -0.6173359, -0.6809524)    0    0   21.81304881  12 0.200 28.08684352
(-15.5644353, 26.3179229, 0.1964280, 0.3011977, 0.0940567, -0.6166549, -0.7212281)    0    0   7.46508084  13 1.560 17.60833936
(-19.8719064, 29.2374069, -9.7634275, 0.2605427, -0.3429483, 0.4358495, -0.7902779)    0    0   18.88001916  5 0.400 25.02198321
(-18.9641987, 28.2234378, -9.5393491, 0.2571665, -0.3438308, 0.4344147, -0.7917889)    0    0   9.76931900  20 0.600 16.89032034
(-15.6837399, 27.9340253, -3.6836702, 0.3623035, 0.1568336, -0.6155764, -0.6820595)    0    0   21.02176333  12 0.360 27.50734687
(-19.5906700, 25.1535289, -0.9194111, 0.2341382, -0.0143015, -0.7002571, -0.6742513)    0    0   -11.27591212  9 2.120 -3.88843968
(-18.7948497, 25.3709792, -0.2402909, 0.2738369, 0.0489410, -0.6570255, -0.7006680)    0    0   -2.43338539  5 2.360 2.59147254
(-17.4233989, 26.7111192, 0.1413818, 0.2918246, 0.0787696, -0.6329870, -0.7127140)    0    0   11.00191861  10 1.080 17.82270792
(-17.1843688, 26.7429607, 0.1994789, 0.3012111, 0.0960511, -0.6181506, -0.7196777)    0    0   22.82326856  1 3.640 30.62838430
(-18.0120451, 22.2556746, -9.7860627, -0.2041651, -0.4834828, 0.2862187, -0.8016482)    0    0   -39.08621574  5 5.000 -36.99085110
(-15.8443821, 27.1598564, -3.9047369, 0.3316952, 0.1272274, -0.6187533, -0.7006681)    0    0   22.10602737  22 3.640 26.63794511
(-17.0217386, 26.9724556, 0.1665362, 0.2974214, 0.0890954, -0.6233583, -0.7176538)    0    0   15.20516401  11 0.760 24.12331998
(-25.0560363, 27.1379271, -6.4598160, 0.5297011, 0.0319700, -0.0365791, -0.8467920)    0    0   13.35722267  2 5.000 16.60381960
(-15.9304894, 27.4271262, -2.8667339, 0.3625874, 0.1562890, -0.6149025, -0.6826412)    0    0   20.92630718  4 0.520 27.50195757
(-19.0807714, 29.0320301, -9.6151891, 0.2635944, -0.3429319, 0.4377207, -0.7882362)    0    0   20.04911059  7 0.280 26.03713385
(-24.7096583, 27.3580886, -6.2383489, 0.5297040, 0.0319699, -0.0365978, -0.8467894)    0    0   12.77271264  8 4.200 16.92020289
(-19.4903704, 29.0776040, -9.8044049, 0.2623045, -0.3436298, 0.4364649, -0.7890585)    0    0   17.69762821  0 0.400 25.55459972
(-20.6099089, 29.2657078, 0.2156660, 0.2308048, -0.0627219, -0.7020384, -0.6707736)    0    0   18.82434222  1 0.720 24.63336340
(-20.5775308, 29.2180274, 0.1748614, 0.2317410, -0.0629656, -0.7017224, -0.6707586)    0    0   18.44891698  4 1.120 22.38177451
(-21.0513231, 29.0130363, -0.2402563, 0.2311966, -0.0628108, -0.7018743, -0.6708021)    0    0   17.68164960  8 0.280 22.25952913
(-12.6021617, 29.2497728, -8.2657823, 0.3984316, 0.8548470, 0.1532120, -0.2949830)    0    0   22.78892836  3 5.000 28.39325792
(-19.3899386, 29.2312206, -9.5754536, 0.2648736, -0.3430157, 0.4387233, -0.7872128)    0    0   21.17428905  0 5.000 26.47139213
(-19.4125174, 23.5168803, -1.8574720, 0.2248327, 0.0024185, -0.7173465, -0.6594380)    0    0   -39.96938966  7 2.600 -46.30998185
(-10.9010182, 26.7189870, -7.6768706, 0.1087604, -0.1886333, 0.4285558, -0.8768857)    0    0   15.74758689  4 0.680 20.27223665
(-10.4079066, 26.4885137, -7.6575176, 0.1132893, -0.1697793, 0.4308883, -0.8790198)    0    0   17.20077757  2 0.520 24.28657632
(-21.2457415, 28.9406840, -0.1252058, 0.2314802, -0.0616023, -0.7015959, -0.6711075)    0    0   16.13809656  0 0.400 20.58351024
(-16.6130949, 27.0860371, 0.1196756, 0.2990955, 0.0910337, -0.6239608, -0.7161897)    0    0   20.12759198  8 0.760 29.50176690
(-25.3944199, 27.2209495, -5.9398120, 0.5297085, 0.0319655, -0.0366122, -0.8467861)    0    0   13.02886912  5 2.760 16.53404842
(-24.8286854, 27.0442861, -6.9178714, 0.5296997, 0.0319701, -0.0365901, -0.8467924)    0    0   12.86031756  6 2.280 17.02301749
(-10.1929626, 27.1529216, -7.2576496, 0.1116153, -0.1692804, 0.4320472, -0.8787613)    0    0   14.31005888  15 0.360 16.46926426
(-15.8136320, 27.4487601, -4.1169777, 0.3607817, 0.1579632, -0.6175595, -0.6808116)    0    0   22.72762097  9 0.840 28.92343024
(-12.6461536, 28.8688026, -8.1393159, 0.4018167, 0.8497796, 0.1557187, -0.3035945)    0    0   20.85975220  0 0.440 27.82739612
(-21.6833718, 25.3404994, -10.6267953, -0.2114435, -0.4835492, 0.2812374, -0.8014845)    0    0   9.90189725  2 0.520 11.79473259
(-16.2004872, 27.1814284, -3.5792582, 0.3625103, 0.1566435, -0.6152951, -0.6822471)    0    0   21.86749199  3 0.440 28.41954168
(-21.5240749, 25.4918430, -10.6278913, -0.2151892, -0.4843240, 0.2804169, -0.8003064)    0    0   11.67958124  5 0.520 15.49067368
(-10.1762887, 26.9693659, -6.8830439, 0.1129256, -0.1631692, 0.4326861, -0.8794352)    0    0   18.60885623  6 0.760 24.59361363
(-22.2335008, 25.5778870, -10.7967592, -0.2134732, -0.4837840, 0.2811035, -0.8008515)    0    0   11.02248069  1 0.600 14.14574573
(-15.8039297, 27.5264799, -3.8185478, 0.3606910, 0.1580387, -0.6176734, -0.6807389)    0    0   22.55284120  10 1.000 28.04894957
(-12.4019236, 29.2494019, -8.4297621, 0.3984401, 0.8548419, 0.1531970, -0.2949942)    0    0   22.72823109  4 1.240 28.34742792
(-19.1252047, 29.3388151, -9.1020973, 0.2626123, -0.3426484, 0.4369910, -0.7890917)    0    0   20.43437433  6 4.840 25.74758520
(-24.8134266, 27.0568407, -6.8841478, 0.5297024, 0.0319677, -0.0365847, -0.8467910)    0    0   12.79431184  7 4.520 16.94503072
(-10.7179630, 26.7482568, -7.3148251, 0.1089559, -0.1887007, 0.4285850, -0.8768327)    0    0   15.63418156  8 0.440 19.80447962
(-16.1308967, 26.6429407, 0.1969254, 0.3006263, 0.0945074, -0.6164504, -0.7215823)    0    0   13.18714867  13 1.240 22.06094870
(-12.7592518, 29.3493299, -8.2929841, 0.3984983, 0.8548184, 0.1531931, -0.2949857)    0    0   22.42213111  6 0.280 28.22882501
(-12.7848485, 29.5058733, -8.2559734, 0.3984364, 0.8548407, 0.1532122, -0.2949946)    0    0   22.56575039  9 1.640 28.24339373
(-19.4411574, 29.3493872, -9.4381598, 0.2622671, -0.3427708, 0.4371796, -0.7890489)    0    0   20.15774310  5 0.760 25.14894915
(-19.1301980, 25.0478766, -0.9722958, 0.2374977, -0.0087938, -0.6966324, -0.6769201)    0    0   -10.28581225  9 2.440 -4.45504082
(-19.0138765, 28.5892465, -9.7012955, 0.2607469, -0.3432316, 0.4355254, -0.7902662)    0    0   13.82970680  7 1.000 21.32859384
(-20.4805375, 29.3104704, 0.2575459, 0.2287114, -0.0608896, -0.7034926, -0.6701356)    0    0   17.49832214  13 0.000 22.60561765
(-12.6412077, 29.1948874, -8.2059126, 0.3984311, 0.8548471, 0.1532116, -0.2949836)    0    0   23.04885853  0 3.080 28.84057141
(-12.7886145, 28.9716173, -8.0111677, 0.3985937, 0.8547816, 0.1531795, -0.2949703)    0    0   22.26529631  0 0.400 28.47135721
(-16.9653082, 27.2268390, 0.2062958, 0.3053848, 0.0995840, -0.6170128, -0.7184138)    0    0   20.43504747  7 1.640 28.04436425
(-10.1498043, 27.2680832, -6.7184635, 0.1128660, -0.1616584, 0.4329745, -0.8795800)    0    0   19.02401197  6 2.680 24.63631568
(-20.1722081, 29.2488043, 0.3517197, 0.2311820, -0.0628003, -0.7018996, -0.6707816)    0    0   18.91253099  2 4.360 24.49828484
(-20.4956679, 29.2192779, 0.2093850, 0.2309434, -0.0626002, -0.7019900, -0.6707878)    0    0   19.23390560  0 1.080 25.00443449
(-22.2331458, 24.1435249, -9.9436082, -0.2114553, -0.4834546, 0.2814102, -0.8014778)    0    0   -10.67219594  22 1.080 -5.88689411
(-10.1231981, 27.1187796, -6.6860621, 0.1150023, -0.1531895, 0.4343782, -0.8801267)    0    0   19.88083612  2 3.240 26.61884947
(-9.8890183, 27.6613731, -6.2464121, 0.1036679, -0.1477813, 0.4465708, -0.8763493)    0    0   19.57761259  5 2.440 29.69209476
(-19.3082350, 29.2605121, -9.5928405, 0.2630871, -0.3428035, 0.4375020, -0.7885829)    0    0   17.56202738  20 3.400 19.30239207
(-19.4211775, 29.4836045, -9.3025432, 0.2634913, -0.3427966, 0.4377301, -0.7883243)    0    0   19.17184713  15 1.000 25.93718768
(-20.5244963, 29.0713401, 0.1021909, 0.2304394, -0.0619130, -0.7025158, -0.6704745)    0    0   17.86118463  7 0.320 22.03504279
(-15.9797550, 27.7963145, -3.3618104, 0.3607835, 0.1579612, -0.6175598, -0.6808108)    0    0   22.81962115  7 0.440 29.05821092
(-19.3643152, 29.0584218, -9.7944129, 0.2641498, -0.3429184, 0.4382475, -0.7877633)    0    0   21.01507065  2 1.480 26.63856207
(-10.5442844, 26.6876551, -7.3085437, 0.1097127, -0.1848340, 0.4292039, -0.8772591)    0    0   18.00175051  1 0.920 24.12983623
(-15.8137997, 27.6735674, -3.2958942, 0.3616774, 0.1572128, -0.6163078, -0.6816438)    0    0   21.31935688  6 0.520 27.20817840
(-21.1458776, 24.7077909, -10.7647944, -0.2150937, -0.4843671, 0.2805729, -0.8002512)    0    0   -1.81753451  1 1.560 3.71427766
(-19.4093078, 29.3825615, -9.4959967, 0.2624013, -0.3426618, 0.4369658, -0.7891701)    0    0   18.05626255  17 3.640 19.09145511
(-20.1216944, 27.2152902, -0.4788098, 0.2150392, -0.0475860, -0.7199771, -0.6581236)    0    0   15.32075174  5 1.240 19.70484334
(-21.7608816, 25.2822707, -10.4829656, -0.2140811, -0.4844719, 0.2801411, -0.8006105)    0    0   10.72963819  0 0.440 13.86836544
(-15.7950774, 27.4272922, -3.8084164, 0.3610259, 0.1577705, -0.6172479, -0.6810094)    0    0   22.01434290  12 0.280 28.56260364
(-20.3819088, 28.9501145, 0.0757186, 0.2293070, -0.0618066, -0.7029360, -0.6704321)    0    0   16.64417501  16 0.000 19.08362890
(-21.1929900, 29.2965448, 0.0637244, 0.2316805, -0.0629623, -0.7017275, -0.6707744)    0    0   15.26196671  0 0.400 16.85663593
(-10.1344744, 27.0951255, -6.7479893, 0.1152914, -0.1500083, 0.4348371, -0.8804102)    0    0   22.26457872  0 2.920 31.23378894
(-20.9571040, 29.3342674, -0.0360593, 0.2311974, -0.0631744, -0.7019040, -0.6707365)    0    0   15.95722186  0 0.480 18.25262421
(-16.8822302, 27.3526254, 0.1218628, 0.3005631, 0.0957940, -0.6184196, -0.7197517)    0    0   20.67730321  6 1.800 29.92727377
(-12.7579578, 29.0321344, -8.0276249, 0.3984311, 0.8548474, 0.1532139, -0.2949814)    0    0   22.67801210  5 4.920 28.20933847
(-19.4369260, 29.3658980, -9.8254984, 0.2626097, -0.3426839, 0.4370476, -0.7890458)    0    0   19.68893192  10 0.120 25.38943220
(-19.3407043, 24.1248189, -9.9574836, -0.1506316, -0.4722244, 0.3068799, -0.8124893)    0    0   -18.16310152  14 2.760 -11.43231893
(-20.2041858, 27.3327352, -0.5051722, 0.2189094, -0.0498278, -0.7148766, -0.6622291)    0    0   15.16735487  5 1.480 19.63173679
(-20.6445619, 29.3043890, 0.0821440, 0.2313740, -0.0628344, -0.7018200, -0.6707954)    0    0   14.98036870  18 0.000 17.54076076
(-15.8183001, 27.5415638, -3.6365313, 0.3607736, 0.1579703, -0.6175696, -0.6808051)    0    0   23.06557207  3 0.600 29.26307808
(-19.3168945, 29.6104986, -9.3889630, 0.2622221, -0.3426047, 0.4367390, -0.7893799)    0    0   20.04767251  10 0.360 25.63292250
(-19.1298656, 28.9127625, -9.7522386, 0.2630807, -0.3427430, 0.4373346, -0.7887041)    0    0   19.37564189  0 0.400 24.98707066
(-22.0655018, 25.4752305, -10.9684568, -0.1905132, -0.4795445, 0.2902924, -0.8058983)    0    0   8.52537333  6 0.280 11.52650009
(-22.2448004, 22.6307403, -9.0695776, -0.1930267, -0.4795691, 0.2898350, -0.8054501)    0    0   -32.67903227  20 2.600 -32.15090896
(-15.7117363, 27.9796022, -3.5866901, 0.3607614, 0.1579796, -0.6175849, -0.6807955)    0    0   22.38078474  0 0.680 27.82022978
(-12.6001693, 29.3532314, -8.3192678, 0.3984288, 0.8548445, 0.1532226, -0.2949885)    0    0   22.59103845  7 0.760 28.23662896
(-14.9621076, 26.1235652, 0.1964937, 0.3007964, 0.0876674, -0.6110193, -0.7269741)    0    0   -0.32863474  10 2.200 9.30341633
(-20.3892653, 28.9043710, 0.0610843, 0.2306791, -0.0629129, -0.7021054, -0.6707288)    0    0   16.97710917  0 0.400 23.01757912
(-16.0016221, 27.5205911, -3.6900908, 0.3606953, 0.1580337, -0.6176700, -0.6807408)    0    0   22.94719750  6 2.200 28.90513993
(-20.4608610, 29.2242978, 0.2265335, 0.2314486, -0.0627776, -0.7018153, -0.6707800)    0    0   19.15420342  1 4.680 23.95094496
(-20.8256946, 29.5201371, -0.0453824, 0.2311066, -0.0626866, -0.7018948, -0.6708232)    0    0   13.86679653  0 0.440 13.59560903
(-22.2551946, 25.4046612, -10.5808767, -0.2142618, -0.4838831, 0.2809228, -0.8006444)    0    0   11.59039008  7 2.840 14.96202412
(-12.7509141, 28.6642559, -8.4043026, 0.3985181, 0.8547948, 0.1531726, -0.2950380)    0    0   22.15074503  0 0.400 27.63528270
(-19.1226966, 29.2209169, -9.0733004, 0.2620585, -0.3426073, 0.4367059, -0.7894514)    0    0   20.64641829  5 2.120 26.42909243
(-22.3295582, 25.2883803, -10.9360286, -0.1920493, -0.4797984, 0.2899454, -0.8055074)    0    0   10.79796480  3 0.560 14.85391728
(-15.8074188, 27.7187827, -3.5068235, 0.3606838, 0.1580408, -0.6176884, -0.6807285)    0    0   23.17066111  1 5.000 29.25147482
(-10.0809702, 27.3190062, -6.3570298, 0.1148664, -0.1538463, 0.4343890, -0.8800246)    0    0   19.78021094  4 1.240 25.77955481
(-10.3285871, 26.5535975, -7.5096547, 0.1092212, -0.1857317, 0.4291140, -0.8771748)    0    0   14.25789467  6 0.760 18.04371997
(-19.6793923, 29.2944515, -9.4261218, 0.2627427, -0.3426682, 0.4370339, -0.7890159)    0    0   19.38776555  5 0.400 24.81535245
(-20.2945999, 27.2451917, -0.7366494, 0.2202721, -0.0533067, -0.7132880, -0.6632185)    0    0   16.25434381  1 2.440 20.19303760
(-21.4097895, 25.5161113, -10.4478869, -0.2137423, -0.4837494, 0.2812145, -0.8007616)    0    0   12.23560180  1 1.480 15.91399315
(-20.4140295, 29.1543665, 0.1231310, 0.2284128, -0.0614395, -0.7035141, -0.6701647)    0    0   17.89762787  8 0.280 23.18266599
(-20.7995797, 28.8177179, 0.0472780, 0.2285495, -0.0618977, -0.7035423, -0.6700463)    0    0   16.54416331  0 0.400 21.02693014
(-15.8081396, 27.4832044, -3.7060259, 0.3617038, 0.1572918, -0.6163810, -0.6815454)    0    0   21.84143433  12 0.200 27.99385041
(-16.9732633, 27.0577886, 0.1665609, 0.2999864, 0.0936467, -0.6197242, -0.7191526)    0    0   21.89768689  3 1.400 30.60267863
(-12.6708614, 29.2627811, -8.2115609, 0.3984499, 0.8548365, 0.1531805, -0.2950050)    0    0   22.13199742  11 0.200 27.48668758
(-10.2929005, 26.5118349, -7.7109204, 0.1101822, -0.1925310, 0.4271563, -0.8765439)    0    0   13.36965838  1 0.760 16.53819274
(-21.9762862, 25.3989967, -10.7475124, -0.2171034, -0.4852624, 0.2789456, -0.7997349)    0    0   10.82066144  0 0.440 14.73144830
(-22.0574654, 24.9374379, -10.7992532, -0.2134214, -0.4841986, 0.2803727, -0.8008709)    0    0   9.65527586  2 0.360 11.45462813
(-25.2325938, 27.1977985, -6.1455970, 0.5296981, 0.0319710, -0.0365724, -0.8467941)    0    0   13.55209392  1 5.000 16.89684718
(-12.7054580, 29.1614913, -8.1402069, 0.3984363, 0.8548450, 0.1532074, -0.2949848)    0    0   22.50037976  10 3.720 28.09211399
(-20.1420982, 24.5012201, -10.3026075, -0.2113499, -0.4841320, 0.2815495, -0.8010476)    0    0   -6.23166056  4 2.440 -2.04469020
