#Coordinates  RecID  LigID  Luciferin  Neighbor's number  Vision Range  Scoring
(-27.1314799, 25.4781491, -5.7566617, -0.5763913, -0.2229050, 0.1761523, -0.7661964)    0    0   8.94806214  3 0.880 12.45829031
(-15.8126843, 28.7527673, 1.7088827, -0.4020441, -0.3059724, 0.2379214, 0.8295389)    0    0   21.65681988  9 0.080 28.47602370
(-19.7725056, 32.2592745, -0.8858381, -0.0437035, 0.2065035, -0.2425945, -0.9468866)    0    0   22.96560019  2 0.360 28.38367620
(-15.0043323, 28.3017825, -5.4850800, -0.3319575, 0.8083455, -0.1590095, 0.4594537)    0    0   25.56541602  8 0.480 31.77889794
(-19.6782746, 26.3189346, -8.7502282, -0.3560581, -0.3889522, -0.8414698, -0.1177596)    0    0   25.02473472  20 0.000 29.23639355
(-19.0928514, 26.2898176, -9.0056315, -0.3560464, -0.3889374, -0.8414817, -0.1177586)    0    0   30.67607144  0 0.480 39.49152354
(-19.5828533, 25.9815513, -9.2400994, -0.3560641, -0.3889695, -0.8414597, -0.1177568)    0    0   25.22506651  20 0.000 29.27046440
(-16.1380052, 28.7120794, 1.9221548, -0.4020475, -0.3059651, 0.2379297, 0.8295376)    0    0   22.04763152  18 0.000 28.44361719
(-19.9379894, 32.3119727, -1.5131851, -0.0437098, 0.2065157, -0.2425842, -0.9468863)    0    0   23.04749824  0 0.400 29.18306659
(-29.1323708, 27.0703941, 3.8695696, 0.7237441, 0.1279919, 0.4761492, 0.4827986)    0    0   11.15459990  0 0.400 14.01623800
(-19.5022293, 32.6018761, -1.5200748, -0.0437161, 0.2065275, -0.2425742, -0.9468860)    0    0   23.41100100  6 1.480 29.56298280
(-16.1387443, 28.6391038, 1.7505206, -0.4020309, -0.3060048, 0.2378909, 0.8295421)    0    0   23.04791051  2 0.640 29.27294570
(-19.0902470, 26.1877771, -9.1040617, -0.3560523, -0.3889384, -0.8414785, -0.1177608)    0    0   31.46112410  5 0.600 39.37880472
(-19.2516902, 26.2458842, -8.9978217, -0.3560485, -0.3889340, -0.8414822, -0.1177603)    0    0   30.95822031  9 0.160 37.96040145
(-16.2186138, 28.7323910, 1.8180080, -0.4020375, -0.3059918, 0.2379028, 0.8295403)    0    0   22.96279677  4 0.720 28.59251210
(-26.9626580, 25.1105984, -5.4637286, -0.5763923, -0.2229043, 0.1761519, -0.7661959)    0    0   8.29583913  4 0.640 10.01625898
(-27.0516277, 24.6615383, -5.0573792, -0.5763903, -0.2229055, 0.1761536, -0.7661966)    0    0   6.76516244  0 0.560 9.54077334
(-19.0087857, 26.1630176, -9.1393598, -0.3560596, -0.3889483, -0.8414708, -0.1177615)    0    0   31.40962237  6 0.320 39.35980697
(-19.6801691, 32.2878894, -1.2811678, -0.0437190, 0.2065331, -0.2425695, -0.9468858)    0    0   23.14973062  10 0.440 28.47334593
(-14.8476137, 28.4839009, -5.2965302, -0.3319577, 0.8083455, -0.1590094, 0.4594535)    0    0   25.29287668  0 0.480 31.39423553
(-18.8580440, 26.0376684, -9.1249979, -0.3560445, -0.3889241, -0.8414883, -0.1177615)    0    0   31.58051970  3 0.720 39.73890274
(-15.6858686, 28.9084154, 1.7433521, -0.4020295, -0.3060096, 0.2378863, 0.8295424)    0    0   23.07322385  2 0.880 28.92380712
(-15.3166982, 28.1615683, -5.0648713, -0.3319578, 0.8083454, -0.1590096, 0.4594537)    0    0   24.80273799  10 0.600 30.90543398
(-19.9268374, 32.1467639, -1.2471196, -0.0437210, 0.2065369, -0.2425663, -0.9468857)    0    0   23.65931462  1 3.080 29.49767114
(-19.2195486, 26.2707521, -9.3779204, -0.3560548, -0.3889377, -0.8414776, -0.1177625)    0    0   27.09867160  0 0.400 29.65524294
(-19.3853015, 26.3887286, -8.9106464, -0.3560606, -0.3889588, -0.8414658, -0.1177589)    0    0   30.13455094  26 0.000 38.69266661
(-27.4613735, 26.4013881, -4.6880164, -0.5763946, -0.2229027, 0.1761510, -0.7661948)    0    0   9.53572453  7 4.600 12.73640621
(-29.3203259, 26.6941557, 3.8287572, 0.7237440, 0.1279919, 0.4761492, 0.4827988)    0    0   11.49061947  1 1.120 14.47114173
(-15.3046107, 28.4242048, -5.4354193, -0.3319573, 0.8083457, -0.1590094, 0.4594536)    0    0   25.76135882  5 1.000 32.28331785
(-26.8970312, 25.4306845, -5.7806645, -0.5763922, -0.2229043, 0.1761520, -0.7661959)    0    0   8.64497467  7 0.400 11.99553496
(-15.7748727, 28.7278046, 1.7351783, -0.4020418, -0.3059748, 0.2379219, 0.8295390)    0    0   19.19070843  0 0.400 21.52392972
(-19.3465577, 26.3307241, -8.6795026, -0.3560491, -0.3889517, -0.8414745, -0.1177551)    0    0   29.37746747  0 0.480 38.29251016
(-15.6976208, 28.7456609, 2.1136475, -0.4020295, -0.3060090, 0.2378865, 0.8295425)    0    0   21.42146543  0 0.400 28.33250364
(-16.2321031, 28.4790020, 1.7662793, -0.4020303, -0.3060050, 0.2378913, 0.8295422)    0    0   18.54449562  0 0.400 21.55918859
(-26.9066336, 25.1680184, -5.6429119, -0.5763911, -0.2229050, 0.1761529, -0.7661963)    0    0   7.63168680  9 0.160 10.58575587
(-19.1016876, 25.8216306, -8.9075633, -0.3560590, -0.3889516, -0.8414697, -0.1177600)    0    0   30.54012221  3 0.560 39.46527618
(-18.8533449, 26.0791479, -8.9986174, -0.3560476, -0.3889456, -0.8414778, -0.1177561)    0    0   29.30422059  7 0.240 37.39234080
(-15.3261158, 28.1070871, -5.3670736, -0.3319572, 0.8083458, -0.1590094, 0.4594536)    0    0   25.96053807  2 2.120 32.59814590
(-15.6796859, 28.5176438, 1.9750647, -0.4020423, -0.3059740, 0.2379230, 0.8295388)    0    0   22.31691890  3 0.560 28.61844365
(-16.0381519, 28.5406748, 1.7366564, -0.4020292, -0.3060096, 0.2378862, 0.8295425)    0    0   21.60212463  4 0.400 28.79523851
(-19.3517097, 26.2605934, -8.9991024, -0.3560734, -0.3889663, -0.8414564, -0.1177630)    0    0   30.95904512  7 0.240 39.07188907
(-18.8293028, 25.4738299, -9.2780310, -0.3560840, -0.3889899, -0.8414413, -0.1177605)    0    0   30.68413370  2 0.960 39.28671118
(-19.5051863, 26.3306556, -8.9282123, -0.3560594, -0.3889523, -0.8414692, -0.1177599)    0    0   31.26764593  11 0.080 39.15228478
(-15.6978617, 28.6533211, 1.7888752, -0.4020377, -0.3059877, 0.2379073, 0.8295404)    0    0   22.28092740  5 0.400 28.78631716
(-27.7556127, 25.9834132, -4.8516755, -0.5763956, -0.2229022, 0.1761499, -0.7661944)    0    0   9.96342316  0 5.000 12.72556666
(-27.6561753, 25.7778850, -4.8172910, -0.5763954, -0.2229023, 0.1761502, -0.7661945)    0    0   9.67686570  2 2.640 12.81473046
(-14.9949601, 27.9541157, -5.6932131, -0.2522500, 0.8207821, -0.1940123, 0.4743901)    0    0   17.21938807  2 0.440 27.74724014
(-30.1187511, 26.6826313, 4.2368320, 0.7237438, 0.1279919, 0.4761492, 0.4827991)    0    0   11.39879804  2 0.640 14.39002582
(-27.7081772, 25.8728902, -4.8322308, -0.5763952, -0.2229024, 0.1761504, -0.7661946)    0    0   9.55569723  5 0.880 12.68268328
(-29.5856466, 26.4832545, 4.1764639, 0.7237441, 0.1279919, 0.4761492, 0.4827987)    0    0   11.32253581  0 0.520 14.31164475
(-15.7289139, 28.6480369, 1.8922409, -0.4020319, -0.3059986, 0.2378988, 0.8295416)    0    0   22.59964333  1 0.720 28.51651323
(-18.7501127, 26.2680130, -9.2012080, -0.3560563, -0.3889429, -0.8414746, -0.1177616)    0    0   31.34782161  1 0.640 39.10001786
(-19.6082366, 32.2754082, -1.3104692, -0.0437165, 0.2065283, -0.2425735, -0.9468860)    0    0   23.27085619  2 0.600 28.94626181
(-19.0327348, 25.8445756, -8.8566778, -0.3560448, -0.3889464, -0.8414789, -0.1177543)    0    0   28.70115081  0 0.400 37.87602666
(-16.2818980, 28.8692908, 1.7936506, -0.5401268, -0.4861676, 0.3575923, 0.5865422)    0    0   -6.33902625  58 0.760 -44.86391550
(-27.7692436, 25.9630104, -4.8598547, -0.5763950, -0.2229025, 0.1761506, -0.7661947)    0    0   9.62582143  5 4.360 12.58905344
(-17.6658439, 27.9765836, -2.5748515, -0.5237097, -0.6121774, 0.4179533, -0.4198596)    0    0   24.45288524  0 0.600 32.63077111
(-16.0258639, 28.6870224, 1.8334637, -0.4020404, -0.3059800, 0.2379147, 0.8295399)    0    0   17.51568435  15 0.000 21.63892607
(-16.1080509, 28.8121198, 1.8187767, -0.4020458, -0.3059675, 0.2379261, 0.8295386)    0    0   21.05546420  0 0.400 29.19604065
(-18.0679423, 28.2476097, -2.6549145, -0.5237055, -0.6121817, 0.4179513, -0.4198604)    0    0   25.40795777  4 0.840 32.27089638
(-29.1160249, 27.1293964, 3.9207279, 0.7237442, 0.1279918, 0.4761492, 0.4827985)    0    0   11.44164038  2 0.920 14.44351259
(-14.9638418, 28.3005021, -5.5052626, -0.3319573, 0.8083457, -0.1590094, 0.4594536)    0    0   26.22554575  0 3.880 32.85067025
(-27.1967470, 25.5091843, -5.6106781, -0.5763918, -0.2229045, 0.1761522, -0.7661961)    0    0   9.67404487  0 1.280 13.08525938
(-15.7507228, 28.6316755, 1.8182915, -0.4020398, -0.3059784, 0.2379182, 0.8295397)    0    0   20.12429086  9 0.000 21.66170148
(-15.4686757, 28.6576209, 1.9086868, -0.4020340, -0.3059953, 0.2379025, 0.8295408)    0    0   22.29517439  0 0.400 28.82980503
(-19.2138701, 26.2151827, -9.0004695, -0.3560445, -0.3889212, -0.8414895, -0.1177626)    0    0   31.82077725  0 3.680 39.77927305
(-19.3982340, 26.2876099, -8.8895765, -0.3560604, -0.3889681, -0.8414621, -0.1177555)    0    0   30.58742013  5 0.320 38.89151976
(-18.1681222, 28.2650603, -2.6786033, -0.5237315, -0.6121629, 0.4179550, -0.4198517)    0    0   22.69703563  7 0.760 25.23009282
(-19.0303533, 25.7922847, -9.7092743, -0.3560844, -0.3889918, -0.8414403, -0.1177601)    0    0   27.48006343  2 0.480 37.49227538
(-19.0738160, 25.8648513, -8.9100234, -0.3560656, -0.3889783, -0.8414552, -0.1177552)    0    0   23.53861191  8 0.080 29.41796419
(-19.0625651, 26.3514175, -9.1555550, -0.3560821, -0.3889883, -0.8414429, -0.1177602)    0    0   26.74224597  0 0.560 29.51578841
(-15.8141439, 28.8117030, 1.7155443, -0.4020300, -0.3060064, 0.2378891, 0.8295425)    0    0   22.78105792  1 0.720 28.70946401
(-15.5121723, 29.3108767, 1.9516473, -0.4020283, -0.3060093, 0.2378865, 0.8295430)    0    0   21.68531872  13 0.000 28.46049539
(-19.5714762, 31.9784016, -1.7015015, -0.0437496, 0.2064494, -0.2425539, -0.9469067)    0    0   23.44541666  5 0.480 29.61006259
(-18.9685444, 26.2019054, -9.2494917, -0.3560400, -0.3889486, -0.8414804, -0.1177512)    0    0   26.51318659  0 0.400 29.21511683
(-29.2341276, 26.7010058, 3.8267622, 0.7237442, 0.1279918, 0.4761492, 0.4827985)    0    0   11.38245045  9 1.480 14.20932885
(-26.5405913, 25.2881441, -5.4481778, -0.5763927, -0.2229039, 0.1761518, -0.7661957)    0    0   8.93856983  4 0.560 12.46539250
(-18.0531799, 28.2267454, -2.3831734, -0.5237093, -0.6121790, 0.4179518, -0.4198592)    0    0   24.93458995  6 0.440 33.33168755
(-15.0507772, 28.2016550, -5.5261465, -0.3319574, 0.8083458, -0.1590093, 0.4594534)    0    0   25.50637498  7 0.520 31.64824872
(-15.8975243, 28.6452988, 1.7979183, -0.4020379, -0.3059866, 0.2379085, 0.8295404)    0    0   22.32150611  5 0.400 28.88161726
(-19.4318631, 32.0107365, -1.6576059, -0.0437064, 0.2065090, -0.2425898, -0.9468865)    0    0   23.46360869  4 0.600 29.86307858
(-29.7296027, 26.6348258, 3.9983766, 0.7237438, 0.1279919, 0.4761492, 0.4827990)    0    0   11.37376301  2 0.840 14.23559680
(-15.1658818, 28.1713403, -5.2740723, -0.3319572, 0.8083461, -0.1590091, 0.4594532)    0    0   25.50058990  8 0.240 31.88784396
(-16.2300760, 28.6924000, 1.9147732, -0.4020511, -0.3059491, 0.2379460, 0.8295371)    0    0   19.42133707  17 0.000 21.73771390
(-26.7219819, 24.4998523, -4.8887665, -0.5763919, -0.2229046, 0.1761523, -0.7661960)    0    0   5.25468360  0 0.800 6.73048844
(-18.8833222, 26.0657852, -8.3279770, -0.3560571, -0.3889557, -0.8414688, -0.1177582)    0    0   30.10165206  0 0.560 37.79575928
(-17.8077390, 28.0479672, -2.2797819, -0.5237322, -0.6121624, 0.4179551, -0.4198515)    0    0   26.23102906  3 1.080 33.70639225
(-19.3021188, 26.2849983, -9.0041401, -0.3560491, -0.3889277, -0.8414845, -0.1177628)    0    0   31.44895018  6 0.960 39.13859930
(-14.3517287, 28.6213243, -5.7004751, -0.3303210, 0.8086718, -0.1597516, 0.4598015)    0    0   25.04307275  0 0.640 31.45535912
(-29.7314292, 26.6267494, 4.2124594, 0.7237440, 0.1279919, 0.4761492, 0.4827988)    0    0   11.41046775  4 0.800 14.31237051
(-29.4613488, 26.9952115, 3.9548568, 0.7237442, 0.1279918, 0.4761492, 0.4827984)    0    0   11.39830809  6 4.840 14.25780333
(-19.2687006, 26.3460803, -8.7523135, -0.3560448, -0.3889510, -0.8414770, -0.1177528)    0    0   31.10445514  8 0.160 39.00832935
(-19.4946015, 32.3349825, -1.4125960, -0.0437196, 0.2065343, -0.2425685, -0.9468858)    0    0   22.97381205  10 0.200 28.12445859
(-14.3627275, 28.2842771, -5.7542449, -0.3311400, 0.8085087, -0.1593806, 0.4596278)    0    0   24.86640692  10 0.000 32.27769708
(-18.9375627, 26.2216914, -8.6832894, -0.3560439, -0.3889492, -0.8414782, -0.1177529)    0    0   30.62995956  17 0.000 39.63608533
(-15.7817663, 29.2650056, 1.6204933, -0.4020380, -0.3059856, 0.2379106, 0.8295401)    0    0   19.46991528  0 0.400 21.39688834
(-14.7384444, 28.4939752, -5.5233200, -0.3319573, 0.8083458, -0.1590093, 0.4594535)    0    0   25.88322745  3 0.640 32.73215607
(-15.6883914, 28.7575003, 2.2918160, -0.4020338, -0.3059875, 0.2379117, 0.8295412)    0    0   22.11066665  16 0.000 28.52151849
(-14.9021868, 28.2354409, -5.5889136, -0.3253650, 0.8096374, -0.1619980, 0.4608487)    0    0   21.92955384  7 0.240 24.21637931
(-15.8609070, 28.4722682, 1.8960514, -0.4020369, -0.3059605, 0.2379431, 0.8295406)    0    0   19.83152599  7 0.160 21.83602000
(-16.0890159, 28.8233116, 1.8586393, -0.4020421, -0.3059746, 0.2379222, 0.8295389)    0    0   21.61079395  0 0.400 28.91333773
(-19.2412446, 26.1810777, -9.0538144, -0.3560463, -0.3889289, -0.8414854, -0.1177609)    0    0   30.96785236  19 2.120 37.95493509
(-26.9532046, 25.1166249, -5.3072606, -0.5763903, -0.2229055, 0.1761535, -0.7661966)    0    0   7.85968928  7 0.480 10.48049767
(-16.3540227, 29.1016602, 1.8780670, -0.4020303, -0.3060069, 0.2378889, 0.8295423)    0    0   20.21360088  16 0.000 21.83805689
(-29.6473261, 26.4624713, 4.3180445, 0.7237439, 0.1279919, 0.4761492, 0.4827988)    0    0   11.36805481  10 0.280 14.08397342
(-18.0795607, 28.2921406, -3.1023963, -0.5236862, -0.6121957, 0.4179486, -0.4198669)    0    0   26.89509385  1 3.080 33.92195417
(-18.0628309, 28.2317715, -2.4963689, -0.5237007, -0.6121852, 0.4179506, -0.4198621)    0    0   24.75353972  7 0.440 32.90948430
(-16.1762122, 29.0299272, 1.7233735, -0.4020381, -0.3059865, 0.2379086, 0.8295403)    0    0   22.68114470  6 0.480 29.09969470
(-19.1406159, 26.2547951, -9.0135102, -0.3560492, -0.3889319, -0.8414827, -0.1177614)    0    0   31.10997220  12 0.000 38.95448975
(-14.9446485, 28.2442982, -5.4922550, -0.3319575, 0.8083456, -0.1590094, 0.4594536)    0    0   22.43896860  16 0.080 23.76141045
(-19.1771648, 26.3808898, -8.9051613, -0.3560510, -0.3889358, -0.8414802, -0.1177613)    0    0   29.73756231  23 0.000 38.92295401
(-19.9046354, 32.4288738, -1.5242992, -0.0437113, 0.2065185, -0.2425818, -0.9468862)    0    0   23.14262131  4 0.400 28.72479706
(-27.9495025, 26.2876235, -4.9154963, -0.5763948, -0.2229025, 0.1761508, -0.7661947)    0    0   8.95063803  7 0.600 11.78059556
(-15.9141761, 28.8084056, 1.7809108, -0.4020297, -0.3060090, 0.2378869, 0.8295423)    0    0   23.45826679  0 2.320 29.35674259
(-19.6369447, 31.9303801, -1.3835415, -0.0437036, 0.2065037, -0.2425943, -0.9468866)    0    0   23.36739448  4 0.440 29.34494470
(-15.5288089, 28.6494897, 1.9028272, -0.4020356, -0.3059889, 0.2379095, 0.8295404)    0    0   23.07544480  0 0.800 29.07283579
(-19.0564735, 25.7166560, -9.4094144, -0.3560578, -0.3889558, -0.8414685, -0.1177582)    0    0   30.29103906  2 0.400 38.88002857
(-15.0358832, 28.6272004, 1.9280100, -0.4020308, -0.3060030, 0.2378929, 0.8295423)    0    0   22.13335392  9 0.080 28.87047223
(-18.8852553, 26.2362857, -9.2594129, -0.3560551, -0.3889752, -0.8414618, -0.1177499)    0    0   26.64222075  0 0.400 29.42709884
(-15.1961210, 29.0387479, 1.6810493, -0.4059431, -0.3107122, 0.2411361, 0.8249373)    0    0   21.92238829  13 0.000 28.47157599
(-19.1537685, 26.1232336, -9.3991473, -0.3560492, -0.3889318, -0.8414828, -0.1177615)    0    0   31.51274527  4 0.320 39.65383820
(-15.1554250, 28.7544917, 1.8827607, -0.4020398, -0.3059824, 0.2379136, 0.8295395)    0    0   21.57440213  18 0.000 28.56875342
(-15.7203391, 28.4653624, 1.6082957, -0.4420927, -0.3555620, 0.2712805, 0.7775195)    0    0   13.80587621  29 0.000 23.39499066
(-19.5884587, 26.3643573, -9.0688882, -0.3560441, -0.3889312, -0.8414855, -0.1177591)    0    0   31.04641156  9 0.000 39.14479474
(-15.8356851, 28.7602425, 1.5981458, -0.4020303, -0.3060061, 0.2378895, 0.8295423)    0    0   21.25956514  9 0.080 28.35513684
(-16.1718866, 28.4897433, 1.4542390, -0.4020328, -0.3059775, 0.2379250, 0.8295415)    0    0   20.59425263  5 0.160 28.61534520
(-29.2638537, 26.7048199, 3.7339070, 0.7237441, 0.1279918, 0.4761492, 0.4827986)    0    0   11.20282911  2 0.800 13.96255068
(-15.8279950, 28.4981557, 2.0044730, -0.4020390, -0.3059832, 0.2379132, 0.8295397)    0    0   20.48084286  0 0.400 28.45158541
(-19.1147490, 26.0230384, -9.0708669, -0.3560464, -0.3889294, -0.8414852, -0.1177607)    0    0   31.21810014  13 0.920 39.06925993
(-29.1255745, 26.9721441, 3.7849195, 0.7237442, 0.1279918, 0.4761492, 0.4827985)    0    0   11.22864747  7 0.280 14.01007243
(-18.8055489, 25.7745580, -9.0502153, -0.3560581, -0.3889779, -0.8414592, -0.1177510)    0    0   29.00065586  0 0.400 39.13666973
(-14.8478628, 28.2013565, -5.0256823, -0.3270479, 0.8093124, -0.1612366, 0.4604952)    0    0   23.51418734  1 0.440 32.01179140
(-27.3296393, 25.5605626, -5.5518844, -0.5763920, -0.2229044, 0.1761520, -0.7661960)    0    0   9.53284000  1 1.280 12.94626775
(-18.9491921, 25.7767950, -9.1248475, -0.3560893, -0.3890095, -0.8414305, -0.1177567)    0    0   29.58892072  0 0.480 39.08532117
(-29.2889015, 26.6155631, 3.7976192, 0.7237442, 0.1279918, 0.4761492, 0.4827985)    0    0   11.41395443  3 0.680 14.16717070
(-19.2977349, 25.9322888, -9.3875086, -0.3560533, -0.3889555, -0.8414708, -0.1177561)    0    0   30.26039757  1 0.400 39.27327592
(-26.6037210, 24.8622476, -5.0555494, -0.5763910, -0.2229051, 0.1761528, -0.7661964)    0    0   7.87752763  1 0.720 10.39330813
(-19.0696094, 26.2017673, -8.7761576, -0.3560468, -0.3889468, -0.8414777, -0.1177553)    0    0   31.35687171  8 0.240 39.31333712
(-19.4717016, 26.2221541, -9.1084034, -0.3560602, -0.3889587, -0.8414661, -0.1177587)    0    0   24.94894281  18 0.000 28.64308035
(-18.0672059, 28.2451022, -2.6308700, -0.5236853, -0.6121963, 0.4179484, -0.4198672)    0    0   27.09728834  0 5.000 33.87194330
(-15.9295385, 28.3270652, 2.0033553, -0.4020467, -0.3059704, 0.2379234, 0.8295378)    0    0   18.62977104  30 0.000 21.83794453
(-27.4563207, 25.6699851, -4.9585918, -0.5763949, -0.2229025, 0.1761502, -0.7661948)    0    0   7.91169197  3 0.640 10.06700748
(-29.1838889, 26.6093152, 3.5810670, 0.7237441, 0.1279918, 0.4761492, 0.4827986)    0    0   11.31357226  11 0.000 14.18969989
(-15.8429165, 28.7034276, 1.7053144, -0.4020381, -0.3059864, 0.2379085, 0.8295404)    0    0   21.98133294  8 0.160 28.43396084
(-26.7644580, 25.0794879, -5.1503930, -0.5763922, -0.2229044, 0.1761520, -0.7661959)    0    0   7.08790449  3 0.560 9.81162216
(-29.5343187, 27.0739180, 3.9263643, 0.7237441, 0.1279918, 0.4761492, 0.4827986)    0    0   11.38754877  4 0.240 14.53445316
(-20.0178203, 32.1512524, -1.1788451, -0.0437094, 0.2065149, -0.2425849, -0.9468863)    0    0   23.57244141  2 0.800 29.89632738
(-19.6483180, 31.8810422, -1.2311738, -0.0437090, 0.2065140, -0.2425856, -0.9468863)    0    0   23.01435857  11 0.000 29.04080125
(-14.8194152, 28.3803765, -5.4692013, -0.3319573, 0.8083459, -0.1590093, 0.4594534)    0    0   25.64069170  7 0.520 32.16932393
(-19.4019839, 26.3672131, -9.0462364, -0.3560511, -0.3889361, -0.8414800, -0.1177611)    0    0   29.10647824  24 0.000 38.70830972
(-15.9215298, 28.3930764, 1.9472115, -0.4020317, -0.3060028, 0.2378939, 0.8295416)    0    0   21.28116360  0 0.400 28.00125843
(-19.0366416, 25.7925649, -9.2555037, -0.3560762, -0.3889726, -0.8414524, -0.1177622)    0    0   30.94397730  7 0.800 38.74095834
(-27.7270399, 25.8917860, -4.8772181, -0.5763935, -0.2229033, 0.1761517, -0.7661953)    0    0   8.48028568  3 0.640 11.82733022
(-27.7082928, 26.2287505, -4.8567475, -0.5763953, -0.2229023, 0.1761503, -0.7661946)    0    0   8.80649006  5 0.480 11.34016653
(-15.9626892, 28.7151303, 1.8323534, -0.4020295, -0.3060094, 0.2378865, 0.8295424)    0    0   20.01816611  10 0.080 21.30974069
(-27.5755911, 25.6784952, -4.8789736, -0.5763941, -0.2229030, 0.1761511, -0.7661951)    0    0   7.62112621  5 0.520 10.13731295
(-27.5017644, 26.3629585, -4.6993551, -0.5763955, -0.2229023, 0.1761501, -0.7661945)    0    0   9.94798843  1 2.840 12.74957078
(-18.0980176, 28.1814967, -3.3776614, -0.5237875, -0.6121211, 0.4179643, -0.4198335)    0    0   24.57631456  3 0.360 32.95970996
(-27.8044541, 25.7811962, -4.8941079, -0.5763952, -0.2229024, 0.1761504, -0.7661946)    0    0   9.65550560  3 1.280 12.96113565
(-26.6011678, 25.4185060, -5.6641708, -0.5763928, -0.2229039, 0.1761516, -0.7661957)    0    0   8.73525801  3 0.480 12.29828972
(-15.7527065, 28.8547992, 1.6999093, -0.4020334, -0.3059997, 0.2378966, 0.8295412)    0    0   22.40525288  7 0.720 28.68796868
(-29.4336987, 26.6148012, 3.8684846, 0.7237442, 0.1279918, 0.4761492, 0.4827985)    0    0   11.38823482  7 4.840 14.23237414
(-19.3005887, 26.3073768, -8.9088032, -0.3560556, -0.3889481, -0.8414728, -0.1177596)    0    0   31.02077620  14 0.000 39.01928176
(-29.6650065, 26.9128692, 3.7876762, 0.7237442, 0.1279918, 0.4761492, 0.4827985)    0    0   11.27045338  14 1.640 14.12144593
(-29.0476056, 26.8724782, 3.7368628, 0.7237439, 0.1279919, 0.4761492, 0.4827989)    0    0   10.92637788  3 0.720 13.39656394
(-19.3319357, 26.2464816, -9.1697081, -0.3560466, -0.3889318, -0.8414840, -0.1177602)    0    0   31.12807904  0 0.400 39.62290998
(-15.7150643, 29.0335818, 1.9379212, -0.4020308, -0.3059915, 0.2379084, 0.8295421)    0    0   20.20145454  32 0.000 21.72908991
(-29.3282949, 26.6927798, 3.8360542, 0.7237442, 0.1279918, 0.4761492, 0.4827984)    0    0   11.55918936  0 5.000 14.44947938
(-19.2800375, 32.3077768, -1.5278007, -0.0437151, 0.2065256, -0.2425758, -0.9468860)    0    0   23.01660303  15 1.240 28.10237444
(-27.7973960, 26.0498575, -4.8581572, -0.5763947, -0.2229027, 0.1761507, -0.7661948)    0    0   8.86942220  3 0.640 11.80754399
(-14.6254711, 28.2936237, -5.6599055, -0.3319573, 0.8083457, -0.1590094, 0.4594536)    0    0   25.96071994  1 2.400 32.63603565
(-19.2924703, 26.1872542, -9.3100744, -0.3560458, -0.3889366, -0.8414825, -0.1177581)    0    0   31.40894420  7 0.320 39.46512336
(-18.0683148, 28.2438903, -2.5870675, -0.5237257, -0.6121658, 0.4179555, -0.4198543)    0    0   25.26291523  5 0.680 32.26108720
(-15.7602750, 28.6812061, 1.9517634, -0.4020319, -0.3059727, 0.2379321, 0.8295416)    0    0   22.14106661  7 0.400 28.05201192
(-19.7765379, 32.0695042, -1.4899551, -0.0436907, 0.2064790, -0.2426151, -0.9468872)    0    0   23.23566519  6 0.320 29.15464607
(-15.9722119, 28.8974073, 1.7249881, -0.4020386, -0.3059867, 0.2379088, 0.8295400)    0    0   22.06272244  7 0.240 28.35013271
(-29.1748467, 26.4395106, 3.9725994, 0.7237441, 0.1279919, 0.4761492, 0.4827986)    0    0   11.13777018  11 0.000 13.93555433
(-15.2289584, 28.3836989, -5.6104555, -0.3311389, 0.8085092, -0.1593806, 0.4596277)    0    0   25.66687488  1 0.640 32.25172674
(-15.6479547, 28.8836574, 1.7130350, -0.4020482, -0.3059656, 0.2379281, 0.8295375)    0    0   22.26131908  4 0.480 28.63485171
(-19.3525697, 26.5535952, -8.9048034, -0.3560446, -0.3889347, -0.8414839, -0.1177580)    0    0   31.23792658  12 0.000 39.12088928
(-19.3091468, 26.3706471, -9.0161975, -0.3560425, -0.3889333, -0.8414854, -0.1177581)    0    0   28.82130982  17 0.000 37.57908453
(-19.4603618, 32.1480242, -1.3441739, -0.0437207, 0.2065365, -0.2425666, -0.9468857)    0    0   23.54172045  3 4.280 29.28415228
(-15.3377781, 28.1338682, -5.3530541, -0.3319573, 0.8083458, -0.1590093, 0.4594535)    0    0   25.86052418  4 1.400 32.60795755
(-15.2190617, 28.1327417, -5.7173304, -0.3319562, 0.8083464, -0.1590092, 0.4594532)    0    0   23.26102316  0 0.400 32.30637125
(-27.4255374, 25.6073311, -4.8238225, -0.5763925, -0.2229040, 0.1761523, -0.7661957)    0    0   8.19970198  1 0.800 10.54033037
(-19.1310750, 25.9303389, -9.0400207, -0.3560633, -0.3889616, -0.8414633, -0.1177591)    0    0   30.11559033  3 0.560 38.81040323
(-15.9599372, 29.1155993, 2.0982575, -0.4020602, -0.3059365, 0.2379569, 0.8295342)    0    0   21.38944883  0 0.400 28.44193182
(-19.5839830, 32.4474287, -1.6909756, -0.0437121, 0.2065200, -0.2425805, -0.9468862)    0    0   23.19227865  10 0.080 29.15516160
(-18.0666317, 28.2429157, -2.6089518, -0.5236853, -0.6121964, 0.4179484, -0.4198672)    0    0   26.67202027  2 5.000 33.04787282
(-18.9668599, 25.9543178, -8.7330117, -0.3560470, -0.3889245, -0.8414869, -0.1177628)    0    0   31.72249803  1 0.720 39.94012372
(-16.0920644, 29.0164852, 1.7592936, -0.4020454, -0.3059738, 0.2379193, 0.8295384)    0    0   21.49700809  0 0.400 28.60518936
(-26.8886985, 25.5383145, -5.8907065, -0.5763924, -0.2229041, 0.1761518, -0.7661959)    0    0   9.42748858  2 1.280 12.39961318
(-17.2955455, 27.9030708, -2.7177860, -0.5238680, -0.6120644, 0.4179743, -0.4198060)    0    0   24.82360535  0 0.840 30.98240882
(-19.7170951, 31.7283148, -1.4234114, -0.3674720, -0.2626016, 0.1135703, -0.8849331)    0    0   23.78835254  10 4.520 29.73557692
(-17.9987800, 28.3026880, -3.0939838, -0.5236682, -0.6122080, 0.4179467, -0.4198732)    0    0   24.57763003  4 0.600 30.55990781
(-26.9765515, 25.1575295, -5.5265640, -0.5763928, -0.2229040, 0.1761515, -0.7661957)    0    0   7.34456612  8 0.240 10.40126040
(-20.1059700, 32.1914003, -1.1437561, -0.0438057, 0.2064165, -0.2424947, -0.9469264)    0    0   23.21885768  8 0.160 29.28906666
(-18.8514604, 26.0796569, -9.1117141, -0.3560418, -0.3889277, -0.8414881, -0.1177589)    0    0   31.63784526  2 0.800 39.76151051
(-26.7403581, 25.5024540, -5.6825767, -0.5763929, -0.2229038, 0.1761515, -0.7661956)    0    0   8.65868471  5 0.400 11.90715084
(-26.9417869, 24.9468105, -5.1959361, -0.5763906, -0.2229055, 0.1761528, -0.7661966)    0    0   7.37182845  0 0.480 10.63698215
