#Coordinates  RecID  LigID  Luciferin  Neighbor's number  Vision Range  Scoring
(-37.8976730, 10.8216465, 16.8345393,  0.3099205,  0.4055600,  0.8015831,  0.3113438)    0    0  88.36110895  4 0.480  58.23448742
(-39.8513439,  7.1560484,  3.7612766, -0.5825475, -0.6405654, -0.4328388,  0.2509280)    0    0  93.33033249 11 0.000  61.88525825
(-37.7830165, 11.0794771, 16.9375037,  0.3099205,  0.4055600,  0.8015831,  0.3113438)    0    0  86.30214534  6 0.320  56.69419857
(-39.8123861,  7.6085868,  3.8280026, -0.5825475, -0.6405654, -0.4328388,  0.2509280)    0    0  94.58968348  3 0.560  63.47895072
(-43.9947789, 12.7448324,  8.2420350,  0.2625694, -0.1496436, -0.3468618,  0.8878913)    0    0  88.57760933  0 0.400  59.59631135
(-40.2694344, 10.1552290,  8.2885295, -0.2613228, -0.2603253,  0.1458145, -0.9179756)    0    0  88.98442961  4 0.480  59.37061999
(-39.8814543, 10.3429373,  8.1683732, -0.2613228, -0.2603253,  0.1458145, -0.9179756)    0    0  90.10450943  1 5.000  59.88853207
(-37.0389738,  2.8852774,  6.9116981, -0.2770619,  0.3287665, -0.8394899, -0.3322741)    0    0  65.89493541  5 0.840  45.11557928
(-44.0924040, 12.6085477,  8.4427558,  0.2625694, -0.1496436, -0.3468618,  0.8878913)    0    0  88.30626518  7 0.160  58.39068696
(-39.9241909,  7.2029641,  4.0398535, -0.5825475, -0.6405654, -0.4328388,  0.2509280)    0    0  95.95539324  0 5.000  63.97026216
(-39.9463302,  7.0758864,  3.9396206, -0.5825475, -0.6405654, -0.4328388,  0.2509280)    0    0  94.30388078  6 0.320  63.03298186
(-38.0079988, 10.5575839, 16.8026375,  0.3099205,  0.4055600,  0.8015831,  0.3113438)    0    0  88.64423248 20 0.000  59.48823060
(-43.4950282, 11.6029191, 13.1955692, -0.0227374, -0.7291838, -0.3101751,  0.6095614)    0    0  39.40528951  0 3.720  26.63061126
(-35.8082184, 19.4153825, 10.6428818, -0.3636300,  0.1546229, -0.6214440, -0.6765148)    0    0  61.58148999  3 0.520  41.70452789
(-39.2258087, 17.3291124, 15.1711473, -0.7936098,  0.5737321, -0.0398972,  0.1985527)    0    0  55.25231614  5 0.440  37.94015180
(-39.3790888, 16.9144837, 15.0315851, -0.7936098,  0.5737321, -0.0398972,  0.1985527)    0    0  54.06528266  5 0.520  35.59441738
(-38.7538896,  3.9662077, 18.4106327,  0.2981721, -0.0318839,  0.6515825,  0.6967904)    0    0  72.46648336  0 5.000  48.31098891
(-40.6597977,  3.0814942, 13.9465962,  0.6494178,  0.0331818, -0.2511989,  0.7169760)    0    0  60.17156468  6 3.560  38.92284125
(-40.3555237,  3.2071913, 13.5109581,  0.6494181,  0.0331821, -0.2512036,  0.7169741)    0    0  60.42672174  4 1.960  40.76406776
(-40.1298939,  7.0447145,  4.0915770, -0.5825475, -0.6405654, -0.4328388,  0.2509280)    0    0  93.43076305 15 0.000  61.67938679
(-44.0682226, 12.8103784,  7.8582844,  0.2625694, -0.1496436, -0.3468618,  0.8878913)    0    0  87.86334901  0 0.640  57.79029635
(-40.7582573,  3.2682139, 13.4465873,  0.6494105,  0.0331739, -0.2510724,  0.7170272)    0    0  60.10169185  7 0.600  41.06732492
(-35.7962267, 19.3730488, 10.5989321, -0.3636300,  0.1546229, -0.6214440, -0.6765148)    0    0  62.44843553  4 2.920  41.64559575
(-38.7647983,  4.1863263, 18.7128165,  0.2981721, -0.0318839,  0.6515826,  0.6967905)    0    0  70.49436674  7 4.840  45.10023955
(-35.7478868, 18.9473064, 10.3527261, -0.3636300,  0.1546229, -0.6214440, -0.6765148)    0    0  63.42843944  2 5.000  42.33441293
(-39.9469622,  7.3199835,  3.8972436, -0.5825475, -0.6405654, -0.4328388,  0.2509280)    0    0  92.86199321  2 0.640  61.74874097
(-43.6744989, 12.8697873,  8.3346985,  0.2625694, -0.1496436, -0.3468618,  0.8878913)    0    0  88.87824014  5 0.400  59.44275417
(-37.0044858,  2.9047441,  6.9586146, -0.2770619,  0.3287665, -0.8394899, -0.3322741)    0    0  66.19243684  4 4.360  45.22121516
(-37.6697889, 11.1655745, 16.9113703,  0.3099205,  0.4055600,  0.8015831,  0.3113438)    0    0  90.09726368  3 1.280  59.75216862
(-43.9283624, 12.6042853,  8.3962129,  0.2625694, -0.1496436, -0.3468618,  0.8878913)    0    0  87.89163198  0 0.480  58.73991837
(-36.9307075,  3.0744828,  6.8319836, -0.2770619,  0.3287665, -0.8394899, -0.3322741)    0    0  62.26289951  3 0.440  42.93476311
(-39.9270834,  7.1990513,  4.0443258, -0.5825475, -0.6405654, -0.4328388,  0.2509280)    0    0  95.68921286  2 5.000  63.72291730
(-37.6363499, 11.2521731, 16.9347989,  0.3099205,  0.4055600,  0.8015831,  0.3113438)    0    0  88.82267957 15 0.000  59.24157246
(-38.0624573, 10.7462136, 16.6273955,  0.3099205,  0.4055600,  0.8015831,  0.3113438)    0    0  88.97901273  9 0.080  59.19528309
(-39.7107805,  7.4916587,  3.7098773, -0.5825475, -0.6405654, -0.4328388,  0.2509280)    0    0  95.89905330  1 5.000  64.05288908
(-38.0378630, 10.7956457, 16.6614133,  0.3099205,  0.4055600,  0.8015831,  0.3113438)    0    0  88.69406521  0 0.400  59.65698309
(-37.2641778, 11.3337022, 16.8611374,  0.3099205,  0.4055600,  0.8015831,  0.3113438)    0    0  89.38471267  6 0.320  60.28915382
(-44.2152743, 12.4685127,  8.5398487,  0.2625694, -0.1496436, -0.3468618,  0.8878913)    0    0  88.89975203  4 0.400  60.12729113
(-43.8078672, 13.0516345,  8.7014922,  0.2625694, -0.1496436, -0.3468618,  0.8878913)    0    0  85.95707294  7 0.240  56.47472144
(-37.8069550, 10.8662366, 16.5809078,  0.3099205,  0.4055600,  0.8015831,  0.3113438)    0    0  89.31143323  6 0.320  60.36567041
(-37.9279798, 11.2530321, 16.5402766,  0.3099205,  0.4055600,  0.8015831,  0.3113438)    0    0  88.17596556  5 0.400  58.44357874
(-43.1883979, 11.8236157, 13.0590523, -0.0227673, -0.7292265, -0.3101630,  0.6095156)    0    0  37.04935833  5 3.560  25.78461379
(-37.3827838, 11.5118322, 16.8769624,  0.3099205,  0.4055600,  0.8015831,  0.3113438)    0    0  86.68306955  0 0.400  56.19503734
(-39.4431293, 16.9143972, 15.1312741, -0.7936098,  0.5737321, -0.0398972,  0.1985527)    0    0  56.62256229  0 5.000  37.74837486
(-43.4205420, 11.7664446, 13.2149767, -0.0201575, -0.7254803, -0.3112115,  0.6135001)    0    0  29.04624184  6 2.600  24.94014184
(-40.2612194, 10.0700059,  8.4809221, -0.2613228, -0.2603253,  0.1458145, -0.9179756)    0    0  89.43893962  5 5.000  59.64268473
(-37.0894617,  2.8065856,  6.6262411, -0.2770673,  0.3287589, -0.8394924, -0.3322706)    0    0  63.24488586  1 0.520  43.77599081
(-43.7432739, 12.8836848,  8.4733426,  0.2625694, -0.1496436, -0.3468618,  0.8878913)    0    0  88.17337674  4 0.560  58.44969825
(-39.5547477, 16.5165635,  5.9211306,  0.3116058, -0.0068318,  0.7081232,  0.6335746)    0    0  71.10660567  7 3.640  47.83323672
(-37.9457682, 10.7501550, 16.7346429,  0.3099205,  0.4055600,  0.8015831,  0.3113438)    0    0  87.30260462 17 0.000  57.73541101
(-38.0385684, 10.7013331, 16.6718889,  0.3099205,  0.4055600,  0.8015831,  0.3113438)    0    0  88.71823574 16 0.000  59.25744166
(-39.8191911, 10.3681428,  8.0989853, -0.2613228, -0.2603253,  0.1458145, -0.9179756)    0    0  89.42822290  6 0.880  59.68046186
(-37.6525486, 11.2500403, 16.9318750,  0.3099205,  0.4055600,  0.8015831,  0.3113438)    0    0  89.26039485  9 0.080  59.25315186
(-44.0708573, 12.7407724,  8.5682863,  0.2625694, -0.1496436, -0.3468618,  0.8878913)    0    0  90.36920626  2 5.000  60.21194489
(-39.7673818, 17.1006943, 15.2759976, -0.7936098,  0.5737321, -0.0398972,  0.1985527)    0    0  51.00802336  5 0.840  33.51270148
(-37.6895749, 10.7452747, 16.8126899,  0.3099205,  0.4055600,  0.8015831,  0.3113438)    0    0  89.67956357  3 0.400  60.29142427
(-39.6353849, 16.4465432,  6.1333768,  0.3116058, -0.0068318,  0.7081232,  0.6335746)    0    0  70.26108380  0 0.560  46.81826077
(-39.8065589, 17.1023893, 15.2843701, -0.7936098,  0.5737321, -0.0398972,  0.1985527)    0    0  56.21617799  2 5.000  37.66861677
(-37.7732356, 10.4292355, 16.6294737,  0.3099205,  0.4055600,  0.8015831,  0.3113438)    0    0  87.03623511  2 0.640  57.66455229
(-35.7591068, 19.0836358, 10.4138407, -0.3636300,  0.1546229, -0.6214440, -0.6765148)    0    0  63.55207316  0 5.000  42.36804878
(-43.6185965, 12.6309199,  8.2534805,  0.2625694, -0.1496436, -0.3468618,  0.8878913)    0    0  88.42382537  9 0.080  59.93859057
(-35.7470210, 18.9367148, 10.3480004, -0.3636300,  0.1546229, -0.6214440, -0.6765148)    0    0  62.46596501  3 0.920  42.30611318
(-38.0345072, 10.8677341, 16.6539182,  0.3099205,  0.4055600,  0.8015831,  0.3113438)    0    0  90.26845514  1 1.680  60.33517688
(-40.0981585, 10.2234559,  8.3957067, -0.2613228, -0.2603253,  0.1458145, -0.9179756)    0    0  87.90183782 10 0.400  58.23144656
(-38.1771495, 10.9496794, 16.6775460,  0.3099205,  0.4055600,  0.8015831,  0.3113438)    0    0  88.08542471  0 0.480  58.09275558
(-37.7290623, 10.4983855, 16.7653699,  0.3099205,  0.4055600,  0.8015831,  0.3113438)    0    0  88.31179558  0 0.400  58.92473556
(-39.8839916,  7.2046509,  4.0212146, -0.5825475, -0.6405654, -0.4328388,  0.2509280)    0    0  94.36573272  6 0.480  62.72587000
(-39.7564075, 17.0946267, 15.2092343, -0.7936098,  0.5737321, -0.0398972,  0.1985527)    0    0  53.27487086  4 0.680  33.25736643
(-35.7525303, 19.0048224, 10.3781967, -0.3636300,  0.1546229, -0.6214440, -0.6765148)    0    0  59.47985856  8 3.720  36.45389332
(-35.7686974, 19.1765756, 10.4622116, -0.3636300,  0.1546229, -0.6214440, -0.6765148)    0    0  60.06533310  6 2.120  39.18765905
(-39.5911070, 16.1334543,  6.2819108,  0.3116058, -0.0068318,  0.7081232,  0.6335746)    0    0  69.97966332 11 2.040  45.91670531
(-37.8084346, 11.0938985, 16.8026003,  0.3099205,  0.4055600,  0.8015831,  0.3113438)    0    0  88.75497269 20 3.560  57.98759574
(-37.1530456,  2.8276011,  6.6801840, -0.2770619,  0.3287665, -0.8394899, -0.3322741)    0    0  61.24949160  8 0.200  41.93830493
(-43.5338128, 11.6580116, 13.3452125,  0.0110958, -0.6787438, -0.3229078,  0.6594803)    0    0 -35.33389256  8 2.200 -20.15913157
(-40.0530968, 10.0720370,  8.0300149, -0.2613228, -0.2603253,  0.1458145, -0.9179756)    0    0  89.16872142  7 0.880  58.90588691
(-37.6929856, 11.1247503, 16.8945150,  0.3099205,  0.4055600,  0.8015831,  0.3113438)    0    0  90.09399925  4 2.160  59.85653835
(-37.8083226, 10.6151436, 16.7801602,  0.3099205,  0.4055600,  0.8015831,  0.3113438)    0    0  88.19492615 23 0.000  58.87689872
(-44.3179859,  9.6529092,  2.6706488,  0.1106813,  0.9340610, -0.2005698, -0.2739552)    0    0  49.63218335  0 5.000  33.08812223
(-39.4319601, 15.8575205,  6.6097883,  0.3116058, -0.0068318,  0.7081232,  0.6335746)    0    0  70.86066227  8 0.360  48.14509836
(-40.5903884,  3.1248677, 13.8088709,  0.6493901,  0.0331516, -0.2507190,  0.7171703)    0    0  57.81426178  2 0.680  39.08398523
(-39.3832786, 16.8834470, 15.1060629, -0.7936098,  0.5737321, -0.0398972,  0.1985527)    0    0  56.02489257  4 5.000  37.16895359
(-43.5477989, 11.6023494, 13.2457812, -0.0224132, -0.7287213, -0.3103067,  0.6100591)    0    0  37.32956390  4 2.600  24.41502440
(-39.8094644, 17.1038278, 15.2855865, -0.7936098,  0.5737321, -0.0398972,  0.1985527)    0    0  56.22931859  1 5.000  37.66753774
(-39.4099987, 16.8540173, 15.1036941, -0.7936098,  0.5737321, -0.0398972,  0.1985527)    0    0  56.00535728  6 0.520  37.20540528
(-39.3986090, 15.7015011,  6.5685752,  0.3116058, -0.0068318,  0.7081232,  0.6335746)    0    0  71.85481722  4 5.000  47.55730741
(-38.1267065, 10.9599381, 16.5443213,  0.3099205,  0.4055600,  0.8015831,  0.3113438)    0    0  89.43667419  4 0.480  59.87349824
(-38.7651603,  4.1716336, 18.6428575,  0.2981721, -0.0318839,  0.6515826,  0.6967905)    0    0  71.10932807  5 2.680  47.46272037
(-40.0655459,  7.0078866,  4.3304690, -0.5825475, -0.6405654, -0.4328388,  0.2509280)    0    0  94.57138587  6 0.480  63.41879323
(-39.4950203, 16.1582009,  6.2169787,  0.3116058, -0.0068318,  0.7081232,  0.6335746)    0    0  72.74543566  0 4.840  48.53411891
(-40.1399617, 10.3942385,  8.5503228, -0.2613228, -0.2603253,  0.1458145, -0.9179756)    0    0  88.66988676  0 0.560  59.35604545
(-40.3548120,  7.0896156,  4.0488326, -0.5825475, -0.6405654, -0.4328388,  0.2509280)    0    0  92.68454100  0 0.400  62.48989804
(-40.4397471, 10.4404169,  8.6134108, -0.2613228, -0.2603253,  0.1458145, -0.9179756)    0    0  88.36139326  6 0.320  59.26500367
(-37.6525903, 11.2132917, 16.9119321,  0.3099205,  0.4055600,  0.8015831,  0.3113438)    0    0  90.26269891  2 1.600  60.22878480
(-40.0669815, 10.3207682,  8.4063345, -0.2613228, -0.2603253,  0.1458145, -0.9179756)    0    0  89.96077086  2 1.040  60.20114519
(-39.3679337, 16.8756534, 15.0996600, -0.7936098,  0.5737321, -0.0398972,  0.1985527)    0    0  56.08201663  3 2.680  37.21390841
(-40.6565804,  3.0837365, 13.9394990,  0.6494174,  0.0331813, -0.2511911,  0.7169791)    0    0  60.83428051  3 0.760  40.45303614
(-37.2166154,  2.8267859,  7.3120313, -0.2770673,  0.3287589, -0.8394924, -0.3322706)    0    0  64.54815908  6 0.840  42.13898916
(-39.8058432,  7.3265137,  3.7817497, -0.5825475, -0.6405654, -0.4328388,  0.2509280)    0    0  93.61912653  0 0.400  63.09618705
(-43.3242282, 11.8017468, 13.1989676, -0.0224550, -0.7287809, -0.3102897,  0.6099950)    0    0  37.59514848  3 1.800  26.32633955
(-39.8326036,  7.3333649,  3.4756417, -0.5825475, -0.6405654, -0.4328388,  0.2509280)    0    0  92.68043548 12 0.000  62.89346119
(-39.4145744, 16.0973576,  6.5580764,  0.3116058, -0.0068318,  0.7081232,  0.6335746)    0    0  69.61184457 13 1.480  45.24724108
(-39.6945239,  7.5069274,  3.6628235, -0.5825475, -0.6405654, -0.4328388,  0.2509280)    0    0  94.43791617  0 0.400  63.28820298
(-39.4134295, 16.1533335,  6.7457921,  0.3116058, -0.0068318,  0.7081232,  0.6335746)    0    0  71.12352113  6 0.960  47.84698634
(-39.7643030, 16.9448321, 15.1750544, -0.7936098,  0.5737321, -0.0398972,  0.1985527)    0    0  55.07253340  5 0.400  36.85161192
(-39.4027344, 16.8935092, 15.1142585, -0.7936098,  0.5737321, -0.0398972,  0.1985527)    0    0  56.02287121  5 1.800  37.18955818
(-37.5400001, 11.2687163, 17.0687825,  0.3099205,  0.4055600,  0.8015831,  0.3113438)    0    0  88.71971045 21 0.000  59.15048973
(-44.2269160, 12.6299019,  8.7721208,  0.2625694, -0.1496436, -0.3468618,  0.8878913)    0    0  88.54791790 10 0.000  59.71736567
(-38.0500077, 10.9633688, 16.8413602,  0.3099205,  0.4055600,  0.8015831,  0.3113438)    0    0  88.91830200  6 0.320  59.58538800
(-40.0163993,  6.8420874,  3.7304663, -0.5825475, -0.6405654, -0.4328388,  0.2509280)    0    0  93.36153386  0 0.400  62.58434910
(-39.5048754, 16.1592453,  6.1535624,  0.3116058, -0.0068318,  0.7081232,  0.6335746)    0    0  72.15888518  2 0.880  48.28920707
(-39.8924276,  7.1598424,  3.6593251, -0.5825475, -0.6405654, -0.4328388,  0.2509280)    0    0  94.08644284 10 0.000  62.77090499
(-37.8782233, 10.7542308, 16.7811794,  0.3099205,  0.4055600,  0.8015831,  0.3113438)    0    0  87.01892402 17 0.000  58.40415020
(-39.4864400,  7.7884697,  3.4411833, -0.5825475, -0.6405654, -0.4328388,  0.2509280)    0    0  94.62845156  1 0.720  63.35704210
(-37.6945393, 11.1234367, 16.8934556,  0.3099205,  0.4055600,  0.8015831,  0.3113438)    0    0  90.69519383  0 5.000  60.46346256
(-38.1476987, 10.8593789, 16.5507453,  0.3099205,  0.4055600,  0.8015831,  0.3113438)    0    0  89.17309987 14 0.000  59.02958748
(-37.6831511, 11.0673854, 17.0046480,  0.3099205,  0.4055600,  0.8015831,  0.3113438)    0    0  89.03876693  8 0.160  59.63073879
(-37.7097495, 10.8531902, 16.6404527,  0.3099205,  0.4055600,  0.8015831,  0.3113438)    0    0  88.60405790 17 0.000  59.01475587
(-40.1393099,  7.1096198,  4.0035514, -0.5825475, -0.6405654, -0.4328388,  0.2509280)    0    0  92.91671767  0 0.400  61.74376870
(-40.3557966,  3.1120812, 13.9174751,  0.6487618,  0.0325429, -0.2410907,  0.7209752)    0    0  41.45217661  8 0.280  41.32843047
(-41.1305905,  3.1948923, 13.6105610,  0.6489560,  0.0327178, -0.2438521,  0.7199020)    0    0  43.91213452  9 2.360  37.55949590
(-40.1297853,  9.8646954,  7.9450249, -0.2613228, -0.2603253,  0.1458145, -0.9179756)    0    0  88.01488908  2 0.520  58.68665452
(-37.7101216, 10.7551098, 16.7128956,  0.3099205,  0.4055600,  0.8015831,  0.3113438)    0    0  83.23272437 35 0.000  55.04393073
(-37.8735649, 10.5102892, 16.9211726,  0.3099205,  0.4055600,  0.8015831,  0.3113438)    0    0  89.20459125 13 0.000  59.68336565
(-37.8759507, 10.5939577, 16.7652985,  0.3099205,  0.4055600,  0.8015831,  0.3113438)    0    0  88.80799108  0 0.400  59.85872206
(-37.6681201, 11.1452651, 16.9115132,  0.3099205,  0.4055600,  0.8015831,  0.3113438)    0    0  89.68110113  6 0.720  59.87619470
(-38.7529308,  3.7362889, 18.0539806,  0.2981721, -0.0318839,  0.6515826,  0.6967905)    0    0  69.94056186  7 0.440  48.00211215
(-37.9308809, 10.5862642, 16.1470319,  0.3099205,  0.4055600,  0.8015831,  0.3113438)    0    0  87.60073691  0 0.480  57.74486834
(-39.2710463, 17.2285062, 15.1650356, -0.7936098,  0.5737321, -0.0398972,  0.1985527)    0    0  55.44769445  0 0.680  36.70000705
(-40.6518112,  3.2449052, 13.4773286,  0.6494179,  0.0331819, -0.2512004,  0.7169754)    0    0  61.62635186  1 1.720  41.69919371
(-39.9144686,  7.2141715,  4.0249226, -0.5825475, -0.6405654, -0.4328388,  0.2509280)    0    0  94.12586360  7 0.400  62.16285552
(-40.6543531,  3.1580425, 13.7264117,  0.6494181,  0.0331821, -0.2512035,  0.7169741)    0    0  61.78332829  0 4.600  41.20512259
(-38.7497402,  3.8955807, 18.3216751,  0.2981721, -0.0318839,  0.6515826,  0.6967905)    0    0  72.33536409  3 3.000  48.22547719
(-40.0751235, 10.2548172,  8.3702159, -0.2613228, -0.2603253,  0.1458145, -0.9179756)    0    0  90.45688771  0 5.000  60.30459183
(-38.7132265,  3.7557942, 18.5119857,  0.2981721, -0.0318839,  0.6515826,  0.6967905)    0    0  70.91563219  4 0.680  47.66620028
(-40.0171954, 10.3489632,  8.3004744, -0.2613228, -0.2603253,  0.1458145, -0.9179756)    0    0  86.69156264  2 0.720  57.00815686
(-37.6599375, 10.5984377, 16.9028836,  0.3099205,  0.4055600,  0.8015831,  0.3113438)    0    0  88.15767299 10 0.000  58.55218231
(-40.0719010, 10.3259376,  8.4789689, -0.2613228, -0.2603253,  0.1458145, -0.9179756)    0    0  89.86067140  3 0.960  60.14269274
(-39.7870719, 10.2552158,  7.9796926, -0.2613228, -0.2603253,  0.1458145, -0.9179756)    0    0  88.09251324  3 0.480  58.76841509
(-37.7725466, 10.5353359, 16.6907120,  0.3099205,  0.4055600,  0.8015831,  0.3113438)    0    0  88.63758979 25 0.000  58.97765699
(-37.6641503, 10.6351195, 16.9468131,  0.3099205,  0.4055600,  0.8015831,  0.3113438)    0    0  88.21878211  0 0.400  59.31200035
(-40.1684113, 10.2123315,  8.4674464, -0.2613228, -0.2603253,  0.1458145, -0.9179756)    0    0  89.45633625  4 2.160  59.76538029
(-43.5117232, 11.6124346, 13.1269171, -0.0077068, -0.7073207, -0.3160816,  0.6322424)    0    0  -1.51375596  7 2.200  21.46153004
(-43.5161195, 11.2528876, 12.8850575, -0.0224432, -0.7287641, -0.3102945,  0.6100131)    0    0  38.73909107  1 3.080  26.85274951
(-35.7842766, 19.1131415, 10.5217354, -0.3636300,  0.1546229, -0.6214440, -0.6765148)    0    0  59.81318826  7 3.320  36.90915959
(-39.5686473, 16.3318308,  6.2678241,  0.3116058, -0.0068318,  0.7081232,  0.6335746)    0    0  68.20574993  8 0.200  44.77134821
(-37.4083217, 11.4514877, 17.0325621,  0.3099205,  0.4055600,  0.8015831,  0.3113438)    0    0  87.45819383  0 0.400  57.16284606
(-40.0346155, 10.2352639,  8.2514125, -0.2613228, -0.2603253,  0.1458145, -0.9179756)    0    0  87.64394709  9 0.280  58.22648989
(-39.8080778,  7.2160313,  3.7012510, -0.5825475, -0.6405654, -0.4328388,  0.2509280)    0    0  92.85055574  1 0.640  62.21204291
(-37.5595976, 10.7291753, 17.0784819,  0.3099205,  0.4055600,  0.8015831,  0.3113438)    0    0  89.89693257  5 5.000  59.76133887
(-43.6686951, 13.0638978,  8.2332617,  0.2625694, -0.1496436, -0.3468618,  0.8878913)    0    0  88.67050522  0 0.400  59.87161528
(-37.3227905, 11.1774231, 17.2083278,  0.3099205,  0.4055600,  0.8015831,  0.3113438)    0    0  88.22269954  0 0.560  57.56170937
(-43.9432674, 12.8014846,  7.9743942,  0.2625694, -0.1496436, -0.3468618,  0.8878913)    0    0  88.84782525  7 0.560  59.28045046
(-43.9343708, 12.6800620,  8.2132938,  0.2625694, -0.1496436, -0.3468618,  0.8878913)    0    0  88.27242411  4 0.240  58.54159518
(-37.6298781, 11.2534818, 16.9644761,  0.3099205,  0.4055600,  0.8015831,  0.3113438)    0    0  89.57794272  0 0.400  60.46309997
(-44.0742434, 12.7503526,  8.5852952,  0.2625694, -0.1496436, -0.3468618,  0.8878913)    0    0  87.68836742 14 0.000  58.16381638
(-39.6903558,  7.3846629,  4.1582290, -0.5825475, -0.6405654, -0.4328388,  0.2509280)    0    0  93.54225740  0 0.400  62.24506900
(-43.6103798, 12.7173385,  8.2973198,  0.2625694, -0.1496436, -0.3468618,  0.8878913)    0    0  87.56486610  0 0.600  58.59819524
(-44.3370250, 12.5992458,  8.8254734,  0.2625694, -0.1496436, -0.3468618,  0.8878913)    0    0  89.72765453  4 0.640  60.18649204
(-43.7798846, 13.0096485,  8.2436238,  0.2625694, -0.1496436, -0.3468618,  0.8878913)    0    0  89.85887178  3 0.800  60.47588355
(-44.5004930,  9.8828620,  2.4617652,  0.1106813,  0.9340610, -0.2005698, -0.2739552)    0    0  49.06853534  1 5.000  32.31977471
(-38.1998902, 11.0009106, 16.5935141,  0.3099205,  0.4055600,  0.8015831,  0.3113438)    0    0  88.05522036  0 0.400  57.95844642
(-38.7674789,  4.1986661, 18.7042640,  0.2981721, -0.0318839,  0.6515826,  0.6967905)    0    0  72.40028371  1 5.000  48.24058180
(-35.7863026, 19.4140807, 10.5619746, -0.3636300,  0.1546229, -0.6214440, -0.6765148)    0    0  63.43756929  1 5.000  42.29002310
(-40.9363310,  3.1976591, 13.6793895,  0.6494180,  0.0331820, -0.2512021,  0.7169747)    0    0  60.42507797  5 3.560  39.45550585
(-43.9838783, 12.7610013,  8.2243448,  0.2625694, -0.1496436, -0.3468618,  0.8878913)    0    0  88.30100132  8 0.240  57.70390391
(-37.0550505,  2.8762426,  6.8898671, -0.2770619,  0.3287665, -0.8394899, -0.3322741)    0    0  68.92717018  0 5.000  45.95144679
(-37.3059637,  2.7347630,  6.5487931, -0.2770619,  0.3287665, -0.8394899, -0.3322741)    0    0  66.87962035  3 3.480  44.60202479
(-37.3272258,  2.7227642,  6.5199045, -0.2770619,  0.3287665, -0.8394899, -0.3322741)    0    0  67.75672001  1 5.000  45.59784319
(-39.6060995,  7.3985516,  3.8766746, -0.5825475, -0.6405654, -0.4328388,  0.2509280)    0    0  94.78196510  2 0.800  63.47252212
(-39.4537059, 15.8884246,  6.4041150,  0.3116058, -0.0068318,  0.7081232,  0.6335746)    0    0  72.17489952  1 1.600  48.42400631
(-39.2403512, 17.2208078, 15.1321531, -0.7936098,  0.5737321, -0.0398972,  0.1985527)    0    0  52.98906112  2 0.840  34.31534788
(-39.4951940, 16.1590291,  6.2158966,  0.3116058, -0.0068318,  0.7081232,  0.6335746)    0    0  72.14756051  3 1.000  48.19299308
(-37.8447497, 11.1599758, 16.6302795,  0.3099205,  0.4055600,  0.8015831,  0.3113438)    0    0  88.28356478  0 0.400  58.93962997
(-37.1912105,  2.6982420,  6.9871256, -0.2770783,  0.3287438, -0.8394975, -0.3322637)    0    0  59.03720986  1 0.480  40.75908368
(-39.9042661,  7.3703470,  3.8177863, -0.5825475, -0.6405654, -0.4328388,  0.2509280)    0    0  93.85417720  0 0.400  62.50578787
(-39.4361384, 16.1413962,  6.5091009,  0.3116058, -0.0068318,  0.7081232,  0.6335746)    0    0  71.17608376  4 0.760  46.71678218
(-39.8787816,  7.3260869,  4.1190913, -0.5825475, -0.6405654, -0.4328388,  0.2509280)    0    0  94.27742641  6 0.320  63.09517448
(-38.1152108, 10.9100128, 16.5341756,  0.3099205,  0.4055600,  0.8015831,  0.3113438)    0    0  88.43204245 13 0.000  59.48417824
(-40.0328605, 10.0206061,  8.1175126, -0.2613228, -0.2603253,  0.1458145, -0.9179756)    0    0  85.23808193 15 0.160  59.31155219
(-43.7857248, 13.0041108,  8.2504455,  0.2625694, -0.1496436, -0.3468618,  0.8878913)    0    0  90.42620284  1 5.000  60.30930733
(-39.4680701, 16.3447657,  6.8334664,  0.3116058, -0.0068318,  0.7081232,  0.6335746)    0    0  70.47490440  3 0.440  47.35674237
(-39.8680685,  7.2862263,  3.7965561, -0.5825475, -0.6405654, -0.4328388,  0.2509280)    0    0  94.23834697  7 0.240  63.06625501
(-40.6566550,  3.0717854, 13.9737089,  0.6494180,  0.0331820, -0.2512020,  0.7169748)    0    0  61.09768569  2 3.320  40.36672841
(-35.7575377, 18.9972831, 10.4044616, -0.3636300,  0.1546229, -0.6214440, -0.6765148)    0    0  56.06919863  2 0.680  31.96608313
(-39.6389687, 16.3998583,  5.9419009,  0.3116058, -0.0068318,  0.7081232,  0.6335746)    0    0  69.87938517  0 0.400  46.25974424
(-39.6609079,  7.5620388,  3.6423211, -0.5825475, -0.6405654, -0.4328388,  0.2509280)    0    0  94.55888528  7 1.280  63.22384074
(-38.7466044,  3.8393550, 18.2487924,  0.2981721, -0.0318839,  0.6515826,  0.6967905)    0    0  71.35874023  4 0.680  47.75623718
(-38.7496358,  3.8936988, 18.3192282,  0.2981721, -0.0318839,  0.6515826,  0.6967905)    0    0  72.33870376  2 5.000  48.23731125
(-37.6490845, 10.5902851, 16.7531521,  0.3099205,  0.4055600,  0.8015831,  0.3113438)    0    0  87.88196574 25 0.000  58.34673650
(-44.0111669, 12.7890432,  8.5166132,  0.2625694, -0.1496436, -0.3468618,  0.8878913)    0    0  87.76398532  6 0.400  56.92511044
(-43.1200704, 11.5943202, 12.9873912, -0.0225989, -0.7289863, -0.3102314,  0.6097742)    0    0  37.74142635  2 1.480  26.61351855
(-39.7442998,  7.1648328,  3.6207665, -0.5825475, -0.6405654, -0.4328388,  0.2509280)    0    0  94.21249087  1 0.720  62.28774381
(-37.1515165,  2.6092626,  6.8396755, -0.2770619,  0.3287665, -0.8394899, -0.3322741)    0    0  62.89797463  6 0.280  41.04560493
(-37.1180195,  2.8010738,  6.6336024, -0.2770673,  0.3287589, -0.8394924, -0.3322706)    0    0  63.13322879  5 0.440  43.37546970
(-43.4046564, 11.4383716, 13.0354021,  0.0679682, -0.5839549, -0.3397263,  0.7341410)    0    0 -39.33117228  9 3.000 -46.02823870
(-39.7369725,  7.3763118,  3.9782547, -0.5825475, -0.6405654, -0.4328388,  0.2509280)    0    0  94.14206327  1 0.480  62.64129413
(-44.2097238, 12.5952672,  8.4418720,  0.2625694, -0.1496436, -0.3468618,  0.8878913)    0    0  88.80664811  6 0.240  59.55493092
(-37.0399942,  2.8847323,  6.9103337, -0.2770619,  0.3287665, -0.8394899, -0.3322741)    0    0  67.36238090  2 5.000  44.42970070
(-44.0495259, 12.7604745,  8.5445010,  0.2625694, -0.1496436, -0.3468618,  0.8878913)    0    0  90.83429900  0 5.000  60.55619933
(-44.1816241,  9.4810978,  2.8267181,  0.1106813,  0.9340610, -0.2005698, -0.2739552)    0    0  48.73654542  2 5.000  32.83993801
