#Coordinates  RecID  LigID  Luciferin  Neighbor's number  Vision Range  Scoring
(-9.1664525, 32.1486844, -8.1351219,  0.5064297, -0.2047897,  0.5619813,  0.6210301)    0    0  67.41915588  9 0.680  54.47000035
(-4.8453802, 29.2036142, -6.0389761, -0.0143228,  0.1119862,  0.7594283, -0.6407204)    0    0 -48.63534389  2 5.000  35.91979196
(-5.1817425, 31.8739758, -10.3278792, -0.0335782,  0.2537568,  0.9582419,  0.1274849)    0    0  40.80161859  6 1.560  29.81854377
( 0.5020132, 35.0333995, -14.4236635, -0.2134830,  0.7058730,  0.2450782,  0.6293673)    0    0  33.25226761  3 5.000  21.80939994
( 4.2553801, 41.6309071, -6.4102745,  0.4548733, -0.4113455,  0.5709054, -0.5456605)    0    0  27.62284423  8 2.040  19.54823469
(-4.8153388, 40.3818377, -13.8361655,  0.1475739, -0.0745081,  0.9263331, -0.3384928)    0    0  20.12776931  7 4.520  16.71702067
(-4.6048096, 34.3571280, -6.3530409,  0.1733675,  0.1299104,  0.8467946,  0.4857751)    0    0  58.11014469  1 2.280  39.83616748
(-9.2400842, 31.6913799, -8.2830496,  0.4952723, -0.1966535,  0.5783204,  0.6176404)    0    0  85.47286014  4 2.920  64.87909550
( 1.0589632, 32.4497082, -4.0620545,  0.6279441,  0.5613109,  0.1271958,  0.5238674)    0    0  58.44288526  6 1.880  45.55011543
( 0.5209316, 35.1294487, -14.5006993, -0.2125119,  0.7071291,  0.2442826,  0.6285962)    0    0  35.49011891  0 5.000  24.18790676
( 5.1477477, 34.9011740, -10.3115008, -0.6903516, -0.6898833, -0.0945544,  0.1963002)    0    0  26.40357659 10 2.440  17.80203371
( 4.1194444, 41.5338122, -5.8724904,  0.4671236, -0.4094725,  0.5717514, -0.5359255)    0    0  29.30826396  4 2.040  19.94241258
(-4.0689133, 32.6482999, -1.9631905,  0.0525175,  0.0974039,  0.8096262, -0.5764188)    0    0  83.17662002  7 3.640  56.27833802
(-5.3876224, 35.1631405, -7.0619925,  0.2716402,  0.0329135,  0.7965337,  0.5391312)    0    0  40.45165680 10 1.400  31.49336389
(-3.9220312, 32.6897184, -1.9956408,  0.0518711,  0.0979286,  0.8104223, -0.5752692)    0    0  85.27853781  0 5.000  57.22536093
(-1.0310707, 33.7600549,  0.5125354, -0.3331226, -0.6965759,  0.3023927, -0.5589007)    0    0   5.54275703  7 3.800  -4.09742084
(-0.5790750, 36.7869072, -3.8147216,  0.2503431, -0.4384195,  0.3875925, -0.7712904)    0    0  37.06507501 16 1.320  35.29164488
(-3.9759741, 32.6261913, -2.1238374,  0.0576224,  0.1019871,  0.8069318, -0.5788478)    0    0  75.86787359  9 0.200  55.47984888
(-7.8846885, 39.2853971, -2.8984146, -0.0752264,  0.7615509,  0.3433887, -0.5444829)    0    0  55.25170395  2 2.360  37.79180788
(-3.9463540, 32.9240135, -2.1273003,  0.0521942,  0.0981126,  0.8102299, -0.5754798)    0    0  84.75831183  2 2.280  57.21100192
(-3.8319934, 32.7053789, -1.9956442,  0.0522429,  0.0972566,  0.8098173, -0.5761998)    0    0  83.70747366  5 0.760  57.52315200
(-0.7123060, 33.5002683,  0.9562323, -0.3785964, -0.7865318,  0.1323978, -0.4695729)    0    0  59.58283077  1 3.640  45.48524777
(-3.7582508, 32.1750212, -1.8891850,  0.0522246,  0.0981074,  0.8101872, -0.5755381)    0    0  84.40233809  3 5.000  57.27216705
( 4.8154083, 35.1395853, -10.1327843, -0.6893270, -0.6904605, -0.0941825,  0.1980461)    0    0  27.53538976  5 5.000  18.28555621
(-7.8043436, 39.1466837, -3.0602123, -0.0744036,  0.7616881,  0.3446043, -0.5436386)    0    0  53.15860149  9 1.240  36.59246365
( 0.5470648, 32.2198804, -3.5082031,  0.6002269,  0.5963103,  0.0886720,  0.5256224)    0    0  34.46582558 12 0.760  39.83495613
( 0.5749335, 34.8710994, -14.2951854, -0.2125630,  0.7068169,  0.2445928,  0.6288092)    0    0  32.54725798  5 3.320  23.39214708
( 5.0709778, 34.6718562, -10.3894764, -0.6905671, -0.6894095, -0.0948621,  0.1970427)    0    0  27.29931953  7 3.080  17.99122959
(-5.4854104, 34.6586035, -7.0510649,  0.2008857,  0.1066660,  0.8339661,  0.5027602)    0    0  52.08370048  4 2.280  36.85173932
( 2.5731122, 37.5764894, -4.7421375,  0.2821764, -0.3907206,  0.3866126, -0.7862853)    0    0  35.75422629  8 2.760  27.92445993
(-5.3808567, 31.8244241, -10.1079356,  0.0169761,  0.2240803,  0.9566705,  0.1851515)    0    0  46.78622005  1 3.080  36.43646275
(-3.1362251, 31.5433158, -3.0878299,  0.0553394,  0.1046230,  0.8108165, -0.5731550)    0    0  16.71706359 15 2.040  23.99598138
(-0.3657985, 36.9516443, -3.3487528,  0.2703512, -0.4144092,  0.4004017, -0.7712662)    0    0  48.32579906  1 3.320  33.03813945
( 0.3375122, 35.4535967, -14.1543247, -0.2150256,  0.7032988,  0.2463218,  0.6312326)    0    0  29.89449817  7 1.800  22.57035843
( 3.9585766, 41.4633792, -5.3538764,  0.4673036, -0.4064139,  0.5689588, -0.5410554)    0    0  31.28115105  0 3.080  21.23015295
( 1.3676661, 37.4375997, -4.4448576,  0.2747557, -0.4079430,  0.4008731, -0.7728551)    0    0  42.79950329 11 2.200  30.19716394
( 0.7026076, 32.1672272, -14.5020870, -0.1389131,  0.6973811,  0.3884285,  0.5860768)    0    0 -36.45532300 12 4.440 -30.90821659
(-8.7853620, 33.5181824, -6.0128346,  0.4771693, -0.1819944,  0.5938111,  0.6216972)    0    0  59.98866541  8 2.040  43.29094120
(-9.1543677, 31.5268858, -8.0002892,  0.4942064, -0.1902541,  0.5771344,  0.6216021)    0    0  85.28183770  5 3.480  64.95165132
( 0.7291704, 32.3524151, -3.8525834,  0.6253783,  0.5619866,  0.1248954,  0.5267369)    0    0  33.01237514  6 0.360  35.65991718
( 6.3591253, 36.5028197, -7.2278020,  0.6915967, -0.4178469,  0.5706978, -0.1462940)    0    0   5.11837139  4 3.800  20.64561825
( 0.3206624, 37.2422383, -3.4748664,  0.2762909, -0.4069624,  0.4026570, -0.7719530)    0    0  42.22265843 11 0.760  30.55522962
(-5.1914247, 40.2643097, -13.6458322,  0.1585169, -0.1034557,  0.9193445, -0.3449275)    0    0  23.12625948  6 4.440  18.85049551
(-4.9322989, 32.1469234, -10.4297403,  0.1693457,  0.1126736,  0.8924835,  0.4026163)    0    0  43.23601243  4 5.000  30.43740196
(-9.1038906, 31.8682096, -7.9262912,  0.4970361, -0.1978632,  0.5758648,  0.6180811)    0    0  81.30801191  7 4.680  60.07371168
(-1.5247748, 33.7389646,  0.0719378, -0.1819311, -0.3981056,  0.6073552, -0.6629726)    0    0  42.07953630 12 3.400  37.49293053
( 1.0963610, 37.5912110, -2.9856347,  0.2798064, -0.4016506,  0.4037516, -0.7728970)    0    0  40.07067093  6 0.760  29.48089340
(-0.1105126, 37.1384266, -3.4451491,  0.2767898, -0.4068399,  0.4025212, -0.7718604)    0    0  45.12643329  9 3.160  31.25881375
(-9.1175455, 32.0304997, -7.9763250,  0.4949448, -0.1929844,  0.5764544,  0.6208639)    0    0  79.34318008  8 4.440  58.31895521
( 3.9016020, 40.5991831, -5.7995444,  0.3477689, -0.3812617,  0.4268442, -0.7426306)    0    0  27.61097664 13 3.640  15.81421206
(-3.8839049, 32.5490185, -1.8759291,  0.0523467,  0.0982995,  0.8096681, -0.5762232)    0    0  79.65311286 11 0.360  55.87522285
( 4.8541436, 34.7668904, -10.2926266, -0.6889299, -0.6907781, -0.0940109,  0.1983374)    0    0  28.68783960  0 5.000  19.30942254
( 5.1027464, 34.8384872, -10.3293159, -0.6895140, -0.6903038, -0.0942682,  0.1979003)    0    0  27.80313751  3 3.960  18.61432484
(-4.7661649, 32.6230540, -11.9761038, -0.1347292,  0.3075675,  0.9418731,  0.0111942)    0    0  34.19975101 10 2.040  25.42924602
( 3.6256730, 41.1188347, -5.0550502,  0.3863267, -0.4026011,  0.4962353, -0.6651425)    0    0  31.08705554  4 4.440  21.32980633
(-3.5474734, 35.9006736,  0.9883533, -0.2434745,  0.9623003,  0.0477755, -0.1114261)    0    0  99.62532385  3 5.000  66.17963474
(-1.3758077, 33.5576297,  0.4716495, -0.1927475, -0.4165094,  0.5942527, -0.6604787)    0    0  56.27184385  4 3.960  44.26817550
( 4.7762451, 34.6803542, -10.3092793, -0.6899140, -0.6900208, -0.0944716,  0.1973892)    0    0  27.31774255  6 1.880  18.28521409
(-1.0706467, 33.4817554,  0.9385662, -0.3642515, -0.7602515,  0.1904541, -0.5030563)    0    0  32.16986096  5 3.320  37.51543100
(-4.5542792, 32.6912005, -12.4603671, -0.1864601,  0.3276794,  0.9251707, -0.0437944)    0    0  30.56191818 11 2.200  25.72434229
(-1.6851816, 42.6813698, -4.5295179, -0.0026787,  0.8735961,  0.4760587,  0.1009493)    0    0  11.18514592  5 3.880  15.88650731
(-4.2273175, 40.8381250, -13.7594255,  0.1002838,  0.0333529,  0.9410011, -0.3214773)    0    0  12.39582633  5 4.280   7.89495592
( 1.0052781, 38.3607931, -3.2880886,  0.2875275, -0.3936403,  0.4078533, -0.7719855)    0    0  34.21141257 11 1.240  25.03205826
( 4.1284441, 41.6234514, -5.8990517,  0.4540854, -0.4057153,  0.5603753, -0.5614099)    0    0  25.37666911 10 0.760  18.15348518
(-3.5798317, 36.0613418,  0.5147849, -0.2433828,  0.9623415,  0.0477239, -0.1112924)    0    0  99.84949079  1 3.480  67.98383520
(-1.5176548, 33.4189600,  0.2297219, -0.2275694, -0.4796629,  0.5485384, -0.6459422)    0    0  32.97518579  4 2.680  50.43977602
(-8.0630920, 38.5439734, -13.3094015,  0.1737796, -0.1333118,  0.9132869, -0.3433858)    0    0  43.05394135  3 5.000  31.61330849
(-4.9041129, 34.3962397, -6.6571047,  0.2613835,  0.0439249,  0.8032071,  0.5334863)    0    0  50.16869691 17 3.320  25.55799621
(-8.6766264, 33.9396726, -5.6930325,  0.4586868, -0.1695055,  0.6155160,  0.6180731)    0    0  53.34145522  6 2.680  41.82634045
( 0.1258624, 37.3982601, -3.1312899,  0.2760004, -0.4077968,  0.4020953, -0.7718299)    0    0  39.89912411 10 0.680  29.35019254
( 3.8686192, 41.4964986, -5.8477190,  0.4695405, -0.4074627,  0.5641401, -0.5432914)    0    0  28.37140202  8 2.280  20.21249655
( 0.1365394, 32.2853507, -3.5801324,  0.6279416,  0.5609615,  0.1273980,  0.5241957)    0    0  59.77960287  4 3.560  45.41970672
( 0.4364111, 35.5062939, -14.4974154, -0.2129782,  0.7028153,  0.2475076,  0.6319538)    0    0  28.60591201  9 1.240  23.24409707
(-3.9170118, 32.4208924, -1.7781197,  0.0522084,  0.0981356,  0.8102342, -0.5754686)    0    0  84.23139459  4 2.920  56.04669753
(-9.0632969, 33.0487786, -8.0864650,  0.4994738, -0.2053637,  0.5700216,  0.6191381)    0    0  64.58475401  4 1.160  45.60852022
( 4.6226285, 34.7034654, -10.2569115, -0.6900250, -0.6899385, -0.0942472,  0.1973956)    0    0  26.42347222  9 1.160  18.61685527
(-0.2376276, 32.3726163, -3.5075198, -0.3862258, -0.3106052,  0.4579424, -0.7379992)    0    0  62.68805838  4 5.000  47.18869603
( 5.1505897, 36.8741341, -6.5533216,  0.3922136, -0.3952283,  0.4355416, -0.7072953)    0    0  -0.67685225  7 3.560  17.60250358
( 4.5569144, 34.9211740, -10.1506764, -0.6896855, -0.6901552, -0.0943690,  0.1977695)    0    0  28.32111216  1 4.440  19.05452389
(-4.6608466, 34.4043219, -6.4651451,  0.1699209,  0.1327148,  0.8484652,  0.4833391)    0    0  59.38614619  0 3.800  41.88299705
( 1.3245212, 37.5084327, -2.8960873,  0.2767020, -0.4067670,  0.3986980, -0.7738563)    0    0  41.58042992  7 1.640  29.90073449
(-8.1501192, 39.3810391, -2.6844422, -0.0742840,  0.7616910,  0.3449646, -0.5434226)    0    0  55.35954746  1 5.000  36.95194440
( 1.2564454, 37.5092031, -2.8672430,  0.2754128, -0.4084314,  0.3997070, -0.7730128)    0    0  42.30808379 10 2.040  30.16908344
( 0.5288685, 35.4593613, -14.6261472, -0.2127466,  0.7069685,  0.2444342,  0.6286384)    0    0  34.25701107  1 5.000  24.45155293
(-7.8530158, 39.0791278, -3.0916792, -0.0761851,  0.7612371,  0.3415838, -0.5458984)    0    0  53.95377453  5 2.520  37.05612153
(-3.9283846, 32.5922718, -1.9501912,  0.0524911,  0.0982739,  0.8100127, -0.5757306)    0    0  81.73081996  8 1.560  52.54084321
( 3.9416220, 41.4565552, -5.3008860,  0.4684602, -0.4069632,  0.5697444, -0.5388042)    0    0  30.64132056  2 3.960  21.24230117
( 0.8399956, 37.3905241, -3.0770647,  0.2669713, -0.4163248,  0.3991034, -0.7720847)    0    0  44.57268415 10 2.520  31.05431542
(-4.8436368, 31.8652555, -10.7437380, -0.0335314,  0.2542995,  0.9581697,  0.1269574)    0    0  41.95891753  5 1.480  30.84178143
( 6.7215978, 36.1910474, -7.1662331,  0.7214889, -0.4080004,  0.5510561, -0.0965742)    0    0  30.84947703  2 3.880  26.44153280
( 4.8037066, 34.7471233, -10.2881744, -0.6894995, -0.6903263, -0.0942205,  0.1978932)    0    0  27.56152005  4 5.000  18.28851085
(-0.1645058, 37.0976208, -3.4463532,  0.2738458, -0.4098421,  0.4017311, -0.7717702)    0    0  45.45414870  8 4.040  31.23541964
( 0.4509285, 29.1152066, -4.9947290,  0.6178863,  0.5663911,  0.0754662,  0.5401134)    0    0 -126.59915480  3 4.040 -32.52168727
(-0.7067834, 33.4952114,  0.9637237, -0.3791790, -0.7856897,  0.1342536, -0.4699904)    0    0  64.51305804  0 4.280  48.60259167
( 1.2573162, 32.4749109, -3.9582756,  0.6199320,  0.5624038,  0.1208544,  0.5335216)    0    0  13.47495557  9 0.760  24.87205903
(-3.2359264, 43.3710827, -3.6967503,  0.0220692,  0.8685820,  0.4818641,  0.1135127)    0    0  32.71063118  2 5.000  22.22000757
(-7.9620562, 39.2518754, -2.8872149, -0.0742196,  0.7617810,  0.3451666, -0.5431767)    0    0  55.14596080  3 4.360  36.71780259
( 0.4855215, 34.8775507, -14.5835496, -0.2109227,  0.7009549,  0.2527054,  0.6326186)    0    0  23.46357605 10 2.120  23.19385852
(-4.9734711, 32.1111671, -10.9606365, -0.0339219,  0.2529330,  0.9583235,  0.1284143)    0    0  43.32972108  2 5.000  32.15772866
( 1.9054459, 38.6528137, -3.2411707,  0.2881475, -0.3964133,  0.4017623, -0.7734349)    0    0  30.83196397  5 1.800  22.11209618
(-8.0664926, 38.4607634, -13.4204323,  0.1716149, -0.1326262,  0.9123099, -0.3473461)    0    0  46.28204212  1 5.000  31.65439544
( 4.2774663, 41.5581141, -6.5200102,  0.4640824, -0.4092207,  0.5635488, -0.5471242)    0    0  26.85183592 10 2.520  19.50622573
( 2.0348439, 30.7461310, -4.7920890,  0.6284117,  0.5618918,  0.1254893,  0.5230145)    0    0 -36.41171591  5 2.680 -12.65173842
(-4.8435884, 34.2197163, -6.9122919,  0.2052314,  0.0939814,  0.8319701,  0.5067611)    0    0  49.83246180  7 1.400  38.12786149
( 0.8326535, 35.4656236, -14.6707013, -0.2132812,  0.7058887,  0.2449052,  0.6294842)    0    0  32.65794260  4 5.000  24.10330664
(-0.6271446, 36.8619586, -3.9799513,  0.2641191, -0.4205902,  0.3978177, -0.7713795)    0    0  46.80675723  4 2.280  33.66324582
(-0.2762995, 36.8240793, -3.4007475,  0.2691536, -0.4155151,  0.3998868, -0.7713521)    0    0  47.65481383  3 3.160  32.97649649
(-9.1364401, 31.6182777, -7.9618778,  0.4935655, -0.1858949,  0.5779922,  0.6225713)    0    0  92.63922724  0 4.120  68.10110017
(-3.5780503, 36.0814462,  0.4692426, -0.2434138,  0.9623356,  0.0477932, -0.1112457)    0    0  99.29383043  5 2.760  67.63552047
( 0.7569188, 31.6749104, -14.5022848, -0.0610778,  0.6685501,  0.5186877,  0.5294084)    0    0 -31.91538560  8 4.760 -52.31352679
(-4.6841221, 34.3225885, -6.5851284,  0.1747186,  0.1286130,  0.8460694,  0.4869183)    0    0  56.98106747  2 2.440  38.68908613
(-5.9165268, 39.7619955, -13.7721509,  0.1670627, -0.1191566,  0.9170723, -0.3418627)    0    0  28.69820617  4 4.840  22.05396529
(-9.1332113, 32.3768815, -8.1053342,  0.5001398, -0.1999414,  0.5702907,  0.6201221)    0    0  71.48370308 11 1.560  52.65990298
( 4.8089214, 34.7831139, -10.2741545, -0.6891106, -0.6912755, -0.0936829,  0.1961713)    0    0  26.92464839  8 1.960  18.87784493
( 0.0931728, 37.2927871, -3.2280245,  0.2765445, -0.4072764,  0.4018678, -0.7720183)    0    0  40.45492058  8 0.920  29.76243752
( 4.7170178, 34.4270609, -10.3295786, -0.6883746, -0.6918378, -0.0946612,  0.1963011)    0    0  22.61754167 11 0.760  18.81012799
(-3.5562953, 35.9381621,  0.8761873, -0.2435104,  0.9622869,  0.0477906, -0.1114570)    0    0  99.38111605  4 5.000  65.88781242
( 0.1087446, 30.4791029, -3.5394135,  0.6005021,  0.5231681, -0.0382812,  0.6035122)    0    0 -119.66713777 14 2.200 -22.13953201
(-0.4045696, 36.9184310, -3.6603407,  0.2686404, -0.4152279,  0.3998771, -0.7716968)    0    0  46.78431221  6 2.360  32.97867325
(-0.2661930, 36.9531389, -3.3583775,  0.1095967, -0.5520731,  0.3539738, -0.7469313)    0    0  37.39015628 20 3.640  16.96004986
(-0.0077780, 32.3651805, -3.4513568, -0.3856874, -0.3094661,  0.4570626, -0.7393036)    0    0  61.25872421  4 5.000  45.30789253
( 0.3263886, 35.4748887, -14.1352916, -0.2133552,  0.7066511,  0.2448065,  0.6286395)    0    0  31.59754758  6 3.800  23.81773101
(-3.5857945, 36.0799515,  0.4542664, -0.2434977,  0.9622883,  0.0477731, -0.1114800)    0    0  99.71369801  2 5.000  67.42038628
( 0.4496237, 32.3467040, -3.7594428,  0.6280857,  0.5606961,  0.1275741,  0.5242644)    0    0  60.95329934  3 3.960  41.81113379
( 4.7462077, 34.7830821, -10.1921327, -0.6904680, -0.6896394, -0.0956836,  0.1962020)    0    0  15.80480139 11 0.680  14.47550318
(-3.5585590, 35.9556847,  0.8261912, -0.2435446,  0.9622699,  0.0477923, -0.1115217)    0    0 101.31141420  0 5.000  67.99269873
(-3.3051336, 31.6796405, -2.8122489,  0.0533566,  0.1000519,  0.8102644, -0.5749877)    0    0  28.13482048 14 1.800  32.89641671
( 0.3952693, 32.3361574, -3.7461851,  0.6032249,  0.5960448,  0.0992016,  0.5205856)    0    0  53.59447878  9 4.680  35.00481650
(-5.9079383, 39.8335585, -13.6712576,  0.1674532, -0.1163640,  0.9188936, -0.3377180)    0    0  26.26689756  5 3.720  21.32522341
(-5.0947088, 31.8684546, -10.4432145, -0.0843784,  0.2810839,  0.9534144,  0.0698070)    0    0  40.18999870  8 3.000  28.01426095
( 2.5101416, 41.2542673, -5.0752305,  0.4619917, -0.4001637,  0.5563983, -0.5628975)    0    0  28.62200236  8 2.680  19.55764145
( 2.3002218, 37.5975446, -4.6717400,  0.2856417, -0.3931369,  0.3927542, -0.7806385)    0    0  37.27190770  6 2.680  28.35471816
(-3.5663165, 36.1843310,  0.2012761, -0.2433167,  0.9623827,  0.0477593, -0.1110647)    0    0  97.32782946  6 1.880  66.51048416
( 0.4297158, 32.3432231, -3.7491545,  0.6273103,  0.5612308,  0.1268423,  0.5247962)    0    0  45.95988864 10 0.520  41.62960915
( 2.4443096, 41.2848717, -5.0024057,  0.4688539, -0.4310590,  0.5442391, -0.5460476)    0    0  23.23691526  7 2.360  17.39850620
(-9.1535494, 32.8343446, -8.2730988,  0.5043688, -0.2102682,  0.5654549,  0.6177356)    0    0  57.85488690  4 0.680  45.81310811
(-3.9676618, 32.6609663, -1.9513384,  0.0528471,  0.0984463,  0.8097225, -0.5760756)    0    0  80.26533844 10 1.640  53.99949407
(-8.2925899, 39.1700827, -2.7881734, -0.0751031,  0.7615482,  0.3435164, -0.5444224)    0    0  55.03109544  4 5.000  36.74907179
(-0.4340142, 36.9233970, -3.5156393,  0.2715462, -0.4135598,  0.4005787, -0.7712118)    0    0  48.74439146  0 4.920  33.22395352
( 0.5210528, 35.1065920, -14.4888934, -0.2126575,  0.7069323,  0.2444373,  0.6287081)    0    0  33.53817167  2 5.000  21.86819481
( 1.4585141, 37.6040180, -2.8826225,  0.2827321, -0.4002757,  0.4013916, -0.7737669)    0    0  41.70744444  6 1.960  30.02097649
(-0.1483019, 37.3626879, -2.9760282,  0.2676668, -0.4159151,  0.3991177, -0.7720557)    0    0  41.36933583 12 1.080  29.65315866
(-9.1614563, 32.9075134, -8.3039598,  0.4960184, -0.2030808,  0.5730195,  0.6199391)    0    0  63.75168284  3 0.760  45.75649523
(-8.4149841, 39.1705487, -2.7451008, -0.0772488,  0.7614005,  0.3396666, -0.5467361)    0    0  53.69617941  6 0.600  37.66660921
(-0.5441541, 36.7260204, -3.5791045,  0.2472481, -0.4373922,  0.3849123, -0.7742086)    0    0  29.68863160 17 1.240  34.89711289
(-9.2470485, 31.7981661, -7.9791027,  0.4952763, -0.1827691,  0.5770253,  0.6231570)    0    0  73.51486763  9 1.800  69.68358252
(-4.6928783, 34.4250755, -6.5204297,  0.1811230,  0.1228913,  0.8431081,  0.4911831)    0    0  50.81245202  5 1.800  37.47094174
(-1.4072144, 42.5146063, -4.3679225, -0.0321500,  0.8854598,  0.4454348,  0.1285111)    0    0  17.40112196  3 3.880  15.37518621
(-9.2154429, 32.3398631, -8.3668450,  0.4948669, -0.1914901,  0.5756278,  0.6220889)    0    0  73.07825540 10 2.360  54.37476815
(-8.0773913, 38.3141574, -13.5619378,  0.1714886, -0.1327115,  0.9123509, -0.3472681)    0    0  45.34650165  2 5.000  30.56924740
(-0.1486222, 36.8241295, -2.9702055, -0.0582100, -0.6625738,  0.2942821, -0.6862985)    0    0  46.79293393  6 4.920  32.44650458
(-3.4514298, 43.3226619, -3.8022767,  0.0218570,  0.8687734,  0.4816110,  0.1131610)    0    0  33.24704436  1 5.000  25.60686387
(-3.8878199, 33.0782903, -2.2683822,  0.0532969,  0.0988304,  0.8096039, -0.5761330)    0    0  80.12100252  5 0.360  56.80710711
( 5.4625365, 37.9476868, -6.7969407,  0.6197949, -0.4209122,  0.5735082, -0.3313238)    0    0  10.97619794  5 3.080  12.96193128
(-3.4269420, 43.3307079, -3.7879577,  0.0221296,  0.8684475,  0.4821486,  0.1133224)    0    0  37.68888956  0 5.000  25.12672317
(-9.0475332, 31.4387056, -7.6336209,  0.4967282, -0.1902089,  0.5744189,  0.6221600)    0    0  92.14784906  1 5.000  63.99166711
(-4.3619982, 40.6959412, -13.8624633,  0.1144521,  0.0020040,  0.9371439, -0.3296330)    0    0  15.07335836  5 4.360   8.81212957
(-4.9757367, 32.4326345, -9.9312933,  0.1892956,  0.1142660,  0.8607391,  0.4585179)    0    0  40.37905430 18 3.960  23.92486464
(-0.6160267, 37.1464335, -3.1214837,  0.2700814, -0.4153360,  0.3991822, -0.7714909)    0    0  47.69087877  2 3.240  33.89444625
( 4.8343309, 34.7737820, -10.2846355, -0.6893125, -0.6904783, -0.0941627,  0.1980432)    0    0  28.07730193  2 5.000  18.79615101
( 4.3539362, 41.4730001, -6.6618638,  0.4725188, -0.4077824,  0.5681077, -0.5363569)    0    0  28.79404936  6 2.680  20.02353477
(-3.9209282, 32.6329536, -2.0038739,  0.0526978,  0.0984045,  0.8099253, -0.5758129)    0    0  83.67629718  6 3.880  56.73543223
( 1.0653673, 32.4564201, -3.9880312,  0.6271965,  0.5602385,  0.1264215,  0.5260883)    0    0  37.93547782  6 0.840  34.18713767
(-3.7800173, 32.8889224, -2.3808074,  0.0519073,  0.0979162,  0.8103684, -0.5753444)    0    0  84.89237288  1 5.000  57.08001987
( 0.5244361, 39.2904108, -2.9025228,  0.2858687, -0.4047661,  0.4066951, -0.7674623)    0    0  24.06204574  6 2.200  18.09917307
( 0.4797281, 32.5001209, -3.4013914, -0.5158289, -0.6888638,  0.0031097, -0.5092912)    0    0  58.85358481  7 4.680  45.61479117
(-9.1617902, 31.8022312, -8.0798818,  0.5016150, -0.1957160,  0.5683405,  0.6221381)    0    0  81.50842396  6 4.840  60.15829096
(-7.7002343, 38.9742307, -3.2458514, -0.0866442,  0.7573725,  0.3007356, -0.5730949)    0    0  50.16632154 10 3.400  35.65417402
( 0.7030897, 32.3156537, -3.7518067,  0.6288275,  0.5592693,  0.1280131,  0.5247884)    0    0  52.13067470  7 0.520  40.78599970
(-8.8529732, 33.1344390, -6.2984496,  0.4828308, -0.1854862,  0.5901977,  0.6196704)    0    0  63.24658106 16 2.120  44.99575016
( 2.1642312, 30.2288645, -4.8669845,  0.6315993,  0.5647888,  0.1344720,  0.5136285)    0    0 -76.17609847 16 2.680 -28.47264698
(-7.8906228, 39.2484934, -2.9280637, -0.0749532,  0.7617002,  0.3435835, -0.5441889)    0    0  53.59498697  7 1.800  34.98969620
(-3.9761368, 32.5777182, -1.5138077,  0.0535549,  0.0991137,  0.8094901, -0.5762221)    0    0  80.44487791  0 0.520  58.69126436
(-8.6181507, 34.0403439, -5.5759876,  0.4096816, -0.1316567,  0.6638369,  0.6116765)    0    0  47.34728451  8 2.680  32.38825151
(-8.0750663, 38.3457099, -13.5314609,  0.1716817, -0.1325432,  0.9123010, -0.3473678)    0    0  46.90282459  0 5.000  32.22925900
(-9.1385682, 31.6219528, -7.9696111,  0.4921482, -0.1853493,  0.5797467,  0.6223536)    0    0  87.05364459  3 4.600  64.47159179
(-5.4240435, 34.6321784, -7.0355765,  0.2209473,  0.0863401,  0.8247256,  0.5133765)    0    0  47.47204510  8 1.720  35.21099503
( 0.6333684, 32.1329985, -14.5429984, -0.1392699,  0.6968464,  0.3887058,  0.5864441)    0    0 -39.23821452 13 4.280 -33.21246044
(-8.9527841, 33.2638972, -7.0808693,  0.5025365, -0.1966450,  0.5659629,  0.6232756)    0    0  63.71541220 11 1.880  46.65067457
( 4.1333624, 41.5767083, -5.9747738,  0.4624038, -0.4092916,  0.5701526, -0.5417626)    0    0  28.95875913  5 2.520  20.09496747
(-7.9465905, 38.9269949, -3.1840476, -0.0747860,  0.7614918,  0.3439486, -0.5442738)    0    0  53.58968533  8 3.880  37.20350596
(-5.0350067, 31.8648243, -10.5332009, -0.0337702,  0.2534667,  0.9582578,  0.1278914)    0    0  42.72209317  4 4.200  31.19809459
(-4.8312705, 32.3204954, -11.4692449, -0.1344790,  0.3061263,  0.9423687,  0.0119710)    0    0  37.92029264  9 3.160  26.71271487
( 1.7370396, 32.5388129, -4.0767040,  0.5996326,  0.5969455,  0.0947791,  0.5245129)    0    0  32.61824957 10 0.360  32.22712079
(-9.1878370, 31.5006438, -8.1107463,  0.4973009, -0.1952891,  0.5742540,  0.6202945)    0    0  88.00214718  2 3.080  63.90105122
( 7.0826782, 35.6519298, -7.0060385,  0.7350961, -0.4026694,  0.5379400, -0.0900643)    0    0  37.72764415  1 5.000  25.84573159
(-0.3327168, 42.0048392, -4.5392128, -0.2456752,  0.8968886,  0.1466814,  0.3372226)    0    0  11.97893226  4 4.120   8.82943641
( 1.2864742, 32.4895395, -4.1553471,  0.6276118,  0.5611537,  0.1271910,  0.5244348)    0    0  54.79084966  7 0.920  43.75086902
( 4.1743710, 41.9505515, -5.8479867,  0.4382649, -0.4107231,  0.5641547, -0.5663775)    0    0  24.61677149 13 2.200  16.84151106
(-8.7109598, 33.6322163, -5.7619371,  0.4615752, -0.1774299,  0.6132039,  0.6159934)    0    0  55.72541705 10 2.600  43.03647089
(-7.9741301, 39.2630666, -2.8717794, -0.0743964,  0.7616805,  0.3448579, -0.5434896)    0    0  55.44560960  0 5.000  37.18871447
(-1.5071079, 33.3660547,  0.1115638, -0.2315262, -0.4897824,  0.5392036, -0.6448009)    0    0  31.20590261  6 2.360  48.26018219
(-5.5872161, 31.8291229, -10.1130536,  0.2822788,  0.0209100,  0.8486465,  0.4468564)    0    0  47.99731710 11 4.520  36.64266762
( 4.0370961, 41.4809380, -5.5365517,  0.4795966, -0.4059816,  0.5629593, -0.5367818)    0    0  30.08834280  3 2.520  21.00611882
( 0.6631293, 32.5178595, -3.4841512, -0.5156559, -0.6891789,  0.0034114, -0.5090382)    0    0  63.99279981  1 5.000  44.42544923
(-4.8365644, 34.6166788, -6.7461338,  0.1892218,  0.1132531,  0.8401084,  0.4955670)    0    0  52.36640948  3 3.000  38.94853850
(-5.8865689, 34.6978438, -7.2806022,  0.2829144,  0.0263020,  0.7849320,  0.5505901)    0    0  44.04292973  9 1.960  34.32235120
(-0.3340626, 36.9879102, -3.5978463,  0.2695185, -0.4138360,  0.4007099, -0.7717050)    0    0  46.66631082  7 4.200  32.29184518
( 7.0581568, 35.9009078, -7.0979115,  0.7349538, -0.4028329,  0.5380449, -0.0898682)    0    0  38.17985039  0 5.000  25.80006758
( 0.4734749, 35.0441134, -14.3651849, -0.2138083,  0.7058712,  0.2450360,  0.6292667)    0    0  29.78038919  8 2.840  21.41797292
