#Coordinates  RecID  LigID  Luciferin  Neighbor's number  Vision Range  Scoring
(-21.7034812, 31.2259395, 5.2884122, 0.1174982, -0.2864240, -0.3516532, 0.8834565)    0    0   27.93642915  7 0.560 35.61789383
(-21.7340573, 31.4432724, 5.1752861, 0.1174982, -0.2864240, -0.3516532, 0.8834565)    0    0   27.96562244  6 0.400 35.41440095
(-23.5044834, 28.3311742, 0.8694413, -0.1079577, -0.5047068, -0.6893416, 0.5083545)    0    0   19.98993581  34 2.120 21.52377596
(-19.4895721, 27.3796701, -3.9074212, -0.2221284, -0.5087092, -0.6483508, 0.5210712)    0    0   21.32792330  1 0.640 26.66432072
(-19.3969237, 27.4578063, -3.0917457, -0.2221242, -0.5087135, -0.6483594, 0.5210581)    0    0   21.41497887  2 0.760 26.88319254
(-17.2744064, 29.5635235, 7.6034052, 0.7917531, 0.5379546, 0.2888935, -0.0165022)    0    0   18.42020282  0 0.400 20.58944720
(-21.6720844, 26.3282694, -2.0693562, -0.2319416, -0.4980483, -0.6274990, 0.5517209)    0    0   26.09695718  1 5.000 32.69809579
(-24.8721330, 30.6683223, 2.5373569, -0.8675039, -0.4533651, -0.0243178, -0.2032382)    0    0   15.75376956  7 0.240 17.05318864
(-25.1419026, 30.5118946, 2.7099311, -0.8675012, -0.4533677, -0.0243240, -0.2032434)    0    0   16.90230887  0 0.400 21.29243607
(-22.1203706, 32.8644545, 1.5519187, 0.9560948, 0.2614326, 0.0038649, 0.1323664)    0    0   13.81810197  2 1.800 17.31131536
(-21.4027290, 30.9795925, 5.2302043, 0.1174982, -0.2864240, -0.3516532, 0.8834565)    0    0   25.25980163  5 0.320 28.32218065
(-16.7636825, 29.3463928, 7.8706215, 0.7904576, 0.5405799, 0.2875519, -0.0162496)    0    0   21.84722864  2 0.720 27.66205663
(-21.5678853, 26.1392290, -2.0821414, -0.2319415, -0.4980483, -0.6274991, 0.5517209)    0    0   22.28233740  16 0.000 24.49746954
(-17.1678302, 29.3998559, 7.6118670, 0.7899702, 0.5415632, 0.2870459, -0.0161568)    0    0   21.90606412  2 1.040 27.52571307
(-12.7641296, 29.6342374, 5.5700226, 0.4114606, 0.5718277, -0.4802722, -0.5225436)    0    0   33.79241990  0 1.960 42.55929408
(-25.4311996, 30.9334535, 2.2854303, -0.8675014, -0.4533709, -0.0243270, -0.2032347)    0    0   17.11682603  16 0.000 22.58849271
(-21.7792326, 26.8500075, -1.8128041, -0.2319415, -0.4980483, -0.6274991, 0.5517209)    0    0   25.26759247  7 0.160 32.17469065
(-21.8364490, 26.4778565, -1.9624099, -0.2319416, -0.4980483, -0.6274990, 0.5517209)    0    0   26.33618307  0 5.000 32.92022884
(-17.0863663, 29.3269080, 7.7028879, 0.7905764, 0.5403402, 0.2876746, -0.0162728)    0    0   19.24965450  7 0.400 21.03235971
(-19.2514699, 27.4326275, -3.5001632, -0.2221545, -0.5086824, -0.6482976, 0.5211523)    0    0   21.50763371  0 1.200 26.93962167
(-17.2268254, 36.0171444, 0.5176469, -0.2820764, -0.1574336, -0.4250721, -0.8455538)    0    0   21.72404003  6 0.520 26.85867196
(-21.5477430, 30.8290390, 5.4452505, 0.1174982, -0.2864240, -0.3516532, 0.8834565)    0    0   28.64829940  1 4.960 36.06865499
(-21.9091210, 26.9206248, -1.7598028, -0.2319415, -0.4980483, -0.6274991, 0.5517209)    0    0   25.48608755  1 0.480 32.24960009
(-15.3683432, 34.3621816, 7.1208817, 0.8833562, 0.0244838, 0.4646509, -0.0564081)    0    0   23.91035819  3 5.000 29.90394457
(-18.9749641, 27.4720839, -4.0043481, -0.2221663, -0.5086703, -0.6482736, 0.5211891)    0    0   21.08725262  0 0.720 26.53061249
(-21.9567795, 26.2173139, -2.0773459, -0.2319412, -0.4980483, -0.6274993, 0.5517208)    0    0   24.28545287  11 0.000 31.68784775
(-21.8806108, 26.4817050, -1.5684592, -0.2319416, -0.4980483, -0.6274991, 0.5517209)    0    0   23.84396729  0 0.400 31.15106676
(-17.0567420, 29.3600842, 7.7106285, 0.7902288, 0.5410418, 0.2873144, -0.0162059)    0    0   21.42967527  2 0.800 27.11851543
(-24.0433761, 29.0439937, 1.2836617, 0.2660756, -0.4615702, -0.7838123, 0.3190533)    0    0   22.47811975  7 1.040 28.00500523
(-22.2371964, 32.5101958, 1.4544308, -0.9176162, -0.3598205, -0.0144181, -0.1682313)    0    0   13.85229864  5 3.600 17.32017988
(-16.9236128, 29.5135397, 8.1104449, 0.7908451, 0.5397971, 0.2879524, -0.0163251)    0    0   21.31953434  3 0.560 27.59779154
(-24.1827799, 29.0581799, 1.2654175, 0.2669622, -0.4613095, -0.7838466, 0.3186051)    0    0   22.62418277  2 0.840 28.52465908
(-25.5191964, 30.7189566, 1.9078036, -0.8911584, -0.3531258, 0.1233231, -0.2567690)    0    0   1.35253296  15 0.000 -0.73464098
(-15.3683063, 34.3634152, 7.1176763, 0.8833562, 0.0244838, 0.4646509, -0.0564081)    0    0   23.93114186  1 2.040 29.94431302
(-25.1025712, 30.7051201, 2.6286242, -0.8675040, -0.4533647, -0.0243171, -0.2032384)    0    0   17.91944195  6 1.360 22.37960779
(-24.8288556, 30.7029826, 2.6309263, -0.8675028, -0.4533676, -0.0243218, -0.2032367)    0    0   17.13393572  0 0.400 22.20889837
(-15.3739416, 34.1740878, 7.6086923, 0.8833562, 0.0244838, 0.4646509, -0.0564081)    0    0   23.87523418  4 0.880 29.80139079
(-21.7263805, 25.9847096, -2.0883802, -0.2319414, -0.4980483, -0.6274991, 0.5517208)    0    0   24.03434648  8 0.160 31.15823636
(-21.9031884, 30.5950807, 5.2178801, 0.1174982, -0.2864240, -0.3516532, 0.8834565)    0    0   27.54652351  2 0.400 35.05221371
(-13.0874444, 29.8073972, 5.4380673, 0.4114606, 0.5718277, -0.4802722, -0.5225436)    0    0   29.04460496  0 0.680 33.87404780
(-19.4970548, 27.5625963, -3.5496085, -0.2221371, -0.5087003, -0.6483331, 0.5210981)    0    0   21.47579346  1 1.360 26.88935214
(-21.8661548, 31.1965664, 5.3328606, 0.1174983, -0.2864240, -0.3516532, 0.8834565)    0    0   27.40005829  6 0.320 35.30122805
(-17.1413309, 29.3028673, 7.7847082, 0.7904480, 0.5405991, 0.2875422, -0.0162477)    0    0   20.37540744  0 0.400 27.68509212
(-17.0323194, 29.4333425, 8.1057143, 0.7901128, 0.5412752, 0.2871951, -0.0161830)    0    0   18.68420493  3 0.560 21.02340155
(-22.0050691, 26.4553540, -1.6439480, -0.2319413, -0.4980483, -0.6274992, 0.5517208)    0    0   24.51138118  0 0.400 31.47892098
(-21.8120108, 32.6488971, 1.2971573, 0.9560044, 0.2610885, 0.0033099, 0.1337064)    0    0   13.45537847  3 0.520 16.89997791
(-21.6322933, 26.3857572, -2.1027560, -0.2319416, -0.4980483, -0.6274991, 0.5517209)    0    0   25.77996495  3 0.640 32.40300158
(-24.2923725, 29.0546401, 1.2230843, 0.2660490, -0.4617875, -0.7839097, 0.3185213)    0    0   21.99989824  1 0.760 27.08336301
(-24.9287412, 30.9821737, 2.4686098, -0.8675031, -0.4533669, -0.0243207, -0.2032371)    0    0   17.39717609  2 0.640 21.94351097
(-21.4071935, 31.2509026, 5.4697100, 0.1174982, -0.2864240, -0.3516532, 0.8834565)    0    0   27.39216289  9 0.240 34.11359327
(-25.3384485, 30.7267505, 2.0263700, -0.8676133, -0.4531057, -0.0239039, -0.2033988)    0    0   15.29435868  0 0.400 21.15743915
(-17.1619420, 29.2013985, 7.9142342, 0.7903560, 0.5407852, 0.2874464, -0.0162303)    0    0   19.12022514  1 0.560 21.68132054
(-15.2068443, 34.3442465, 7.0454626, 0.8833562, 0.0244838, 0.4646509, -0.0564081)    0    0   23.62060248  7 0.360 29.41530296
(-21.7149195, 31.2635599, 5.2627113, 0.1174982, -0.2864240, -0.3516532, 0.8834565)    0    0   28.44161775  3 3.600 35.29432240
(-22.2353896, 26.1916775, -1.9685078, -0.2319409, -0.4980483, -0.6274994, 0.5517207)    0    0   24.55206599  0 0.400 30.28246584
(-25.1883825, 30.7177485, 2.8178287, -0.8675010, -0.4533718, -0.0243285, -0.2032341)    0    0   17.12081564  0 0.400 21.92435477
(-24.0358726, 28.8550782, 1.5720109, 0.2670189, -0.4612822, -0.7838438, 0.3186039)    0    0   22.58568308  4 3.240 28.00128658
(-25.5713140, 30.8500254, 2.6479557, -0.8675017, -0.4533702, -0.0243259, -0.2032351)    0    0   16.74063463  1 0.400 22.24936635
(-24.7530511, 30.7498232, 2.1152401, -0.8675795, -0.4531858, -0.0240317, -0.2033492)    0    0   17.14272911  14 0.000 22.55830316
(-21.6825273, 31.1876183, 5.2968237, 0.1174982, -0.2864240, -0.3516532, 0.8834565)    0    0   28.68693911  0 5.000 35.85867389
(-12.8251643, 29.6811262, 5.5714372, 0.4114606, 0.5718277, -0.4802722, -0.5225436)    0    0   32.90867349  6 4.120 40.75042621
(-19.0047935, 27.2736166, -3.3253423, -0.2221167, -0.5087213, -0.6483747, 0.5210346)    0    0   21.38949222  5 0.680 26.80356051
(-24.9843395, 30.7768955, 2.3336410, -0.8677611, -0.4527521, -0.0233412, -0.2036207)    0    0   17.85264412  2 0.640 22.60299196
(-17.4390388, 29.5995977, 7.8091254, 0.7899423, 0.5416189, 0.2870178, -0.0161510)    0    0   22.13454374  1 1.440 28.18759157
(-21.7049165, 31.2445004, 5.5579165, 0.1174983, -0.2864240, -0.3516532, 0.8834565)    0    0   27.82085943  3 0.480 35.35015805
(-22.0368117, 26.5458530, -1.8213785, -0.2319416, -0.4980483, -0.6274991, 0.5517209)    0    0   24.30391902  15 0.080 29.83103050
(-24.7032527, 30.7835111, 2.4729479, -0.8675033, -0.4533656, -0.0243190, -0.2032396)    0    0   17.47535674  9 0.240 22.22381824
(-17.2465214, 36.0473430, 0.4796904, -0.2820764, -0.1574336, -0.4250721, -0.8455538)    0    0   22.03877092  2 2.520 27.47680276
(-25.0928720, 30.7508497, 2.1016785, -0.8675036, -0.4533638, -0.0243168, -0.2032424)    0    0   17.99809310  4 0.480 22.79624580
(-25.2503311, 30.9052441, 2.4253223, -0.8675039, -0.4533650, -0.0243176, -0.2032383)    0    0   17.94732720  0 0.480 22.69806782
(-17.2236176, 29.3738765, 7.7619166, 0.7908856, 0.5397147, 0.2879953, -0.0163322)    0    0   18.81575936  5 0.400 21.31834427
(-21.3950988, 26.5088694, -2.0732498, -0.2319414, -0.4980483, -0.6274992, 0.5517208)    0    0   25.08600334  0 0.400 31.66615326
(-15.4892520, 34.1456613, 7.3732317, 0.8833562, 0.0244838, 0.4646509, -0.0564081)    0    0   23.45006589  12 0.000 28.94209385
(-23.7945291, 28.5442833, 1.2254567, 0.0183086, -0.5007050, -0.7366249, 0.4542499)    0    0   22.92376695  1 4.720 28.65762254
(-22.1581656, 26.2861559, -2.1913307, -0.2319411, -0.4980483, -0.6274993, 0.5517207)    0    0   21.39159964  0 0.400 23.77286648
(-22.0584965, 31.0684724, 5.2311666, 0.1174982, -0.2864240, -0.3516532, 0.8834565)    0    0   28.20721908  4 0.600 35.61035698
(-24.0983864, 28.6608250, 1.8940942, 0.2665715, -0.4615023, -0.7838682, 0.3185999)    0    0   22.63062189  1 1.120 28.33921340
(-15.2801441, 34.4329217, 6.7392695, 0.8833562, 0.0244838, 0.4646509, -0.0564081)    0    0   23.22240768  10 0.280 28.88444307
(-21.8255549, 26.3566516, -2.1751808, -0.2319412, -0.4980483, -0.6274993, 0.5517208)    0    0   23.24657569  0 0.400 31.88045507
(-22.3378770, 26.3360729, -1.5749469, -0.2319416, -0.4980483, -0.6274991, 0.5517209)    0    0   21.92943243  24 0.000 24.14733614
(-19.8061005, 27.2573990, -2.8995524, -0.2270753, -0.5034834, -0.6380610, 0.5364881)    0    0   21.32486121  20 1.480 26.52206545
(-19.3810397, 27.4498870, -3.2811091, -0.2221193, -0.5087186, -0.6483693, 0.5210428)    0    0   21.40445815  4 2.240 26.77323947
(-25.4800880, 30.8469209, 1.9844802, -0.8802982, -0.4155476, 0.0342519, -0.2263228)    0    0   6.25582341  5 0.400 8.75979729
(-21.8781333, 30.9166856, 5.5859788, 0.1174983, -0.2864240, -0.3516532, 0.8834565)    0    0   26.38288526  2 0.480 35.60018594
(-25.0842927, 30.7268457, 2.6152014, -0.8675032, -0.4533657, -0.0243193, -0.2032395)    0    0   16.50379674  3 0.560 19.57270734
(-21.8108162, 26.3685808, -2.2053927, -0.2319412, -0.4980483, -0.6274993, 0.5517208)    0    0   23.27281623  0 0.400 31.86494523
(-21.7117788, 26.3998138, -2.0482987, -0.2319414, -0.4980483, -0.6274992, 0.5517208)    0    0   24.39016029  7 0.400 29.90184465
(-12.5164912, 29.6774755, 5.8386205, 0.4114606, 0.5718277, -0.4802722, -0.5225436)    0    0   33.29994571  3 1.720 42.06586266
(-24.6789955, 30.6792589, 2.2873236, -0.8675043, -0.4533642, -0.0243163, -0.2032388)    0    0   18.09774722  1 1.440 22.60265257
(-12.4306761, 29.6163072, 5.8127389, 0.4114606, 0.5718277, -0.4802722, -0.5225436)    0    0   32.62503075  6 0.440 42.40134257
(-21.9650608, 26.4766048, -1.3024890, -0.2319410, -0.4980483, -0.6274994, 0.5517207)    0    0   21.80904594  0 0.640 28.84434762
(-19.7230622, 27.6828921, -3.4677279, -0.2221145, -0.5087235, -0.6483792, 0.5210278)    0    0   21.11225679  0 0.600 26.21764668
(-21.4131728, 26.0442187, -2.2295182, -0.2319416, -0.4980483, -0.6274991, 0.5517209)    0    0   25.83622974  3 0.960 32.27263589
(-21.9204960, 26.5543321, -1.9077259, -0.2319416, -0.4980483, -0.6274990, 0.5517209)    0    0   26.09575174  2 5.000 32.41628518
(-19.1988535, 27.4586012, -3.7043124, -0.2221167, -0.5087213, -0.6483747, 0.5210347)    0    0   21.34988952  7 0.640 26.54651395
(-23.9095444, 28.8501871, 1.4883800, 0.2056837, -0.4751700, -0.7781540, 0.3555053)    0    0   17.05935840  32 0.760 17.85443678
(-22.1888361, 26.3003975, -2.2853483, -0.2319411, -0.4980483, -0.6274994, 0.5517207)    0    0   21.54026377  0 0.400 23.72418843
(-21.9634913, 32.7407236, 1.3943719, 0.9560946, 0.2614307, 0.0038594, 0.1323717)    0    0   13.64139416  4 0.520 17.12370890
(-21.5275954, 26.2541406, -2.1508820, -0.2319414, -0.4980483, -0.6274992, 0.5517208)    0    0   25.47069782  6 0.320 32.45095730
(-21.6884584, 26.8659738, -1.9621412, -0.2319413, -0.4980483, -0.6274992, 0.5517208)    0    0   25.30188458  11 0.080 31.64236867
(-18.8779909, 27.5627067, -3.9647850, -0.2221463, -0.5086908, -0.6483143, 0.5211269)    0    0   20.94600672  2 0.960 26.07221823
(-17.1703319, 29.4931956, 7.6956304, 0.8041217, 0.5117015, 0.3019716, -0.0190538)    0    0   11.63865509  23 0.000 16.59214100
(-21.7710307, 32.7113027, 1.2333263, 0.9557118, 0.2626037, 0.0039856, 0.1328098)    0    0   13.09370129  7 0.520 16.27105246
(-17.2601952, 36.0404835, 0.4677162, -0.2820764, -0.1574336, -0.4250721, -0.8455538)    0    0   21.94172298  6 3.240 27.31437480
(-17.0037656, 29.4110591, 7.9076874, 0.7909511, 0.5395834, 0.2880604, -0.0163471)    0    0   16.75894964  3 0.560 19.78301593
(-21.8809188, 26.5340162, -2.0546273, -0.2319415, -0.4980483, -0.6274991, 0.5517209)    0    0   24.39761235  18 0.000 30.79450657
(-25.2042180, 30.6232453, 1.8706739, -0.8675612, -0.4532253, -0.0240968, -0.2033314)    0    0   14.50470341  11 0.000 16.92194483
(-17.1631384, 29.7934765, 7.6348956, 0.7898679, 0.5417687, 0.2869408, -0.0161367)    0    0   20.89362686  2 0.400 28.02135859
(-24.6854444, 30.6399334, 2.3623057, -0.8675042, -0.4533644, -0.0243166, -0.2032386)    0    0   18.08068834  2 1.520 22.57657955
(-17.5730418, 35.7488992, 0.2627432, -0.2820764, -0.1574336, -0.4250721, -0.8455538)    0    0   21.96705692  4 0.360 27.72088283
(-12.7767441, 29.9635610, 5.9084736, 0.4114606, 0.5718277, -0.4802722, -0.5225436)    0    0   33.41532343  2 1.080 42.32759070
(-21.6169918, 32.6943670, 1.2032565, 0.9551820, 0.2561391, -0.0024992, 0.1483704)    0    0   13.77484570  5 2.200 17.24127668
(-25.1203173, 30.6630930, 2.6262705, -0.8675030, -0.4533653, -0.0243191, -0.2032415)    0    0   17.25281327  0 0.400 22.27669065
(-21.7260209, 30.9239882, 5.3471208, 0.1174982, -0.2864240, -0.3516532, 0.8834565)    0    0   25.12147767  6 0.160 28.10831358
(-24.9845873, 30.6849792, 2.5569357, -0.8675041, -0.4533645, -0.0243168, -0.2032386)    0    0   15.81993341  20 0.000 17.23152066
(-15.4712823, 34.2890452, 7.1738786, 0.8833562, 0.0244838, 0.4646509, -0.0564081)    0    0   23.53205529  3 0.520 29.34657335
(-12.3716643, 29.3423514, 5.5722275, 0.4114606, 0.5718277, -0.4802722, -0.5225436)    0    0   33.67879959  1 5.000 42.57068712
(-24.3796414, 30.6764777, 2.3133419, -0.8675027, -0.4533679, -0.0243222, -0.2032365)    0    0   17.32911949  6 0.240 22.21869389
(-21.7360857, 32.7400314, 1.2959602, 0.9550733, 0.2558317, -0.0029324, 0.1495880)    0    0   13.78096302  4 1.800 17.17048952
(-17.5198440, 35.8928275, 0.2495146, -0.2820764, -0.1574336, -0.4250721, -0.8455538)    0    0   22.02715438  3 4.760 27.79594299
(-12.3366624, 29.4554195, 5.7112710, 0.4114606, 0.5718277, -0.4802722, -0.5225436)    0    0   30.87095995  2 0.600 40.89717404
(-24.6710511, 30.6606281, 2.4301340, -0.8675034, -0.4533662, -0.0243196, -0.2032375)    0    0   17.55784244  1 0.720 22.22325022
(-15.3685036, 34.3568589, 7.1347131, 0.8833562, 0.0244838, 0.4646509, -0.0564081)    0    0   23.69348848  6 4.920 29.36359014
(-22.0884587, 26.5375397, -1.8273943, -0.2319415, -0.4980483, -0.6274991, 0.5517209)    0    0   24.00204489  15 0.000 32.14210731
(-25.3008563, 30.8091244, 2.5017440, -0.8675022, -0.4533672, -0.0243222, -0.2032403)    0    0   17.22908658  2 0.400 22.07326890
(-16.8954860, 36.2457787, 0.7754618, -0.2820764, -0.1574336, -0.4250721, -0.8455538)    0    0   22.10699366  1 5.000 27.70682213
(-12.4617152, 29.6208209, 5.8447145, 0.4114606, 0.5718277, -0.4802722, -0.5225436)    0    0   33.14598545  4 4.840 42.23661312
(-17.0056736, 36.1652436, 0.6938610, -0.2820764, -0.1574336, -0.4250721, -0.8455538)    0    0   21.83068993  7 4.280 27.19173960
(-17.1071531, 29.3411821, 7.5933255, 0.7902974, 0.5409033, 0.2873858, -0.0162189)    0    0   19.18645907  14 0.000 20.83573070
(-17.0832206, 29.3583663, 7.4572781, 0.7908118, 0.5398639, 0.2879192, -0.0163177)    0    0   21.68150335  3 0.640 27.13280358
(-24.9383095, 30.6202998, 2.4742886, -0.8677598, -0.4527551, -0.0233460, -0.2036189)    0    0   16.25230947  0 0.400 22.16401288
(-25.0687949, 30.6626913, 2.8044155, -0.8677604, -0.4527518, -0.0233417, -0.2036243)    0    0   17.28596893  11 0.000 22.43766769
(-21.4918560, 32.6684856, 1.1162496, 0.9550735, 0.2558320, -0.0029304, 0.1495858)    0    0   13.81415238  3 1.080 17.34724296
(-25.4260380, 30.7986912, 2.5963674, -0.8687102, -0.4504654, -0.0197022, -0.2050252)    0    0   16.33427993  2 0.640 21.61790006
(-18.8863487, 27.5657385, -3.9601654, -0.2221487, -0.5086883, -0.6483094, 0.5211344)    0    0   21.04170511  0 0.440 26.54044438
(-17.4151922, 29.4890016, 7.9054893, 0.7909583, 0.5395677, 0.2880701, -0.0163468)    0    0   18.91749711  16 0.000 20.97188292
(-21.5282201, 26.3923015, -2.3877286, -0.2319410, -0.4980483, -0.6274994, 0.5517207)    0    0   21.96004563  0 0.400 24.14924837
(-22.0176687, 26.5265069, -1.9418362, -0.2319415, -0.4980483, -0.6274991, 0.5517209)    0    0   25.56860538  3 0.560 32.05333668
(-25.1412632, 30.7112080, 2.6527705, -0.8675041, -0.4533645, -0.0243167, -0.2032386)    0    0   18.00532105  3 1.920 22.53187415
(-23.7619144, 28.5675401, 1.8417460, 0.2670150, -0.4612832, -0.7838436, 0.3186064)    0    0   22.59658754  3 0.880 28.63116074
(-24.7398594, 30.5873119, 2.6102322, -0.8675032, -0.4533666, -0.0243201, -0.2032373)    0    0   17.86487591  5 0.400 22.80598595
(-17.1560544, 36.2329078, 0.4869163, -0.2820764, -0.1574336, -0.4250721, -0.8455538)    0    0   21.78799930  4 0.440 27.20514389
(-19.1058347, 27.4402817, -3.4611186, -0.2221194, -0.5087184, -0.6483691, 0.5210432)    0    0   21.38494787  6 1.240 26.68210436
(-21.5925240, 31.2779715, 5.2930331, 0.1174982, -0.2864240, -0.3516532, 0.8834565)    0    0   25.36976778  7 0.560 28.10908133
(-23.9704508, 28.8135093, 1.6178999, 0.2669597, -0.4613101, -0.7838465, 0.3186066)    0    0   22.54942354  6 3.120 27.94331324
(-12.9070267, 29.6176649, 5.5163641, 0.4114606, 0.5718277, -0.4802722, -0.5225436)    0    0   29.03825974  5 0.360 33.93260977
(-24.6220087, 30.6111828, 2.2918635, -0.8675038, -0.4533654, -0.0243182, -0.2032380)    0    0   17.78404603  7 0.240 22.59203094
(-15.3736935, 34.1840285, 7.5838189, 0.8833562, 0.0244838, 0.4646509, -0.0564081)    0    0   23.91081702  2 5.000 29.86122745
(-25.1593143, 30.7468233, 2.5129827, -0.8675031, -0.4533670, -0.0243207, -0.2032371)    0    0   17.45530905  10 0.240 21.17909974
(-22.1476056, 26.5959632, -2.1086803, -0.2319415, -0.4980483, -0.6274991, 0.5517209)    0    0   23.78348947  12 0.000 31.69420827
(-12.3793283, 29.2513973, 5.4680177, 0.4114606, 0.5718277, -0.4802722, -0.5225436)    0    0   29.40126448  9 1.080 32.88552139
(-15.4655172, 34.3842592, 7.2779307, 0.8833562, 0.0244838, 0.4646509, -0.0564081)    0    0   23.60698029  7 0.360 29.30258759
(-19.3487563, 27.3172538, -3.5001491, -0.2258493, -0.5048060, -0.6406522, 0.5326611)    0    0   20.81849827  11 0.320 25.28675569
(-21.6363707, 32.7674980, 1.1712835, 0.9560900, 0.2613891, 0.0037389, 0.1324900)    0    0   13.46423767  7 0.680 16.99387388
(-15.3714416, 34.1894152, 7.5666887, 0.8833562, 0.0244838, 0.4646509, -0.0564081)    0    0   23.84586621  3 0.640 29.75648979
(-19.5636266, 27.4192953, -3.3331115, -0.2221460, -0.5086911, -0.6483149, 0.5211260)    0    0   21.40516451  3 1.520 26.92729206
(-21.5380523, 30.8456796, 5.4494622, 0.1174982, -0.2864240, -0.3516532, 0.8834565)    0    0   28.55395976  2 1.200 35.99406372
(-12.7611972, 29.6320728, 5.5700581, 0.4114606, 0.5718277, -0.4802722, -0.5225436)    0    0   32.99563747  5 5.000 41.07217340
(-21.7599363, 26.6770505, -1.9964574, -0.2319416, -0.4980483, -0.6274991, 0.5517209)    0    0   25.32390965  10 0.320 30.97497420
(-12.3233089, 29.2924372, 5.5546960, 0.4114606, 0.5718277, -0.4802722, -0.5225436)    0    0   29.04673460  10 2.120 32.84672087
(-21.8179267, 26.4089214, -1.8513725, -0.2319415, -0.4980483, -0.6274991, 0.5517209)    0    0   22.69801763  5 0.400 24.78956954
(-17.1601280, 29.3567805, 7.5805611, 0.7904625, 0.5405705, 0.2875559, -0.0162514)    0    0   20.50097982  0 0.480 27.50699748
(-25.2092896, 30.6340552, 2.2366611, -0.8675020, -0.4533685, -0.0243238, -0.2032378)    0    0   15.07164105  1 0.560 16.85236042
(-21.4414503, 26.4074651, -2.1825481, -0.2319415, -0.4980483, -0.6274991, 0.5517209)    0    0   23.84932530  7 0.240 30.37805781
(-24.8133133, 30.9214142, 2.4604232, -0.8675037, -0.4533654, -0.0243183, -0.2032380)    0    0   15.63450193  0 0.400 17.23773168
(-21.7017376, 26.3734737, -2.2016069, -0.2319414, -0.4980483, -0.6274991, 0.5517208)    0    0   25.24289527  10 0.000 31.69086518
(-21.7848729, 26.3958552, -1.7274151, -0.2319414, -0.4980483, -0.6274992, 0.5517208)    0    0   22.83610415  5 0.480 30.16864638
(-15.1041424, 34.2648346, 7.1507471, 0.8833562, 0.0244838, 0.4646509, -0.0564081)    0    0   23.47279364  6 0.360 29.14115826
(-17.3911437, 29.3683637, 7.9575640, 0.7901504, 0.5411995, 0.2872339, -0.0161904)    0    0   19.01975133  2 0.600 21.03480994
(-16.9196060, 36.1849714, 0.7791991, -0.2820764, -0.1574336, -0.4250721, -0.8455538)    0    0   21.98250142  4 1.720 27.62057381
(-21.7360246, 31.3227359, 5.1098323, 0.1174983, -0.2864240, -0.3516532, 0.8834565)    0    0   26.99318341  12 0.000 34.81036176
(-17.0225332, 29.4119460, 7.7642078, 0.7904838, 0.5405275, 0.2875782, -0.0162551)    0    0   21.19008587  5 0.480 26.98497217
(-21.2089939, 32.5678242, 0.9393168, 0.9540980, 0.2511204, -0.0083062, 0.1629925)    0    0   13.97293086  0 0.920 17.83762622
(-15.3701964, 34.3004775, 7.2812220, 0.8833562, 0.0244838, 0.4646509, -0.0564081)    0    0   24.06452709  0 5.000 30.08065887
(-24.6284078, 30.6109699, 2.5895557, -0.8675414, -0.4532762, -0.0241759, -0.2032932)    0    0   14.81551639  0 0.400 17.03236615
(-17.0958561, 29.4050272, 7.7174865, 0.7897848, 0.5419360, 0.2868544, -0.0161210)    0    0   22.59572861  0 2.560 28.35685973
(-21.6497130, 32.9248817, 1.2093181, 0.9475598, 0.2862869, 0.0063345, 0.1418807)    0    0   12.16104276  12 1.560 14.64442132
(-21.3297704, 31.5752806, 5.2500839, 0.1174983, -0.2864240, -0.3516532, 0.8834565)    0    0   25.89242658  15 0.000 36.08320387
(-24.4512085, 30.7147056, 2.1770042, -0.8675036, -0.4533658, -0.0243189, -0.2032378)    0    0   15.82634552  0 0.560 17.51012430
(-22.0828213, 32.8777400, 1.5271325, 0.9559174, 0.2607904, 0.0028890, 0.1349146)    0    0   13.71728806  6 2.440 17.25353099
(-21.6091652, 30.5779032, 5.3791546, 0.1174982, -0.2864240, -0.3516532, 0.8834565)    0    0   28.21110925  4 0.880 35.43927994
(-21.8223477, 26.5574364, -2.3327415, -0.2319414, -0.4980483, -0.6274992, 0.5517208)    0    0   24.00309459  11 0.000 31.21162740
(-17.0564884, 29.3974602, 7.8262380, 0.7907017, 0.5400880, 0.2878023, -0.0162984)    0    0   20.60477268  10 0.400 26.29145467
(-17.2356439, 29.5304078, 7.4914344, 0.7906666, 0.5401572, 0.2877693, -0.0162893)    0    0   20.82853755  8 0.240 26.86661342
(-21.9978723, 26.8384642, -1.8296984, -0.2319414, -0.4980483, -0.6274991, 0.5517208)    0    0   25.33704037  2 0.480 31.74527320
(-25.0777140, 31.0623299, 2.7089559, -0.8675031, -0.4533668, -0.0243205, -0.2032372)    0    0   16.65519349  4 0.320 22.11619968
(-21.5671087, 32.6942754, 1.1671942, 0.9554780, 0.2581636, -0.0002480, 0.1428749)    0    0   13.60057854  7 1.000 16.95755654
(-21.7496103, 26.3565745, -1.9966467, -0.2319413, -0.4980483, -0.6274992, 0.5517208)    0    0   19.89932176  8 0.160 24.55835584
(-21.7154569, 30.5430804, 4.9681034, 0.1174983, -0.2864240, -0.3516532, 0.8834565)    0    0   26.64440785  1 0.400 35.36154562
(-18.8371279, 27.2334004, -3.5223402, -0.2220905, -0.5087481, -0.6484279, 0.5209533)    0    0   21.20955934  5 0.240 26.77392054
(-15.7022611, 34.5118448, 7.0639420, 0.8833562, 0.0244838, 0.4646509, -0.0564081)    0    0   23.68270510  7 0.360 29.74956557
(-17.1658333, 36.0929553, 0.5476754, -0.2820764, -0.1574336, -0.4250721, -0.8455538)    0    0   22.24946351  0 5.000 27.81182939
(-24.9472497, 30.8676140, 2.3494034, -0.8675024, -0.4533686, -0.0243234, -0.2032361)    0    0   15.53552430  0 0.400 17.07882261
(-24.7592527, 30.2860781, 2.5831672, -0.8677607, -0.4527531, -0.0233426, -0.2036202)    0    0   15.82423200  3 0.480 17.27782006
(-21.7221813, 26.5853961, -1.6936780, -0.2319415, -0.4980483, -0.6274991, 0.5517209)    0    0   24.80877016  0 0.400 31.82208459
(-23.9256312, 28.6833842, 1.8063764, 0.2660818, -0.4615686, -0.7838127, 0.3190494)    0    0   22.56400113  5 0.720 28.62864638
(-21.5902009, 26.0703267, -1.9074928, -0.2319414, -0.4980483, -0.6274992, 0.5517208)    0    0   25.53686377  3 0.560 32.02359567
(-24.9742937, 30.6849900, 2.5469816, -0.8675044, -0.4533639, -0.0243159, -0.2032389)    0    0   18.17082901  0 2.480 22.75180525
(-21.8123279, 25.7049161, -2.3147175, -0.2319414, -0.4980483, -0.6274992, 0.5517208)    0    0   22.79968415  0 0.720 27.57254580
(-16.8925361, 29.5179304, 7.8678790, 0.7904488, 0.5405986, 0.2875409, -0.0162492)    0    0   21.28194361  4 0.480 27.01734328
