#Coordinates  RecID  LigID  Luciferin  Neighbor's number  Vision Range  Scoring
( 5.8899765, 25.2311598, -16.1265952,  0.3920292, -0.6103565, -0.4810688,  0.4922915)    0    0  44.91184695  6 4.920  29.29628838
(10.0874277, 19.6156508, -20.9902354,  0.6619224,  0.5109440, -0.5417872,  0.0852149)    0    0  81.21666798 15 0.000  54.38331135
( 1.2408804, 26.2161017, -23.7068567, -0.7326607, -0.5524747,  0.0218925,  0.3968637)    0    0  43.26767149  3 3.720  29.78008352
( 4.4049733, 25.6702611, -14.3724151, -0.5963018, -0.7861481, -0.0779313,  0.1425554)    0    0 -205.45059611  5 0.600 -133.50940200
(11.5290459, 26.1434913, -17.6554235,  0.3717462, -0.6082650, -0.2035366,  0.6711120)    0    0  51.26111562  5 0.480  34.73266368
( 5.0103922, 18.5944429, -24.8017487, -0.0899219,  0.8412565,  0.5133879, -0.1436469)    0    0  91.67647503 13 0.720  59.43337370
(12.0353216, 25.9910633, -18.0835396,  0.3717464, -0.6082649, -0.2035364,  0.6711120)    0    0  51.18579059  7 0.600  33.42356648
( 6.1244169, 30.4440306, -19.3477874, -0.1824949, -0.5323176,  0.3890001, -0.7293918)    0    0  35.57819834  6 1.520  23.69845281
(11.5197269, 26.2811933, -17.9077704,  0.3717464, -0.6082649, -0.2035364,  0.6711120)    0    0  51.39401010  5 0.640  34.26771944
(11.4139159, 26.3486794, -12.6934869, -0.9183636,  0.2469317, -0.3080791,  0.0268380)    0    0  58.07932977 11 0.840  38.34601412
(11.2388169, 26.4470083, -12.5662278, -0.9183635,  0.2469319, -0.3080792,  0.0268380)    0    0  58.32776645  3 0.560  39.23847727
(12.5482353, 20.4993473, -16.1438724, -0.0958686,  0.7560912,  0.5956712, -0.2535962)    0    0  97.91929490  1 0.560  64.11652379
( 4.5071379, 30.3974540, -11.4264743, -0.1733343, -0.3779483, -0.9029251,  0.1087959)    0    0  64.36670052 12 0.000  43.28250500
(11.0396216, 25.9484061, -13.1496594, -0.9183635,  0.2469320, -0.3080793,  0.0268380)    0    0  57.53923644  6 0.400  37.64702768
( 4.7786187, 18.3602294, -24.6409787, -0.0899215,  0.8412565,  0.5133880, -0.1436469)    0    0  92.22222870  7 0.480  62.12490045
( 1.0511336, 26.1241869, -23.7956305, -0.7326607, -0.5524747,  0.0218925,  0.3968637)    0    0  43.58255730  2 2.200  28.94946708
( 4.2165915, 30.2936120, -11.3780214, -0.1733343, -0.3779483, -0.9029251,  0.1087959)    0    0  65.89656073  3 1.960  44.06236394
( 3.2259037, 30.5092517, -10.9383581, -0.2722201, -0.4271684, -0.8586831,  0.0780172)    0    0  13.90434135  4 1.320  25.86222321
(12.9254414, 20.7562877, -15.6331233, -0.0958686,  0.7560912,  0.5956712, -0.2535962)    0    0  99.81549758  5 0.280  68.29175342
( 4.4001453, 25.6959665, -14.3625153, -0.5044978, -0.8266753, -0.1422275,  0.2046003)    0    0 -174.09598344  8 0.920 -275.47009414
( 1.1873500, 26.0268296, -23.8229452, -0.7326607, -0.5524747,  0.0218925,  0.3968637)    0    0  42.38967571  7 1.320  27.64773673
( 4.8587708, 18.6195222, -24.8996397, -0.0899158,  0.8412563,  0.5133894, -0.1436467)    0    0  90.29217020  0 0.400  62.86367116
(12.8637985, 20.5404895, -16.0741104, -0.0958686,  0.7560912,  0.5956712, -0.2535962)    0    0 100.54908079  5 3.800  67.46941387
(11.2261805, 26.3923626, -12.5708771, -0.9183633,  0.2469323, -0.3080795,  0.0268380)    0    0  58.91085409  2 1.000  39.56960142
( 6.1937043, 30.6446158, -18.6210539, -0.1825141, -0.5322701,  0.3890049, -0.7294191)    0    0  35.23279817  0 0.480  23.64444846
(11.9578846, 26.2436022, -18.0061190,  0.3717462, -0.6082650, -0.2035366,  0.6711120)    0    0  49.78740412  1 0.560  32.66740392
(12.8863604, 20.4504478, -16.0769902, -0.0958686,  0.7560912,  0.5956712, -0.2535962)    0    0  98.93921037 13 2.440  64.60292649
( 4.9188222, 30.2495398, -11.9994099, -0.1733343, -0.3779483, -0.9029251,  0.1087959)    0    0  64.22746707  0 0.600  42.86040339
( 6.0942488, 30.3584769, -19.7882153, -0.1824967, -0.5323132,  0.3890006, -0.7293944)    0    0  35.12470998  1 0.440  23.67235414
(10.2935123, 19.3911636, -21.2949064,  0.6619224,  0.5109436, -0.5417875,  0.0852151)    0    0  81.53443370  7 0.160  53.77264669
( 4.8242461, 30.4605174, -11.7937293, -0.1733343, -0.3779483, -0.9029251,  0.1087959)    0    0  67.31284514  0 4.080  44.89807522
( 1.8591278, 30.8203942, -10.5635324, -0.3739156, -0.4728730, -0.7966651,  0.0436220)    0    0   7.24296558  5 2.120  -3.80452397
( 1.2410562, 26.1978317, -23.7168360, -0.7326607, -0.5524747,  0.0218925,  0.3968637)    0    0  44.38426051  0 5.000  29.58950745
( 6.0038939, 30.7252521, -18.9341739, -0.1824952, -0.5323170,  0.3890002, -0.7293922)    0    0  36.25214592  0 4.920  24.17128077
(12.8529459, 20.5530806, -16.0529253, -0.0958686,  0.7560912,  0.5956712, -0.2535962)    0    0  99.12198689  8 0.680  64.67977694
( 1.6610811, 26.3908050, -23.5247582, -0.7326607, -0.5524747,  0.0218925,  0.3968637)    0    0  42.94928935  4 0.920  29.44789184
( 6.0222948, 25.1053610, -16.2428726,  0.3920310, -0.6104088, -0.4806470,  0.4926367)    0    0  46.35376272  2 2.760  34.12120469
( 3.5463227, 30.4902686, -11.0938761, -0.2016634, -0.3924974, -0.8917578,  0.1002285)    0    0  42.04557706 20 1.000  41.02077475
(10.5690273, 19.3548870, -21.5411905,  0.6619224,  0.5109439, -0.5417873,  0.0852150)    0    0  81.22285357  0 0.400  53.52489655
( 6.0449795, 30.7685592, -18.8659022, -0.1824951, -0.5323173,  0.3890002, -0.7293920)    0    0  35.95893862  1 2.040  23.94627923
(10.0885510, 19.5328595, -21.1386591,  0.6619301,  0.5108714, -0.5418425,  0.0852388)    0    0  80.87352508 18 0.000  54.03033851
( 5.7632522, 24.7098036, -16.3753586,  0.3875763, -0.6137852, -0.4804727,  0.4921041)    0    0  27.89698219  4 0.200  31.81248019
( 4.1640551, 25.6727098, -14.7575523, -0.6663517, -0.7401787, -0.0217659,  0.0873909)    0    0 -126.36838648  6 0.680 -29.97630522
(12.7915968, 20.1283848, -16.4890466, -0.0958686,  0.7560912,  0.5956712, -0.2535962)    0    0  98.78596498 12 0.000  65.43187430
( 4.6446552, 18.7861438, -24.8221897, -0.0899210,  0.8412565,  0.5133881, -0.1436469)    0    0  90.40977211 15 0.000  59.35408037
( 5.0710078, 30.3587573, -12.2602098, -0.1733343, -0.3779483, -0.9029251,  0.1087959)    0    0  63.99251084 12 0.000  43.77521969
(11.4427636, 26.3143852, -12.7014005, -0.9183613,  0.2469311, -0.3080783,  0.0268379)    0    0  59.52335631  0 5.000  39.68223781
( 4.9245098, 30.3492607, -11.9709483, -0.1733343, -0.3779483, -0.9029251,  0.1087959)    0    0  65.46148966  5 0.280  43.93662105
( 4.3081674, 30.4239003, -11.2822764, -0.1911427, -0.3871352, -0.8960426,  0.1034331)    0    0  48.78279000 19 0.440  44.01848373
( 4.8506448, 30.1880417, -11.7365432, -0.1736370, -0.3781056, -0.9028119,  0.1087054)    0    0  61.42274692  1 0.920  39.00478772
(10.0819189, 19.6553894, -21.8629956,  0.6619224,  0.5109438, -0.5417874,  0.0852150)    0    0  81.71817984  5 0.240  54.23912692
(11.7880441, 26.2343960, -17.9610194,  0.3717463, -0.6082650, -0.2035365,  0.6711120)    0    0  50.31812408 10 0.160  33.00656118
(10.1963397, 19.4240722, -21.5675062,  0.6619224,  0.5109436, -0.5417875,  0.0852151)    0    0  82.43157617  3 0.560  55.51377984
(11.3542679, 26.2037593, -12.8038495, -0.9183635,  0.2469320, -0.3080793,  0.0268380)    0    0  59.22832140  1 1.800  39.48254913
( 5.7605629, 30.5404472, -19.2308904, -0.1824949, -0.5323175,  0.3890001, -0.7293919)    0    0  35.94928332  2 2.440  24.10827188
(10.0668744, 19.5493714, -21.0961090,  0.6619224,  0.5109436, -0.5417875,  0.0852151)    0    0  82.87765831  3 1.680  55.00173842
( 5.0532232, 18.3482817, -24.8770184, -0.0899194,  0.8412564,  0.5133885, -0.1436468)    0    0  90.46720774  0 0.400  61.08227968
( 4.5770573, 18.6544589, -24.6305738, -0.0899222,  0.8412565,  0.5133878, -0.1436469)    0    0  90.90228658 18 0.000  61.21990741
( 6.4535388, 24.9439824, -16.6855024,  0.3920293, -0.6103594, -0.4810454,  0.4923106)    0    0  44.33583030  2 0.440  31.17144293
(10.0790665, 19.5348680, -21.1362626,  0.6619224,  0.5109436, -0.5417875,  0.0852151)    0    0  82.98998125  2 5.000  55.16410946
( 4.9806850, 18.7926456, -24.9642902, -0.0899217,  0.8412565,  0.5133879, -0.1436469)    0    0  91.79929855  1 0.400  63.04952539
( 4.7956173, 18.1604654, -24.3116423, -0.0899218,  0.8412565,  0.5133879, -0.1436469)    0    0  92.04862442  6 0.320  62.69000421
( 6.2809811, 25.1952357, -16.5311220,  0.3424672, -0.6470445, -0.4740150,  0.4892437)    0    0 -22.25629832  0 0.440  36.61676499
(10.2614171, 19.3175646, -21.6709825,  0.6619224,  0.5109436, -0.5417875,  0.0852151)    0    0  82.55162955  5 0.560  55.49389078
(10.1705274, 19.4762522, -21.7529692,  0.6619224,  0.5109438, -0.5417874,  0.0852150)    0    0  81.06333838  1 0.560  53.20547925
( 4.7847483, 18.3637117, -24.6465233, -0.0899233,  0.8412566,  0.5133875, -0.1436470)    0    0  95.04378087  0 4.480  63.38377387
( 9.8744035, 19.6556862, -21.0946634,  0.6619224,  0.5109438, -0.5417874,  0.0852150)    0    0  81.27711208  0 0.400  54.36681729
( 5.6482308, 24.8618938, -16.4554761,  0.3920311, -0.6104118, -0.4806235,  0.4926559)    0    0  44.74341416  5 0.360  29.89236347
( 5.8957568, 30.5268371, -19.2408238, -0.1824949, -0.5323176,  0.3890001, -0.7293918)    0    0  35.81082591  4 1.640  24.01137012
(12.8626980, 20.3330960, -16.4904478, -0.0958686,  0.7560912,  0.5956712, -0.2535962)    0    0 100.63135662  4 1.240  67.82979034
( 4.4716896, 18.3734984, -24.5738787, -0.0899195,  0.8412564,  0.5133884, -0.1436468)    0    0  89.06682860  0 0.400  58.80763678
( 5.9680929, 30.5944741, -18.8317638, -0.1824940, -0.5323199,  0.3889998, -0.7293906)    0    0  34.41384809  9 0.120  22.66318948
(11.6675121, 26.2602957, -17.9889597,  0.3717464, -0.6082649, -0.2035364,  0.6711120)    0    0  51.57482933  4 1.320  34.20096869
(12.1137789, 25.9491891, -18.0484669,  0.3717464, -0.6082649, -0.2035365,  0.6711120)    0    0  51.60509694  3 0.720  34.76050254
( 5.9589522, 25.1451752, -16.2946450,  0.3920293, -0.6103594, -0.4810454,  0.4923106)    0    0  44.00691543  9 1.000  27.93316519
(12.8646656, 20.5710981, -16.0503463, -0.0958686,  0.7560912,  0.5956712, -0.2535962)    0    0 100.63700499  3 2.680  66.83202266
( 4.6891404, 30.7313741, -11.7018575, -0.1733343, -0.3779483, -0.9029251,  0.1087959)    0    0  64.98465419 11 3.640  42.91622077
(11.0604169, 26.3619772, -17.8352716,  0.3717461, -0.6082650, -0.2035367,  0.6711120)    0    0  49.59338006  2 0.600  31.78028518
( 4.7605858, 18.2122448, -24.5772157, -0.0899219,  0.8412565,  0.5133878, -0.1436469)    0    0  87.23034423  0 0.400  58.89091398
(12.0603185, 26.1236473, -17.7916233,  0.3717461, -0.6082650, -0.2035367,  0.6711120)    0    0  49.88993838  0 0.560  33.71309507
( 4.6824004, 18.2601942, -24.5762593, -0.0899218,  0.8412565,  0.5133879, -0.1436469)    0    0  92.31775029  6 0.320  62.40798736
( 4.8269099, 18.6091808, -24.6765505, -0.0899199,  0.8412564,  0.5133883, -0.1436468)    0    0  92.20184608  4 0.560  62.55279807
(12.1101778, 25.9538976, -18.0855406,  0.3717464, -0.6082649, -0.2035364,  0.6711120)    0    0  51.90444185  1 5.000  34.94256861
( 6.0763539, 30.6540890, -18.4813217, -0.1841190, -0.5282954,  0.3894144, -0.7316673)    0    0  34.74749036  5 0.400  24.28407651
(10.1217080, 19.3293658, -21.4320654,  0.6619224,  0.5109439, -0.5417873,  0.0852150)    0    0  79.47660521 17 0.000  52.83791223
( 4.8592979, 30.4664516, -11.8393710, -0.1733343, -0.3779483, -0.9029251,  0.1087959)    0    0  66.34806510  2 4.280  44.82052597
( 4.4133423, 30.3988689, -11.4265525, -0.1787718, -0.3807616, -0.9008512,  0.1071630)    0    0  59.66391902 15 0.360  45.01344419
( 4.4196119, 18.4427874, -24.4343728, -0.0899207,  0.8412565,  0.5133881, -0.1436469)    0    0  87.89309333  3 0.320  58.31781639
( 6.1997306, 30.7570042, -18.6482473, -0.1825054, -0.5322916,  0.3890028, -0.7294067)    0    0  35.03590881 11 0.000  23.13545893
(10.0632511, 19.5550889, -21.0916868,  0.6619224,  0.5109436, -0.5417875,  0.0852151)    0    0  82.26968836  7 0.720  54.63468861
(12.9295445, 20.7650214, -15.6121400, -0.0958686,  0.7560912,  0.5956712, -0.2535962)    0    0 100.50937944  6 0.840  67.83341592
(12.1644340, 26.2803403, -17.9087153,  0.3717462, -0.6082650, -0.2035366,  0.6711120)    0    0  50.96911304  0 0.400  34.64641338
( 3.2208397, 30.5435968, -10.9614743, -0.2270670, -0.4052426, -0.8807300,  0.0923776)    0    0  27.34126252  4 1.480  35.99013648
( 4.7693348, 18.0066156, -24.5413515, -0.0899231,  0.8412566,  0.5133875, -0.1436470)    0    0  86.84466300  1 0.560  59.52663647
( 4.9962280, 18.4697290, -24.7361692, -0.0899246,  0.8412567,  0.5133871, -0.1436470)    0    0  88.89164284 16 0.000  58.42320169
( 5.8984127, 25.1336207, -16.1964709,  0.3920293, -0.6103594, -0.4810454,  0.4923106)    0    0  43.85542202 10 3.640  28.15267580
(11.8850917, 26.2628534, -12.4838028, -0.9183636,  0.2469317, -0.3080791,  0.0268380)    0    0  58.51614488  6 3.320  39.15827604
(11.6611506, 25.8178332, -18.2981019,  0.3717464, -0.6082649, -0.2035364,  0.6711120)    0    0  50.43638759 15 0.360  33.13530473
(12.3446680, 26.1195545, -18.1264929,  0.3717463, -0.6082649, -0.2035365,  0.6711120)    0    0  49.75012028 22 0.000  33.12104769
( 1.2197266, 26.1733177, -23.7349840, -0.7326607, -0.5524747,  0.0218925,  0.3968637)    0    0  41.95612606  9 2.920  26.75095069
( 4.0596689, 25.2406290, -14.3017897, -0.6528423, -0.7503010, -0.0331183,  0.0987347)    0    0 -105.76697739  3 0.680 -25.95568208
( 4.9190077, 30.2489915, -12.0006270, -0.1766593, -0.3796717, -0.9016672,  0.1077991)    0    0  61.36792530 15 0.000  44.24605690
( 9.9600894, 19.5443254, -21.1742363,  0.6619224,  0.5109437, -0.5417875,  0.0852150)    0    0  81.59577397 10 0.000  54.59412955
(12.8882610, 20.4066630, -16.1950119, -0.0958686,  0.7560912,  0.5956712, -0.2535962)    0    0  98.64342183  0 0.560  66.62490153
(11.4087386, 26.3663664, -12.6718210, -0.9183634,  0.2469322, -0.3080794,  0.0268380)    0    0  58.17500283 10 1.080  38.02242747
( 5.6564679, 30.7168045, -18.9983179, -0.1824951, -0.5323171,  0.3890002, -0.7293921)    0    0  35.58921974  5 0.600  23.94913400
( 4.3116950, 30.6707552, -11.2825597, -0.1733343, -0.3779483, -0.9029251,  0.1087959)    0    0  65.81341859  4 2.120  44.39466316
( 4.8027329, 18.3449275, -24.8529824, -0.0899202,  0.8412565,  0.5133883, -0.1436469)    0    0  91.12474000  0 0.480  61.80939835
(10.2561040, 19.7227852, -21.1866823,  0.6619224,  0.5109437, -0.5417875,  0.0852150)    0    0  80.89771306  3 0.400  53.79612199
(11.3765406, 26.1742413, -12.8076840, -0.9183634,  0.2469321, -0.3080793,  0.0268380)    0    0  58.87570824  3 1.000  39.59556816
( 5.7763024, 31.0435549, -18.8441153, -0.1824935, -0.5323210,  0.3889997, -0.7293899)    0    0  35.03413692  5 0.160  23.66128927
( 4.7507720, 18.1748304, -24.6060546, -0.0899205,  0.8412565,  0.5133882, -0.1436469)    0    0  92.71656580  5 0.880  61.59175364
( 5.0332029, 18.6127214, -24.8103048, -0.0899208,  0.8412565,  0.5133881, -0.1436469)    0    0  91.45825911 15 0.400  58.97797815
( 5.9371891, 25.1527901, -16.2133269,  0.3920292, -0.6103565, -0.4810688,  0.4922915)    0    0  47.75535235  0 4.840  32.04952305
(12.0410973, 25.9145244, -18.2065786,  0.3717463, -0.6082650, -0.2035366,  0.6711120)    0    0  50.83847437  8 0.080  34.26813054
( 6.0117327, 30.8684235, -18.9884695, -0.1824985, -0.5323088,  0.3890010, -0.7293969)    0    0  35.14694937  0 0.520  23.44525316
( 4.7248070, 18.4954834, -24.5437964, -0.0899232,  0.8412566,  0.5133875, -0.1436470)    0    0  89.14462405 12 0.000  59.02196592
( 5.6689360, 25.0743356, -15.9899364,  0.3920293, -0.6103594, -0.4810454,  0.4923106)    0    0  45.26033463  2 0.600  30.52640916
(12.6625527, 20.7308464, -16.0707761, -0.0958686,  0.7560912,  0.5956712, -0.2535962)    0    0  98.99291886  0 0.400  66.49602170
( 6.1030159, 30.5513588, -18.7101962, -0.1824932, -0.5323217,  0.3889996, -0.7293896)    0    0  34.36343180  9 0.040  22.36681729
(11.6659604, 26.2647789, -17.7484315,  0.3717463, -0.6082649, -0.2035365,  0.6711121)    0    0  49.90683101  0 0.400  32.72945081
(11.8813770, 26.1369146, -18.0127463,  0.3717463, -0.6082649, -0.2035365,  0.6711120)    0    0  49.78175401  8 0.320  32.83607165
(12.0687823, 25.9743076, -18.0289548,  0.3717464, -0.6082649, -0.2035364,  0.6711120)    0    0  51.78440223  2 1.120  34.84914044
(12.8583170, 20.5456107, -16.0143350, -0.0958685,  0.7560912,  0.5956712, -0.2535962)    0    0  97.82944090  0 0.400  67.79318654
( 1.8889373, 30.7919755, -10.5376858, -0.3980446, -0.4828977, -0.7791952,  0.0350038)    0    0   7.42830551  5 2.520  -4.17639786
(12.7781745, 20.8174773, -15.6562392, -0.0958686,  0.7560912,  0.5956712, -0.2535962)    0    0  99.76891625  9 0.240  68.02195676
( 4.7738712, 18.4027440, -24.6281593, -0.0899222,  0.8412565,  0.5133878, -0.1436469)    0    0  89.88769075 25 0.400  56.73363178
(10.0605580, 19.1521300, -21.7330493,  0.6619224,  0.5109437, -0.5417875,  0.0852150)    0    0  81.93015499  6 0.240  54.74123562
( 5.1815558, 18.7791336, -24.9118343, -0.0899201,  0.8412564,  0.5133883, -0.1436469)    0    0  92.90127092  0 0.720  62.57484922
(11.3778419, 26.3527611, -12.8299663, -0.9183634,  0.2469322, -0.3080794,  0.0268380)    0    0  58.69210838  0 0.440  39.89578692
(10.1550013, 19.4284035, -21.4205881,  0.6619224,  0.5109436, -0.5417875,  0.0852151)    0    0  83.48711343  0 5.000  55.65915424
( 9.9603591, 19.5148597, -21.3093461,  0.6619224,  0.5109437, -0.5417875,  0.0852150)    0    0  81.86401359  1 0.400  54.48306889
( 6.0475879, 25.0155332, -16.3955623,  0.3920292, -0.6103565, -0.4810688,  0.4922915)    0    0  45.82795400  3 2.360  31.37274898
( 1.3324942, 26.4913655, -23.5212513, -0.7326607, -0.5524747,  0.0218925,  0.3968637)    0    0  43.66490226  1 2.360  29.15335459
(11.3154675, 26.3604527, -18.0179298,  0.3717462, -0.6082650, -0.2035366,  0.6711120)    0    0  50.88884293  0 0.400  34.13992552
(11.5176877, 26.4461086, -12.5960325, -0.9183634,  0.2469322, -0.3080794,  0.0268380)    0    0  58.85760163  4 4.600  40.02419116
(12.0901029, 26.0700385, -17.9128049,  0.3717463, -0.6082650, -0.2035365,  0.6711120)    0    0  50.23943243  2 0.640  32.52752062
( 4.8662342, 18.3215684, -24.6832745, -0.0899199,  0.8412564,  0.5133884, -0.1436469)    0    0  91.85003736  6 0.320  61.59636947
( 1.0758627, 25.7889907, -23.8294284, -0.7326607, -0.5524747,  0.0218925,  0.3968637)    0    0  42.89773944  5 3.960  28.47183321
(11.2976750, 26.5339104, -13.0310180, -0.9183632,  0.2469325, -0.3080796,  0.0268380)    0    0  57.76100799  0 0.600  38.33649691
(12.8688972, 20.4079673, -16.4689404, -0.0958686,  0.7560912,  0.5956712, -0.2535962)    0    0 100.71620275  2 1.120  67.55336354
( 1.2969103, 26.1938391, -23.7166401, -0.7326607, -0.5524747,  0.0218925,  0.3968637)    0    0  42.39774921  6 4.840  27.72191653
( 5.0749827, 19.1088848, -24.9388229, -0.0899201,  0.8412564,  0.5133883, -0.1436469)    0    0  91.66767511  3 0.400  62.52454896
(10.1973707, 19.1948804, -21.5619847,  0.6619224,  0.5109440, -0.5417873,  0.0852149)    0    0  80.86571802  0 0.400  53.76331833
( 5.8925194, 25.4683849, -15.9716905,  0.3920293, -0.6103594, -0.4810454,  0.4923106)    0    0  45.71829209  4 0.680  31.16589415
( 4.4223847, 25.6429606, -14.4127905, -0.7129060, -0.6994888,  0.0203491,  0.0454579)    0    0 -42.09713345  1 1.640  -9.15962011
( 5.9064253, 30.5009755, -19.2227220, -0.1825007, -0.5323033,  0.3890016, -0.7294000)    0    0  35.57312017  5 0.440  23.96240140
( 4.4547092, 25.6842766, -14.4214878, -0.7134527, -0.6989470,  0.0209101,  0.0449579)    0    0 -42.96301668  2 1.240  -8.50816774
( 4.7678222, 18.0710282, -24.5389283, -0.0899221,  0.8412565,  0.5133878, -0.1436469)    0    0  92.84020370  3 0.560  62.84623622
( 4.8381353, 30.4304052, -11.8014268, -0.1733343, -0.3779483, -0.9029251,  0.1087959)    0    0  65.64613655  5 0.680  43.47507831
( 5.8900076, 25.1321729, -16.1849907,  0.3920293, -0.6103594, -0.4810454,  0.4923106)    0    0  43.77778651  9 0.440  27.89273579
( 6.0480223, 30.7426773, -18.9045503, -0.1824948, -0.5323179,  0.3890001, -0.7293917)    0    0  35.83008445  3 3.320  23.65645941
(12.8935535, 20.6306214, -15.9075288, -0.0958686,  0.7560912,  0.5956712, -0.2535962)    0    0  99.97301738  7 4.680  66.44518773
( 5.0808136, 18.6393503, -25.1723513, -0.0899199,  0.8412564,  0.5133883, -0.1436468)    0    0  90.52877209 17 0.000  61.34264135
(11.6907776, 25.9726408, -18.0600803,  0.3717464, -0.6082649, -0.2035364,  0.6711120)    0    0  50.46356452 14 0.880  32.44392382
(11.5790965, 26.6120686, -12.4888885, -0.9183634,  0.2469321, -0.3080793,  0.0268380)    0    0  58.20999957  6 0.400  38.85619043
(10.1995753, 19.3672202, -21.5847043,  0.6619224,  0.5109436, -0.5417875,  0.0852151)    0    0  83.23123677  1 5.000  55.69860984
( 3.6788035, 20.1688070, -10.9051166,  0.8112085,  0.4034747,  0.1822759, -0.3820007)    0    0 -554.73382691  1 5.000 -365.12516538
( 4.6756411, 30.3562848, -11.5762327, -0.1733343, -0.3779483, -0.9029251,  0.1087959)    0    0  65.41717865  9 2.040  43.05933371
( 4.5363230, 25.7720129, -14.4853188, -0.4909421, -0.8311514, -0.1509673,  0.2130074)    0    0 -211.51543714  6 0.600 -200.48699636
( 4.7674255, 30.9435959, -11.9592392, -0.1757548, -0.3792038, -0.9020125,  0.1080708)    0    0  63.14916457  0 0.520  42.06821061
( 4.8736424, 30.4494538, -11.9197466, -0.1733343, -0.3779483, -0.9029251,  0.1087959)    0    0  65.64376683  6 3.320  43.81711659
(12.8473951, 20.2298231, -16.3910603, -0.0958686,  0.7560912,  0.5956712, -0.2535962)    0    0 101.19530152  1 1.840  67.79999681
(10.1595000, 19.5692592, -20.8359589,  0.6619301,  0.5108714, -0.5418425,  0.0852388)    0    0  81.84867833  3 0.400  55.41186830
( 5.8898357, 30.6156145, -19.1105404, -0.1824947, -0.5323181,  0.3890001, -0.7293915)    0    0  35.28874859  8 1.080  23.67378422
(12.4834923, 20.5490924, -16.1817325, -0.0958686,  0.7560912,  0.5956712, -0.2535962)    0    0  98.85753421  0 0.640  66.18042675
( 4.8500762, 30.4647156, -11.8273675, -0.1733343, -0.3779483, -0.9029251,  0.1087959)    0    0  66.48297341  1 1.080  44.82785541
( 4.9039355, 18.7293400, -24.6983899, -0.0899184,  0.8412564,  0.5133887, -0.1436468)    0    0  90.90245731 11 0.000  60.58709261
(12.0973212, 25.8707939, -18.0923798,  0.3717464, -0.6082649, -0.2035364,  0.6711120)    0    0  50.92348960  9 0.080  34.45630559
(10.2309326, 19.3430989, -21.7041511,  0.6619224,  0.5109438, -0.5417874,  0.0852150)    0    0  80.99515183 18 0.000  54.25990957
( 1.2211857, 26.3330226, -23.7125014, -0.7326607, -0.5524747,  0.0218925,  0.3968637)    0    0  40.46940724  1 0.680  25.16409986
( 3.4778550, 20.4671029, -11.0794296,  0.8112072,  0.4034740,  0.1822756, -0.3820001)    0    0 -544.29083956  0 5.000 -362.86055971
(10.3012429, 19.1844563, -21.9690842,  0.6619224,  0.5109436, -0.5417875,  0.0852151)    0    0  80.67547024 14 0.000  54.90437584
( 2.9182922, 30.5944142, -10.8377191, -0.2454589, -0.4142877, -0.8721339,  0.0865920)    0    0  28.16254757  3 2.360  35.49950327
( 4.4485983, 30.6236862, -11.4622095, -0.1733343, -0.3779483, -0.9029251,  0.1087959)    0    0  65.20601073  8 0.200  43.54501949
(12.8775536, 20.2653881, -16.5430270, -0.0958686,  0.7560912,  0.5956712, -0.2535962)    0    0  98.29610482  2 0.600  64.02033995
( 4.7427102, 18.3803257, -24.6078534, -0.0899207,  0.8412565,  0.5133881, -0.1436469)    0    0  88.44380737 20 0.000  58.60669057
( 9.9620935, 19.6340767, -21.6533954,  0.6619224,  0.5109438, -0.5417874,  0.0852150)    0    0  79.76663927 15 0.000  52.71606017
(11.8966972, 26.0966092, -18.0117275,  0.3717464, -0.6082649, -0.2035364,  0.6711120)    0    0  53.04730459  0 5.000  35.37719508
( 4.7566431, 25.5652153, -14.7936132, -0.2201373, -0.8606504, -0.2981465,  0.3491836)    0    0 -16.22414788  9 1.320  -1.82961724
(11.6030335, 26.6132118, -12.5272239, -0.9183633,  0.2469324, -0.3080795,  0.0268380)    0    0  58.40108139  7 2.600  38.95452436
( 5.1085790, 18.5452316, -24.5228985, -0.0899219,  0.8412565,  0.5133878, -0.1436469)    0    0  91.74796927 12 0.080  62.71297349
( 4.4417895, 25.6698882, -14.4178515, -0.7138157, -0.6985907,  0.0212207,  0.0445850)    0    0 -44.93623857  3 1.160  -9.08060856
( 5.0657851, 18.5977342, -24.9702472, -0.0899226,  0.8412566,  0.5133877, -0.1436470)    0    0  93.40601919  1 1.040  62.96942338
(11.3603309, 26.5442992, -18.0831848,  0.3717462, -0.6082650, -0.2035366,  0.6711120)    0    0  50.49461404  1 0.640  33.01186617
(12.4189217, 25.8986946, -18.4735605,  0.3717463, -0.6082650, -0.2035365,  0.6711120)    0    0  49.20646835 17 0.000  32.11838582
( 4.7994935, 30.5006258, -12.2189008, -0.1733343, -0.3779483, -0.9029251,  0.1087959)    0    0  65.46998865  5 0.400  44.58160562
(10.0579062, 19.2424913, -21.2379541,  0.6619224,  0.5109437, -0.5417875,  0.0852150)    0    0  81.64998159 12 3.000  53.95555773
( 4.8996265, 18.3027761, -24.6857907, -0.0899221,  0.8412565,  0.5133878, -0.1436469)    0    0  89.99522124  5 0.400  57.57121607
(11.8985742, 26.2661932, -12.4689221, -0.9183635,  0.2469320, -0.3080793,  0.0268380)    0    0  58.00157923  0 0.600  39.24524699
( 4.5086184, 25.5589507, -14.5119971, -0.6783338, -0.7306125, -0.0113545,  0.0770695)    0    0 -91.89422207  1 0.920  -9.60998884
(11.9849534, 25.8977953, -17.9863480,  0.3717463, -0.6082650, -0.2035365,  0.6711120)    0    0  50.95771538  9 0.280  34.61681290
( 3.4551683, 20.5007827, -11.0991112,  0.8112085,  0.4034747,  0.1822759, -0.3820007)    0    0 -558.16058774  2 5.000 -378.52758571
(10.0860004, 19.5229941, -21.1667689,  0.6619224,  0.5109436, -0.5417875,  0.0852151)    0    0  82.72295860  4 1.720  54.99742878
( 1.4650748, 25.9778957, -23.7037985, -0.7326607, -0.5524747,  0.0218925,  0.3968637)    0    0  42.25312111  8 3.160  28.11399191
(12.8640712, 20.5622610, -16.0522999, -0.0958686,  0.7560912,  0.5956712, -0.2535962)    0    0 101.67770704  0 3.760  67.83205189
(12.9391715, 20.6698496, -16.1453851, -0.0958686,  0.7560912,  0.5956712, -0.2535962)    0    0  98.95578505  0 0.400  66.48298540
( 4.5974245, 18.1239113, -24.4758140, -0.0899216,  0.8412565,  0.5133879, -0.1436469)    0    0  92.91242359  2 2.120  62.71689822
( 6.0018707, 25.0466509, -16.3328244,  0.3920292, -0.6103565, -0.4810688,  0.4922915)    0    0  46.88589392  1 2.760  31.94516244
( 5.3834338, 18.6318154, -24.6718380, -0.0899188,  0.8412564,  0.5133886, -0.1436468)    0    0  91.15624435  5 0.400  61.06179556
