#Coordinates  RecID  LigID  Luciferin  Neighbor's number  Vision Range  Scoring
(-4.7769476, -20.7318174, 12.2823358, -0.3078282, -0.1141065,  0.6446930,  0.6903567)    0    0  95.97753554  4 0.480  62.49878300
(-9.4351527, -22.8794826, -0.2090924, -0.8822156, -0.1312645, -0.3534429, -0.2820345)    0    0 144.58153284  0 0.400  96.68653124
(-0.8561402, -23.4599766,  5.1607552, -0.1215259,  0.1534148, -0.8506813, -0.4878901)    0    0 117.79732279  4 0.480  78.26708018
(-14.6315079, -23.7676389,  1.3574601,  0.7595868, -0.0344082, -0.6075081,  0.2297345)    0    0  78.06045924  3 5.000  52.22292060
(-4.6515960, -20.8561085, 12.3228599, -0.3078283, -0.1141064,  0.6446930,  0.6903567)    0    0  96.59594655 15 0.000  63.72301162
(-9.0545031, -22.7738858, -0.4611503, -0.8822185, -0.1312540, -0.3534460, -0.2820264)    0    0 143.69817358  0 0.400  95.55917588
(-9.3124382, -22.5366219, -0.5317840, -0.8822158, -0.1312635, -0.3534432, -0.2820338)    0    0 144.88609242  8 0.480  96.79430455
(-9.2577602, -22.5938790, -0.9689700, -0.8822171, -0.1312589, -0.3534444, -0.2820302)    0    0 145.66914473  1 0.720  98.22827058
(-14.7420622, -23.5498898,  1.1433960,  0.7595868, -0.0344082, -0.6075081,  0.2297345)    0    0  81.07508566  0 5.000  54.05363409
(-9.8274322, -27.3901513,  7.7926121,  0.5486143, -0.4665690, -0.1630165,  0.6743599)    0    0  87.43186106  8 0.240  59.02814542
(-4.6664517, -20.8822737, 12.3028774, -0.3078282, -0.1141065,  0.6446930,  0.6903567)    0    0  97.15021774  0 0.400  64.77498954
(-9.1550460, -22.3070021, -0.3780454, -0.8822174, -0.1312579, -0.3534449, -0.2820294)    0    0 142.02969602  0 0.480  92.37866325
(-0.3056266, -28.1533313,  1.5320965,  0.4367067,  0.1103699,  0.8844590,  0.1218114)    0    0  78.58197047  0 5.000  52.38798032
(-4.6610107, -20.7199302, 12.2886356, -0.3078282, -0.1141065,  0.6446930,  0.6903567)    0    0  96.46593922  7 0.240  64.00332253
(-2.8945979, -23.4187031,  6.9382061,  0.1364805, -0.4136303,  0.1328646, -0.8902977)    0    0 120.71925604  2 2.080  80.22243752
(-4.7555197, -20.7411857, 12.0806599, -0.3078282, -0.1141065,  0.6446930,  0.6903567)    0    0  98.05876009  1 0.640  64.73092811
(-2.9359966, -23.4148206,  6.9319134,  0.1364805, -0.4136303,  0.1328646, -0.8902977)    0    0 120.99374557  0 1.280  81.08777993
(-9.0243406, -23.0614035, -0.5475078, -0.8822154, -0.1312653, -0.3534427, -0.2820351)    0    0 142.81636882  0 0.400  94.96034287
(-10.1179599, -21.1343463,  5.0972623,  0.4482345, -0.7352923,  0.2570119, -0.4386068)    0    0 124.27457817  7 3.400  81.87860630
(-9.2941249, -22.2779995, -0.4334026, -0.8822163, -0.1312623, -0.3534435, -0.2820326)    0    0 141.17964129 30 0.000  93.93877039
(-9.3349875, -22.5265801, -0.5073246, -0.8822159, -0.1312629, -0.3534434, -0.2820335)    0    0 145.26112255  7 4.840  96.67243186
(-5.2548722, -20.8059697, 12.4561028, -0.3078282, -0.1141065,  0.6446930,  0.6903567)    0    0  99.38903989  3 4.720  66.54173497
(-9.6919058, -21.1341530,  4.9121427,  0.4482345, -0.7352923,  0.2570119, -0.4386068)    0    0 125.70366016  1 4.800  83.71924210
(-8.9399816, -23.4279955, -0.4702287, -0.8822162, -0.1312624, -0.3534434, -0.2820328)    0    0 143.56198296  1 0.480  95.82756686
(-2.3831921, -23.4746415,  6.9471549,  0.1364805, -0.4136303,  0.1328646, -0.8902977)    0    0 119.58519650  5 0.480  79.71703196
(-9.8917797, -20.9711615,  4.7658290,  0.4482395, -0.7352928,  0.2570168, -0.4385981)    0    0 123.67405726  9 0.160  82.31376435
(-0.6021699, -23.9050605,  4.9348635, -0.1215259,  0.1534148, -0.8506813, -0.4878901)    0    0 117.01938785  1 0.480  79.70732779
(-9.3864044, -22.6921760, -0.5379146, -0.8822169, -0.1312604, -0.3534441, -0.2820309)    0    0 140.41435608 15 0.000  92.42630348
(-9.6816797, -27.2433621,  6.9270123,  0.5486143, -0.4665690, -0.1630165,  0.6743599)    0    0  88.07432868  4 0.560  58.37703950
(-9.8390323, -20.7780638,  4.9592430,  0.4482633, -0.7353120,  0.2570607, -0.4385157)    0    0 124.21978706  4 0.320  82.94445623
(-4.8002302, -20.7727618, 11.6556560, -0.3078283, -0.1141064,  0.6446930,  0.6903567)    0    0  95.83241645  4 0.320  65.11191736
(-2.9265028, -23.4161379,  6.9321487,  0.1364805, -0.4136303,  0.1328646, -0.8902977)    0    0 120.80527322  5 3.520  80.27741576
(-9.6044565, -21.3425729,  4.8946124,  0.4482412, -0.7352925,  0.2570181, -0.4385960)    0    0 123.43931631  0 0.400  82.40614305
(-14.6932678, -23.6418137,  1.2392673,  0.7595868, -0.0344082, -0.6075081,  0.2297345)    0    0  77.36950498  5 5.000  50.73208305
(-9.7357604, -27.3953698,  7.1811823,  0.5486143, -0.4665690, -0.1630165,  0.6743599)    0    0  87.38627521  1 0.720  57.22619124
(-2.8872587, -23.4520013,  6.8850570,  0.1364804, -0.4136301,  0.1328641, -0.8902979)    0    0 118.67084792 13 0.000  79.52621926
(-10.4605039, -20.9462169,  4.9265206,  0.4482345, -0.7352923,  0.2570119, -0.4386068)    0    0 124.71271155  5 0.520  83.51120578
(-5.1925011, -27.2391806, -2.5716015,  0.2523866, -0.5223177, -0.3317247, -0.7439381)    0    0  22.92187293  4 4.920  46.13626851
(-9.6776046, -22.6093294, -0.2867633, -0.8822166, -0.1312612, -0.3534438, -0.2820316)    0    0 141.66752036 10 0.000  94.21795996
(-9.2236553, -22.4742245, -0.3085127, -0.8822171, -0.1312601, -0.3534441, -0.2820304)    0    0 143.87032643  0 0.400  97.35890675
(-5.1817294, -20.7648077, 12.5018990, -0.3078282, -0.1141065,  0.6446930,  0.6903567)    0    0  97.56289395 13 0.000  65.32578000
(-1.0871710, -23.7466634,  4.7636694, -0.1215259,  0.1534148, -0.8506813, -0.4878901)    0    0 119.81750281  5 0.600  79.62526546
(-1.3354415, -23.6611824,  4.5268967, -0.1215259,  0.1534148, -0.8506813, -0.4878901)    0    0 118.70412643  5 0.320  79.64969640
(-2.9898032, -23.2951652,  6.1632885,  0.1083251, -0.3648650, -0.0191619, -0.9245388)    0    0 -11.57034068  1 0.640 -31.57362722
(-6.9878766, -25.9260272, 13.9591068,  0.1911050, -0.5824568,  0.0130326,  0.7899703)    0    0 -12.46666520  0 5.000  -8.31111013
(-2.8355931, -23.3970339,  6.8127646,  0.1364805, -0.4136302,  0.1328646, -0.8902978)    0    0 119.97964497  5 0.640  79.41639969
(-1.1600167, -23.7161290,  4.6631575, -0.1215259,  0.1534148, -0.8506813, -0.4878901)    0    0 121.21356354  2 1.200  81.43717103
(-4.4455231, -20.5543741, 12.3630225, -0.3078283, -0.1141064,  0.6446930,  0.6903567)    0    0  96.94604202  0 0.400  64.28149199
(-4.3924673, -20.9223054, 11.8115981, -0.3078282, -0.1141065,  0.6446930,  0.6903567)    0    0  97.78413502 12 1.600  65.18519435
(-4.7773582, -21.0079135, 12.2662681, -0.3078283, -0.1141064,  0.6446930,  0.6903568)    0    0  96.09240417 17 0.000  63.83110344
(-9.6615639, -27.3663298,  7.0454006,  0.5486143, -0.4665690, -0.1630165,  0.6743599)    0    0  86.70559967  0 0.400  59.38650291
(-10.1293036, -21.0886203,  5.0300435,  0.4482345, -0.7352923,  0.2570119, -0.4386068)    0    0 126.39500946  0 5.000  84.26347337
(-14.8263051, -23.3852005,  0.9798645,  0.7595868, -0.0344082, -0.6075081,  0.2297345)    0    0  78.51594562  2 5.000  52.37157079
(-9.0634741, -22.4720947, -0.0985323, -0.8822164, -0.1312618, -0.3534436, -0.2820321)    0    0 143.20096394 28 0.000  95.25311720
(-9.7564190, -21.9192481,  9.7683164, -0.4971330, -0.2610864,  0.1373668,  0.8159798)    0    0  83.98002118  6 2.920  56.07046643
(-8.9914572, -23.1579519, -0.4088025, -0.8822163, -0.1312618, -0.3534437, -0.2820324)    0    0 143.13427725 23 0.000  96.21086854
(-9.1763342, -22.6316700, -0.4312500, -0.8822153, -0.1312657, -0.3534425, -0.2820353)    0    0 143.28752912  8 0.160  95.27336976
(-9.4618128, -22.7424634, -0.6806489, -0.8822166, -0.1312611, -0.3534438, -0.2820318)    0    0 142.96681987  0 0.400  97.29479158
(-9.3162895, -22.5588838, -0.5076629, -0.8822158, -0.1312636, -0.3534432, -0.2820339)    0    0 143.10796902 36 0.000  95.76552895
(-9.1584290, -22.4820511, -0.2511495, -0.8822163, -0.1312619, -0.3534436, -0.2820324)    0    0 144.09364525 12 0.000  96.91533018
(-4.7660010, -20.6961570, 12.2879925, -0.3078282, -0.1141065,  0.6446930,  0.6903567)    0    0  98.73940520  2 0.720  65.75236365
(-9.9284041, -27.4428214,  7.2992613,  0.5486143, -0.4665690, -0.1630165,  0.6743599)    0    0  87.24693061 12 0.240  58.28892305
(-0.8986748, -13.8852842,  2.0857203, -0.3340179,  0.4500990,  0.1419047,  0.8159081)    0    0 -1078.90380241  0 5.000 -719.26920160
(-9.8168596, -22.0854458, 10.0838324, -0.4971330, -0.2610864,  0.1373668,  0.8159798)    0    0  84.74768037  5 2.520  56.40438668
(-9.0372956, -22.4070682, -0.6003785, -0.8822169, -0.1312595, -0.3534444, -0.2820307)    0    0 145.27100855  6 0.480  97.68157043
(-9.2963522, -22.4632606, -0.5512966, -0.8822155, -0.1312645, -0.3534429, -0.2820347)    0    0 142.86135290  0 0.400  94.36867872
(-8.6475177, -22.9669158, -0.4304517, -0.8822166, -0.1312597, -0.3534445, -0.2820314)    0    0 141.10957451  0 0.400  94.03940423
(-9.3107128, -23.0993913, -0.3501255, -0.8822162, -0.1312626, -0.3534434, -0.2820326)    0    0 142.42343650  7 0.240  94.90809161
(-9.1106909, -22.7481976, -0.8949249, -0.8822166, -0.1312603, -0.3534442, -0.2820315)    0    0 144.25414133  4 0.480  96.15083078
(-9.0227042, -22.4606532, -0.3463181, -0.8822183, -0.1312553, -0.3534454, -0.2820271)    0    0 143.76892418 17 0.000  96.05759772
(-2.7114305, -23.5556812,  6.2935923,  0.1360668, -0.4129508,  0.1305047, -0.8910215)    0    0 107.07578746  1 0.720  72.70142079
(-2.8894941, -23.4459813,  7.1376650,  0.1364805, -0.4136303,  0.1328646, -0.8902977)    0    0 120.21232143  5 0.800  80.00568025
(-9.9213466, -21.1311995,  5.0023158,  0.4482345, -0.7352923,  0.2570119, -0.4386068)    0    0 124.08902676 10 2.680  82.73562853
(-9.6800955, -22.5745639, -0.8154310, -0.8822159, -0.1312630, -0.3534434, -0.2820336)    0    0 145.58335016  2 0.640  98.31781019
(-0.5580372, -23.8507113,  5.1138277, -0.1215259,  0.1534148, -0.8506813, -0.4878901)    0    0 119.71226958  0 0.560  79.67824033
(-9.4256260, -22.4028984, -0.0508621, -0.8822163, -0.1312625, -0.3534435, -0.2820324)    0    0 143.87989747  8 0.160  96.34883897
(-9.3399339, -22.9329586, -0.7692223, -0.8822166, -0.1312606, -0.3534440, -0.2820316)    0    0 142.28833705 10 0.000  94.98583945
(-9.8914340, -21.1916413,  5.0961110,  0.4482354, -0.7352922,  0.2570125, -0.4386057)    0    0 124.05610804 10 0.080  82.43887636
(-9.7004134, -27.7252044,  7.0874008,  0.5486143, -0.4665690, -0.1630165,  0.6743599)    0    0  88.14391765  1 0.560  59.57969032
(-3.0549261, -23.3792077,  7.0331064,  0.1364805, -0.4136303,  0.1328647, -0.8902977)    0    0 120.54365905  3 0.720  81.54267931
(-2.2104976, -23.6670122,  6.6888782,  0.1364805, -0.4136302,  0.1328645, -0.8902978)    0    0 117.50389787 18 0.000  79.59678629
(-9.8798950, -22.0201235,  9.8333782, -0.4971330, -0.2610864,  0.1373668,  0.8159798)    0    0  85.24696683  2 4.760  56.79083443
(-9.5965926, -27.1871081,  6.9510539,  0.5486143, -0.4665690, -0.1630165,  0.6743599)    0    0  88.10767878  6 0.520  58.76234350
(-1.1247362, -23.7636577,  4.7547751, -0.1215259,  0.1534148, -0.8506813, -0.4878901)    0    0 119.93726615  5 1.680  79.44052966
(-4.8834045, -27.3645194, -2.6486704,  0.1040124, -0.5224607, -0.3742116, -0.7590665)    0    0 -70.60181713  6 4.840 -105.10377954
(-10.5353548, -20.8963784,  5.0443710,  0.4482362, -0.7352927,  0.2570138, -0.4386033)    0    0 123.49076203  2 0.400  82.25379359
(-9.2271420, -22.4173820, -0.3950238, -0.8822163, -0.1312615, -0.3534438, -0.2820323)    0    0 145.40287274  5 0.480  97.44006218
(-9.2989412, -22.4923719, -0.4350299, -0.8822163, -0.1312615, -0.3534439, -0.2820324)    0    0 145.41524550  1 0.720  97.69832041
(-8.9988374, -22.7254376, -0.3409317, -0.8822178, -0.1312564, -0.3534451, -0.2820283)    0    0 142.91172506  8 0.000  95.65785066
(-5.1814040, -27.3346270, -2.9303758,  0.2732266, -0.5212640, -0.3249583, -0.7402910)    0    0  77.33065439  2 5.000  58.94297691
(-0.8382000, -23.4481419,  5.1317201, -0.1215155,  0.1533866, -0.8506601, -0.4879384)    0    0 119.29789035  7 0.240  79.97325289
(-10.1356004, -21.2846296,  5.2923959,  0.4482381, -0.7352918,  0.2570144, -0.4386026)    0    0 123.51487164  0 0.400  82.34335865
(-2.7829609, -23.8354426,  7.0265525,  0.1364805, -0.4136303,  0.1328646, -0.8902977)    0    0 118.16311206  9 0.080  82.15366253
(-4.6853325, -20.5118703, 12.3768376, -0.3078283, -0.1141064,  0.6446930,  0.6903567)    0    0  98.55746145  3 0.560  66.21536865
(-9.8913347, -22.0064920,  9.7837604, -0.4969665, -0.2609251,  0.1381889,  0.8159936)    0    0  83.80912076  8 0.680  56.68551448
(-9.6226937, -22.7099884, -0.9190165, -0.8822160, -0.1312631, -0.3534433, -0.2820333)    0    0 142.56112294 16 0.000  95.08042596
(-9.5625335, -22.4352264, -0.4517873, -0.8822156, -0.1312640, -0.3534431, -0.2820344)    0    0 142.92405421 26 0.000  95.47983270
(-0.6844077, -28.2361610,  1.2441123,  0.4367067,  0.1103699,  0.8844590,  0.1218114)    0    0  77.34032434  1 5.000  51.85353174
(-0.8920353, -23.7208461,  5.0105936, -0.1215259,  0.1534148, -0.8506813, -0.4878901)    0    0 122.96896889  0 5.000  81.97931261
(-10.3589975, -21.0759252,  5.1140573,  0.4482345, -0.7352923,  0.2570119, -0.4386068)    0    0 125.00555988  4 4.760  83.58871305
(-2.6970968, -23.4085286,  6.5942660,  0.1364803, -0.4136299,  0.1328634, -0.8902981)    0    0 118.64112090  8 0.160  79.74470875
(-9.3185942, -22.5572013, -0.5149995, -0.8822159, -0.1312628, -0.3534435, -0.2820334)    0    0 147.66014490  0 3.200  98.48173039
(-5.1494365, -20.7962375, 12.3455624, -0.3078282, -0.1141065,  0.6446930,  0.6903567)    0    0  98.23098344  7 0.480  65.11621362
(-0.9439903, -23.6967856,  4.9291664, -0.1215259,  0.1534148, -0.8506813, -0.4878901)    0    0 118.85616653 12 1.760  77.48641272
(-9.8982059, -21.0321863,  4.8142408,  0.4482354, -0.7352922,  0.2570125, -0.4386057)    0    0 124.11210068  3 0.480  82.70453927
(-0.8567688, -23.4226978,  4.8497116, -0.1215259,  0.1534148, -0.8506813, -0.4878901)    0    0 118.08450713  1 0.400  80.77771694
(-9.6491798, -22.6920458, -0.1840799, -0.8822169, -0.1312605, -0.3534440, -0.2820307)    0    0 143.66188048  0 0.400  95.47341527
(-2.3826669, -23.4522391,  6.9582492,  0.1364805, -0.4136303,  0.1328646, -0.8902977)    0    0 119.04768066  8 0.240  79.26608452
(-0.8105106, -23.5979649,  5.0756258, -0.1215259,  0.1534148, -0.8506813, -0.4878901)    0    0 118.82665304  3 0.480  79.86300705
(-9.5070426, -22.5387498, -0.3021675, -0.8822160, -0.1312630, -0.3534433, -0.2820331)    0    0 141.12973508  0 0.400  95.11327083
(-2.9171152, -23.4019970,  6.8326117,  0.1364805, -0.4136303,  0.1328646, -0.8902977)    0    0 115.15615804 14 0.000  75.23546216
(-4.4999361, -20.5629121, 12.4396097, -0.3078283, -0.1141064,  0.6446930,  0.6903567)    0    0  96.58338314  4 0.560  64.97494761
(-9.2415956, -22.4135276, -0.4277326, -0.8822162, -0.1312620, -0.3534436, -0.2820329)    0    0 142.78253880 29 0.000  96.53492095
(-0.8008583, -24.0519952,  5.3812321, -0.1215259,  0.1534148, -0.8506813, -0.4878901)    0    0 118.86397300 10 0.320  77.54179931
(-0.9697632, -23.7738222,  4.8400059, -0.1215259,  0.1534148, -0.8506813, -0.4878901)    0    0 119.51419560  2 0.880  79.95414587
(-9.9085956, -27.2554377,  6.5554540,  0.5486143, -0.4665690, -0.1630165,  0.6743599)    0    0  88.38259342  4 2.280  59.49958202
(-9.7864822, -21.2424848,  5.1603493,  0.4482372, -0.7352919,  0.2570138, -0.4386037)    0    0 121.11195218  1 0.560  82.27782866
(-9.4293359, -22.7839216, -0.6957485, -0.8822160, -0.1312625, -0.3534436, -0.2820332)    0    0 144.28848045  0 0.400  97.35991024
(-9.8148424, -21.9997748,  9.9162549, -0.4971053, -0.2610595,  0.1375038,  0.8159822)    0    0  83.95730518  7 3.400  55.50516874
(-8.9904795, -22.1786068, -0.3023299, -0.8822172, -0.1312588, -0.3534445, -0.2820299)    0    0 143.15055938 17 0.000  96.24906317
(-4.8858913, -27.1182840, -2.5326821,  0.2746388, -0.5211837, -0.3244929, -0.7400307)    0    0  89.82622082  1 5.000  60.79696224
(-9.1997613, -22.5898282, -0.5284306, -0.8822165, -0.1312614, -0.3534438, -0.2820319)    0    0 144.27435674 16 2.360  95.93649305
(-10.3779742, -20.9884605,  4.9749039,  0.4482345, -0.7352923,  0.2570119, -0.4386068)    0    0 125.15416052  2 2.320  83.48611821
(-0.0983542, -28.0899667,  1.7178657,  0.4367067,  0.1103699,  0.8844590,  0.1218114)    0    0  77.33525256  2 5.000  51.47437390
(-0.9606553, -23.6746833,  5.2184247, -0.1215259,  0.1534148, -0.8506813, -0.4878901)    0    0 118.21445237  9 0.160  76.99479667
(-4.5670645, -20.8580313, 11.9007516, -0.3078282, -0.1141065,  0.6446930,  0.6903567)    0    0  98.03753993  4 0.400  65.07425150
(-5.1601694, -27.1512138, -2.5571192, -0.0672126, -0.5074140, -0.4114815, -0.7541197)    0    0   6.58124043  5 5.000 -78.60801317
(-9.8305001, -21.1741330,  5.0291116,  0.4482363, -0.7352920,  0.2570132, -0.4386047)    0    0 123.47104810 12 0.000  82.21308984
(-9.7808984, -22.1356976, 10.2570412, -0.4971330, -0.2610864,  0.1373668,  0.8159798)    0    0  86.26834974  1 3.560  57.66601441
(-0.9316221, -23.7437067,  5.0082198, -0.1210796,  0.1522030, -0.8497671, -0.4899623)    0    0 110.38160082 16 0.000  77.01735331
(-9.5152438, -22.9406467, -0.1731487, -0.8822153, -0.1312660, -0.3534424, -0.2820352)    0    0 142.44836047  0 0.400  95.50546608
(-9.7309720, -27.4215417,  6.7546758,  0.5486143, -0.4665690, -0.1630165,  0.6743599)    0    0  87.74531469  1 0.600  58.03742411
(-2.7243542, -23.3466388,  6.5740887,  0.1364805, -0.4136303,  0.1328647, -0.8902977)    0    0 120.39495014  1 0.720  80.75190651
(-9.8167554, -27.3538133,  7.1338921,  0.5486143, -0.4665690, -0.1630165,  0.6743599)    0    0  90.72356321  0 5.000  60.48237720
(-4.4147522, -20.6217263, 12.1383479, -0.3078282, -0.1141065,  0.6446930,  0.6903567)    0    0  96.95787855  0 0.400  64.34987411
(-9.2028830, -22.5011382, -0.4448164, -0.8822172, -0.1312602, -0.3534440, -0.2820299)    0    0 143.14195346  0 0.400  94.88634342
(-9.5093961, -22.6990738, -0.3447202, -0.8822164, -0.1312614, -0.3534438, -0.2820320)    0    0 144.75132451  0 0.400  97.74222487
(-0.2777657, -28.1472379,  1.5532804,  0.4367067,  0.1103699,  0.8844590,  0.1218114)    0    0  77.24754785  3 5.000  51.18348250
(-5.0912225, -27.1928763, -2.5805142,  0.2746854, -0.5211805, -0.3244771, -0.7400213)    0    0  89.86643026  0 5.000  60.02223290
(-9.8270979, -27.2780594,  6.7083899,  0.5486143, -0.4665690, -0.1630165,  0.6743599)    0    0  89.28477207  2 5.000  59.75784283
(-9.6006264, -22.7056770, -0.2771464, -0.8822173, -0.1312585, -0.3534445, -0.2820298)    0    0 144.75469496 10 0.400  95.81281818
(-10.5463564, -20.8770721,  4.8525403,  0.4482381, -0.7352918,  0.2570144, -0.4386026)    0    0 124.98182113  0 0.600  84.01393338
(-0.7318731, -24.1597268,  5.1280496, -0.1215155,  0.1533866, -0.8506601, -0.4879384)    0    0 117.53192834  0 0.560  78.16310239
(-0.5848986, -28.2231573,  1.3060889,  0.4367067,  0.1103699,  0.8844590,  0.1218114)    0    0  77.13249996  4 5.000  51.52702431
(-2.6982935, -23.4846618,  6.7179153,  0.1364805, -0.4136303,  0.1328647, -0.8902977)    0    0 118.62840896  8 0.320  77.55409600
(-9.8359386, -27.6099771,  7.6151798,  0.5486143, -0.4665690, -0.1630165,  0.6743599)    0    0  87.93459614  8 0.520  59.81798833
(-9.3595646, -22.7682392, -0.5980277, -0.8822176, -0.1312571, -0.3534450, -0.2820288)    0    0 143.81444828  0 0.480  96.53511881
(-10.4275702, -21.0137331,  5.0328768,  0.4482345, -0.7352923,  0.2570119, -0.4386068)    0    0 125.08944218  3 1.440  83.35540432
(-4.6960610, -20.7714304, 12.1026280, -0.3078282, -0.1141065,  0.6446930,  0.6903567)    0    0  98.73255791  5 3.560  65.70939964
(-9.8639910, -22.0387023,  9.9014684, -0.4971330, -0.2610864,  0.1373668,  0.8159798)    0    0  86.95217138  0 5.000  57.96811425
(-4.8220352, -20.7523203, 12.1486726, -0.3078282, -0.1141065,  0.6446930,  0.6903567)    0    0  94.97688211 20 0.000  63.47386950
(-9.9144971, -22.0170996,  9.7747946, -0.4971063, -0.2610565,  0.1375027,  0.8159827)    0    0  84.82427659  4 0.840  57.52027843
(-9.3979082, -27.5272911,  6.7429169,  0.5486143, -0.4665690, -0.1630165,  0.6743599)    0    0  87.20473687  1 0.400  59.12650430
(-4.6514344, -20.7361752, 12.0480768, -0.3078282, -0.1141065,  0.6446930,  0.6903567)    0    0 100.30831084  0 5.000  66.87690900
(-2.5492704, -23.5947850,  6.7229249,  0.1364805, -0.4136303,  0.1328646, -0.8902978)    0    0 119.22714550  6 0.480  78.85778594
(-2.6345893, -23.6251820,  6.1418323,  0.1360531, -0.4129281,  0.1304264, -0.8910453)    0    0 106.70267085  4 0.480  71.90392819
(-0.7436163, -23.6696168,  5.2713827, -0.1215259,  0.1534148, -0.8506813, -0.4878901)    0    0 121.04375043  3 1.440  81.17027524
(-2.8445472, -23.3933032,  6.9398720,  0.1348158, -0.4108807,  0.1234201, -0.8931191)    0    0  95.40077778  4 0.480  73.79100359
(-9.6616380, -22.6736225, -0.3850911, -0.8822181, -0.1312561, -0.3534451, -0.2820275)    0    0 143.71305590  0 0.400  96.05226798
(-4.9098088, -20.6601484, 12.3330312, -0.3078282, -0.1141065,  0.6446930,  0.6903567)    0    0  97.57696958  7 0.240  65.30978709
(-9.8255673, -23.0275800, -0.0542733, -0.8822163, -0.1312622, -0.3534435, -0.2820325)    0    0 144.76116097  1 0.640  96.73182079
(-9.4050830, -22.8913129, -0.2283142, -0.8822153, -0.1312653, -0.3534427, -0.2820351)    0    0 144.28596145  0 0.400  96.64150737
(-9.3631317, -22.4235375, -0.4401196, -0.8822154, -0.1312651, -0.3534427, -0.2820351)    0    0 135.79804365  0 0.400  93.50483590
(-9.5552956, -21.8540416,  9.9056675, -0.4971330, -0.2610864,  0.1373668,  0.8159798)    0    0  83.49341151  9 0.600  57.41543174
(-9.8665231, -22.3303906, 10.6083870, -0.4971330, -0.2610864,  0.1373668,  0.8159798)    0    0  84.93326287  3 0.760  56.52750142
(-4.7334339, -20.6015848, 12.0403246, -0.3078283, -0.1141064,  0.6446930,  0.6903568)    0    0  96.97835106  0 0.400  64.32725524
(-9.5146802, -22.5439222, -0.3449285, -0.8822172, -0.1312580, -0.3534449, -0.2820298)    0    0 141.50944183 27 0.000  93.73464651
(-8.9494009, -22.7144861, -0.1512047, -0.8822168, -0.1312597, -0.3534443, -0.2820311)    0    0 140.59282858  0 0.400  93.69294695
(-0.8156220, -23.7343631,  5.1411586, -0.1215259,  0.1534148, -0.8506813, -0.4878901)    0    0 120.21144456  0 0.480  80.54745888
(-2.4208079, -23.3418880,  7.3960535,  0.1364547, -0.4135880,  0.1327172, -0.8903433)    0    0 118.72744732  8 0.320  79.99238746
(-5.5211778, -21.0145523, 12.1884619, -0.3078282, -0.1141065,  0.6446930,  0.6903567)    0    0  98.14023690  3 0.320  65.84961718
(-9.4119883, -22.9231609, -0.2130507, -0.8822165, -0.1312616, -0.3534437, -0.2820320)    0    0 144.23639463 16 0.000  95.72893886
(-14.5932828, -23.8384751,  1.4329557,  0.7595868, -0.0344082, -0.6075081,  0.2297345)    0    0  79.27790108  1 5.000  53.67909066
(-9.0998135, -23.1601926, -0.9400277, -0.8822168, -0.1312599, -0.3534443, -0.2820310)    0    0 143.44161167  4 0.320  95.89788083
(-8.9532219, -22.9400722, -0.2691147, -0.8822171, -0.1312586, -0.3534447, -0.2820301)    0    0 140.39810837  8 0.160  92.26208619
(-9.4088478, -22.9729364, -0.2384414, -0.8822150, -0.1312670, -0.3534421, -0.2820361)    0    0 142.69516339  0 0.400  95.85890173
(-9.5530523, -20.8861460,  4.8253461,  0.4482448, -0.7352920,  0.2570205, -0.4385918)    0    0 121.12336150  0 0.400  79.84945818
(-5.6812518, -27.4169995, -2.7513349,  0.2719351, -0.5213354, -0.3253824, -0.7405261)    0    0  74.51544609  3 5.000  59.75072392
(-9.0842966, -22.6281703, -0.6171002, -0.8822180, -0.1312562, -0.3534453, -0.2820279)    0    0 141.73922005 14 0.000  92.68739962
(-9.3243064, -23.0921882, -0.2167289, -0.8822162, -0.1312626, -0.3534434, -0.2820328)    0    0 144.59025205  8 0.160  96.63766780
(-9.6479803, -21.1206665,  4.8448128,  0.4482363, -0.7352920,  0.2570132, -0.4386047)    0    0 123.95017366  0 0.560  82.51725026
(-0.7862025, -23.5621759,  5.1989971, -0.1215259,  0.1534148, -0.8506813, -0.4878901)    0    0 119.11499400  2 0.480  80.78568564
(-9.6326249, -22.4989235, -0.6372410, -0.8822167, -0.1312596, -0.3534443, -0.2820313)    0    0 143.14662398  0 0.400  96.03280948
(-2.7713249, -23.3857359,  6.8686994,  0.1364676, -0.4136091,  0.1327909, -0.8903205)    0    0 118.67302371  4 0.560  77.81597826
(-4.6744287, -20.8573592, 12.1138800, -0.3078282, -0.1141065,  0.6446930,  0.6903567)    0    0  96.92048110  0 0.400  65.23722265
(-4.9817190, -20.7727548, 12.2731888, -0.3078282, -0.1141065,  0.6446930,  0.6903567)    0    0  99.41582343  2 2.080  65.85789631
(-9.6478441, -27.6397306,  7.4151451,  0.5486143, -0.4665690, -0.1630165,  0.6743599)    0    0  85.67667068  9 0.360  54.37587507
(-14.7990675, -23.4387889,  1.0326263,  0.7595868, -0.0344082, -0.6075081,  0.2297345)    0    0  78.03518507  4 5.000  52.01158776
(-9.1657211, -22.8730732, -0.6971678, -0.8822161, -0.1312621, -0.3534437, -0.2820330)    0    0 144.06789461  0 0.400  96.77193737
(-5.1046349, -20.7821850, 12.2987676, -0.3078283, -0.1141064,  0.6446930,  0.6903567)    0    0  98.04717748  5 0.400  65.99248326
(-2.7101598, -23.7330981,  6.7991474,  0.1364804, -0.4136301,  0.1328641, -0.8902979)    0    0 117.67159743  2 0.560  76.49207643
(-9.3464583, -22.5050159, -0.6022474, -0.8822164, -0.1312617, -0.3534437, -0.2820322)    0    0 141.70625032  8 0.160  94.38499193
(-9.1062456, -22.9543404, -0.6147605, -0.8822158, -0.1312631, -0.3534434, -0.2820336)    0    0 145.55665060  3 2.080  97.20853108
(-2.2204589, -23.6521330,  6.6896321,  0.1364547, -0.4135880,  0.1327172, -0.8903433)    0    0 117.46951257  7 0.240  80.24192585
(-9.8215070, -27.3368598,  7.0674172,  0.5486143, -0.4665690, -0.1630165,  0.6743599)    0    0  89.47827183  1 5.000  59.47790131
(-3.1727364, -23.3023520,  6.5798109,  0.1364805, -0.4136303,  0.1328647, -0.8902977)    0    0 119.36390614  5 0.360  80.16345369
(-2.5462649, -23.7222276,  6.6935184,  0.1364674, -0.4136088,  0.1327897, -0.8903209)    0    0 117.16102727  2 0.560  75.83811728
(-0.8666559, -23.7168041,  5.0457199, -0.1215259,  0.1534148, -0.8506813, -0.4878901)    0    0 121.33105816  1 2.400  80.61607344
(-4.6790007, -20.7392299, 12.0668622, -0.3078282, -0.1141065,  0.6446930,  0.6903567)    0    0  99.66770339  1 4.640  66.47042312
(-9.7911680, -27.3924365,  7.1968142,  0.5486143, -0.4665690, -0.1630165,  0.6743599)    0    0  89.09286208  3 3.200  59.17238152
