#Coordinates  RecID  LigID  Luciferin  Neighbor's number  Vision Range  Scoring
(-4.4284358, -20.3963390, 11.5247093, -0.3078282, -0.1141065,  0.6446930,  0.6903567)    0    0  96.26730735  0 0.640  62.96190749
(-9.4163484, -22.7885986, -0.6865682, -0.8822160, -0.1312626, -0.3534435, -0.2820333)    0    0 143.16177681 15 0.000  93.27563461
(-1.1404369, -23.6928556,  4.6359713, -0.1215188,  0.1533957, -0.8506670, -0.4879228)    0    0 120.33603348  3 0.560  80.83704704
(-14.6367933, -23.7878922,  1.3370244,  0.7595868, -0.0344082, -0.6075081,  0.2297345)    0    0  78.19210919  3 5.000  52.29133089
(-4.8134402, -21.0776211, 12.0745087, -0.3078282, -0.1141065,  0.6446930,  0.6903567)    0    0  96.73013883 11 0.000  64.92596215
(-9.5961158, -22.9692077, -0.4993241, -0.8822160, -0.1312624, -0.3534436, -0.2820331)    0    0 141.51070872  0 0.400  95.05395503
(-9.3087100, -22.5341984, -0.5273817, -0.8822159, -0.1312628, -0.3534435, -0.2820334)    0    0 144.99212347  4 2.320  96.24109467
(-9.3482930, -22.5819387, -0.2740280, -0.8822160, -0.1312625, -0.3534435, -0.2820331)    0    0 140.97361201  0 0.480  96.82310113
(-14.7420622, -23.5498898,  1.1433960,  0.7595868, -0.0344082, -0.6075081,  0.2297345)    0    0  81.08041869  0 5.000  54.05363409
(-10.0062168, -27.1882414,  7.0109683,  0.5486143, -0.4665690, -0.1630165,  0.6743599)    0    0  87.60217363 10 0.160  59.20984051
(-5.2053875, -20.8311693, 11.9118810, -0.3078282, -0.1141065,  0.6446930,  0.6903567)    0    0  97.08774780  0 0.400  64.61574802
(-9.1410823, -22.6991296, -0.5070548, -0.8822161, -0.1312622, -0.3534436, -0.2820330)    0    0 144.08924720  6 0.320  96.54004532
(-0.3056266, -28.1533313,  1.5320965,  0.4367067,  0.1103699,  0.8844590,  0.1218114)    0    0  78.58197047  0 5.000  52.38798032
(-4.5641531, -20.4482819, 12.1062185, -0.3078282, -0.1141065,  0.6446930,  0.6903567)    0    0  96.49342369 10 0.000  64.18965251
(-2.8476201, -23.5097887,  6.3868857,  0.1364805, -0.4136303,  0.1328646, -0.8902977)    0    0 118.28136476  1 0.560  79.42257068
(-4.8741617, -20.6836885, 11.9970319, -0.3078282, -0.1141065,  0.6446930,  0.6903567)    0    0  97.22887949  0 0.560  65.51433664
(-1.6767407, -23.6727277,  5.5095041, -0.0252248, -0.0868710, -0.5811659, -0.8087418)    0    0 -28.17926382  3 1.200 -25.99270919
(-9.5161093, -22.6952305, -0.4539068, -0.8822160, -0.1312625, -0.3534435, -0.2820332)    0    0 142.51439694 16 0.000  94.24350917
(-10.1454538, -21.0582531,  4.9831538,  0.4482345, -0.7352923,  0.2570119, -0.4386068)    0    0 124.77935735  4 1.720  82.93991335
(-9.3533838, -22.6991078, -0.8248042, -0.8822160, -0.1312627, -0.3534435, -0.2820333)    0    0 141.03582567 24 0.000  93.34674485
(-9.7064550, -22.7656477, -0.6460411, -0.8822160, -0.1312626, -0.3534435, -0.2820332)    0    0 140.35429775  1 0.400  92.56086326
(-4.4441792, -20.7170404, 11.8937840, -0.3078282, -0.1141065,  0.6446930,  0.6903567)    0    0  99.40438974  2 5.000  66.86231464
(-9.6919058, -21.1341530,  4.9121427,  0.4482345, -0.7352923,  0.2570119, -0.4386068)    0    0 125.70454750  1 5.000  83.71924210
(-9.7600034, -23.0880778, -0.2179289, -0.8822160, -0.1312625, -0.3534435, -0.2820332)    0    0 142.44953897  0 0.400  94.21486948
(-3.1073625, -23.4583315,  6.6289564,  0.1364805, -0.4136303,  0.1328646, -0.8902977)    0    0 121.01395602  1 1.680  80.81522176
(-10.3079705, -20.6565317,  4.8412069,  0.4482346, -0.7352923,  0.2570120, -0.4386066)    0    0 124.11839797  9 0.080  83.09899056
(-0.9932941, -23.7315750,  5.0416811, -0.1215189,  0.1533957, -0.8506670, -0.4879227)    0    0 117.02384330 10 0.240  77.53799036
(-9.4173599, -23.0388688, -0.8966622, -0.8822161, -0.1312624, -0.3534436, -0.2820330)    0    0 143.25630326 16 0.000  96.99835778
(-9.3546033, -27.3034983,  6.8304277,  0.5486143, -0.4665690, -0.1630165,  0.6743599)    0    0  87.17565434  0 0.720  57.54608653
(-10.3399711, -21.0421294,  4.9481989,  0.4482348, -0.7352925,  0.2570123, -0.4386060)    0    0 123.72095668  8 0.160  83.15048114
(-5.0468558, -20.6898105, 12.4051752, -0.3078282, -0.1141065,  0.6446930,  0.6903567)    0    0  96.66470013  0 0.400  65.40774708
(-2.8692239, -23.8910979,  6.5632298,  0.1263218, -0.3966085,  0.0760584, -0.9060682)    0    0  37.80671385 15 0.000  47.90387299
(-10.1801645, -21.0325898,  5.0192879,  0.4482346, -0.7352923,  0.2570120, -0.4386066)    0    0 123.04418112  7 0.480  81.71934802
(-14.6929605, -23.6402819,  1.2405735,  0.7595868, -0.0344082, -0.6075081,  0.2297345)    0    0  77.96496291  4 5.000  51.28928937
(-9.7088880, -27.4029841,  7.0213532,  0.5486143, -0.4665690, -0.1630165,  0.6743599)    0    0  88.51234242  7 0.560  58.96171423
(-2.5651431, -23.5300835,  6.5177172,  0.1364805, -0.4136303,  0.1328646, -0.8902977)    0    0 120.57829824  3 0.720  81.11519779
(-10.4453500, -21.0854249,  5.1682985,  0.4482345, -0.7352923,  0.2570119, -0.4386068)    0    0 125.20322128  3 2.680  83.68658047
(-5.2029520, -27.2324318, -2.6036776,  0.2746577, -0.5211826, -0.3244866, -0.7400272)    0    0  90.33470223  2 5.000  60.93424120
(-9.1593168, -22.5832900, -0.6773342, -0.8822161, -0.1312623, -0.3534436, -0.2820329)    0    0 142.00280738 20 0.000  95.49916856
(-9.1957145, -22.4884538, -0.3168703, -0.8822159, -0.1312628, -0.3534435, -0.2820334)    0    0 145.44629390  3 2.240  96.72124271
(-5.2882775, -21.0597286, 12.6091811, -0.3078282, -0.1141065,  0.6446930,  0.6903567)    0    0  98.50321613  1 0.480  66.02256525
(-1.4030591, -23.7693777,  4.3437458, -0.1215259,  0.1534148, -0.8506813, -0.4878901)    0    0 120.40945835  5 1.000  80.05624664
(-1.3035743, -23.7570876,  4.4659765, -0.1215259,  0.1534148, -0.8506813, -0.4878901)    0    0 120.60708641  4 0.880  80.72677126
(-2.8344551, -23.3934706,  6.6685386,  0.1360671, -0.4129512,  0.1305061, -0.8910211)    0    0 112.69264246 12 0.000  76.58899939
(-6.9878766, -25.9260272, 13.9591068,  0.1911050, -0.5824568,  0.0130326,  0.7899703)    0    0 -12.46666520  0 5.000  -8.31111013
(-3.3602612, -23.2872540,  6.8114624,  0.1364805, -0.4136303,  0.1328646, -0.8902977)    0    0 119.65211286  8 0.160  80.46358803
(-1.7235485, -23.6536675,  5.4685603,  0.0771957, -0.3060822, -0.1706622, -0.9333964)    0    0  10.40580476 43 0.560 -104.25648753
(-4.6091927, -20.5926593, 11.9436160, -0.3078282, -0.1141065,  0.6446930,  0.6903567)    0    0  97.52795428  1 0.480  64.69530997
(-4.3550821, -20.9191601, 12.0984838, -0.3078282, -0.1141065,  0.6446930,  0.6903567)    0    0  97.39433807 13 0.000  65.01194742
(-4.6057077, -20.6105710, 12.0263183, -0.3078282, -0.1141065,  0.6446930,  0.6903567)    0    0  99.25883286  1 0.720  67.24603617
(-10.0383302, -27.2531048,  7.3664207,  0.5486143, -0.4665690, -0.1630165,  0.6743599)    0    0  89.23757740  3 1.520  60.35937248
(-10.1293036, -21.0886203,  5.0300435,  0.4482345, -0.7352923,  0.2570119, -0.4386068)    0    0 126.39520885  0 5.000  84.26347337
(-14.8263864, -23.3855741,  0.9795305,  0.7595868, -0.0344082, -0.6075081,  0.2297345)    0    0  78.52752482  2 5.000  52.37157079
(-9.2712417, -22.7233845, -0.4032106, -0.8822160, -0.1312626, -0.3534435, -0.2820332)    0    0 139.29305705 25 0.000  91.26543240
(-9.9720550, -22.0219986,  9.6920133, -0.4971317, -0.2610851,  0.1373731,  0.8159799)    0    0  83.42710172  7 1.960  55.47251714
(-9.6731143, -22.6572677, -0.4804086, -0.8822160, -0.1312627, -0.3534435, -0.2820333)    0    0 141.00610888 20 0.000  93.10685301
(-9.1683753, -22.4877944, -0.4962259, -0.8822161, -0.1312624, -0.3534436, -0.2820330)    0    0 143.80512488 15 0.000  96.40187164
(-9.2937000, -22.5680376, -0.5679229, -0.8822160, -0.1312626, -0.3534435, -0.2820333)    0    0 144.80538500  0 0.400  97.67653839
(-9.6739122, -22.8926239, -0.2389806, -0.8822160, -0.1312626, -0.3534435, -0.2820332)    0    0 141.20653440  0 0.400  95.84477635
(-9.5839806, -22.6723573, -0.7985710, -0.8822160, -0.1312626, -0.3534435, -0.2820332)    0    0 141.25519578 15 0.000  91.11044711
(-5.3992988, -20.8080040, 11.8612435, -0.3078282, -0.1141065,  0.6446930,  0.6903567)    0    0  96.63426094 17 0.000  64.01205383
(-9.6378917, -27.2960786,  7.0338693,  0.5486143, -0.4665690, -0.1630165,  0.6743599)    0    0  86.50384043  4 0.480  56.95294391
(-0.8986748, -13.8852842,  2.0857203, -0.3340179,  0.4500990,  0.1419047,  0.8159081)    0    0 -1078.90380241  0 5.000 -719.26920160
(-9.8212134, -22.0884264, 10.0840224, -0.4971320, -0.2610854,  0.1373719,  0.8159799)    0    0  83.75842349  5 2.040  55.38200543
(-9.4728473, -22.5800934, -0.2113049, -0.8822160, -0.1312626, -0.3534435, -0.2820332)    0    0 143.28083892 15 0.000  96.43571212
(-8.9829795, -22.4789790, -0.5602471, -0.8822160, -0.1312627, -0.3534435, -0.2820333)    0    0 140.55368065 44 0.000  92.31635858
(-9.3360550, -22.5432440, -0.7034819, -0.8822160, -0.1312626, -0.3534435, -0.2820332)    0    0 143.36462309  6 0.320  95.57885140
(-9.2712758, -22.4209340, -0.4910130, -0.8822160, -0.1312625, -0.3534436, -0.2820331)    0    0 143.37924166 18 0.000  95.95488667
(-9.4758952, -22.8555438, -0.8324362, -0.8822161, -0.1312623, -0.3534436, -0.2820329)    0    0 143.89956762  0 0.400  96.75133315
(-9.2432949, -22.4807206, -0.1608740, -0.8822160, -0.1312626, -0.3534435, -0.2820332)    0    0 144.97905274  4 0.400  97.30047399
(-2.7544760, -23.8955138,  6.4398687,  0.1364772, -0.4136248,  0.1328456, -0.8903036)    0    0 116.30983260 12 0.000  73.83424506
(-2.5359406, -23.6172285,  6.4921101,  0.1364805, -0.4136303,  0.1328646, -0.8902977)    0    0 118.71922257  7 0.240  79.59962554
(-10.0022634, -21.0861549,  4.9670895,  0.4482345, -0.7352923,  0.2570119, -0.4386068)    0    0 123.42006482  3 0.520  81.17712971
(-9.7279099, -22.6147106, -0.7407400, -0.8822159, -0.1312628, -0.3534435, -0.2820334)    0    0 145.93640600  1 1.360  98.35412303
(-1.2771929, -23.7543172,  4.4958525, -0.1215258,  0.1534147, -0.8506812, -0.4878902)    0    0 120.87963070  1 1.040  81.21172090
(-9.3771801, -22.4306721, -0.4648297, -0.8822159, -0.1312628, -0.3534435, -0.2820334)    0    0 141.92572383  0 0.400  94.63792620
(-9.3058563, -22.5612634, -0.3413784, -0.8822160, -0.1312627, -0.3534435, -0.2820333)    0    0 141.92556476  0 0.400  96.27265882
(-9.8965104, -21.3789983,  5.0772271,  0.4482345, -0.7352923,  0.2570119, -0.4386068)    0    0 124.11882385  2 0.400  82.44417419
(-9.8037371, -27.5933917,  7.4786356,  0.5486143, -0.4665690, -0.1630165,  0.6743599)    0    0  89.20798023  4 0.720  60.18089144
(-3.0034917, -23.4674185,  6.6303161,  0.1364805, -0.4136303,  0.1328646, -0.8902977)    0    0 118.94935509  9 0.240  79.09631441
(-2.5386542, -23.5379002,  6.5116162,  0.1364805, -0.4136303,  0.1328646, -0.8902977)    0    0 120.57230372  3 0.560  81.41212058
(-9.8918497, -22.0717889,  9.9455613, -0.4964615, -0.2604382,  0.1406585,  0.8160278)    0    0  83.85059918  4 2.440  55.96756143
(-9.4689274, -27.5800507,  6.6617851,  0.5486143, -0.4665690, -0.1630165,  0.6743599)    0    0  89.05191311  0 0.680  60.45164053
(-0.9117182, -23.6733853,  4.9994667, -0.1215258,  0.1534147, -0.8506812, -0.4878902)    0    0 120.70544685  3 0.960  80.32613263
(-5.1966338, -27.2326667, -2.6068719,  0.2745162, -0.5211907, -0.3245334, -0.7400535)    0    0  88.13566769  4 5.000  60.96485046
(-10.0106622, -21.2232578,  5.0905660,  0.4482345, -0.7352923,  0.2570119, -0.4386068)    0    0 125.30848815  2 1.040  83.49895763
(-9.1635558, -22.5492392, -0.2556412, -0.8822160, -0.1312627, -0.3534435, -0.2820333)    0    0 143.60361833  0 0.400  96.06416526
(-9.2581105, -22.3055636, -0.4224801, -0.8822160, -0.1312625, -0.3534435, -0.2820332)    0    0 139.29658243  3 0.480  93.10691168
(-9.7016907, -22.9042756, -0.2078848, -0.8822162, -0.1312621, -0.3534436, -0.2820328)    0    0 142.63068725  0 0.400  94.46250272
(-5.3709609, -27.2956441, -2.6491342,  0.2746796, -0.5211813, -0.3244794, -0.7400232)    0    0  90.50435527  0 5.000  60.57516651
(-1.0028575, -23.7040615,  4.9146904, -0.1215223,  0.1534051, -0.8506740, -0.4879067)    0    0 117.97357928  9 0.320  78.64422057
(-9.8846627, -21.0770723,  4.7431379,  0.4482346, -0.7352923,  0.2570120, -0.4386067)    0    0 124.58575116  5 0.640  83.22073449
(-2.9340397, -23.2361447,  6.5943846,  0.1364805, -0.4136303,  0.1328646, -0.8902977)    0    0 120.48559360  4 0.560  80.94759797
(-4.9342356, -20.7387106, 12.4916570, -0.3078282, -0.1141065,  0.6446930,  0.6903567)    0    0  96.50406414 15 0.000  64.34546496
(-9.8914956, -22.0065958,  9.7837697, -0.4971328, -0.2610862,  0.1373676,  0.8159798)    0    0  86.06587765  1 3.080  57.17214886
(-9.4527828, -22.5799394, -0.4649720, -0.8822160, -0.1312625, -0.3534435, -0.2820331)    0    0 144.08214461  0 0.400  96.94323149
(-9.2085201, -22.5876485, -0.5591181, -0.8822160, -0.1312626, -0.3534435, -0.2820332)    0    0 141.46607986 12 0.000  93.96880459
(-0.3634388, -28.3968502,  1.1274626,  0.4367067,  0.1103699,  0.8844590,  0.1218114)    0    0  77.36266815  2 5.000  51.89075988
(-1.9744865, -23.6098614,  6.0325328,  0.1083213, -0.3648580, -0.0191816, -0.9245416)    0    0 -10.90155245 37 0.000 -28.66958025
(-9.3724130, -21.1617402,  4.8158941,  0.4482345, -0.7352923,  0.2570119, -0.4386068)    0    0 124.73506971  5 3.240  83.69661805
(-2.7412997, -23.9751419,  6.3171787,  0.1364805, -0.4136302,  0.1328645, -0.8902978)    0    0 117.85503432 12 0.000  79.15848760
(-9.3185942, -22.5572013, -0.5149995, -0.8822159, -0.1312628, -0.3534435, -0.2820334)    0    0 147.72221797  0 5.000  98.48173039
(-5.1314594, -20.8117829, 12.3614295, -0.3078282, -0.1141065,  0.6446930,  0.6903567)    0    0  98.79836073  6 0.480  66.19683558
(-1.2472637, -23.7517748,  4.5334484, -0.1215259,  0.1534148, -0.8506813, -0.4878901)    0    0 121.44842518  0 2.320  81.17020116
(-9.9560554, -21.0103015,  4.8344349,  0.4482345, -0.7352923,  0.2570119, -0.4386067)    0    0 124.42949422  5 0.400  83.31058242
(-1.0256874, -23.5322654,  4.5709625, -0.1215259,  0.1534148, -0.8506813, -0.4878901)    0    0 118.65866510  7 0.160  80.25791718
(-9.1926636, -22.4959763, -0.4169546, -0.8822160, -0.1312625, -0.3534435, -0.2820331)    0    0 139.78985188  1 0.720  92.55774610
(-2.5809204, -23.3589362,  6.6215967,  0.1364805, -0.4136302,  0.1328645, -0.8902978)    0    0 119.04784279 10 0.240  79.44492998
(-0.9179540, -24.1878816,  4.9821773, -0.1215259,  0.1534148, -0.8506813, -0.4878901)    0    0 119.57671580  0 0.720  79.77238277
(-9.2271761, -22.5311818, -0.2310948, -0.8822161, -0.1312624, -0.3534436, -0.2820330)    0    0 141.00556414  0 0.400  97.67506556
(-2.5715489, -23.5270672,  6.4769016,  0.1364805, -0.4136303,  0.1328646, -0.8902977)    0    0 117.50519338  0 0.400  78.74094679
(-4.2818660, -20.6380024, 11.8422230, -0.3078282, -0.1141065,  0.6446930,  0.6903567)    0    0  97.15081691  0 0.400  64.96682158
(-9.1846306, -22.5147619, -0.3749034, -0.8822160, -0.1312625, -0.3534435, -0.2820332)    0    0 142.77776855 17 0.000  95.68982901
(-0.8320739, -23.8049921,  5.4463852, -0.1215259,  0.1534148, -0.8506813, -0.4878901)    0    0 119.07309224  0 0.640  79.01396912
(-1.2905491, -23.7151009,  4.4271963, -0.1215258,  0.1534146, -0.8506812, -0.4878904)    0    0 120.11739778  8 0.160  80.71091596
(-9.6088552, -27.5662397,  7.4676351,  0.5486143, -0.4665690, -0.1630165,  0.6743599)    0    0  89.46370141  2 1.560  60.11096541
(-9.9407775, -21.1733256,  5.0885506,  0.4482345, -0.7352923,  0.2570119, -0.4386068)    0    0 124.11812587  7 0.640  82.11357566
(-9.2418058, -22.8619490, -0.4129094, -0.8822161, -0.1312623, -0.3534436, -0.2820329)    0    0 142.50800623  0 0.400  95.98097019
(-9.8321540, -22.0606772, 10.0064280, -0.4971318, -0.2610852,  0.1373727,  0.8159799)    0    0  83.07611117  8 2.360  53.43049190
(-9.5728042, -22.9214688, -0.4078129, -0.8822161, -0.1312624, -0.3534436, -0.2820330)    0    0 142.61582337  0 0.400  96.34218950
(-5.8020793, -27.4532775, -2.7526341,  0.2746810, -0.5211812, -0.3244789, -0.7400229)    0    0  90.29239203  3 5.000  60.78681196
(-9.5003742, -22.5025435, -0.6187491, -0.8822160, -0.1312627, -0.3534435, -0.2820333)    0    0 144.57408310  6 0.320  96.44142495
(-9.9511552, -21.1290674,  5.3138894,  0.4482346, -0.7352923,  0.2570120, -0.4386067)    0    0 123.54788889  5 0.400  81.75276150
(-0.0983542, -28.0899667,  1.7178657,  0.4367067,  0.1103699,  0.8844590,  0.1218114)    0    0  77.36418858  1 5.000  51.47437390
(-0.8478951, -23.5310388,  4.7844141, -0.1215189,  0.1533959, -0.8506671, -0.4879225)    0    0 116.80026926  0 0.560  76.03512039
(-4.3735066, -20.6779495, 11.8774372, -0.3078282, -0.1141065,  0.6446930,  0.6903567)    0    0  99.14680577  4 1.520  66.42760871
(-5.6813592, -27.4122491, -2.7322172,  0.2741223, -0.5212133, -0.3246633, -0.7401264)    0    0  86.94997023  5 4.920  60.71464917
(-10.1253967, -21.0465872,  4.9568725,  0.4482345, -0.7352923,  0.2570119, -0.4386068)    0    0 124.24593881  4 0.640  82.22051916
(-10.0981488, -21.9747099,  9.4071184, -0.5077853, -0.2274670,  0.1249337,  0.8214648)    0    0  10.67140458  9 3.160  28.85659298
(-1.4169794, -23.4609639,  4.3605033, -0.1215224,  0.1534053, -0.8506742, -0.4879063)    0    0 120.70974765  2 0.960  80.08540212
(-9.3758937, -22.5671685, -0.1754134, -0.8822161, -0.1312621, -0.3534436, -0.2820328)    0    0 142.45492727 20 0.000  94.89586710
(-9.6668209, -27.4498647,  6.8062510,  0.5486143, -0.4665690, -0.1630165,  0.6743599)    0    0  87.90021880  0 0.440  59.52129663
(-2.7392183, -23.5028359,  6.5646244,  0.1364805, -0.4136303,  0.1328646, -0.8902977)    0    0 123.25093472  0 4.000  82.24434032
(-9.8167554, -27.3538133,  7.1338921,  0.5486143, -0.4665690, -0.1630165,  0.6743599)    0    0  90.72356579  0 5.000  60.48237720
(-4.5551358, -20.4913568, 11.9432556, -0.3078282, -0.1141065,  0.6446930,  0.6903567)    0    0  97.13267808  0 0.400  64.53560720
(-9.8538895, -22.8227563, -0.5990610, -0.8822160, -0.1312627, -0.3534435, -0.2820332)    0    0 143.92595863  5 0.400  95.90714864
(-9.3276317, -23.1182091, -0.2558590, -0.8822160, -0.1312625, -0.3534435, -0.2820331)    0    0 144.14071467  3 0.560  97.59366397
(-0.2430799, -28.1213762,  1.6082041,  0.4367067,  0.1103699,  0.8844590,  0.1218114)    0    0  75.06214743  4 5.000  48.46659302
(-5.0912225, -27.1928763, -2.5805142,  0.2746811, -0.5211812, -0.3244789, -0.7400229)    0    0  90.35692084  1 5.000  60.56320089
(-9.9933253, -27.1801956,  6.8755017,  0.5486143, -0.4665690, -0.1630165,  0.6743599)    0    0  88.59839991  7 3.560  59.72809900
(-9.4824203, -22.6333649, -0.6403198, -0.8822160, -0.1312626, -0.3534435, -0.2820332)    0    0 140.62089922 11 0.000  93.48096263
(-10.4900039, -20.8912245,  4.8593063,  0.4482345, -0.7352923,  0.2570119, -0.4386068)    0    0 124.49289227  6 0.360  83.39828491
(-1.1522777, -23.6315916,  4.6093107, -0.1215224,  0.1534053, -0.8506742, -0.4879064)    0    0 119.62466901  7 0.400  79.33178785
(-0.5931572, -28.2156900,  1.3142967,  0.4367067,  0.1103699,  0.8844590,  0.1218114)    0    0  77.13220250  3 5.000  51.51860728
(-2.8807917, -23.5779033,  6.7443684,  0.1364804, -0.4136301,  0.1328641, -0.8902979)    0    0 115.57658308  7 0.160  75.82894080
(-9.4928091, -27.5019201,  6.7984132,  0.5486143, -0.4665690, -0.1630165,  0.6743599)    0    0  90.59264676  1 1.640  60.50796038
(-9.4553918, -22.7216954, -0.1639532, -0.8822161, -0.1312623, -0.3534436, -0.2820330)    0    0 141.75233283 10 0.000  94.47296278
(-9.9818934, -21.1301163,  5.0369964,  0.4482345, -0.7352923,  0.2570119, -0.4386068)    0    0 124.14102027 10 1.200  82.80747562
(-5.1102593, -20.8925562, 12.3865491, -0.3078282, -0.1141065,  0.6446930,  0.6903567)    0    0  98.83005647  5 0.840  65.70641290
(-9.8639910, -22.0387023,  9.9014684, -0.4971330, -0.2610864,  0.1373668,  0.8159798)    0    0  86.95217138  0 5.000  57.96811425
(-4.6105433, -20.4259215, 11.9197943, -0.3078282, -0.1141065,  0.6446930,  0.6903567)    0    0  97.63652499  8 0.160  65.37081801
(-9.8940441, -22.0037044,  9.7730641, -0.4971327, -0.2610860,  0.1373685,  0.8159798)    0    0  85.93494432  2 2.840  57.21838087
(-9.8274732, -27.3343361,  7.0768234,  0.5486143, -0.4665690, -0.1630165,  0.6743599)    0    0  88.63444741  6 2.000  57.13387023
(-4.6514344, -20.7361752, 12.0480768, -0.3078282, -0.1141065,  0.6446930,  0.6903567)    0    0 100.31532085  0 5.000  66.87690900
(-2.9798710, -23.4344569,  6.3452196,  0.1364803, -0.4136299,  0.1328635, -0.8902981)    0    0 117.24062224  0 0.560  76.40927378
(-3.1232738, -23.6513359,  6.7046029,  0.1364674, -0.4136088,  0.1327897, -0.8903209)    0    0 118.69790111  0 0.480  79.96928642
(-0.6873379, -23.8262077,  5.1890278, -0.1215224,  0.1534053, -0.8506742, -0.4879064)    0    0 120.33098035  7 0.880  80.37326402
(-2.9419634, -23.4367116,  6.6948262,  0.1364675, -0.4136090,  0.1327904, -0.8903207)    0    0 117.44362376  4 0.560  77.09825704
(-9.5987911, -23.0538946, -0.1629177, -0.8822161, -0.1312621, -0.3534436, -0.2820328)    0    0 142.17141690  0 0.400  94.41674227
(-4.6973649, -20.7953386, 12.2222536, -0.3078282, -0.1141065,  0.6446930,  0.6903567)    0    0  98.52374204  2 0.560  65.94573097
(-9.5041978, -22.1577897, -0.7009172, -0.8822160, -0.1312626, -0.3534435, -0.2820333)    0    0 139.38451366  0 0.400  91.48115120
(-9.6320019, -22.9220983, -0.7264282, -0.8822161, -0.1312624, -0.3534436, -0.2820330)    0    0 142.17865395 18 0.000  96.70745609
(-9.2882681, -22.5382389, -0.5353343, -0.8822159, -0.1312628, -0.3534435, -0.2820334)    0    0 144.82083445  7 0.400  96.66481905
(-9.7822834, -22.0528018, 10.0542415, -0.4971326, -0.2610860,  0.1373687,  0.8159798)    0    0  83.87216311  1 0.920  56.22867823
(-9.7908974, -22.2613406, 10.5575397, -0.4971313, -0.2610847,  0.1373753,  0.8159800)    0    0  83.69228684  6 1.560  55.63931616
(-4.4599541, -20.7482745, 11.8403221, -0.3078282, -0.1141065,  0.6446930,  0.6903567)    0    0  96.39132247  0 0.400  65.30709706
(-9.3359718, -22.3098818, -0.6754920, -0.8822161, -0.1312621, -0.3534437, -0.2820329)    0    0 141.15358463  0 0.400  91.32590082
(-9.2151084, -23.1405752, -0.4219746, -0.8822160, -0.1312625, -0.3534435, -0.2820332)    0    0 144.90859507  1 0.720  96.80118234
(-1.2447790, -24.1209616,  4.5633826, -0.1215224,  0.1534053, -0.8506742, -0.4879063)    0    0 120.01862222  8 0.160  81.02271099
(-3.1137046, -23.4352651,  6.6444782,  0.1364771, -0.4136247,  0.1328451, -0.8903038)    0    0 119.41902898  9 0.160  79.56530868
(-4.0493220, -20.6382535, 11.7480987, -0.3078282, -0.1141065,  0.6446930,  0.6903567)    0    0  98.27294249  7 0.320  65.18322614
(-9.2132124, -22.4126013, -0.5194925, -0.8822159, -0.1312628, -0.3534435, -0.2820334)    0    0 143.62581151 17 0.000  96.43871541
(-14.5932828, -23.8384751,  1.4329557,  0.7595868, -0.0344082, -0.6075081,  0.2297345)    0    0  79.27709557  1 5.000  53.67909066
(-9.1051911, -22.1571755, -0.5026148, -0.8822160, -0.1312626, -0.3534435, -0.2820332)    0    0 140.90862367  0 0.480  90.64425942
(-9.3911415, -22.4872859, -0.5726831, -0.8822160, -0.1312625, -0.3534435, -0.2820332)    0    0 142.40856980  7 0.240  94.58418984
(-9.3423135, -22.5915563, -0.3476053, -0.8822160, -0.1312626, -0.3534435, -0.2820332)    0    0 144.28351393  6 0.320  96.39135917
(-9.6951784, -21.2434413,  4.8532169,  0.4482347, -0.7352923,  0.2570121, -0.4386065)    0    0 123.40781720  0 0.480  82.67197746
(-5.7858479, -27.1160308, -2.7295109,  0.2722122, -0.5213202, -0.3252914, -0.7404757)    0    0  78.44496217  6 4.360  59.60218717
(-9.2785060, -22.3589208, -0.2773860, -0.8822159, -0.1312627, -0.3534435, -0.2820334)    0    0 145.48382541  2 0.640  97.93098576
(-9.0890837, -22.3345324, -0.3246188, -0.8822160, -0.1312626, -0.3534435, -0.2820332)    0    0 143.43054104  1 0.400  96.05061236
(-10.0397711, -21.3085413,  5.2254673,  0.4482346, -0.7352923,  0.2570120, -0.4386066)    0    0 123.30874011  0 0.400  82.15051299
(-1.2539406, -23.8169727,  4.6540152, -0.1215224,  0.1534053, -0.8506742, -0.4879063)    0    0 118.49418370 10 0.080  79.21194708
(-9.4344464, -22.4870365, -0.0313805, -0.8822160, -0.1312625, -0.3534436, -0.2820331)    0    0 142.04659613  1 0.480  94.15385876
(-2.5099893, -23.6243501,  6.3273625,  0.1364675, -0.4136089,  0.1327901, -0.8903208)    0    0 116.78009981  6 0.160  79.03063352
(-4.0054412, -20.5525023, 11.6220883, -0.3078282, -0.1141065,  0.6446930,  0.6903567)    0    0  96.93829830  0 0.720  64.00814612
(-4.9817190, -20.7727548, 12.2731888, -0.3078282, -0.1141065,  0.6446930,  0.6903567)    0    0  99.45899155  1 5.000  65.85789631
(-10.0160790, -27.3692996,  6.8869962,  0.5486143, -0.4665690, -0.1630165,  0.6743599)    0    0  85.84320435  8 0.160  56.91756950
(-14.7995538, -23.4413115,  1.0305262,  0.7595868, -0.0344082, -0.6075081,  0.2297345)    0    0  77.69887912  5 5.000  51.63211949
(-9.2784682, -22.6252771, -0.5865633, -0.8822160, -0.1312627, -0.3534435, -0.2820333)    0    0 142.18449199  6 0.320  94.24335499
(-4.7615753, -20.7483169, 12.1199615, -0.3078282, -0.1141065,  0.6446930,  0.6903567)    0    0  98.77658656  7 0.640  65.54382439
(-3.0604285, -23.4425406,  6.6078834,  0.1364804, -0.4136301,  0.1328641, -0.8902979)    0    0 120.07486885  6 0.480  80.19663614
(-9.2294666, -22.4744274, -0.7297448, -0.8822160, -0.1312625, -0.3534435, -0.2820331)    0    0 143.80111681 15 0.000  95.98859067
(-9.4116930, -22.6318048, -0.7238974, -0.8822159, -0.1312628, -0.3534435, -0.2820334)    0    0 144.73748221  9 2.720  96.20500861
(-2.5778144, -23.7450179,  6.6118933,  0.1364803, -0.4136299,  0.1328635, -0.8902981)    0    0 117.95821151 13 0.000  78.42244853
(-9.7379159, -27.3797417,  7.0065167,  0.5486143, -0.4665690, -0.1630165,  0.6743599)    0    0  88.03130916 10 4.600  56.89461889
(-2.6063177, -23.5204209,  6.5326914,  0.1364805, -0.4136303,  0.1328646, -0.8902977)    0    0 120.64359773  2 1.720  80.65381412
(-2.5943146, -23.7797928,  6.7547804,  0.1364805, -0.4136302,  0.1328644, -0.8902978)    0    0 119.78930468  7 0.320  79.86530760
(-1.4640653, -23.7006722,  5.0342277,  0.0439425, -0.2388869, -0.3174951, -0.9166237)    0    0 -13.12005569  2 1.280 -31.87550411
(-4.6849186, -20.7393814, 12.0662596, -0.3078282, -0.1141065,  0.6446930,  0.6903567)    0    0  98.46799592 10 4.360  65.28782852
(-9.7462428, -27.0898070,  7.0075809,  0.5486143, -0.4665690, -0.1630165,  0.6743599)    0    0  88.19235995  9 1.440  58.47372431
