#Coordinates  RecID  LigID  Luciferin  Neighbor's number  Vision Range  Scoring
(-3.8660076, -19.6814619, 20.1832809, -0.6272824,  0.5725245,  0.5235942, -0.0676873)    0    0  65.64958732  7 1.200  42.84501966
(-4.9793146, -23.1021708, 14.9330124, -0.0236047, -0.5473485,  0.5033608,  0.6681918)    0    0  83.27963592  3 5.000  55.64872697
(-3.5559576, -24.0064162,  2.2081499, -0.0577577,  0.2216181,  0.9105601,  0.3441362)    0    0  41.14107196  1 5.000  27.88583235
(-5.0819569, -23.3334307, 14.8020790, -0.0236044, -0.5473504,  0.5033619,  0.6681895)    0    0  83.49551178  2 5.000  55.72259816
(-3.2683167, -19.2730631, 18.0851139,  0.1706952, -0.3608738,  0.0065270, -0.9168338)    0    0 113.92953496  3 2.720  75.71886349
(-2.4582681, -16.1379091, 21.8681138,  0.6112893, -0.0298288,  0.7875977, -0.0715926)    0    0 102.28002687  1 0.720  68.80706081
(-2.7495359, -15.7947851, 22.0429404,  0.6112892, -0.0298286,  0.7875978, -0.0715927)    0    0  99.75532508  0 0.400  67.75137566
(-1.9657156, -19.4028586, 11.2449859, -0.2372695, -0.4627561,  0.6311219,  0.5755389)    0    0 100.45095263 16 0.000  68.57551098
(-2.4958049, -20.1623800, 12.2088924, -0.4117353, -0.6674875,  0.0959628,  0.6129646)    0    0  75.28045222  8 0.720  46.79863170
(-2.6925558, -20.4824727, 12.3259401, -0.4117353, -0.6674875,  0.0959629,  0.6129646)    0    0  78.45505501  1 1.040  53.12686662
(-9.3758092, -20.4976638, 18.4000521, -0.0059499, -0.9025113,  0.0451971, -0.4282465)    0    0  75.81748287  1 1.520  50.94537497
(-9.4252154, -20.4847616, 17.9095147, -0.0059510, -0.9025117,  0.0451980, -0.4282456)    0    0  75.49916852  3 0.720  50.65039615
(-9.4017302, -17.2022867, 21.0958924, -0.3494946, -0.8794926,  0.3194543, -0.0479090)    0    0  83.14933306  4 5.000  54.92658408
( 1.7585643, -14.2408662, 19.8486753,  0.0849636,  0.8835679, -0.1236570,  0.4436191)    0    0 117.00934192  2 2.160  78.85837719
(-2.8079089, -15.3358123, 22.0933928,  0.6112893, -0.0298288,  0.7875977, -0.0715926)    0    0 102.61127422  1 0.800  68.77627116
(-3.7125950, -18.8523047, 18.1485686,  0.1676028, -0.3583176,  0.0093016, -0.9183815)    0    0 113.21808592  8 0.240  75.81600996
(-9.8344765, -20.6840985, 18.1740693, -0.0059925, -0.9025273,  0.0452320, -0.4282085)    0    0  74.76596294  8 0.200  49.59368760
(-2.6475397, -16.0336569, 22.1257507,  0.6112893, -0.0298287,  0.7875977, -0.0715926)    0    0 101.97668951  4 0.480  69.04526774
( 1.6813906, -14.1778088, 19.6852538,  0.0849636,  0.8835679, -0.1236570,  0.4436191)    0    0 115.74613271  3 0.560  77.08138371
(-1.8432644, -19.5771856, 11.3539892, -0.2381617, -0.4639386,  0.6293843,  0.5761160)    0    0 102.40010060  0 0.400  69.80927745
(-2.0980716, -19.6075502, 11.5410117, -0.2381851, -0.4639696,  0.6293385,  0.5761311)    0    0 100.56346651 14 0.000  69.11120804
(-9.6005767, -20.8301128, 17.8187337, -0.0059528, -0.9025124,  0.0451995, -0.4282440)    0    0  75.52043730  2 1.600  50.10192477
(-9.4917662, -17.5834723, 20.7322309, -0.3494946, -0.8794926,  0.3194543, -0.0479090)    0    0  81.19664440  0 0.520  54.57443349
(-2.7267596, -15.6095638, 22.0171703,  0.6117664, -0.0336714,  0.7860278, -0.0815573)    0    0  88.68941301  0 0.400  64.80799801
(-1.8285197, -19.5024126, 11.5055916, -0.2372544, -0.4627361,  0.6311513,  0.5755291)    0    0 102.92185710 13 3.080  69.06051142
(-9.8092842, -21.0274227, 17.9309450, -0.0059257, -0.9025022,  0.0451773, -0.4282682)    0    0  74.09684166  0 0.480  48.96079013
(-4.2257727, -19.9131238, 19.3211492, -0.6272823,  0.5725247,  0.5235941, -0.0676873)    0    0  62.61909144  5 0.720  40.60980893
(-9.1939722, -17.4066344, 21.0114427, -0.3494946, -0.8794926,  0.3194543, -0.0479090)    0    0  80.79915555  5 0.760  51.26486340
(-3.1731960, -15.9412986, 21.9401257,  0.6112892, -0.0298287,  0.7875978, -0.0715926)    0    0 101.55813432  0 0.400  68.01717309
(-11.4689763, -16.7779533, 13.1988200,  0.4095008, -0.6115956, -0.2907938, -0.6113092)    0    0 -89.02089845  7 2.440 -58.73347249
(-8.8129373, -17.4375109, 21.2043486, -0.3494946, -0.8794926,  0.3194543, -0.0479090)    0    0  82.79460433  5 0.680  55.97214678
(-2.5120021, -20.1917293, 12.2225513, -0.4117353, -0.6674875,  0.0959629,  0.6129646)    0    0  76.07864637  8 1.120  47.80490959
(-2.7026647, -15.8146465, 22.1237362,  0.6112893, -0.0298288,  0.7875977, -0.0715926)    0    0 103.63945300  0 4.800  69.09763570
(-3.6229045, -19.2650376, 18.4041846,  0.2637818, -0.4349822, -0.0790578, -0.8572978)    0    0  69.60761240 10 0.400  48.50114228
(-2.7001176, -15.4978420, 22.0931144,  0.6112893, -0.0298288,  0.7875977, -0.0715926)    0    0 101.69332855  8 0.560  67.13625587
( 1.8667400, -14.2477415, 19.5422059,  0.0849636,  0.8835679, -0.1236570,  0.4436191)    0    0 116.95981964  3 0.560  78.56713693
(-3.9583911, -18.6298393, 18.1123891,  0.1691647, -0.3596101,  0.0079012, -0.9176064)    0    0 113.75505080  5 1.040  76.23149166
(-4.1285471, -19.8561873, 19.4845119, -0.6272825,  0.5725246,  0.5235941, -0.0676863)    0    0  66.75158410  4 1.360  43.64983554
( 1.9241358, -14.2759843, 19.9709148,  0.0849636,  0.8835679, -0.1236570,  0.4436191)    0    0 117.57973488  1 1.520  78.81680756
(-5.2058134, -23.5736669, 14.6500785, -0.0236044, -0.5473504,  0.5033619,  0.6681895)    0    0  84.08496660  1 3.720  56.39666652
(-5.1120078, -23.3572351, 14.7653273, -0.0236082, -0.5473320,  0.5033532,  0.6682109)    0    0  82.05844651  5 0.760  55.05781345
(-2.8938534, -19.4869652, 17.5955194,  0.1722487, -0.3621451,  0.0051237, -0.9159973)    0    0 111.31164640 11 0.000  75.94182638
(-9.2686141, -17.0886865, 21.2779808, -0.3494946, -0.8794926,  0.3194543, -0.0479090)    0    0  80.94386811  2 0.520  54.14856577
( 1.6382950, -24.6386328, 12.6598461,  0.5177758, -0.5383542, -0.5319555,  0.3988813)    0    0  81.04836553  4 5.000  53.82311385
(-2.7662996, -19.2436538, 17.9018611,  0.1661338, -0.3571019,  0.0106187, -0.9191110)    0    0 111.49952768  3 0.560  74.48706469
(-2.8932016, -15.5395729, 22.0276019,  0.6112893, -0.0298287,  0.7875977, -0.0715926)    0    0  98.80567036  6 0.480  64.29760871
(-11.3926300, -16.9118320, 12.8948318,  0.4095008, -0.6115956, -0.2907938, -0.6113092)    0    0 -84.81414656  3 1.240 -53.08104624
(-9.4257498, -20.6055950, 18.1659506, -0.0059496, -0.9025112,  0.0451969, -0.4282468)    0    0  75.38748307  4 0.480  51.43303210
(-3.4714982, -19.0884750, 18.1220240,  0.1722137, -0.3621164,  0.0051553, -0.9160159)    0    0 115.25863144  0 2.000  77.35807327
(-1.8897019, -19.5268248, 11.8163975, -0.3401727, -0.5924147,  0.3811197,  0.6229568)    0    0  54.92002910  0 0.560  15.85239303
(-3.5502786, -23.8186411,  2.4334626, -0.0577577,  0.2216181,  0.9105601,  0.3441362)    0    0  40.35520365  2 5.000  30.32101505
(-2.6322196, -15.9194559, 22.1747128,  0.6112891, -0.0298285,  0.7875978, -0.0715927)    0    0 100.91694070  0 0.400  67.10901686
( 1.8163451, -14.4298298, 19.3053643,  0.0849636,  0.8835679, -0.1236570,  0.4436191)    0    0 116.09524821  7 0.320  77.28591273
(-2.2843771, -20.3416527, 12.2238305, -0.4100220, -0.6660146,  0.1051809,  0.6141270)    0    0  69.45369002  7 0.480  50.07591570
(-11.7542612, -16.9954795, 12.9183829,  0.4095008, -0.6115956, -0.2907938, -0.6113092)    0    0 -93.48147563 10 0.200 -58.03273348
(-3.3876302, -19.1311928, 18.1258683,  0.1706923, -0.3608714,  0.0065296, -0.9168353)    0    0 113.80410171  4 2.600  75.99062579
( 1.3381917, -24.7391422, 12.2578497,  0.5177758, -0.5383542, -0.5319555,  0.3988813)    0    0  79.96484193  6 4.920  52.50479870
(-2.9332579, -19.3458674, 18.2271002,  0.1676284, -0.3583388,  0.0092787, -0.9183689)    0    0 113.26679657  2 0.680  76.16888259
(-3.5898389, -18.9673064, 18.1552201,  0.1676114, -0.3583247,  0.0092939, -0.9183773)    0    0 113.36383684  8 0.680  76.41215390
( 1.8615131, -13.8539476, 19.9607003,  0.0849636,  0.8835679, -0.1236570,  0.4436191)    0    0 115.36958217  2 0.480  77.14199590
(-9.5415370, -17.0971993, 21.1190854, -0.3494946, -0.8794926,  0.3194543, -0.0479090)    0    0  83.21362333  3 0.600  56.80071324
(-2.0680709, -19.5548566, 11.7956339, -0.4117353, -0.6674875,  0.0959628,  0.6129646)    0    0  74.71514398  5 0.480  46.94790555
(-9.4060497, -21.1447444, 17.8927055, -0.0059438, -0.9025090,  0.0451921, -0.4282521)    0    0  74.63239667 12 0.320  48.40196970
(-1.8190197, -19.4949222, 11.5098687, -0.2372539, -0.4627354,  0.6311523,  0.5755288)    0    0 105.78412419  0 5.000  70.82337742
(-9.3815265, -20.9842099, 17.9561178, -0.0059371, -0.9025065,  0.0451867, -0.4282580)    0    0  74.87219091  0 0.800  50.21151706
(-2.6249126, -19.6696858, 17.6930050,  0.1715060, -0.3615349,  0.0057928, -0.9163864)    0    0 108.52487736  0 0.560  72.94352070
(-2.9701444, -19.9603079, 17.7609930,  0.1676816, -0.3583828,  0.0092311, -0.9183428)    0    0 110.47790929  5 0.520  73.73103721
(-9.2286395, -17.3160459, 21.0337493, -0.3494946, -0.8794926,  0.3194543, -0.0479090)    0    0  80.46475567  6 0.360  52.36422781
(-3.5225736, -24.1097144,  2.1102368, -0.0577577,  0.2216181,  0.9105601,  0.3441362)    0    0  34.33941466  5 5.000  17.28925126
( 1.9378487, -14.4818381, 19.5315777,  0.0849636,  0.8835679, -0.1236570,  0.4436191)    0    0 116.04968507  8 2.120  76.66260187
(-9.7447921, -20.6606832, 18.1799740, -0.0060428, -0.9025463,  0.0452731, -0.4281636)    0    0  75.37326499  0 0.480  51.61041236
(-2.2196800, -19.4533576, 11.6724928, -0.2408895, -0.4675438,  0.6239972,  0.5778517)    0    0  99.51341903  9 0.000  71.24712871
(-3.0220768, -15.8133214, 22.2842560,  0.6112892, -0.0298287,  0.7875978, -0.0715926)    0    0 100.88709592  0 0.400  67.55109862
( 1.9601209, -14.3551660, 19.5948567,  0.0849636,  0.8835679, -0.1236570,  0.4436191)    0    0 118.64563096  0 5.000  79.10928067
(-9.3605015, -20.5286129, 18.8938472, -0.0059511, -0.9025118,  0.0451981, -0.4282455)    0    0  74.20059377  0 0.720  49.24636717
( 2.0410374, -14.3783257, 19.5093809,  0.0849636,  0.8835679, -0.1236570,  0.4436191)    0    0 116.12751628  6 0.760  76.84130694
(-2.8643957, -15.5408526, 22.0776680,  0.6112893, -0.0298288,  0.7875977, -0.0715926)    0    0 100.95411033 19 0.880  65.99765756
(-2.8860816, -16.2163426, 22.1195131,  0.6112893, -0.0298288,  0.7875977, -0.0715926)    0    0 100.98137274  1 0.480  66.72962192
(-2.9952341, -19.3386009, 18.2947986,  0.1676193, -0.3583312,  0.0092869, -0.9183735)    0    0 112.14853249  4 0.560  75.33813673
(-10.0166543, -20.7325158, 18.4092625, -0.0059488, -0.9025109,  0.0451962, -0.4282476)    0    0  74.87325894  9 0.160  50.85590242
(-11.4120353, -16.9007976, 12.9859673,  0.4095008, -0.6115956, -0.2907938, -0.6113092)    0    0 -81.86786786  0 5.000 -54.13577584
(-9.7484513, -17.0259615, 21.4195119, -0.3494946, -0.8794926,  0.3194543, -0.0479090)    0    0  83.68739505  2 2.600  56.35793861
(-2.5695016, -20.3370457, 12.2288340, -0.4117353, -0.6674875,  0.0959629,  0.6129646)    0    0  76.21666880  3 0.640  49.29560730
(-2.6779980, -15.9599359, 22.1816667,  0.6112892, -0.0298287,  0.7875977, -0.0715926)    0    0 100.70834739  0 0.400  67.00896027
(-4.1547008, -20.1826548, 19.1625581, -0.6272824,  0.5725244,  0.5235942, -0.0676874)    0    0  66.96556991  2 2.040  44.54598548
(-11.5083693, -16.6752056, 13.3818851,  0.4095008, -0.6115956, -0.2907938, -0.6113092)    0    0 -84.40242931  2 4.520 -55.85567078
(-1.3120032, -19.0910255, 11.4845673, -0.2372549, -0.4627367,  0.6311503,  0.5755294)    0    0 100.84300866  0 0.520  66.49440300
(-2.5815903, -15.7235646, 22.0162145,  0.6112892, -0.0298287,  0.7875978, -0.0715926)    0    0 100.79391314 11 0.000  67.60002017
(-11.3346378, -17.0717681, 12.6815914,  0.4095008, -0.6115956, -0.2907938, -0.6113092)    0    0 -85.99630286  5 5.000 -54.61990865
(-2.7529371, -15.3517719, 22.1707427,  0.6112891, -0.0298285,  0.7875979, -0.0715927)    0    0 101.15371068  0 0.400  67.42697820
(-2.9361957, -15.8088412, 22.3523300,  0.6112891, -0.0298285,  0.7875978, -0.0715927)    0    0  98.53656667  4 0.480  64.73188270
(-3.6749914, -19.3919888, 18.0664440,  0.1660675, -0.3570470,  0.0106782, -0.9191436)    0    0 112.65267679  6 0.200  74.96459094
(-2.3015269, -19.6510017, 11.8409357, -0.4047545, -0.6613723,  0.1326852,  0.6173776)    0    0  48.58861046 11 0.240  33.00714574
(-4.1485503, -19.4910183, 19.8062934, -0.6272824,  0.5725246,  0.5235941, -0.0676868)    0    0  64.68247831  3 0.720  42.95117082
( 1.2370896, -24.7731762, 12.1230718,  0.5177758, -0.5383542, -0.5319555,  0.3988813)    0    0  81.90151293  1 5.000  54.86145476
(-1.9617342, -19.4355881, 11.5454600, -0.2921250, -0.5337942,  0.5120058,  0.6062810)    0    0  59.73503041 33 0.000  19.45411349
(-3.3053939, -15.7637952, 22.1719014,  0.6112892, -0.0298287,  0.7875978, -0.0715926)    0    0 101.24755850  1 0.480  68.03480775
(-9.3831999, -20.8504423, 18.0461414, -0.0059478, -0.9025105,  0.0451954, -0.4282485)    0    0  74.29288030  0 0.560  48.91335300
(-11.4501025, -16.7402568, 13.2390310,  0.4095008, -0.6115956, -0.2907938, -0.6113092)    0    0 -94.28237106 11 3.320 -66.47011474
(-3.2492340, -19.2874494, 18.0652684,  0.1706933, -0.3608722,  0.0065287, -0.9168348)    0    0 114.16011852  1 1.480  76.52272366
(-1.9651673, -19.4432673, 11.5521409, -0.2373123, -0.4628129,  0.6310388,  0.5755667)    0    0 102.81249445  0 0.400  70.19261104
(-2.0308239, -19.6324501, 11.3548407, -0.2372541, -0.4627357,  0.6311519,  0.5755289)    0    0 104.33204577  0 0.600  70.96197090
(-2.9885144, -19.4985122, 17.7166544,  0.1661331, -0.3571014,  0.0106193, -0.9191113)    0    0 108.51159437  5 0.560  71.01248952
(-9.5805736, -20.7789653, 17.9252995, -0.0059385, -0.9025070,  0.0451878, -0.4282568)    0    0  75.38427307  5 0.400  51.56875825
(-2.5569772, -15.8254300, 22.2442840,  0.6112892, -0.0298287,  0.7875978, -0.0715926)    0    0 100.57313959  0 0.400  66.47435174
(-9.4514137, -20.5397353, 18.7655488, -0.0515685, -0.9172338,  0.0824116, -0.3863046)    0    0  55.09944145 24 0.000  31.17593195
(-3.8707426, -19.5343065, 19.4596115,  0.5036309, -0.5900977, -0.3256134, -0.5404781)    0    0  66.95646895  5 2.600  44.56223534
( 1.8832592, -13.9644861, 19.7528821,  0.0849636,  0.8835679, -0.1236570,  0.4436191)    0    0 114.73836877  0 0.400  76.11316965
(-9.6838470, -20.7276318, 18.1048544, -0.0059476, -0.9025105,  0.0451953, -0.4282486)    0    0  75.07625639  5 0.560  49.39365402
(-9.8314413, -20.6510858, 18.3644509, -0.0059356, -0.9025059,  0.0451854, -0.4282594)    0    0  71.37636014 15 0.000  50.11948436
(-1.9464056, -19.6093926, 11.2817221, -0.2372540, -0.4627355,  0.6311521,  0.5755288)    0    0 104.58123420  3 1.320  69.59967221
( 1.4985004, -24.6854044, 12.4722976,  0.5177758, -0.5383542, -0.5319555,  0.3988813)    0    0  82.27042063  0 5.000  54.84694708
(-3.2991311, -19.4739258, 18.0993116,  0.1660699, -0.3570490,  0.0106760, -0.9191424)    0    0 112.19526428  0 0.480  74.26728861
(-9.5644979, -20.6355373, 18.2229437, -0.0059526, -0.9025123,  0.0451993, -0.4282442)    0    0  76.29289464  0 3.200  50.88787674
(-2.9011271, -19.3136325, 17.7023476,  0.1676137, -0.3583266,  0.0092919, -0.9183762)    0    0 111.18183195  2 0.640  73.12473676
(-3.3384406, -15.4596889, 21.5146767,  0.6112892, -0.0298286,  0.7875978, -0.0715927)    0    0 101.44124805  3 0.480  67.67700443
(-2.5116262, -19.9520704, 12.0730005, -0.4117353, -0.6674875,  0.0959628,  0.6129646)    0    0  76.97580904  3 0.720  53.26504139
( 1.4720849, -24.6942056, 12.4359942,  0.5177758, -0.5383542, -0.5319555,  0.3988813)    0    0  80.36964841  5 4.280  53.88307252
(-3.8021607, -19.4060890, 18.7583130,  0.3555055, -0.5018268, -0.1678787, -0.7704560)    0    0  60.01056474 37 0.280  31.13286165
(-1.8198887, -19.5135459, 11.4358455, -0.2372538, -0.4627353,  0.6311524,  0.5755287)    0    0 103.49352890  8 4.680  68.62215183
(-2.8036251, -15.3648239, 22.1547509,  0.6112892, -0.0298287,  0.7875977, -0.0715926)    0    0 101.16472309 10 0.000  68.01085472
(-3.2750446, -19.2679834, 18.0920862,  0.1706960, -0.3608745,  0.0065263, -0.9168334)    0    0 114.02549343  2 4.600  75.92322553
(-1.4684546, -19.2330830, 11.5627926, -0.2372539, -0.4627354,  0.6311522,  0.5755288)    0    0 103.27620510  0 0.520  69.37123222
( 2.4011999, -19.9853577,  8.1713866,  0.2861255,  0.1562085,  0.9215222,  0.2110163)    0    0 -97.37159080  0 5.000 -64.91439387
(-4.0916528, -19.4802484, 19.8687886, -0.6272825,  0.5725247,  0.5235941, -0.0676863)    0    0  65.89253260  4 0.560  44.50290685
(-2.5587244, -15.8443032, 22.0625999,  0.6112893, -0.0298288,  0.7875977, -0.0715926)    0    0 101.54055868  5 0.400  67.94684076
(-9.5245942, -20.4687135, 18.1681472, -0.0287543, -0.9104842,  0.0638278, -0.4075754)    0    0  64.41997436  0 0.400  47.05430808
(-2.9128850, -15.7524541, 22.0378984,  0.6112893, -0.0298287,  0.7875977, -0.0715926)    0    0 100.12414872 12 0.000  66.49553329
(-9.6073872, -20.5174498, 17.9361030, -0.0059448, -0.9025094,  0.0451929, -0.4282511)    0    0  74.57596933  9 0.080  50.12286361
(-3.9249973, -19.3419595, 18.1010401,  0.1661057, -0.3570787,  0.0106439, -0.9191248)    0    0 112.93839591  2 0.520  75.16043784
(-11.4945223, -16.7086489, 13.3235781,  0.4095008, -0.6115956, -0.2907938, -0.6113092)    0    0 -85.98377923  4 5.000 -57.29977002
(-2.3353393, -20.3180877, 12.3220314, -0.4117353, -0.6674875,  0.0959628,  0.6129646)    0    0  75.37769661  7 0.480  47.81468331
(-2.5996316, -15.8741721, 22.1626514,  0.6112892, -0.0298287,  0.7875977, -0.0715926)    0    0 101.96382105  6 0.400  67.94871488
(-2.0853542, -19.4677323, 11.1781280, -0.2372559, -0.4627381,  0.6311483,  0.5755301)    0    0 104.14167355  0 0.400  71.02928632
(-2.5668269, -20.2693909, 12.2378090, -0.4117353, -0.6674875,  0.0959629,  0.6129646)    0    0  78.64954868  0 1.240  53.28604626
(-3.6847783, -24.3297811,  1.7352507, -0.0577577,  0.2216181,  0.9105601,  0.3441362)    0    0  38.97763236  4 5.000  30.04290354
(-4.1832027, -19.9409323, 19.3330041, -0.6272824,  0.5725245,  0.5235942, -0.0676873)    0    0  67.39412560  0 1.120  45.81862873
( 1.9720898, -14.4582909, 19.5098875,  0.0849636,  0.8835679, -0.1236570,  0.4436191)    0    0 116.14405497  5 4.520  76.79461335
( 2.2853765, -14.6663108, 19.6406410,  0.0849636,  0.8835679, -0.1236570,  0.4436191)    0    0 116.48147693  2 0.640  78.05025759
( 1.9742844, -13.9235393, 19.7460909,  0.0849636,  0.8835679, -0.1236570,  0.4436191)    0    0 115.33805228  9 0.080  76.99168263
(-1.9844340, -19.5548435, 11.5138389, -0.2372542, -0.4627358,  0.6311516,  0.5755290)    0    0 103.03899407  6 0.600  68.10235623
(-2.8573139, -15.9064200, 22.0084411,  0.6112893, -0.0298288,  0.7875977, -0.0715926)    0    0 100.51919427 15 0.000  67.00469350
(-2.5997128, -16.0896908, 22.0960629,  0.6112893, -0.0298288,  0.7875977, -0.0715926)    0    0 102.22870334  4 0.720  68.89609934
( 1.6581049, -24.6322523, 12.6880978,  0.5177758, -0.5383542, -0.5319555,  0.3988813)    0    0  81.48065094  3 3.320  54.35789194
(-9.5677489, -20.4650667, 18.7604085, -0.0059377, -0.9025067,  0.0451871, -0.4282575)    0    0  69.01534489  1 0.880  44.96836489
(-3.5652479, -24.2476503,  1.9172691, -0.0577577,  0.2216181,  0.9105601,  0.3441362)    0    0  39.95278430  3 5.000  25.07485542
(-3.3157016, -19.0780555, 18.3696921,  0.1691519, -0.3595967,  0.0079107, -0.9175998)    0    0 112.18950992  8 0.160  75.28475539
(-11.2484902, -17.0853267, 12.7826989,  0.4095008, -0.6115956, -0.2907938, -0.6113092)    0    0 -83.90846656  1 4.520 -52.67046135
(-3.0461294, -19.3954400, 18.3092682,  0.1661041, -0.3570773,  0.0106454, -0.9191256)    0    0 112.03272953  1 0.520  75.62690481
(-11.5367499, -16.8672677, 13.4495568,  0.4095008, -0.6115956, -0.2907938, -0.6113092)    0    0 -91.88794639  9 0.200 -64.38093110
(-2.9606927, -15.6853176, 22.0251118,  0.6112892, -0.0298287,  0.7875977, -0.0715926)    0    0 100.75719530  0 0.400  67.69171117
( 1.8643808, -14.5441113, 19.2837884,  0.0849636,  0.8835679, -0.1236570,  0.4436191)    0    0 115.12559554  0 0.400  76.65357764
(-11.3878509, -16.9338199, 12.9149917,  0.4095008, -0.6115956, -0.2907938, -0.6113092)    0    0 -87.83362876  6 3.400 -56.96249698
( 1.5471691, -24.6690414, 12.5371822,  0.5177758, -0.5383542, -0.5319555,  0.3988813)    0    0  81.55767668  2 5.000  54.11975229
( 1.7197598, -14.4495741, 19.9999658,  0.0849636,  0.8835679, -0.1236570,  0.4436191)    0    0 115.28754203  0 0.400  77.57390423
(-9.5395386, -20.7363217, 18.1003562, -0.0059430, -0.9025087,  0.0451915, -0.4282527)    0    0  74.00581246 14 0.000  47.88740502
(-1.4611500, -19.2222052, 11.5911974, -0.2372538, -0.4627353,  0.6311523,  0.5755288)    0    0 104.84419185  2 5.000  70.25425425
( 1.7821925, -14.0839876, 19.6804834,  0.0849636,  0.8835679, -0.1236570,  0.4436191)    0    0 115.48562588  2 0.480  77.07744949
(-2.3797430, -19.9256571, 12.0726137, -0.4117352, -0.6674875,  0.0959631,  0.6129646)    0    0  76.38099033  4 0.400  52.54037434
( 1.7599648, -14.4388536, 19.9808811,  0.0849636,  0.8835679, -0.1236570,  0.4436191)    0    0 113.92835343 18 0.000  75.70112929
( 2.0526442, -14.6634578, 19.3843639,  0.0849636,  0.8835679, -0.1236570,  0.4436191)    0    0 115.41780028 12 0.760  77.14037606
(-2.6211670, -15.8294168, 22.3074842,  0.6113592, -0.0303114,  0.7874096, -0.0728382)    0    0  97.08286345 15 0.000  66.77989708
(-2.4628406, -20.4221661, 11.9530863, -0.4117320, -0.6674847,  0.0959811,  0.6129670)    0    0  76.75855429  4 0.720  51.76896361
(-9.1138586, -17.4347186, 21.0477988, -0.3494943, -0.8794918,  0.3194541, -0.0479090)    0    0  84.05678894  0 5.000  56.03785930
(-5.0616779, -23.2737722, 14.8301238, -0.0236042, -0.5473514,  0.5033624,  0.6681883)    0    0  84.43027090  0 5.000  56.28684727
(-11.6236283, -16.9445679, 12.8392501,  0.4095008, -0.6115956, -0.2907938, -0.6113092)    0    0 -90.46750645  4 0.360 -57.77633995
(-3.1471837, -19.2653789, 18.0549685,  0.1660865, -0.3570627,  0.0106612, -0.9191343)    0    0 112.36640128  3 0.640  75.16152816
(-3.6189643, -18.8833272, 17.9893761,  0.1691683, -0.3596103,  0.0078960, -0.9175918)    0    0 112.87992832  4 0.320  75.23347783
( 2.0043152, -14.3955957, 19.4353309,  0.0849636,  0.8835679, -0.1236570,  0.4436191)    0    0 115.80453295  8 0.320  77.06771280
(-3.6811071, -19.0223192, 18.1357010,  0.1691637, -0.3596064,  0.0079001, -0.9175941)    0    0 113.09618932  4 0.520  76.07508664
(-4.1123256, -20.2020093, 19.2901504, -0.6272825,  0.5725244,  0.5235942, -0.0676874)    0    0  65.89244863  4 0.600  43.14773256
(-4.4638327, -22.1776744, 15.7164359,  0.1566888, -0.1365762, -0.1572495, -0.9654368)    0    0  13.81292778  0 1.000  -2.23255241
(-9.3175122, -20.9883376, 18.2292858, -0.0059501, -0.9025114,  0.0451973, -0.4282464)    0    0  74.33082724  2 0.560  48.93703438
(-10.0853522, -20.7922625, 18.4217178, -0.0059445, -0.9025093,  0.0451927, -0.4282514)    0    0  74.87604060  8 0.160  50.36427323
(-1.7215376, -19.4300581, 11.8236275, -0.2372860, -0.4627780,  0.6310898,  0.5755497)    0    0 102.82589349  5 0.360  68.44579301
(-2.9409927, -15.5581504, 22.3153400,  0.6112891, -0.0298285,  0.7875978, -0.0715927)    0    0 101.43278917  6 0.320  67.87072745
(-2.8986109, -15.5288527, 22.1243737,  0.6112892, -0.0298286,  0.7875978, -0.0715927)    0    0 100.84727691 15 0.000  66.97716545
(-5.1238834, -23.3941071, 14.7507464, -0.0236369, -0.5473372,  0.5033272,  0.6682253)    0    0  81.21134769  6 0.840  54.96621531
(-3.5572512, -24.0419405,  2.1653677, -0.0577577,  0.2216181,  0.9105601,  0.3441362)    0    0  44.84930880  0 5.000  29.94556236
(-9.2311340, -17.3149565, 21.0582784, -0.3494946, -0.8794926,  0.3194543, -0.0479090)    0    0  80.53532151 10 1.560  51.99930993
(-2.5388647, -20.5595768, 12.5189691, -0.4117287, -0.6674819,  0.0959993,  0.6129694)    0    0  78.01529773  0 0.800  53.20566498
(-4.9569176, -23.0495556, 14.9619553, -0.0236047, -0.5473484,  0.5033608,  0.6681919)    0    0  82.43967538  4 2.840  55.09596488
(-9.3171616, -21.0965621, 17.8336433, -0.0059359, -0.9025060,  0.0451857, -0.4282591)    0    0  73.70287173  0 0.400  49.02567880
(-2.6306836, -15.8504949, 22.0265134,  0.6112914, -0.0298437,  0.7875919, -0.0716316)    0    0 101.05001527 13 0.000  67.34182510
(-2.0952678, -19.5412376, 11.5717121, -0.2373148, -0.4628161,  0.6310341,  0.5755683)    0    0 103.47927727  7 0.400  68.30580953
(-3.6179064, -18.8259203, 18.1406331,  0.1676356, -0.3583447,  0.0092722, -0.9183654)    0    0 113.37139667  6 0.480  74.94566319
( 1.7313902, -14.3113476, 19.7160232,  0.0849636,  0.8835679, -0.1236570,  0.4436191)    0    0 114.23867938 18 1.200  74.71343692
(-9.7283534, -20.6377948, 18.8291876, -0.0102239, -0.9040771,  0.0486921, -0.4244069)    0    0  68.92202036  1 0.560  47.56091595
(-9.2606452, -17.2158016, 21.1964226, -0.3494946, -0.8794926,  0.3194543, -0.0479090)    0    0  81.72518415  4 0.440  54.15306416
(-9.0222579, -17.5086789, 21.0324950, -0.3494946, -0.8794926,  0.3194543, -0.0479090)    0    0  83.87186713  1 5.000  56.34049131
(-2.1327094, -19.7356423, 11.4299071, -0.2372539, -0.4627354,  0.6311523,  0.5755288)    0    0 105.02355409  1 3.680  70.43906016
(-2.0514808, -19.5471995, 11.6149278, -0.2372687, -0.4627550,  0.6311236,  0.5755384)    0    0 103.71761551  1 0.560  69.48436667
(-1.5214619, -19.4059390, 11.6530794, -0.2372598, -0.4627432,  0.6311408,  0.5755326)    0    0 103.92810688  0 0.560  69.89064959
(-2.9073852, -15.7587704, 22.2158799,  0.6112893, -0.0298287,  0.7875977, -0.0715926)    0    0 101.72338228  3 0.560  67.76873112
(-2.7786701, -15.5219488, 22.1182312,  0.6112892, -0.0298287,  0.7875977, -0.0715926)    0    0 101.24902841  8 0.320  66.47502521
(-1.7803298, -19.4785663, 11.4142023, -0.2372544, -0.4627361,  0.6311512,  0.5755291)    0    0 103.26711874  6 0.480  68.62818170
(-2.8239446, -20.9197013, 12.1113995, -0.4117353, -0.6674875,  0.0959628,  0.6129646)    0    0  78.44488194  0 1.040  53.61607929
(-4.4874980, -19.8728592, 19.0375986, -0.6272824,  0.5725246,  0.5235941, -0.0676868)    0    0  67.17938919  1 1.080  45.41968636
(-2.6940471, -15.8327158, 22.1288132,  0.6112893, -0.0298288,  0.7875977, -0.0715926)    0    0 102.72095027  1 3.680  68.62337753
(-2.7493039, -19.4258010, 18.3227440,  0.1676296, -0.3583397,  0.0092776, -0.9183684)    0    0 113.43389645  6 2.440  76.08835737
