#Coordinates  RecID  LigID  Luciferin  Neighbor's number  Vision Range  Scoring
(-13.3613683, 33.8253939,  4.9780461,  0.2807309, -0.8712040,  0.3116609, -0.2550711)    0    0   5.00000000  0 0.200   0.00000000
(-15.3290459, 34.3432892, 10.9147449, -0.7337632, -0.3878056, -0.4188767, -0.3684301)    0    0   5.00000000  0 0.200   0.00000000
(-11.1750289, 28.1269381, 11.1546951, -0.5871326, -0.3890173, -0.4257151,  0.5680735)    0    0   5.00000000  0 0.200   0.00000000
(-4.7742392, 35.8243780, 17.4881869,  0.4506810, -0.6314086, -0.4447297,  0.4476888)    0    0   5.00000000  0 0.200   0.00000000
(-12.0930373, 36.9733691,  5.5487393, -0.7263656,  0.2014133,  0.4976580,  0.4291412)    0    0   5.00000000  0 0.200   0.00000000
(-3.7147704, 30.5695159,  3.3532554, -0.7001273, -0.4847259, -0.4734023, -0.2252840)    0    0   5.00000000  0 0.200   0.00000000
(-9.6541916, 34.7050245,  5.0448340, -0.2085108,  0.0615465,  0.0633166, -0.9740258)    0    0   5.00000000  0 0.200   0.00000000
(-2.5556686, 26.3092381, 12.7774323,  0.1014094,  0.7924223,  0.4613063,  0.3859786)    0    0   5.00000000  0 0.200   0.00000000
(-7.9550213, 38.5778860,  2.9330870,  0.5421300,  0.4060868, -0.5869627, -0.4434675)    0    0   5.00000000  0 0.200   0.00000000
(-9.3111760, 35.6749208,  5.3859993,  0.5858609,  0.6550921,  0.4678368,  0.0935417)    0    0   5.00000000  0 0.200   0.00000000
(-12.2224076, 30.5155447, 15.8180741, -0.3572556, -0.4529766, -0.6156017,  0.5368567)    0    0   5.00000000  0 0.200   0.00000000
(-6.7986637, 25.8065245,  9.7652161,  0.7881937, -0.5124625,  0.2323214,  0.2493185)    0    0   5.00000000  0 0.200   0.00000000
(-8.8149927, 31.2304043,  9.4209517,  0.0340743, -0.9849819, -0.0672053,  0.1553481)    0    0   5.00000000  0 0.200   0.00000000
(-2.8304392, 34.7473485,  3.6148149, -0.1255168, -0.0473851, -0.9006069,  0.4134094)    0    0   5.00000000  0 0.200   0.00000000
(-14.4468678, 35.9377132, 10.5137050, -0.4156540, -0.0580941,  0.6132134,  0.6691981)    0    0   5.00000000  0 0.200   0.00000000
(-1.2734545, 34.3341287,  3.7077994, -0.4776616, -0.6377057, -0.2943337,  0.5277675)    0    0   5.00000000  0 0.200   0.00000000
(-11.5177567, 34.2079860,  8.4895299, -0.1482752, -0.9644175, -0.1145311, -0.1865369)    0    0   5.00000000  0 0.200   0.00000000
(-10.2857515, 41.1300266,  8.1286538, -0.5722094,  0.4416357,  0.3932835,  0.5682098)    0    0   5.00000000  0 0.200   0.00000000
(-7.9100240, 30.3901867,  2.5499111, -0.8704539,  0.3323714,  0.2422818, -0.2704419)    0    0   5.00000000  0 0.200   0.00000000
(-0.8256534, 39.0054294,  5.6462557,  0.5708787, -0.5271848,  0.0648436,  0.6260742)    0    0   5.00000000  0 0.200   0.00000000
(-1.0508843, 28.3401219,  8.0102353, -0.8870621, -0.3707276, -0.1967116,  0.1923185)    0    0   5.00000000  0 0.200   0.00000000
(-1.7796799, 35.7084785,  4.6100986,  0.3295235,  0.0136005,  0.6809706, -0.6538412)    0    0   5.00000000  0 0.200   0.00000000
( 0.2514343, 41.0089282, 10.1128648,  0.0922588,  0.9837039,  0.0858049,  0.1282674)    0    0   5.00000000  0 0.200   0.00000000
(-1.8960318, 33.9481828, 15.7135319, -0.6923591, -0.0541644,  0.2832029, -0.6614387)    0    0   5.00000000  0 0.200   0.00000000
(-9.0495268, 24.3405185, 11.0462566, -0.2681756,  0.2026892, -0.9417323, -0.0117964)    0    0   5.00000000  0 0.200   0.00000000
(-8.0583841, 41.5259938, 13.8044219,  0.3217426, -0.1207296,  0.5748419,  0.7426055)    0    0   5.00000000  0 0.200   0.00000000
(-5.1344288, 39.0571660, 11.4520892, -0.8571652,  0.2164883,  0.0416050, -0.4654779)    0    0   5.00000000  0 0.200   0.00000000
(-0.2394031, 27.1479903,  9.7278514,  0.1945435, -0.7863835, -0.3253125, -0.4877762)    0    0   5.00000000  0 0.200   0.00000000
(-7.7984310, 29.7838317,  7.5045091, -0.9431569,  0.2693569, -0.0265964,  0.1928589)    0    0   5.00000000  0 0.200   0.00000000
(-8.0606691, 29.8612420,  9.3893415,  0.3705404, -0.8106688,  0.4478650, -0.0702346)    0    0   5.00000000  0 0.200   0.00000000
(-11.3129644, 35.6384417, 15.8930901,  0.9833684,  0.1521934,  0.0568382,  0.0811987)    0    0   5.00000000  0 0.200   0.00000000
(-5.8626899, 34.2453719, 17.5786511,  0.5642410,  0.1873164,  0.3517259,  0.7230723)    0    0   5.00000000  0 0.200   0.00000000
(-4.7639556, 38.5057276,  4.5825349, -0.0035901,  0.1334400,  0.8212583,  0.5547213)    0    0   5.00000000  0 0.200   0.00000000
(-2.0681458, 35.8412912,  6.8584894,  0.7576464,  0.2781588, -0.5182740,  0.2828281)    0    0   5.00000000  0 0.200   0.00000000
( 0.0563685, 37.5638131,  5.3093658,  0.7635544,  0.3519068,  0.4773633, -0.2554811)    0    0   5.00000000  0 0.200   0.00000000
(-2.2407042, 32.1634014, 16.2598840, -0.6483896,  0.3621515,  0.2856964,  0.6056524)    0    0   5.00000000  0 0.200   0.00000000
(-0.2329497, 37.3971856,  5.1476592, -0.2979753,  0.7285262,  0.3809231,  0.4851370)    0    0   5.00000000  0 0.200   0.00000000
(-8.8353974, 31.2624176, 14.7987304, -0.6295945, -0.7058798, -0.3135157,  0.0839781)    0    0   5.00000000  0 0.200   0.00000000
(-7.8201794, 37.0120461,  4.9020054,  0.2597205,  0.4565542, -0.7813170,  0.3371160)    0    0   5.00000000  0 0.200   0.00000000
(-2.5573545, 30.6914894, 11.6182150, -0.2847077, -0.5422926, -0.6927044,  0.3808160)    0    0   5.00000000  0 0.200   0.00000000
(-13.3501491, 30.9921132,  6.7214189,  0.2430588,  0.2446486,  0.7405413,  0.5767738)    0    0   5.00000000  0 0.200   0.00000000
(-5.0080726, 37.3261089, 15.2244584,  0.6020515, -0.3885557, -0.4100777, -0.5642647)    0    0   5.00000000  0 0.200   0.00000000
(-10.6131584, 28.8181558, 14.6534555,  0.7379584, -0.0643426, -0.2140035, -0.6367731)    0    0   5.00000000  0 0.200   0.00000000
(-7.6257467, 28.1022020,  8.5421465, -0.2876998, -0.5293010, -0.7733250, -0.1975797)    0    0   5.00000000  0 0.200   0.00000000
(-11.2128997, 31.0184377,  2.6415743, -0.9300069, -0.3290830, -0.1474988, -0.0709620)    0    0   5.00000000  0 0.200   0.00000000
(-6.7110782, 29.9626038, 15.3147609,  0.2140805, -0.9456832,  0.0424693,  0.2409340)    0    0   5.00000000  0 0.200   0.00000000
(-11.1859236, 38.5613476, 15.3004644, -0.3806980, -0.5386113,  0.2953519, -0.6911832)    0    0   5.00000000  0 0.200   0.00000000
(-1.7996778, 32.8196642,  2.5300598, -0.5050538, -0.7754439,  0.3451146,  0.1565353)    0    0   5.00000000  0 0.200   0.00000000
(-11.1992131, 37.9249214,  8.1073971,  0.0213983, -0.5741233,  0.1751358, -0.7995323)    0    0   5.00000000  0 0.200   0.00000000
(-10.6147015, 29.0387049, 14.6910867,  0.5061668, -0.0733526,  0.4675306,  0.7209922)    0    0   5.00000000  0 0.200   0.00000000
(-3.9179278, 35.9203342, 16.0996741, -0.5364945, -0.5118768,  0.6349494,  0.2167834)    0    0   5.00000000  0 0.200   0.00000000
(-10.6200074, 33.3319149,  1.7638160, -0.5654085,  0.3959579, -0.7162478, -0.1025653)    0    0   5.00000000  0 0.200   0.00000000
(-8.8272112, 34.7318676,  8.5946021, -0.3574304, -0.0969628,  0.9231551, -0.1030841)    0    0   5.00000000  0 0.200   0.00000000
(-13.2272592, 30.4596856, 16.7886924, -0.5302890,  0.6014329,  0.5366721,  0.2627836)    0    0   5.00000000  0 0.200   0.00000000
(-2.6200295, 40.2819820, 14.3381672, -0.3090659, -0.5983701, -0.0793610,  0.7349376)    0    0   5.00000000  0 0.200   0.00000000
(-12.7926008, 34.3785462,  7.2105086,  0.3214118,  0.6217426,  0.5824453,  0.4133861)    0    0   5.00000000  0 0.200   0.00000000
(-13.4439725, 34.4564908,  9.6943276, -0.0102350,  0.3929187, -0.8111986,  0.4329746)    0    0   5.00000000  0 0.200   0.00000000
(-7.0032974, 36.4997356, 13.6155464, -0.2736066, -0.7400142,  0.4945848, -0.3645604)    0    0   5.00000000  0 0.200   0.00000000
(-2.8361824, 33.0023373,  2.3474337,  0.5677686, -0.5943133, -0.3268527,  0.4664739)    0    0   5.00000000  0 0.200   0.00000000
(-11.2516104, 40.4893751,  7.8170884,  0.1206889,  0.6623436,  0.7271714, -0.1340034)    0    0   5.00000000  0 0.200   0.00000000
(-7.9031651, 34.0509354,  6.9529156,  0.5251255,  0.6340753, -0.0608393, -0.5643495)    0    0   5.00000000  0 0.200   0.00000000
(-6.9510753, 26.9318266, 11.7901143,  0.2899999, -0.1527609,  0.6215563, -0.7114998)    0    0   5.00000000  0 0.200   0.00000000
(-8.4557234, 33.0247752,  4.4115002,  0.2463872, -0.5554210, -0.2070454,  0.7667679)    0    0   5.00000000  0 0.200   0.00000000
(-4.2123886, 24.1956898, 10.1546290, -0.2663403,  0.0595869, -0.5325895,  0.8011621)    0    0   5.00000000  0 0.200   0.00000000
(-2.4938471, 32.8021399, 17.5765339, -0.8173753, -0.5374790,  0.0423843, -0.2030209)    0    0   5.00000000  0 0.200   0.00000000
(-0.6390658, 39.4767696,  7.9385097,  0.2265672, -0.6669358,  0.6694501,  0.2360093)    0    0   5.00000000  0 0.200   0.00000000
(-5.1933748, 36.1933868, 16.7627934, -0.9264347,  0.0522469,  0.2983254, -0.2235864)    0    0   5.00000000  0 0.200   0.00000000
(-15.5040711, 34.4897429,  7.2693441,  0.4943650, -0.2103168,  0.3772045,  0.7543785)    0    0   5.00000000  0 0.200   0.00000000
( 0.3589298, 32.7262706,  6.5644007,  0.3618824,  0.4990970, -0.4931560,  0.6137919)    0    0   5.00000000  0 0.200   0.00000000
(-3.9508391, 35.6166619, 16.3557143, -0.0996329, -0.3805771,  0.3501097,  0.8500927)    0    0   5.00000000  0 0.200   0.00000000
( 1.5180199, 29.1543834, 13.0076634, -0.6937943, -0.5935362, -0.2927122,  0.2840490)    0    0   5.00000000  0 0.200   0.00000000
(-8.2136139, 29.1564467, 16.1960743, -0.2475016, -0.4683249,  0.2094359,  0.8219193)    0    0   5.00000000  0 0.200   0.00000000
(-10.8720289, 35.1509256,  1.9355372, -0.3178168, -0.8093421, -0.1738779,  0.4623034)    0    0   5.00000000  0 0.200   0.00000000
(-0.3761260, 38.3422562, 14.3957205, -0.0181746,  0.0755706, -0.9967379, -0.0217351)    0    0   5.00000000  0 0.200   0.00000000
(-10.3543934, 35.4201200,  6.8879635, -0.3878199, -0.2192652, -0.8508093,  0.2786432)    0    0   5.00000000  0 0.200   0.00000000
(-6.5370205, 34.8450943,  8.0298878, -0.4817815, -0.8039015,  0.2844570,  0.2017750)    0    0   5.00000000  0 0.200   0.00000000
(-3.0296603, 29.0772766,  8.2731419,  0.0208021,  0.2562420,  0.3870123,  0.8855105)    0    0   5.00000000  0 0.200   0.00000000
(-10.3935041, 34.5340967, 17.7450297, -0.7659915,  0.4573093, -0.4513722,  0.0197064)    0    0   5.00000000  0 0.200   0.00000000
(-8.0279034, 40.6490422,  7.5556844,  0.0468741,  0.5688813,  0.0060988,  0.8210601)    0    0   5.00000000  0 0.200   0.00000000
(-9.6638757, 37.3072987, 12.1766078, -0.3851344, -0.5845381,  0.4650093,  0.5419899)    0    0   5.00000000  0 0.200   0.00000000
( 1.5924361, 32.5301302,  4.9301155, -0.6764431, -0.5902676, -0.4367029, -0.0574408)    0    0   5.00000000  0 0.200   0.00000000
(-3.6705293, 29.5104521,  4.4758916, -0.3590730, -0.1135504, -0.0622072,  0.9242852)    0    0   5.00000000  0 0.200   0.00000000
( 1.2819824, 29.9273337, 14.4685146,  0.1329576,  0.6772859,  0.3784159,  0.6167719)    0    0   5.00000000  0 0.200   0.00000000
(-8.1981371, 41.1452048,  9.9901725,  0.0531993, -0.5871909,  0.4808903,  0.6489385)    0    0   5.00000000  0 0.200   0.00000000
(-9.3063602, 33.1538287,  8.8812426, -0.6037404, -0.1286476, -0.7395950,  0.2682285)    0    0   5.00000000  0 0.200   0.00000000
(-6.9589496, 43.3781266,  9.1855181, -0.6722582,  0.1995146,  0.3768477, -0.6051849)    0    0   5.00000000  0 0.200   0.00000000
(-3.9053157, 32.2897435,  6.6113999, -0.7221604, -0.0815494, -0.4798049, -0.4915499)    0    0   5.00000000  0 0.200   0.00000000
(-7.7020060, 28.3636186, 15.8748739, -0.6249986,  0.1150703, -0.4410566, -0.6337228)    0    0   5.00000000  0 0.200   0.00000000
(-4.7052941, 34.4051471, 13.9495246,  0.4430077,  0.2229233, -0.6414275, -0.5853376)    0    0   5.00000000  0 0.200   0.00000000
( 0.9676079, 36.3547528, 10.8106608,  0.9150470, -0.1734030,  0.2722812, -0.2418335)    0    0   5.00000000  0 0.200   0.00000000
(-5.6816812, 41.7152263, 13.3868266, -0.3410062,  0.4779085,  0.7340790, -0.3412422)    0    0   5.00000000  0 0.200   0.00000000
(-2.8196874, 34.6803824,  9.5266718,  0.4037223, -0.6309406, -0.6200285,  0.2334242)    0    0   5.00000000  0 0.200   0.00000000
(-1.1185793, 35.5822225, 11.4985063,  0.2686664,  0.0776951,  0.9596080, -0.0305682)    0    0   5.00000000  0 0.200   0.00000000
(-8.0279993, 27.7777709,  9.0696458, -0.8127638, -0.0535823,  0.5441489, -0.2011117)    0    0   5.00000000  0 0.200   0.00000000
(-3.2038183, 34.6809690, 18.1924652, -0.7546260, -0.2866169, -0.2665872, -0.5266134)    0    0   5.00000000  0 0.200   0.00000000
(-1.9296554, 39.7211980, 17.3589805, -0.4210640,  0.0638335, -0.8992089,  0.1002687)    0    0   5.00000000  0 0.200   0.00000000
(-10.2828095, 27.2022105, 13.7389840,  0.1011086, -0.4338817,  0.5186779,  0.7297238)    0    0   5.00000000  0 0.200   0.00000000
(-2.7773628, 32.4008301,  8.3367536,  0.6946942,  0.5491576, -0.3444249, -0.3117651)    0    0   5.00000000  0 0.200   0.00000000
(-14.2073211, 31.4060783,  8.6296479,  0.7192665,  0.6169939, -0.1964463,  0.2517599)    0    0   5.00000000  0 0.200   0.00000000
(-10.0488410, 31.0958609, 18.6208512, -0.0384104,  0.0682931,  0.7744859, -0.6277200)    0    0   5.00000000  0 0.200   0.00000000
(-8.8498504, 36.0622283,  3.0297384, -0.9379491,  0.3379156, -0.0454701, -0.0632212)    0    0   5.00000000  0 0.200   0.00000000
(-10.3503809, 42.1501388,  7.3865799, -0.6313980, -0.6059238, -0.3637730,  0.3191583)    0    0   5.00000000  0 0.200   0.00000000
(-3.7037993, 30.1285366, 12.0257475, -0.8129181,  0.1638621,  0.0669720,  0.5548226)    0    0   5.00000000  0 0.200   0.00000000
(-1.3821384, 40.8374788, 12.2274894,  0.6356330,  0.1059211,  0.2428025, -0.7251195)    0    0   5.00000000  0 0.200   0.00000000
(-5.9824660, 34.6746651,  8.8287288, -0.5731700,  0.7204412, -0.1651845,  0.3537721)    0    0   5.00000000  0 0.200   0.00000000
(-11.7516991, 29.6337758,  9.8256034,  0.2839845, -0.3479945, -0.8886143,  0.0928292)    0    0   5.00000000  0 0.200   0.00000000
(-3.7330721, 32.0548102, 11.1363240, -0.3815636, -0.3505571, -0.6952343, -0.4981648)    0    0   5.00000000  0 0.200   0.00000000
(-10.3457347, 33.9839047, 15.3551175, -0.4976556,  0.8132565,  0.0849190,  0.2893814)    0    0   5.00000000  0 0.200   0.00000000
(-3.4592496, 34.0026606, 18.8072088,  0.2955566,  0.6023609,  0.6018377, -0.4331270)    0    0   5.00000000  0 0.200   0.00000000
(-15.3877851, 36.2740217, 10.3702676, -0.0491567, -0.5363269, -0.8012011, -0.2607947)    0    0   5.00000000  0 0.200   0.00000000
(-5.3793471, 41.7418858, 15.3367123, -0.5715336,  0.4709541, -0.2321732, -0.6305927)    0    0   5.00000000  0 0.200   0.00000000
(-10.0932674, 33.9671166, 19.7225984, -0.2959903,  0.3561905, -0.5088290, -0.7256798)    0    0   5.00000000  0 0.200   0.00000000
(-5.7336365, 37.3719105, 13.7484021, -0.2744868,  0.4031342,  0.6191032, -0.6155088)    0    0   5.00000000  0 0.200   0.00000000
(-7.0921678, 32.2795401,  4.5871058,  0.0401344,  0.2856470,  0.0032986, -0.9574884)    0    0   5.00000000  0 0.200   0.00000000
(-6.7522438, 29.0121186, 12.5429284, -0.7425122,  0.3518344,  0.5610354,  0.1006356)    0    0   5.00000000  0 0.200   0.00000000
(-6.6606175, 33.4726590,  3.3664874,  0.5027063,  0.3242122,  0.7398594, -0.3078650)    0    0   5.00000000  0 0.200   0.00000000
(-3.3415661, 25.1183778,  6.7917429, -0.0577738,  0.1414227,  0.9863311,  0.0617472)    0    0   5.00000000  0 0.200   0.00000000
(-12.0179354, 32.6114096, 13.0939665, -0.7766035,  0.5751738, -0.2515925, -0.0525677)    0    0   5.00000000  0 0.200   0.00000000
(-9.1899992, 41.2689308,  5.4588597, -0.6085557, -0.7846328,  0.1159298,  0.0239084)    0    0   5.00000000  0 0.200   0.00000000
(-10.4241558, 31.9769276,  3.6152269,  0.0701056, -0.6265412, -0.3402885,  0.6976640)    0    0   5.00000000  0 0.200   0.00000000
(-0.3790473, 28.1148875, 12.5585716, -0.0637276, -0.1170535,  0.4247875,  0.8954289)    0    0   5.00000000  0 0.200   0.00000000
(-2.0846023, 30.8956488,  7.5578997,  0.5180130, -0.3092293,  0.7263162, -0.3294003)    0    0   5.00000000  0 0.200   0.00000000
(-1.8617386, 34.1949954, 11.7941081, -0.6936545,  0.6437359, -0.3198996, -0.0459528)    0    0   5.00000000  0 0.200   0.00000000
(-13.4510017, 39.4075500, 12.0689104, -0.3864052, -0.4410882, -0.6298205,  0.5093706)    0    0   5.00000000  0 0.200   0.00000000
(-4.4034992, 27.6885695, 16.2048884, -0.2895901,  0.5976053, -0.4042725, -0.6289430)    0    0   5.00000000  0 0.200   0.00000000
(-8.9733992, 31.1723963, 11.9825679,  0.4724302, -0.5934456, -0.2341215, -0.6081275)    0    0   5.00000000  0 0.200   0.00000000
(-11.3667819, 39.2703066, 10.7907188, -0.4728751,  0.7412025,  0.3755826,  0.2931650)    0    0   5.00000000  0 0.200   0.00000000
(-7.3302820, 34.6335509, 11.6704500, -0.6014253, -0.6242824,  0.2833322,  0.4102219)    0    0   5.00000000  0 0.200   0.00000000
(-5.4483672, 34.6876610,  0.9908915,  0.0874342, -0.2322795,  0.9591084, -0.1360611)    0    0   5.00000000  0 0.200   0.00000000
(-10.8399461, 27.9103500,  7.2526746,  0.0421987, -0.7434846, -0.3137633, -0.5890692)    0    0   5.00000000  0 0.200   0.00000000
(-2.6298831, 35.0250393, 16.1335711,  0.4914182, -0.6425625, -0.5034752, -0.3035364)    0    0   5.00000000  0 0.200   0.00000000
(-0.1212005, 27.4481099, 14.6908958, -0.6090858,  0.1160015,  0.7826083,  0.0555195)    0    0   5.00000000  0 0.200   0.00000000
(-3.6396559, 29.0732170, 11.7403441,  0.4947059, -0.0744897,  0.8527245, -0.1502606)    0    0   5.00000000  0 0.200   0.00000000
(-6.4487212, 30.6302577, 17.0007685, -0.4122017, -0.7792697,  0.4614794, -0.0993243)    0    0   5.00000000  0 0.200   0.00000000
(-7.4091489, 31.9705382, 14.8112457, -0.1770480,  0.7171011, -0.6223808,  0.2589637)    0    0   5.00000000  0 0.200   0.00000000
(-7.6952560, 39.3440771,  8.1182406, -0.3680001,  0.4304058,  0.5888127,  0.5767377)    0    0   5.00000000  0 0.200   0.00000000
(-3.4131799, 29.5625755,  2.5750375, -0.2189878, -0.4685087,  0.8388399, -0.1699752)    0    0   5.00000000  0 0.200   0.00000000
(-5.1666985, 30.8563581,  7.0573417, -0.6766196, -0.0816956, -0.7282455, -0.0719040)    0    0   5.00000000  0 0.200   0.00000000
(-5.7435828, 31.5598952, 18.7426029, -0.3830543,  0.6727703,  0.1660296,  0.6108058)    0    0   5.00000000  0 0.200   0.00000000
(-1.4228128, 41.6033540, 14.2923824,  0.7276304, -0.1467243,  0.2622990, -0.6166241)    0    0   5.00000000  0 0.200   0.00000000
(-11.5839851, 31.4213890, 16.2619800, -0.5327239,  0.4327497, -0.6983581, -0.2030490)    0    0   5.00000000  0 0.200   0.00000000
(-7.6896576, 25.6456165, 11.6775915,  0.1750779, -0.5867689,  0.7700362, -0.1791487)    0    0   5.00000000  0 0.200   0.00000000
(-12.1010272, 26.2318600, 10.0738101, -0.2287864,  0.5010910,  0.7277480, -0.4085921)    0    0   5.00000000  0 0.200   0.00000000
(-5.2020374, 42.2653675,  6.3290769, -0.5008196, -0.7428942, -0.0133030,  0.4439717)    0    0   5.00000000  0 0.200   0.00000000
(-9.3521234, 31.0563372,  9.1946281, -0.4751158,  0.3418526,  0.7039463, -0.4023202)    0    0   5.00000000  0 0.200   0.00000000
(-5.8880095, 29.3264149, 16.7083498, -0.7205498, -0.1801408, -0.3788280, -0.5521292)    0    0   5.00000000  0 0.200   0.00000000
(-1.8597867, 41.2060320, 10.7829560, -0.4630266,  0.2445736, -0.7497315,  0.4045896)    0    0   5.00000000  0 0.200   0.00000000
(-10.6431599, 33.3900608,  3.4617842,  0.0066958,  0.3753517,  0.6393370,  0.6710548)    0    0   5.00000000  0 0.200   0.00000000
(-4.9310183, 43.5844185, 11.2284286,  0.3151162, -0.2083523, -0.1561328,  0.9126410)    0    0   5.00000000  0 0.200   0.00000000
( 2.3508851, 35.9493706,  9.6226803, -0.3265573, -0.2059990, -0.4873708,  0.7831951)    0    0   5.00000000  0 0.200   0.00000000
(-0.4388607, 30.2381729, 16.8980098, -0.4411891, -0.3546277,  0.1516166,  0.8103109)    0    0   5.00000000  0 0.200   0.00000000
(-6.4467199, 30.1031158, 18.4793910,  0.6773079, -0.0592389, -0.4875896,  0.5477236)    0    0   5.00000000  0 0.200   0.00000000
(-7.0893863, 29.3922304, 12.4186936, -0.9712235, -0.2109509, -0.0390153, -0.1034523)    0    0   5.00000000  0 0.200   0.00000000
(-5.9184669, 28.9198399,  7.6655019,  0.9371337, -0.1895336,  0.0586716,  0.2870803)    0    0   5.00000000  0 0.200   0.00000000
(-3.5438045, 40.8783128, 17.0237872,  0.4476660,  0.4936861,  0.5943930,  0.4500735)    0    0   5.00000000  0 0.200   0.00000000
(-14.0785708, 33.4775798, 12.5947890, -0.2418855, -0.5209633,  0.6171708, -0.5377627)    0    0   5.00000000  0 0.200   0.00000000
(-4.4559046, 32.4730089, 17.6491940, -0.5521016, -0.7309174,  0.3004572,  0.2658367)    0    0   5.00000000  0 0.200   0.00000000
(-0.6676048, 41.0476344, 10.1734677,  0.3182864,  0.8816219, -0.3483953,  0.0075765)    0    0   5.00000000  0 0.200   0.00000000
(-3.2962216, 34.6181338,  2.2798366,  0.5574088, -0.4669045, -0.6606653,  0.1865934)    0    0   5.00000000  0 0.200   0.00000000
(-3.5051324, 37.3653035, 17.5670141, -0.5662694,  0.3159400, -0.7557655,  0.0913203)    0    0   5.00000000  0 0.200   0.00000000
(-3.9544337, 35.5789386,  4.2761870,  0.6107588, -0.7723675, -0.1707643,  0.0355186)    0    0   5.00000000  0 0.200   0.00000000
(-8.3324385, 37.0715031, 13.7498367,  0.5592766,  0.0730038, -0.8252018, -0.0303657)    0    0   5.00000000  0 0.200   0.00000000
(-10.1581563, 29.9347013, 11.9052105,  0.6710840,  0.6615618,  0.2698537,  0.1978919)    0    0   5.00000000  0 0.200   0.00000000
(-6.3554373, 25.5654065,  7.2901492,  0.0854668, -0.7648628, -0.4610483,  0.4417180)    0    0   5.00000000  0 0.200   0.00000000
(-11.7650986, 35.5317855, 14.5469888, -0.9189193,  0.3469494,  0.1772234,  0.0616872)    0    0   5.00000000  0 0.200   0.00000000
(-12.6529630, 31.2537984, 13.3930329,  0.5937374, -0.4787089, -0.3279119, -0.5574832)    0    0   5.00000000  0 0.200   0.00000000
(-4.1595710, 29.7903321, 13.8899130, -0.3053001,  0.7166224,  0.0819800, -0.6217101)    0    0   5.00000000  0 0.200   0.00000000
(-1.8923796, 29.7629478,  5.5128967, -0.1051778, -0.0392208, -0.6735273, -0.7305890)    0    0   5.00000000  0 0.200   0.00000000
(-9.5073405, 31.1075985,  6.4450694,  0.4572147,  0.1723006, -0.6897639,  0.5343155)    0    0   5.00000000  0 0.200   0.00000000
(-1.7844229, 32.4847797, 19.4063633, -0.0642591, -0.3554816,  0.9323388, -0.0157490)    0    0   5.00000000  0 0.200   0.00000000
(-11.5815352, 34.7477162, 16.3905984,  0.5680707, -0.6351964, -0.4043402, -0.3321600)    0    0   5.00000000  0 0.200   0.00000000
(-2.4354110, 26.2230797,  6.7963702,  0.2670119, -0.6031196,  0.1643535,  0.7334435)    0    0   5.00000000  0 0.200   0.00000000
(-10.0563089, 29.8485421, 17.3214227,  0.4090136, -0.7456673,  0.4607664, -0.2537370)    0    0   5.00000000  0 0.200   0.00000000
(-12.5476544, 35.9003963,  3.8047553, -0.5627032,  0.3876294,  0.0957776, -0.7238337)    0    0   5.00000000  0 0.200   0.00000000
(-4.2512165, 29.5995144, 16.7436667, -0.7728051,  0.0593249, -0.5010087, -0.3850236)    0    0   5.00000000  0 0.200   0.00000000
(-4.3803627, 36.5656755,  5.9281253, -0.3774966,  0.2942049, -0.5901898,  0.6500891)    0    0   5.00000000  0 0.200   0.00000000
(-10.4124406, 28.3246121, 15.8564216, -0.8048736,  0.5071039,  0.1522629,  0.2680300)    0    0   5.00000000  0 0.200   0.00000000
(-1.8259841, 29.8527756, 15.3743676,  0.7206238,  0.1515227, -0.4253246, -0.5261570)    0    0   5.00000000  0 0.200   0.00000000
(-11.2997678, 26.1129994,  8.2452105, -0.3457674, -0.6328581, -0.6797284, -0.1338090)    0    0   5.00000000  0 0.200   0.00000000
(-10.0630369, 41.5527077,  8.1297887,  0.5476029,  0.7722499,  0.0438214, -0.3191252)    0    0   5.00000000  0 0.200   0.00000000
(-0.1625410, 33.2197888,  5.3106282,  0.2955360,  0.4720905,  0.8287741,  0.0540607)    0    0   5.00000000  0 0.200   0.00000000
(-1.2075371, 41.4631898,  8.4613697,  0.2360574, -0.5700298, -0.6106849, -0.4963938)    0    0   5.00000000  0 0.200   0.00000000
(-13.9295099, 37.9110923,  8.4942645, -0.2257394,  0.0414818, -0.0976044,  0.9683978)    0    0   5.00000000  0 0.200   0.00000000
(-2.0343632, 35.3577618,  3.3238687,  0.8726030,  0.2989944,  0.3322744, -0.1968759)    0    0   5.00000000  0 0.200   0.00000000
(-0.1100492, 39.6795266, 10.8574227, -0.4550192,  0.0132873, -0.8585372, -0.2359974)    0    0   5.00000000  0 0.200   0.00000000
(-6.5049951, 36.5867550, 18.2729085, -0.5972558, -0.5783657,  0.2550000,  0.4937142)    0    0   5.00000000  0 0.200   0.00000000
(-4.4936220, 38.0675758,  5.5065690,  0.3454018,  0.0642605,  0.7337945, -0.5814755)    0    0   5.00000000  0 0.200   0.00000000
(-8.0352185, 31.9726413, 15.3259195, -0.6821968, -0.0106265,  0.6948850,  0.2272213)    0    0   5.00000000  0 0.200   0.00000000
(-7.6576136, 38.2838010, 11.4687079, -0.1355833,  0.4144489, -0.2943271,  0.8504239)    0    0   5.00000000  0 0.200   0.00000000
(-9.4119568, 27.0281255, 13.2013324, -0.6590596,  0.6015952, -0.2508144,  0.3752542)    0    0   5.00000000  0 0.200   0.00000000
(-0.9059324, 34.9981960,  8.8022108,  0.1070925, -0.3946867, -0.4614068,  0.7873102)    0    0   5.00000000  0 0.200   0.00000000
( 1.9102095, 35.6550124, 15.6192067,  0.4595676, -0.3402045, -0.7128040, -0.4061638)    0    0   5.00000000  0 0.200   0.00000000
(-8.6348308, 32.9736197, 10.7701459,  0.4752884,  0.0701745,  0.4932670,  0.7251649)    0    0   5.00000000  0 0.200   0.00000000
(-2.9093896, 34.1374126, 12.8124018, -0.2008900,  0.8669851, -0.3923477,  0.2324720)    0    0   5.00000000  0 0.200   0.00000000
(-11.7096137, 38.6145121,  4.9414728,  0.1887043, -0.0859031,  0.8729432, -0.4415672)    0    0   5.00000000  0 0.200   0.00000000
( 1.3269560, 34.0782825, 14.8140771,  0.1026895, -0.4221484,  0.7160710,  0.5463404)    0    0   5.00000000  0 0.200   0.00000000
(-6.4306895, 41.8504177,  5.0167778, -0.1043340,  0.6457128,  0.7478593,  0.1134721)    0    0   5.00000000  0 0.200   0.00000000
(-7.4905061, 42.1470443, 14.5263638,  0.0940018,  0.3916209,  0.8628778,  0.3053501)    0    0   5.00000000  0 0.200   0.00000000
(-3.8696370, 25.6470155, 10.7701104,  0.5725357, -0.7340845, -0.1660247,  0.3252055)    0    0   5.00000000  0 0.200   0.00000000
( 1.5806926, 30.7017823, 10.3215215,  0.4889938, -0.5581213, -0.6351561,  0.2143886)    0    0   5.00000000  0 0.200   0.00000000
