#Coordinates  RecID  LigID  Luciferin  Neighbor's number  Vision Range  Scoring
(-14.2699136, 26.6933676, -6.8270127, 0.5373907, 0.1501829, 0.4004855, 0.7268202)    0    0   -203.16486664  0 0.600 -514.16216661
(-3.6229199, 22.9949686, 5.0933140, 0.7862073, 0.0048032, -0.0625483, 0.6147704)    0    0   -403.04640701  0 0.600 -1013.86601752
(-13.6388053, 28.3878529, -9.0242189, 0.6091957, 0.1791382, 0.3995443, 0.6611766)    0    0   -117.98014389  0 0.600 -301.20035972
(-9.4363060, 17.8903424, -1.1144069, 0.6890065, 0.0889253, 0.2684702, 0.6672976)    0    0   -840.58398350  0 0.600 -2107.70995874
(-4.4613044, 25.5120686, 3.4354332, 0.7544550, 0.0270268, -0.0079446, 0.6557470)    0    0   -208.47941020  0 0.600 -527.44852550
(-1.7140179, 26.4978246, -9.6835245, 0.7790619, 0.1335957, 0.2924270, 0.5382390)    0    0   -105.17278585  0 0.600 -269.18196463
(-14.9297501, 29.4315618, -2.3075357, 0.6827517, 0.0421146, 0.1788777, 0.7071628)    0    0   -140.86282424  0 0.600 -358.40706060
(-3.7905044, 27.5227828, 4.2432162, 0.7806451, 0.0820823, 0.1463764, 0.6020214)    0    0   -69.13629680  0 0.600 -179.09074201
(-5.5689572, 20.9170249, 1.2690304, 0.7724321, 0.1269223, 0.3272230, 0.5293057)    0    0   -654.38562546  0 0.600 -1642.21406364
(-13.1002899, 33.1878382, -1.6460536, 0.5928783, 0.0947341, 0.1580021, 0.7839363)    0    0   -31.51344131  0 0.600 -85.03360327
(-1.3261752, 21.0976436, 1.4752620, 0.9398939, 0.0121891, -0.0091520, 0.3411262)    0    0   -355.05358490  0 0.600 -893.88396226
(-4.4591197, 20.9759751, -7.3218104, 0.7892479, 0.1407907, 0.3154832, 0.5076771)    0    0   -463.70418365  0 0.600 -1165.51045913
(-8.9930210, 29.4853301, -0.8898994, 0.6951272, 0.1457938, 0.3138866, 0.6300933)    0    0   -10.15735294  0 0.600 -31.64338236
(-9.6823817, 25.4347868, 2.3076401, 0.8173999, -0.0298143, 0.0156403, 0.5750860)    0    0   -148.83154261  0 0.600 -378.32885652
(-2.5797843, 23.1586294, -3.1565314, 0.7584180, 0.0672871, 0.2171512, 0.6108354)    0    0   -388.64925097  0 0.600 -977.87312744
(-7.7361950, 18.9581946, -7.1875402, 0.7341019, 0.2369140, 0.5272511, 0.3563319)    0    0   -649.08125222  0 0.600 -1628.95313056
(1.0967928, 23.2066007, 0.7337800, 0.8622237, 0.0971964, 0.2052462, 0.4527660)    0    0   -292.44648907  0 0.600 -737.36622269
(-11.2183721, 22.9906148, 1.0459190, 0.6921021, 0.1667486, 0.3745347, 0.5940651)    0    0   -450.97180687  0 0.600 -1133.67951718
(-7.2568638, 31.6838467, 3.2116528, 0.7810300, -0.0440474, -0.0068803, 0.6229002)    0    0   21.28630162  0 0.600 46.96575404
(-13.1119463, 28.7528526, -7.5122420, 0.6125314, 0.1637386, 0.3550579, 0.6869708)    0    0   -104.57813902  0 0.600 -267.69534756
(-2.0449458, 31.1474765, 4.6210553, 0.8314949, -0.0497155, -0.0276635, 0.5526113)    0    0   35.37173442  0 0.600 82.17933605
(-11.5149028, 25.7969904, 5.0030853, 0.8135593, -0.0209091, -0.1257216, 0.5673430)    0    0   -151.85644421  0 0.600 -385.89111052
(-2.1033344, 27.5331712, 5.4750594, 0.8613395, -0.0563458, -0.0477100, 0.5026362)    0    0   -33.41385951  0 0.600 -89.78464879
(-4.6141524, 25.8315993, -7.3006861, 0.7255651, 0.1837232, 0.4381676, 0.4978053)    0    0   -74.70520249  0 0.600 -193.01300622
(-12.6412222, 18.6016023, -0.2906768, 0.6433263, 0.2381416, 0.5461911, 0.4807236)    0    0   -794.57102420  0 0.600 -1992.67756049
(1.6474224, 26.6577949, -4.6929348, 0.8776615, 0.0462670, 0.1535015, 0.4516714)    0    0   -21.56921829  0 0.600 -60.17304572
(-6.0691810, 31.6416678, -7.5693113, 0.6532064, 0.0980660, 0.2903149, 0.6924029)    0    0   -0.50567872  0 0.600 -7.51419680
(-2.5375587, 22.4160792, -1.6641403, 0.7685409, 0.0491867, 0.1805981, 0.6118087)    0    0   -445.48218594  0 0.600 -1119.95546486
(-13.7846885, 29.3120330, -4.8146746, 0.7023984, 0.0812665, 0.2520733, 0.6606749)    0    0   -100.56690927  0 0.600 -257.66727318
(-15.5575272, 23.3850954, 2.1582569, 0.7764005, 0.0202208, -0.0229858, 0.6294958)    0    0   -173.47923784  0 0.600 -439.94809460
(1.0295287, 29.5245264, 1.8700743, 0.7758781, 0.0602130, 0.2007285, 0.5950594)    0    0   -2.00210433  0 0.600 -11.25526083
(-5.0064441, 32.2380536, 4.2459475, 0.7059494, 0.0224917, -0.0264529, 0.7074106)    0    0   37.20517107  0 0.600 86.76292766
(-11.8027893, 27.1409016, -5.3297815, 0.5796523, 0.1126890, 0.3260137, 0.7382543)    0    0   -163.38894205  0 0.600 -414.72235511
(-2.2234517, 23.5522750, 5.5122048, 0.7704389, -0.0575141, -0.0326938, 0.6340719)    0    0   -412.71185272  0 0.600 -1038.02963179
(-10.3488041, 29.4379342, -0.3027627, 0.7608401, 0.0038916, 0.0928312, 0.6422535)    0    0   -67.08720360  0 0.600 -173.96800899
(-12.6504742, 26.7552794, -10.3145998, 0.5763023, 0.1847195, 0.4602569, 0.6495521)    0    0   -162.07640310  0 0.600 -411.44100775
(-12.0322371, 27.0328339, 0.6620118, 0.6527964, 0.1573862, 0.3416220, 0.6575567)    0    0   -238.19688102  0 0.600 -601.74220256
(-4.8028303, 29.8240609, 3.2094564, 0.7215517, 0.0314480, -0.0004864, 0.6916458)    0    0   -3.38995105  0 0.600 -14.72487763
(-5.1772821, 29.8117009, -7.7577197, 0.7218613, 0.1287991, 0.2689735, 0.6244840)    0    0   -17.90125011  0 0.600 -51.00312527
(-3.2591150, 20.9914809, -6.3543847, 0.7625919, 0.1197611, 0.3156820, 0.5517752)    0    0   -497.96568366  0 0.600 -1251.16420914
(-15.1356664, 31.0571858, -1.4390095, 0.5337633, 0.1519409, 0.4040895, 0.7271330)    0    0   -69.35217373  0 0.600 -179.63043433
(-4.7015626, 28.6012696, -0.1035051, 0.7318505, 0.0644965, 0.0905611, 0.6723345)    0    0   -19.81078099  0 0.600 -55.77695247
(-2.0904733, 20.8649802, -6.3596317, 0.7785756, 0.1142669, 0.3026887, 0.5377199)    0    0   -495.74319098  0 0.600 -1245.60797744
(-7.3439098, 32.2340542, 2.7922994, 0.6362610, -0.0330192, 0.0349213, 0.7699754)    0    0   20.29431739  0 0.600 44.48579346
(-13.4444281, 27.0427878, -4.1977043, 0.7300929, 0.0814271, 0.2485170, 0.6313266)    0    0   -162.20530682  0 0.600 -411.76326705
(-9.0819056, 20.3115823, -1.0304418, 0.7100759, 0.1907318, 0.4531922, 0.5040144)    0    0   -601.56046428  0 0.600 -1510.15116069
(-4.0763384, 32.5610104, -2.0810929, 0.8330150, 0.0516064, 0.0714529, 0.5461844)    0    0   25.61777315  0 0.600 57.79443288
(-12.6891077, 21.1949809, -2.9979301, 0.5756639, 0.1225003, 0.3449598, 0.7311686)    0    0   -575.15177151  0 0.600 -1444.12942877
(-7.9299809, 29.2783105, 1.8379077, 0.6391185, -0.0165403, 0.0677829, 0.7659370)    0    0   -69.23571777  0 0.600 -179.33929443
(-2.9871361, 35.1240835, -1.4157231, 0.8236781, 0.0449488, 0.0515355, 0.5629192)    0    0   17.85154951  0 0.600 38.37887378
(-5.4153457, 23.9604297, -9.1043104, 0.7256777, 0.2092497, 0.4827032, 0.4434006)    0    0   -156.25794685  0 0.600 -396.89486712
(-11.8744199, 27.6655078, 5.3387817, 0.5945268, 0.0468346, 0.1978063, 0.7779570)    0    0   -297.50286909  0 0.600 -750.00717273
(-13.3516001, 33.5112154, -4.0385521, 0.7244726, 0.0921810, 0.1660370, 0.6626265)    0    0   7.95733253  0 0.600 13.64333133
(-4.6324923, 34.3814594, -4.9605245, 0.6598470, 0.0570439, 0.2106979, 0.7189954)    0    0   30.44500344  0 0.600 69.86250860
(-1.6524595, 26.0012319, -9.2044878, 0.8537569, 0.0963258, 0.2539623, 0.4442114)    0    0   -45.99666582  0 0.600 -121.24166455
(-2.4960455, 21.0846527, -5.5159140, 0.7885051, 0.1758011, 0.4120111, 0.4214267)    0    0   -394.44826306  0 0.600 -992.37065765
(-14.4057874, 27.7142897, -8.3712809, 0.5959202, 0.1810949, 0.4036921, 0.6701614)    0    0   -133.43707643  0 0.600 -339.84269106
(-3.3262258, 26.4949191, 4.8938130, 0.7613938, 0.0108851, -0.0500929, 0.6462598)    0    0   -155.90327931  0 0.600 -396.00819826
(-9.0319640, 23.3215905, -0.2264356, 0.6954569, 0.0855920, 0.1439201, 0.6987852)    0    0   -350.72790546  0 0.600 -883.06976366
(-10.0344858, 32.1103747, -9.6849458, 0.6528129, 0.1549201, 0.3344865, 0.6617808)    0    0   -12.32217155  0 0.600 -37.05542887
(-10.7510032, 22.7994874, 3.6485126, 0.8641740, -0.0079768, -0.0823097, 0.4963514)    0    0   -349.49607750  0 0.600 -879.99019376
(-3.0624475, 28.9869496, 1.2547660, 0.8679528, 0.0218945, -0.0021335, 0.4961593)    0    0   25.79131424  0 0.600 58.22828560
(-12.8429012, 22.6230161, 5.0819414, 0.6443061, 0.1292930, 0.2601177, 0.7074544)    0    0   -491.87426276  0 0.600 -1235.93565690
(-6.6451124, 26.3329729, 7.0567304, 0.7095837, 0.0124047, 0.1170234, 0.6947249)    0    0   -266.33677101  0 0.600 -672.09192752
(-5.8613543, 31.5686685, -9.5404277, 0.7063336, 0.1394595, 0.2972544, 0.6271233)    0    0   -6.72863796  0 0.600 -23.07159491
(-0.7397777, 33.0094629, -0.9815401, 0.7527243, 0.0615745, 0.0854794, 0.6498522)    0    0   43.30599329  0 0.600 102.01498324
(-6.3183657, 23.1553359, 5.3867802, 0.8947660, -0.0242178, -0.1177528, 0.4300484)    0    0   -278.58040474  0 0.600 -702.70101186
(-0.1435634, 28.0261360, -7.3967415, 0.8035517, 0.1474832, 0.3384427, 0.4669154)    0    0   13.01961268  0 0.600 26.29903171
(-5.7486542, 20.0267458, 0.0261894, 0.8183956, 0.1434480, 0.3299227, 0.4481098)    0    0   -626.58247379  0 0.600 -1572.70618446
(-0.3723178, 24.8532219, -0.8603805, 0.8336253, 0.1138745, 0.2465385, 0.4809577)    0    0   -119.78495004  0 0.600 -305.71237511
(-6.5686632, 32.8867821, -4.5041244, 0.6626972, 0.1370147, 0.3624304, 0.6408616)    0    0   38.31412479  0 0.600 89.53531197
(-8.1189145, 25.9470189, 1.5726672, 0.6531398, -0.0065204, 0.0862822, 0.7522774)    0    0   -232.56417716  0 0.600 -587.66044291
(-4.0297946, 33.5135667, -3.7995620, 0.6712924, 0.0458349, 0.1875343, 0.7156092)    0    0   28.76116498  0 0.600 65.65291245
(-0.1457642, 26.3915420, -1.9764019, 0.7623276, 0.0376281, 0.1590782, 0.6262068)    0    0   -104.26716530  0 0.600 -266.91791325
(-13.4657609, 27.4230305, -7.8490774, 0.7670246, 0.1410932, 0.3120095, 0.5426011)    0    0   -66.61044386  0 0.600 -172.77610966
(-8.4510522, 26.4054839, -9.6280228, 0.6721043, 0.2208997, 0.5120895, 0.4870765)    0    0   -4.25696339  0 0.600 -16.89240847
(-14.6589797, 29.8447541, -6.3939225, 0.7297462, 0.1284771, 0.2692490, 0.6151984)    0    0   -53.91238749  0 0.600 -141.03096873
(-0.7489950, 24.0501159, -1.9409812, 0.8342527, 0.1237759, 0.2755197, 0.4612926)    0    0   -199.48432168  0 0.600 -504.96080421
(-14.6140192, 25.9336540, -1.9066653, 0.7234720, 0.0493224, 0.1875838, 0.6625466)    0    0   -205.70818268  0 0.600 -520.52045669
(-12.5165003, 28.6193538, -1.1884228, 0.6079086, 0.0982234, 0.1691313, 0.7695414)    0    0   -193.33693564  0 0.600 -489.59233911
(0.4395632, 23.6594978, 1.4253772, 0.9051101, -0.0071631, 0.0414417, 0.4230921)    0    0   -153.77659124  0 0.600 -390.69147811
(-13.9140651, 23.9234612, -6.5330074, 0.6517613, 0.2281538, 0.5553321, 0.4634214)    0    0   -170.95567627  0 0.600 -433.63919068
(-0.4778990, 28.1772243, -0.6582028, 0.7666501, 0.0944612, 0.2676066, 0.5759439)    0    0   -7.69636504  0 0.600 -25.49091259
(-13.3457254, 27.8330072, -1.9474408, 0.7681981, 0.0773558, 0.1312647, 0.6218177)    0    0   -105.67408354  0 0.600 -270.43520885
(-6.3127404, 33.4363833, -0.1958272, 0.6440251, 0.0051125, 0.1104775, 0.7569678)    0    0   29.10360305  0 0.600 66.50900761
(-2.1625630, 26.5579370, -9.6335471, 0.7445862, 0.1830334, 0.4335448, 0.4734228)    0    0   -6.99546503  0 0.600 -23.73866257
(-7.8217479, 21.3810628, -8.9567631, 0.7359122, 0.1721468, 0.3981198, 0.5199032)    0    0   -424.65112142  0 0.600 -1067.87780354
(-2.3607420, 24.0323302, -2.3609168, 0.7548626, 0.0531407, 0.1904065, 0.6253830)    0    0   -314.10248567  0 0.600 -791.50621418
(0.4255117, 32.3315440, 0.3497027, 0.8362830, -0.0071507, 0.0576188, 0.5452152)    0    0   19.71162267  0 0.600 43.02905668
(-3.2386484, 25.4041319, -0.9821431, 0.7335304, 0.0318729, 0.1521027, 0.6616510)    0    0   -200.30344226  0 0.600 -507.00860565
(-13.4949829, 23.7021043, -3.3064114, 0.5946955, 0.2278920, 0.5352320, 0.5549137)    0    0   -357.94592696  0 0.600 -901.11481739
(-1.2114921, 28.9762152, 4.9137630, 0.7989153, 0.0672771, 0.1084006, 0.5877563)    0    0   -18.52620378  0 0.600 -52.56550945
(-5.2666969, 36.0297426, -1.4798426, 0.6647038, 0.0900040, 0.2735750, 0.6893656)    0    0   25.61926505  0 0.600 57.79816263
(-5.0893933, 30.1062588, -10.1133838, 0.8350193, 0.1130711, 0.2445308, 0.4797524)    0    0   16.37549064  0 0.600 34.68872659
(-4.0533606, 23.7097136, -8.2876597, 0.8930558, 0.0996706, 0.2209257, 0.3790895)    0    0   -137.12757889  0 0.600 -349.06894722
(-9.3326596, 19.8038853, -6.2762339, 0.8981474, 0.1101244, 0.2535344, 0.3419416)    0    0   -520.92004171  0 0.600 -1308.55010427
(-1.9878680, 18.9571957, -2.9580966, 0.9277456, 0.0492398, 0.1448131, 0.3404301)    0    0   -503.76661756  0 0.600 -1265.66654391
(-6.3168787, 24.8371034, 5.2035530, 0.8783345, -0.0194539, -0.1092571, 0.4649870)    0    0   -145.93894997  0 0.600 -371.09737492
(-0.3237840, 27.9419825, -5.6579720, 0.8049769, 0.1396391, 0.3154580, 0.4827000)    0    0   16.02803395  0 0.600 33.82008487
(-10.7398291, 33.9295526, 2.2638261, 0.5800156, -0.0304574, 0.0457702, 0.8127480)    0    0   14.46323232  0 0.600 29.90808081
(-13.8018610, 23.1076794, 3.4043536, 0.5660449, 0.1325103, 0.3647374, 0.7273244)    0    0   -478.47573178  0 0.600 -1202.43932944
(-13.2585271, 25.1764605, -9.5308784, 0.7409758, 0.1654077, 0.4028221, 0.5112040)    0    0   -128.44762550  0 0.600 -327.36906376
(-10.9017246, 28.1093192, -4.8134850, 0.6233639, 0.1888542, 0.4623052, 0.6016856)    0    0   -36.53028112  0 0.600 -97.57570279
(-10.2777881, 32.5999798, 0.4309399, 0.6340031, 0.0675974, 0.0874630, 0.7653894)    0    0   -9.18867640  0 0.600 -29.22169100
(-10.2553400, 30.0482932, 2.8928126, 0.7903182, 0.0122144, -0.0422141, 0.6111185)    0    0   -4.40254543  0 0.600 -17.25636358
(-6.6709906, 22.7494645, 4.8358823, 0.8795584, -0.0572878, -0.0540376, 0.4692281)    0    0   -426.83602239  0 0.600 -1073.34005597
(-2.1048621, 28.8451993, 2.0141598, 0.7616939, 0.0394495, 0.0265616, 0.6461893)    0    0   -15.07691977  0 0.600 -43.94229941
(-8.0356991, 34.3163821, -7.0440931, 0.6174666, 0.0870496, 0.2732851, 0.7324429)    0    0   20.55372408  0 0.600 45.13431019
(-3.3490971, 21.3473584, 1.9188817, 0.9116470, -0.0110191, 0.0318416, 0.4095907)    0    0   -393.29044620  0 0.600 -989.47611549
(-11.5866253, 30.4898042, 1.3971084, 0.6456794, 0.1347447, 0.2757574, 0.6992137)    0    0   -84.15811316  0 0.600 -216.64528291
(-3.4476554, 25.0574741, -7.6736687, 0.7436528, 0.1827307, 0.4331841, 0.4753331)    0    0   -102.80737760  0 0.600 -263.26844399
(-4.5074662, 18.8224470, 0.0910335, 0.8205262, 0.0687990, 0.1164575, 0.5553747)    0    0   -739.37309595  0 0.600 -1854.68273987
(-0.2504659, 25.7962920, 4.1164253, 0.8860230, -0.0374953, -0.0148982, 0.4618824)    0    0   -68.49437347  0 0.600 -177.48593367
(-2.2935080, 20.6185095, 2.9533972, 0.7982648, -0.0165534, 0.0458532, 0.6003305)    0    0   -627.29181976  0 0.600 -1574.47954940
(-9.3796340, 24.3136372, 0.5086682, 0.7197029, 0.1532150, 0.3391998, 0.5860857)    0    0   -280.72327075  0 0.600 -708.05817687
(-2.9516258, 26.6570556, -8.5400488, 0.7656034, 0.1312608, 0.2831824, 0.5625209)    0    0   -106.52662311  0 0.600 -272.56655778
(-1.2860194, 22.9121046, 2.9555255, 0.8116701, 0.0734967, 0.2198569, 0.5361463)    0    0   -434.37269233  0 0.600 -1092.18173082
(1.3832602, 28.2884507, -0.2805110, 0.8020099, 0.0536143, 0.0713906, 0.5906006)    0    0   -14.16979397  0 0.600 -41.67448494
(-17.0474726, 27.4464368, -4.1871299, 0.5755900, 0.2213098, 0.5214680, 0.5897366)    0    0   -145.72428083  0 0.600 -370.56070208
(-4.3035734, 26.9835871, -5.7126492, 0.7711424, 0.1596997, 0.3678380, 0.4945004)    0    0   -11.59306815  0 0.600 -35.23267038
(-5.9181831, 25.1912039, 2.1826336, 0.7702497, 0.1145744, 0.2361113, 0.5812398)    0    0   -187.65555736  0 0.600 -475.38889340
(-11.5562652, 22.5489096, -0.4172172, 0.8604976, 0.0526144, 0.0797744, 0.5004114)    0    0   -293.64453201  0 0.600 -740.36133001
(-7.6226452, 23.2404448, -6.0874779, 0.7258824, 0.1434910, 0.3118895, 0.5960118)    0    0   -332.72326429  0 0.600 -838.05816073
(-5.3474827, 21.9996088, -5.2932280, 0.7930640, 0.1719966, 0.4104783, 0.4159017)    0    0   -363.99550938  0 0.600 -916.23877346
(-2.8225146, 20.7935871, -6.9434470, 0.8115771, 0.1290735, 0.2858538, 0.4929202)    0    0   -439.06973777  0 0.600 -1103.92434441
(-6.1447955, 28.6588146, -0.6465231, 0.7118405, 0.0733638, 0.1122580, 0.6894193)    0    0   -33.34332946  0 0.600 -89.60832365
(-5.7750459, 31.1006688, 0.9393810, 0.7304240, 0.1133059, 0.2261825, 0.6344163)    0    0   45.22159184  0 0.600 106.80397960
(-11.4312444, 29.7899660, -4.2205429, 0.6297506, 0.1237722, 0.2428562, 0.7274033)    0    0   -62.16473595  0 0.600 -161.66183989
(-7.1710207, 25.4491100, -7.2480058, 0.8219770, 0.1008085, 0.2693132, 0.4915911)    0    0   -122.80612728  0 0.600 -313.26531820
(-12.6981795, 24.5411319, -3.4870363, 0.7732919, 0.0786176, 0.2364372, 0.5830407)    0    0   -249.65089283  0 0.600 -630.37723208
(-0.2439140, 25.9090092, 2.3579903, 0.9067655, 0.0087909, -0.0280236, 0.4206111)    0    0   -53.85831835  0 0.600 -140.89579587
(-13.7564510, 31.9240015, 2.2266858, 0.5493189, 0.0851837, 0.2763212, 0.7839892)    0    0   -95.88609489  0 0.600 -245.96523722
(-2.8614728, 30.7251033, -4.5003410, 0.7653668, 0.1397867, 0.3078891, 0.5476108)    0    0   66.18026386  0 0.600 159.20065966
(-8.9516509, 29.8061889, -7.7375248, 0.6999775, 0.1862876, 0.4341390, 0.5355854)    0    0   21.22834885  0 0.600 46.82087213
(-9.4621630, 25.4559125, 0.9331128, 0.6593286, 0.1285339, 0.3470427, 0.6544663)    0    0   -256.95697311  0 0.600 -648.64243278
(-9.8535579, 33.5322831, -6.7468763, 0.6187502, 0.1685036, 0.4258994, 0.6382510)    0    0   30.00034223  0 0.600 68.75085558
(-8.6320765, 27.5754256, 1.8310631, 0.8043811, -0.0238231, 0.0301340, 0.5928705)    0    0   -56.79321562  0 0.600 -148.23303904
(-10.9509822, 19.7046703, 1.8908566, 0.6297090, 0.0037624, 0.1093445, 0.7690879)    0    0   -610.94576774  0 0.600 -1533.61441934
(-14.5641628, 26.8532920, -0.0471115, 0.5670404, 0.0947798, 0.1557541, 0.8032575)    0    0   -273.79381964  0 0.600 -690.73454909
(-11.1088758, 30.1524241, -6.5351089, 0.5848761, 0.1091235, 0.3187343, 0.7378485)    0    0   -38.09013984  0 0.600 -101.47534959
(0.1003782, 22.0731072, 2.0550778, 0.9172410, -0.0117232, 0.0287653, 0.3971198)    0    0   -300.07888777  0 0.600 -756.44721943
(-13.1516358, 26.8380461, -10.0215609, 0.6238606, 0.1899414, 0.4333335, 0.6220469)    0    0   -150.81899737  0 0.600 -383.29749342
(-6.6985568, 21.9518156, -3.5948542, 0.9049811, 0.0714033, 0.1432223, 0.3942058)    0    0   -381.63892439  0 0.600 -960.34731098
(-12.3991096, 20.1350075, -1.1358615, 0.5843920, 0.0872836, 0.2770977, 0.7576836)    0    0   -634.43984960  0 0.600 -1592.34962400
(-16.3023713, 26.8336069, -2.7728942, 0.4836787, 0.0866650, 0.2845046, 0.8231654)    0    0   -320.61475070  0 0.600 -807.78687676
(-14.5120633, 30.4239864, -5.3429838, 0.6807131, 0.0865677, 0.2650308, 0.6774174)    0    0   -89.04211272  0 0.600 -228.85528179
(-7.1999796, 24.7036177, -10.4978630, 0.6978026, 0.2259926, 0.5164378, 0.4419172)    0    0   -59.88968844  0 0.600 -155.97422111
(-8.5823181, 26.9838601, -1.4593792, 0.6835696, 0.0917338, 0.1594761, 0.7063178)    0    0   -138.23274672  0 0.600 -351.83186680
(0.6187103, 22.8186400, -2.7107492, 0.9309895, 0.0447061, 0.0765043, 0.3541285)    0    0   -142.77480366  0 0.600 -363.18700916
(-0.6913089, 31.8299543, -2.3456563, 0.7599120, 0.0725049, 0.1165866, 0.6353616)    0    0   38.34353234  0 0.600 89.60883085
(-7.8968692, 27.0226488, -10.6996254, 0.6503174, 0.1606685, 0.4076788, 0.6205408)    0    0   -125.48275333  0 0.600 -319.95688333
(-7.6084242, 24.7576119, -2.3595219, 0.7458392, 0.1630045, 0.3726532, 0.5275253)    0    0   -225.43539084  0 0.600 -569.83847709
(-17.2763930, 25.0214110, -0.8259290, 0.5551749, 0.2157434, 0.5019438, 0.6271268)    0    0   -352.79066009  0 0.600 -888.22665023
(-13.1644664, 24.9628356, -5.4253098, 0.7548760, 0.1112046, 0.3010168, 0.5720005)    0    0   -198.66577719  0 0.600 -502.91444297
(-4.9059410, 19.0147635, -0.2694043, 0.9466809, 0.0304429, 0.0426804, 0.3178787)    0    0   -557.46325276  0 0.600 -1399.90813191
(-8.0181923, 32.6877987, 1.0542747, 0.7625145, -0.0191379, 0.0465252, 0.6450123)    0    0   18.53995890  0 0.600 40.09989725
(-13.7805323, 31.5605365, -5.8784328, 0.5676621, 0.1921812, 0.4747192, 0.6445680)    0    0   -0.63364120  0 0.600 -7.83410300
(-8.2390878, 19.6226777, -0.6946901, 0.9271766, 0.0434412, 0.0717625, 0.3651118)    0    0   -571.41743789  0 0.600 -1434.79359474
(-6.2388401, 22.8636011, -6.7465905, 0.7734196, 0.1829168, 0.4394453, 0.4186304)    0    0   -241.86990998  0 0.600 -610.92477495
(-2.1391856, 33.8358647, -0.9508643, 0.8064727, 0.0031807, 0.0838560, 0.5852861)    0    0   22.02265781  0 0.600 48.80664454
(-3.3011069, 33.2195605, -3.5350888, 0.8337931, 0.0610088, 0.0974443, 0.5399737)    0    0   23.03103506  0 0.600 51.32758765
(-7.4941969, 33.1503425, -0.4967519, 0.7980903, 0.0443874, 0.0455808, 0.5991694)    0    0   22.47264858  0 0.600 49.93162146
(-5.8494521, 27.8150672, 4.7932868, 0.8313757, -0.0581208, -0.0449325, 0.5508335)    0    0   -3.38195707  0 0.600 -14.70489267
(-10.5804442, 33.2715000, -2.0875638, 0.7230865, 0.0207606, 0.1317143, 0.6777657)    0    0   3.93374255  0 0.600 3.58435637
(-5.6845114, 21.1478646, 1.4174140, 0.9243481, 0.0159481, -0.0039824, 0.3811959)    0    0   -423.31901290  0 0.600 -1064.54753224
(-8.8306599, 31.4605408, -7.4568820, 0.6941027, 0.1799564, 0.4140688, 0.5606997)    0    0   34.78611279  0 0.600 80.71528198
(-9.5657450, 27.4120462, -5.8828976, 0.6708229, 0.1385988, 0.2898801, 0.6683985)    0    0   -97.61630251  0 0.600 -250.29075627
(-4.0178137, 24.3275885, 4.5239625, 0.8992620, -0.0117514, -0.0841824, 0.4290723)    0    0   -149.45520573  0 0.600 -379.88801432
(-5.9736130, 32.3090689, 1.0385818, 0.6950877, 0.0539240, 0.0570023, 0.7146300)    0    0   16.54418188  0 0.600 35.11045471
(-9.6724361, 35.7690941, -2.0526381, 0.6093778, 0.1097901, 0.3174862, 0.7181973)    0    0   29.60395524  0 0.600 67.75988809
(-1.2172440, 27.2265617, 3.9026495, 0.7497758, -0.0361337, 0.0141374, 0.6605534)    0    0   -133.21217401  0 0.600 -339.28043503
(-11.9901823, 25.3501362, -9.5131245, 0.8030476, 0.1491269, 0.3432421, 0.4637463)    0    0   -61.44853603  0 0.600 -159.87134007
(-7.7257742, 27.0990473, -6.6833506, 0.6777645, 0.1917136, 0.4600223, 0.5406113)    0    0   -31.63983924  0 0.600 -85.34959811
(-15.8395985, 29.0871367, -2.3719761, 0.4951083, 0.0631429, 0.2381577, 0.8331636)    0    0   -153.08485388  0 0.600 -388.96213470
(-7.1567999, 31.0509810, -2.2717398, 0.7818752, 0.0249930, 0.1311916, 0.6089625)    0    0   21.57626998  0 0.600 47.69067496
(0.6898576, 24.0895459, -2.8076852, 0.8260586, 0.0774522, 0.1415644, 0.5399887)    0    0   -226.94667451  0 0.600 -573.61668627
(-11.8790732, 27.6211587, 1.3324302, 0.5984691, 0.1201157, 0.3381580, 0.7162793)    0    0   -200.89985604  0 0.600 -508.49964010
(-4.2587220, 22.2396971, -2.4410223, 0.7669723, 0.1554740, 0.3802730, 0.4929237)    0    0   -399.87500546  0 0.600 -1005.93751366
(-3.5639543, 31.8624603, 0.6332432, 0.7080156, 0.0776473, 0.2443846, 0.6579977)    0    0   53.92172449  0 0.600 128.55431122
(-11.1636515, 34.8116605, -2.8717767, 0.5921254, 0.1287034, 0.3549832, 0.7119057)    0    0   27.46883137  0 0.600 62.42207842
(-1.8339806, 19.8837660, -0.6375308, 0.8241982, 0.1302708, 0.3230568, 0.4464987)    0    0   -535.48572141  0 0.600 -1344.96430352
(-14.0740902, 27.1807344, 1.7617022, 0.7259409, -0.0301699, 0.0296493, 0.6864551)    0    0   -156.43826105  0 0.600 -397.34565263
(-2.1880992, 22.5349376, -0.8309521, 0.7733865, 0.0362494, 0.1546321, 0.6137167)    0    0   -450.83267164  0 0.600 -1133.33167910
(-1.5296145, 34.2963524, 0.2839639, 0.8088403, -0.0092727, 0.0585844, 0.5850293)    0    0   20.03188881  0 0.600 43.82972202
(-4.9323136, 34.1419970, 1.0629490, 0.6598233, -0.0112705, 0.0760215, 0.7474804)    0    0   28.31102551  0 0.600 64.52756377
(-6.5204371, 23.1153320, 4.5839809, 0.7821016, 0.0955958, 0.1844171, 0.5875107)    0    0   -459.47170422  0 0.600 -1154.92926054
(-7.1994767, 18.5681893, 2.6163572, 0.8211303, 0.1327543, 0.2988133, 0.4677947)    0    0   -955.34808951  0 0.600 -2394.62022376
(-11.5031499, 27.8586195, 2.1270172, 0.6040970, 0.1036620, 0.3064048, 0.7283111)    0    0   -207.68193119  0 0.600 -525.45482796
(-14.9845923, 24.1941797, 0.4874346, 0.7422723, 0.0039174, 0.0956570, 0.6632241)    0    0   -271.33525260  0 0.600 -684.58813151
(-13.8307450, 33.6323400, -3.0327681, 0.5839450, 0.1096391, 0.1985447, 0.7794662)    0    0   -28.57328733  0 0.600 -77.68321833
(-13.7131437, 26.9974222, 0.0384790, 0.6217067, 0.1733313, 0.3840773, 0.6602436)    0    0   -274.39020060  0 0.600 -692.22550150
(-1.6339128, 32.4405158, -0.7185836, 0.7255732, 0.0847664, 0.2555439, 0.6332894)    0    0   46.73940669  0 0.600 110.59851673
(-10.9119788, 30.1955984, -6.4696175, 0.6408692, 0.1405806, 0.2918153, 0.6959652)    0    0   -55.24829264  0 0.600 -144.37073159
(1.5574356, 28.6313410, -4.7181070, 0.7601199, 0.0588804, 0.2006919, 0.6152020)    0    0   -37.19663665  0 0.600 -99.24159161
(-11.7469827, 35.0392665, -0.2645848, 0.5799734, 0.0984452, 0.2988867, 0.7514028)    0    0   24.49394767  0 0.600 54.98486917
(-10.6589617, 20.7414904, 3.8663625, 0.8740280, -0.0537956, -0.0454370, 0.4807459)    0    0   -638.05388358  0 0.600 -1601.38470895
(-7.1750622, 17.9194972, 1.6878270, 0.9512373, 0.0099163, -0.0111975, 0.3080972)    0    0   -882.99658698  0 0.600 -2213.74146746
(-0.0380401, 22.4214035, -4.6445618, 0.9023161, 0.0562548, 0.1660878, 0.3937967)    0    0   -179.94503210  0 0.600 -456.11258024
(-9.5955307, 23.9803841, -4.0596790, 0.8585372, 0.0885577, 0.1797069, 0.4719924)    0    0   -235.51194645  0 0.600 -595.02986614
(-1.4482232, 24.4302282, 0.4643579, 0.8291901, 0.1091914, 0.2320452, 0.4966649)    0    0   -172.17234763  0 0.600 -436.68086906
