#Coordinates  RecID  LigID  Luciferin  Neighbor's number  Vision Range  Scoring
(-19.8747714, 25.3003850, -2.3422189, -0.7986033, 0.0550789, 0.2129141, -0.5602380)    0    0   2.59338668  2 3.800 9.00103244
(-12.7471113, 30.5462756, -0.6511725, -0.4458371, -0.3694504, 0.3540050, 0.7344496)    0    0   19.53092367  5 4.120 25.44598448
(-17.2060552, 29.9270163, 6.8671672, -0.3626956, -0.1002306, 0.2917715, 0.8793606)    0    0   11.23064339  2 5.000 14.67132250
(-17.6934333, 16.1731635, 2.2193073, -0.5117343, 0.8178926, -0.0226047, -0.2620471)    0    0   -217.46458318  5 4.280 -260.44289288
(-17.2060576, 29.9270039, 6.8671568, -0.3542190, -0.0920723, 0.2907210, 0.8840435)    0    0   9.75022276  3 5.000 14.12000544
(-20.6774301, 30.5420067, -0.4983960, -0.0977444, -0.4748790, -0.7310733, -0.4800707)    0    0   21.74722742  8 2.600 29.41903056
(-6.5624554, 23.3940119, 2.6554809, 0.3330564, 0.0902124, -0.4583597, 0.8190492)    0    0   -97.78260313  7 2.920 -141.73588049
(-13.4737766, 30.9669245, 0.1406792, -0.4351898, -0.3581365, 0.3555660, 0.7456010)    0    0   17.29770201  6 1.160 23.01597583
(-10.2295747, 24.7834955, 7.4278073, 0.3443473, 0.5725107, 0.7145453, -0.2075607)    0    0   -68.10792945  12 2.200 -65.37791134
(-15.3405221, 24.7988407, 9.6080320, -0.8911818, 0.3455621, 0.2571403, 0.1423400)    0    0   -66.54584462  6 2.680 -78.69490852
(-19.5028124, 22.4840945, 0.1135520, -0.8004067, 0.1634645, 0.2861295, -0.5007579)    0    0   -75.30143071  4 3.320 -76.34416524
(-10.6365701, 25.8958755, -5.4197570, -0.0632586, 0.4441463, -0.3597515, 0.8181144)    0    0   3.08262649  0 5.000 4.46339769
(-10.3099524, 23.9994398, 7.0062603, 0.3196655, 0.5591246, 0.7261186, -0.2407186)    0    0   -92.95223346  6 2.760 -87.02872685
(-9.6100393, 26.4865825, 8.9116102, 0.3824029, 0.5636896, 0.7174524, -0.1458903)    0    0   -7.33185395  4 4.440 -4.48545749
(-14.4936638, 27.1289203, 0.0559725, -0.6060514, -0.5906890, 0.4237216, -0.3228749)    0    0   -41.05227506  10 1.160 -73.96743763
(-10.5128787, 28.0990610, 1.7334029, -0.3115521, -0.3441320, 0.1403959, 0.8745270)    0    0   -22.36195526  6 3.320 -21.85034487
(-14.7977051, 26.7672654, -0.4280528, -0.4955160, -0.5052700, 0.3248094, -0.6274273)    0    0   -10.21483322  10 1.000 -5.23584751
(-18.0391304, 21.8091008, -0.1503008, -0.7431190, 0.3098195, 0.3882670, -0.4483691)    0    0   -128.43508610  6 2.360 -119.38721725
(-17.2620812, 27.1549224, -4.9542873, 0.5042430, 0.6371010, 0.3417082, -0.4723102)    0    0   -0.05986018  6 0.600 13.41643813
(-19.4421419, 21.4056066, 1.8002680, -0.6925149, 0.3615174, 0.5391661, -0.3146875)    0    0   -118.45218788  4 2.520 -162.97844013
(-19.6554290, 23.2630393, -0.9635122, -0.8004935, 0.0954869, 0.2418750, -0.5399897)    0    0   -53.30928870  6 2.760 -44.06165297
(-9.6435565, 26.4179877, 8.7582535, 0.3642675, 0.5631023, 0.7200199, -0.1783150)    0    0   -17.42251646  7 1.160 -12.49784666
(-16.2875490, 27.7359761, -4.7074894, 0.4482237, 0.6126757, 0.3382274, -0.5561711)    0    0   10.91960917  6 3.240 16.93549508
(-6.7922698, 23.6707457, 2.5958277, -0.2970235, -0.0624155, 0.4620135, -0.8333216)    0    0   -88.66449878  5 3.400 -93.76896182
(-15.7862762, 22.1969018, 9.2345750, -0.8420224, 0.3575182, 0.2275296, 0.3337803)    0    0   -118.60909405  6 2.920 -134.66991636
(-15.8372022, 28.0670603, -4.5841634, 0.4250429, 0.6005750, 0.3231779, -0.5951506)    0    0   16.34250447  0 5.000 20.46068238
(-20.0333432, 21.6922947, 2.1274951, -0.4253454, 0.6467522, 0.5916166, -0.2253503)    0    0   -175.96899857  8 1.640 -231.25099713
(-14.9716972, 23.4905783, -3.7883132, -0.4329317, -0.2285681, 0.7509937, -0.4430973)    0    0   -98.44837857  6 2.840 -143.31244467
(-18.0213259, 26.2268793, 10.2303112, -0.8809855, 0.3115404, 0.3453851, -0.0866963)    0    0   -20.95671870  6 4.280 -23.30700587
(-14.7830087, 27.2327737, -4.9673280, 0.4137135, 0.5757981, 0.3527534, -0.6106248)    0    0   2.52540259  10 2.600 14.66894410
(-16.0487189, 27.9504288, -4.6186248, 0.4285986, 0.6029115, 0.3280132, -0.5875443)    0    0   14.34404997  2 5.000 19.38006311
(-14.4419338, 21.1619664, -2.1794781, 0.0738499, -0.2658234, -0.9565916, 0.0938965)    0    0   -120.20402020  9 3.080 -137.97786715
(-14.2843030, 31.0969440, 1.8444544, -0.3754143, -0.3060466, 0.3452938, 0.8038481)    0    0   15.91980948  3 0.840 21.98072856
(-20.8069601, 30.5148692, -0.5278291, -0.0972175, -0.4746327, -0.7314025, -0.4799197)    0    0   23.70937733  6 4.680 27.58528848
(-15.6893871, 28.2456948, -4.5047494, 0.4249927, 0.6009761, 0.3258564, -0.5933182)    0    0   14.80797218  1 5.000 19.60712460
(-19.8781217, 25.2284308, -2.2998511, -0.7960253, 0.0463304, 0.2169628, -0.5631380)    0    0   12.01042481  0 4.360 16.70001214
(-12.1523376, 30.0813333, 0.4220244, -0.4304019, -0.3628836, 0.3391888, 0.7536715)    0    0   20.81853017  2 3.160 28.32669144
(-17.1296407, 16.4173551, 2.8586376, -0.5046514, 0.8174145, -0.0477650, -0.2736401)    0    0   -228.98079674  9 3.160 -278.30376753
(-19.5387442, 25.5686329, -2.6368720, -0.4055884, 0.3870716, 0.3702409, -0.7406722)    0    0   -16.60625759  9 2.920 6.10767304
(-13.7120691, 26.7950374, -5.3631484, 0.4094259, 0.4767505, 0.3732011, -0.6824957)    0    0   -18.78725349  12 3.080 -32.93118740
(-12.1056585, 29.9028068, 0.1696245, -0.4219121, -0.3554818, 0.3216905, 0.7695051)    0    0   10.21258582  11 1.800 25.19961214
(-15.0067095, 21.4127982, -4.6761384, 0.2354607, 0.0127495, -0.9709320, 0.0410705)    0    0   -112.21213860  7 4.760 -229.36269691
(-7.0567106, 19.3398020, 3.6383406, 0.5261712, 0.2962814, -0.5146157, 0.6087133)    0    0   -279.18757138  6 2.520 -335.86176142
(-16.3403404, 20.6135081, -0.1847080, -0.6884634, 0.4062791, 0.4681725, -0.3765236)    0    0   -141.24175995  5 3.480 -163.54929800
(-20.9173558, 25.6051232, 3.8151429, 0.2351827, 0.9004895, -0.1712673, -0.3232264)    0    0   -16.50281943  3 5.000 -19.84508198
(-16.2935064, 21.5123458, 9.0826974, -0.7833869, 0.3675051, 0.2397098, 0.4402093)    0    0   -140.44743441  8 3.320 -169.53230649
(-14.3921646, 31.1931310, 1.6910129, -0.3685219, -0.2995316, 0.3432281, 0.8103498)    0    0   14.26873099  4 0.840 16.21829469
(-15.4583112, 24.2950660, 9.4459873, -0.8801063, 0.3506716, 0.2260122, 0.2266293)    0    0   -77.73811588  8 2.360 -88.72672479
(-9.9810667, 26.5278403, 8.7955494, 0.3730774, 0.5674099, 0.7155867, -0.1636913)    0    0   -13.25217751  7 3.240 -12.02375860
(-12.1622854, 30.0564133, 0.2514274, -0.4315672, -0.3615625, 0.3429653, 0.7519289)    0    0   22.22725491  0 5.000 28.56949902
(-14.8021391, 26.3686385, -0.8571590, -0.5345854, -0.5242442, 0.3405526, -0.5686918)    0    0   6.38154547  5 1.800 11.08192152
(-6.9790794, 19.8614527, 3.5827545, 0.4305876, 0.1973768, -0.4983382, 0.7261514)    0    0   -246.23980761  9 4.280 -274.76033594
(-21.2230027, 25.4890377, 4.3484258, 0.2352457, 0.9004568, -0.1712271, -0.3232929)    0    0   -16.01040399  0 5.000 -17.97752435
(-12.9838891, 31.1407252, 7.8147914, -0.1677377, 0.2801826, 0.1982546, 0.9241520)    0    0   12.16688141  1 5.000 15.23876220
(-12.9480084, 31.1542155, 7.6451295, -0.1680471, 0.2805803, 0.1988730, 0.9238422)    0    0   12.39220372  0 5.000 16.37966401
(-18.3025053, 16.0700853, 2.2190948, -0.5086841, 0.8211835, -0.0151790, -0.2582011)    0    0   -208.98185772  3 4.840 -250.20527357
(-14.7108775, 26.6903319, 0.4105914, -0.5062265, -0.5093535, 0.3695181, -0.5897035)    0    0   -7.51667211  9 1.960 -1.77668484
(-14.5988012, 26.9018322, -0.5837580, -0.5089979, -0.4960608, 0.3744817, -0.5954900)    0    0   5.61105820  4 1.480 8.36975232
(-16.9194567, 26.0187810, 10.4373133, -0.8873853, 0.3140047, 0.3270255, -0.0836820)    0    0   -32.71785604  7 2.120 -28.34560882
(-15.0309013, 21.3804787, -4.5360220, 0.0554575, -0.1978432, -0.9750730, -0.0837569)    0    0   -74.78627040  2 2.600 -83.71274727
(-17.3445776, 26.6569932, 11.0020977, -0.8844546, 0.3131456, 0.3358092, -0.0831390)    0    0   -15.39264342  5 3.720 -10.96367041
(-16.8631126, 21.3891329, 8.9687496, -0.7546097, 0.3407772, 0.5576755, 0.0585925)    0    0   -148.75345467  6 2.520 -173.19881048
(-17.7628142, 26.1144124, 10.1292803, -0.8831802, 0.3108556, 0.3372694, -0.0980352)    0    0   -21.39906187  7 4.360 -24.39484072
(-9.6368665, 26.5131211, 8.9525155, 0.3776967, 0.5659916, 0.7164724, -0.1538376)    0    0   -10.77120316  6 3.000 -10.74018428
(-12.0433934, 20.9079039, -2.0752981, 0.0629933, -0.2984553, -0.9497979, 0.0695722)    0    0   -147.07392706  12 4.200 -201.87943591
(-16.8553816, 21.2802977, 0.0942148, -0.7589171, 0.2760777, 0.3852183, -0.4465790)    0    0   -124.58851487  12 3.560 -152.20200513
(-20.6734183, 30.5361216, -0.4999413, -0.0972117, -0.4746286, -0.7313857, -0.4799505)    0    0   26.71052060  0 2.920 34.33308343
(-16.2212084, 27.7768780, -4.6751888, 0.4622043, 0.6216410, 0.3311275, -0.5387803)    0    0   8.00919929  8 0.840 17.40516865
(-12.3963238, 30.3569719, -0.2552824, -0.4442275, -0.3691107, 0.3516624, 0.7367175)    0    0   20.11238439  3 5.000 25.88208658
(-10.1485092, 25.5187494, 7.7333449, 0.3513901, 0.5680049, 0.7176497, -0.1971659)    0    0   -41.66579323  10 1.640 -29.73272124
(-12.2176319, 30.1272380, 0.1324645, -0.4359009, -0.3641587, 0.3459036, 0.7468129)    0    0   20.97427727  1 5.000 26.94627208
(-19.0731597, 18.2447602, 2.3648407, -0.2771440, 0.5568260, 0.7827333, 0.0215544)    0    0   -225.79414738  11 2.920 -268.60467880
(-11.8341023, 20.7765399, -1.9800784, 0.0773375, -0.3165396, -0.9444338, 0.0432023)    0    0   -137.07575931  10 4.600 -160.66318335
(-15.1196641, 22.2029660, -4.3377849, -0.2799333, -0.0868048, 0.8970953, -0.3306391)    0    0   -58.63490114  2 4.120 -64.76525342
(-14.6406869, 31.3028466, 1.8993184, -0.3714666, -0.3021240, 0.3442685, 0.8075970)    0    0   16.85969013  1 1.320 21.66719998
(-14.9451156, 24.7367935, -2.7914131, -0.5221103, -0.4710384, 0.3812883, -0.6001191)    0    0   -8.69891828  4 3.400 7.21172707
(-21.2268034, 25.4932688, 4.3670387, 0.2352332, 0.9004633, -0.1712296, -0.3232825)    0    0   -16.01595743  1 4.760 -16.41883483
(-21.0738719, 30.5083386, -0.3862563, -0.0979208, -0.4750697, -0.7315496, -0.4791194)    0    0   19.90998885  9 1.560 27.52738803
(-16.1636785, 27.7724070, -4.6981249, 0.4324339, 0.6051688, 0.3328811, -0.5796221)    0    0   13.31636246  3 5.000 18.47104659
(-20.1641841, 24.8275515, -1.9423922, -0.7995720, 0.0832787, 0.2262612, -0.5500502)    0    0   -12.43978409  6 2.120 -3.05440273
(-16.3770004, 27.9330393, -4.6247682, 0.4483952, 0.6142674, 0.3403254, -0.5529882)    0    0   9.55313225  7 1.960 17.27336951
(-15.0061950, 21.4379613, -4.6691452, 0.0501411, -0.1695741, -0.9692606, -0.1710683)    0    0   -42.00450724  0 3.400 -50.09354488
(-19.6199851, 21.2268180, 2.2120657, -0.6450410, 0.4068354, 0.5856873, -0.2745495)    0    0   -143.76273892  6 2.040 -189.96128180
(-20.3933557, 30.5781810, -0.4455207, -0.0974134, -0.4747372, -0.7313206, -0.4799014)    0    0   25.01046726  3 5.000 33.14548490
(-6.6966969, 20.7648225, 3.4010556, 0.3823833, 0.1389695, -0.4739529, 0.7809220)    0    0   -215.15372794  8 3.640 -256.18060325
(-20.1967736, 24.8424605, -1.9554583, -0.7984771, 0.0617443, 0.2178164, -0.5578333)    0    0   0.21738389  3 2.520 11.39744171
(-13.7754876, 26.8541117, -5.3811848, 0.4259040, 0.5210648, 0.3553498, -0.6487093)    0    0   -8.90767180  12 3.080 -1.02510297
(-14.6579971, 31.3992755, 1.3959915, -0.3783071, -0.3072154, 0.3457475, 0.8018485)    0    0   16.85785836  3 1.320 22.42451373
(-19.5017174, 21.9916189, 0.9483996, -0.7885192, 0.2017408, 0.3355965, -0.4742500)    0    0   -99.60876543  7 2.600 -101.59797106
(-19.3845845, 21.4868922, 1.5265085, -0.7270162, 0.3513311, 0.4703689, -0.3560435)    0    0   -121.29004047  7 2.840 -144.06259028
(-19.7382330, 23.5917684, -1.1214870, -0.8014694, 0.0918252, 0.2336023, -0.5428121)    0    0   -46.45696079  9 2.520 -36.40721536
(-16.2060190, 27.8672541, -4.6403018, 0.4421502, 0.6101305, 0.3355895, -0.5653526)    0    0   12.47856988  5 2.440 18.40117574
(-10.2939282, 24.5543313, 7.2752335, 0.3426446, 0.5658559, 0.7200038, -0.2097530)    0    0   -68.06327128  4 2.280 -55.76268053
(-19.8044666, 25.2312839, -2.3309931, -0.9134866, -0.1616163, 0.0803285, -0.3646502)    0    0   -30.67526280  9 2.280 -47.09752975
(-14.2427141, 21.8088433, -4.4870348, -0.0333892, -0.2869764, -0.9560541, -0.0499035)    0    0   -76.99226744  4 3.320 -83.54951385
(-19.8781620, 21.8908365, 1.6123707, -0.5899383, 0.5323799, 0.5108756, -0.3279492)    0    0   -140.60554553  10 2.600 -189.64037614
(-19.3740043, 22.4948204, -0.4611886, -0.7905437, 0.2033814, 0.3367369, -0.4693453)    0    0   -88.31433256  4 2.600 -78.15738521
(-20.9205705, 30.1320400, -0.4939115, -0.0974699, -0.4746801, -0.7313315, -0.4799298)    0    0   25.36581323  2 5.000 33.95145849
(-10.9399550, 29.0836420, 1.4249456, -0.3748669, -0.3799168, 0.2155917, 0.8177153)    0    0   2.43144372  7 3.160 11.58326169
(-18.5131256, 15.9283288, 1.7600466, -0.5118829, 0.8158363, -0.0454949, -0.2651739)    0    0   -193.69636404  2 3.880 -236.57875312
(-7.2402197, 24.2067952, 2.4644976, 0.0297908, -0.1646003, -0.2586946, 0.9513655)    0    0   -80.89398259  2 4.920 -106.35662159
(-18.2472111, 16.4438615, 1.9376160, -0.5134462, 0.8170984, -0.0223600, -0.2611956)    0    0   -209.31375482  4 3.720 -250.73406587
(-21.0863058, 24.2874101, 3.5630836, 0.2297175, 0.9037599, -0.1632196, -0.3221915)    0    0   -53.55921714  4 3.240 -46.65088948
(-12.2290104, 30.1293011, 0.2314015, -0.4341664, -0.3707407, 0.3333196, 0.7502992)    0    0   18.11548367  8 2.520 30.44187667
(-15.0738947, 22.4116338, -4.1663990, -0.4936146, -0.3481015, 0.6600890, -0.4466011)    0    0   -116.42640329  9 2.680 -225.81306147
(-16.6772908, 27.5564523, -4.7583024, 0.4822888, 0.6299127, 0.3461341, -0.5007980)    0    0   7.60700992  7 1.160 15.57030720
(-15.7054441, 25.4920428, 10.0966149, -0.8979202, 0.3308960, 0.2902449, -0.0022269)    0    0   -52.73256114  8 2.600 -68.45336889
(-10.0688508, 26.5037853, 8.6950488, 0.3853619, 0.5621329, 0.7180344, -0.1411712)    0    0   -6.87742040  2 5.000 -5.70155528
(-12.9372418, 30.5730950, 0.2724630, -0.4385292, -0.3653320, 0.3484890, 0.7434918)    0    0   18.78360672  7 4.520 24.62997717
(-15.0502630, 26.9561706, -0.1337356, -0.5206657, -0.5204507, 0.3570134, -0.5749607)    0    0   5.58321285  7 1.880 7.69707369
(-9.9891072, 26.5048041, 8.7409140, 0.3875734, 0.5609738, 0.7185810, -0.1368817)    0    0   -4.33255723  0 5.000 -4.82682314
(-21.2620121, 25.4886877, 4.4469438, 0.2359595, 0.9001616, -0.1717297, -0.3233281)    0    0   -16.07784621  2 5.000 -18.40430507
(-15.6098905, 22.3194555, 9.3053679, -0.7982713, 0.3718712, 0.2250370, 0.4169330)    0    0   -137.45267620  5 2.280 -158.16769011
(-10.1895611, 25.6551479, 7.8813761, 0.3528938, 0.5703452, 0.7145744, -0.1988864)    0    0   -41.24009467  10 1.640 -31.10949579
(-16.7895678, 16.4186649, 3.1347295, -0.4882280, 0.8159187, -0.0685657, -0.3020080)    0    0   -239.44853565  10 2.520 -284.54126530
(-20.7649755, 30.5268524, -0.5176973, -0.0975680, -0.4747357, -0.7313354, -0.4798489)    0    0   23.55807831  7 2.840 27.14723732
(-18.4468482, 16.0723327, 1.8111060, -0.5133254, 0.8151348, -0.0474078, -0.2642060)    0    0   -191.02146876  0 5.000 -238.28172431
(-7.3347887, 24.3445748, 2.5470427, 0.0520484, -0.1549405, -0.2885237, 0.9434185)    0    0   -86.28544411  5 4.920 -105.59001057
(-19.5059385, 21.1324567, 2.3241929, -0.6041803, 0.4949216, 0.5213485, -0.3438233)    0    0   -141.71516573  9 2.520 -135.84550792
(-16.6327134, 21.8662372, 8.9587579, -0.8384687, 0.3534440, 0.3326502, 0.2477729)    0    0   -104.49525972  3 3.400 -115.02405912
(-9.8967580, 26.6982588, 9.1886983, 0.3864561, 0.5615588, 0.7183825, -0.1386725)    0    0   -6.86773619  1 5.000 -8.05778435
(-15.1734314, 31.5272676, 2.2469188, -0.3401393, -0.2788005, 0.3366677, 0.8326046)    0    0   13.41024987  1 0.840 16.73613731
(-14.8005409, 26.1660968, 0.8076844, -0.5211376, -0.5138017, 0.3591370, -0.5791753)    0    0   -8.90476211  12 2.440 -6.05969215
(-17.9367586, 27.3405870, 11.3969460, -0.8829427, 0.3113989, 0.3388642, -0.0928112)    0    0   -2.73219272  1 5.000 -2.41471312
(-18.1373320, 25.9261352, 9.7454958, -0.8823466, 0.3025108, 0.3534296, -0.0709870)    0    0   -38.03161742  8 2.120 -31.22188535
(-15.0859621, 25.2133198, 9.6261974, -0.9235526, 0.2916710, 0.2303807, 0.0943582)    0    0   -119.66894393  9 1.720 -131.89396490
(-7.0174540, 19.3596790, 3.6862128, 0.5216639, 0.2882998, -0.5153601, 0.6157548)    0    0   -278.69305568  5 2.200 -338.64769966
(-10.3363275, 27.7482023, 1.8775274, -0.2390401, -0.3298381, 0.0323545, 0.9126992)    0    0   -29.95374755  6 3.320 -41.33958662
(-18.5307238, 22.1360983, -0.3070388, -0.7931714, 0.1810282, 0.3047284, -0.4952258)    0    0   -91.64118279  5 2.920 -84.75562359
(-14.7725671, 26.6308472, -0.7802198, -0.5137228, -0.5053118, 0.3664369, -0.5886195)    0    0   3.87136238  9 1.720 4.11427847
(-14.3909905, 31.1901566, 1.7051415, -0.3822095, -0.3104153, 0.3467292, 0.7983339)    0    0   17.41475891  0 1.480 22.52415451
(-6.3843187, 23.3104465, 2.7194016, 0.3596089, 0.1208926, -0.4694182, 0.7973161)    0    0   -91.81624562  5 2.120 -105.62956184
(-9.5928017, 26.3701988, 8.6256188, 0.3833209, 0.5607635, 0.7196754, -0.1437936)    0    0   -9.39141014  5 3.960 -6.45734057
(-14.4877470, 27.2162481, -0.2040922, -0.5004378, -0.5081355, 0.3500647, -0.6073014)    0    0   -6.65583314  7 1.000 1.22578859
(-12.4562312, 30.3050649, -0.4130339, -0.4385232, -0.3653328, 0.3484941, 0.7434926)    0    0   20.08126050  4 5.000 26.17563953
(-13.1506220, 21.8803859, -4.4652606, 0.0371720, -0.2238356, -0.9712748, -0.0717013)    0    0   -84.28337269  4 3.240 -80.35473526
(-20.6639682, 30.5342444, -0.4985844, -0.0973679, -0.4747166, -0.7313104, -0.4799466)    0    0   25.66352733  1 4.440 33.08610692
(-6.8454077, 20.2774059, 3.5114946, 0.4017765, 0.1722853, -0.4916491, 0.7531100)    0    0   -229.72626142  8 3.880 -268.97571473
(-17.9140702, 26.8637437, 11.1539979, -0.8843037, 0.3119420, 0.3349224, -0.0923373)    0    0   -8.31111863  3 3.080 -2.01479159
(-17.4135795, 29.7610477, 6.0479701, -0.4504035, -0.4168451, 0.3306897, 0.7169528)    0    0   6.69125519  3 4.440 9.09427875
(-16.8093389, 27.6816989, -4.6336947, 0.4768314, 0.6265802, 0.3430350, -0.5122071)    0    0   8.53888906  8 1.720 14.83348617
(-17.1951081, 29.9824169, 6.9137420, -0.3627965, -0.1001865, 0.2917076, 0.8793452)    0    0   11.24908939  3 5.000 15.36901580
(-17.9049373, 25.8555572, 9.6326300, -0.8933180, 0.2948344, 0.3385892, -0.0203207)    0    0   -59.56934718  11 1.640 -59.13682128
(-12.8364606, 30.5493648, 0.0769924, -0.4385307, -0.3652802, 0.3484502, 0.7435346)    0    0   18.98222404  6 4.040 24.56061027
(-14.7771287, 26.6587909, -0.6853763, -0.5215585, -0.5106984, 0.3558018, -0.5835829)    0    0   4.49276814  8 2.200 5.24651121
(-15.6997984, 24.9052744, 9.7006756, -0.8972928, 0.3365397, 0.2755987, 0.0751798)    0    0   -67.48021232  8 2.200 -75.10299960
(-14.9788680, 26.3194803, -1.7309071, -0.3737127, -0.2801394, 0.4829798, -0.7406695)    0    0   -11.27514719  13 1.880 -11.36479434
(-15.9118979, 27.7520317, -4.7700352, 0.4312450, 0.6043849, 0.3303978, -0.5827383)    0    0   13.20337410  4 4.680 18.31792284
(-19.5691294, 21.2671016, 2.2573977, -0.5543628, 0.4395635, 0.6790321, -0.1959115)    0    0   -117.35332998  1 1.880 -119.36145552
(-8.3310483, 25.6047429, 2.2375632, -0.2244011, -0.3349241, 0.0012084, 0.9151331)    0    0   -65.23739097  4 5.000 -74.08056501
(-10.6778651, 28.5788476, 1.4379980, -0.3550456, -0.3670831, 0.1987526, 0.8364748)    0    0   -10.64700789  7 2.920 3.33134577
(-20.7763415, 30.5302535, -0.5558570, -0.0977468, -0.4752155, -0.7317910, -0.4786415)    0    0   19.38466783  10 1.080 30.56919563
(-11.2983360, 29.3680010, 0.9371863, -0.4207202, -0.3795016, 0.2944792, 0.7695811)    0    0   9.89115794  15 2.840 22.02492609
(-16.5159545, 27.4223643, -4.8479527, 0.5327797, 0.6571517, 0.3074164, -0.4356520)    0    0   -7.97414849  12 2.120 -9.62552684
(-16.7829866, 25.5388409, 9.7649346, -0.8820198, 0.3137944, 0.3442458, -0.0711966)    0    0   -36.74435148  7 2.680 -34.39864161
(-6.6638767, 21.0235215, 3.2534849, -0.4091189, -0.1461064, 0.5025830, -0.7474523)    0    0   -180.55352068  7 4.040 -189.45505459
(-10.1371158, 25.9850007, 8.3760901, 0.3664850, 0.5674965, 0.7163641, -0.1745247)    0    0   -33.42389537  10 1.400 -27.88692088
(-19.1268788, 25.8512085, -2.9127864, 0.7436762, 0.5580530, 0.2416148, -0.2777496)    0    0   -22.07141739  16 3.480 -64.27852943
(-9.8459286, 26.2523423, 8.5851944, 0.3804093, 0.5643886, 0.7173653, -0.1487995)    0    0   -18.77225679  9 1.960 -15.19191711
(-19.8232392, 23.5883145, -1.0068835, -0.8016276, 0.0882143, 0.2334351, -0.5432490)    0    0   -38.15561794  8 2.760 -32.53033826
(-18.5539956, 25.4237845, 8.5967585, -0.8790216, 0.3033682, 0.3643211, -0.0505855)    0    0   -45.37407792  11 3.240 -50.16183196
(-15.3545523, 24.3641014, 9.4046557, -0.8957657, 0.3431025, 0.2548354, 0.1222431)    0    0   -81.98228879  8 1.800 -92.60817567
(-9.2021803, 26.3073765, 8.6840676, 0.3864711, 0.5615917, 0.7183509, -0.1386610)    0    0   -7.06545326  3 5.000 -7.55050577
(-20.1230620, 25.4118564, -2.2909153, -0.8617262, -0.0379732, 0.1518920, -0.4826125)    0    0   -9.93990770  4 2.200 10.12484984
(-14.5343542, 27.3450921, -5.0260162, 0.4490059, 0.5880127, 0.3445908, -0.5778339)    0    0   -0.07306491  12 2.440 9.21025790
(-19.1549854, 22.3317862, -0.2037558, -0.7934711, 0.2091858, 0.3239166, -0.4708746)    0    0   -93.48493377  6 1.960 -86.93022167
(-19.9611848, 25.0063123, -2.1403352, -0.7975148, 0.0553509, 0.2159242, -0.5606096)    0    0   7.00800628  1 4.120 17.15294967
(-16.5365278, 25.5843843, 9.9202297, -0.8852483, 0.3164353, 0.3362175, -0.0562308)    0    0   -42.29282682  9 2.280 -41.73942883
(-13.7200365, 30.9386247, 0.8771819, -0.4357103, -0.3616579, 0.3498501, 0.7463009)    0    0   17.30348699  11 2.120 22.36308507
(-10.2358211, 25.3087591, 7.5797349, 0.3723410, 0.5651418, 0.7180446, -0.1624464)    0    0   -41.33318878  11 2.040 -37.53659136
(-17.6409592, 26.8583800, 11.1250402, -0.8836776, 0.3101218, 0.3346537, -0.1046197)    0    0   -10.50664222  4 3.480 -7.58453082
(-11.9546448, 29.7790621, 0.5673568, -0.4267179, -0.3709595, 0.3190679, 0.7605896)    0    0   16.02105408  13 2.440 30.25575695
(-17.5450885, 16.3490902, 2.6009091, -0.5097383, 0.8162592, -0.0480985, -0.2675338)    0    0   -220.44021697  7 3.480 -263.46997269
(-12.9923792, 31.1375501, 7.8550336, -0.1682310, 0.2808216, 0.1992507, 0.9236540)    0    0   11.78044827  2 5.000 15.35034950
(-13.3021891, 30.8789782, -0.0056200, -0.4459661, -0.3673614, 0.3579890, 0.7334874)    0    0   17.49816485  7 1.720 22.57911313
(-20.4288875, 30.2690860, -0.4143712, -0.0973088, -0.4748223, -0.7311782, -0.4800555)    0    0   24.78051958  5 3.480 34.47440501
(-13.1986754, 30.8058721, 0.0774681, -0.4406392, -0.3649496, 0.3528229, 0.7403816)    0    0   17.98531912  8 1.800 23.12183339
(-20.1386385, 24.8929401, -1.9734593, -0.7154117, 0.1723247, 0.2816154, -0.6157784)    0    0   -40.92253631  11 2.200 -42.73675210
(-16.1191301, 22.2075211, 9.0959247, -0.8493638, 0.3320162, 0.3141632, 0.2639089)    0    0   -126.31052542  7 2.920 -151.38320794
(-18.0728320, 27.4658868, 10.6077557, -0.8332870, -0.0836728, 0.4098611, 0.3614491)    0    0   -3.60417331  5 5.000 -1.51489489
(-21.3569985, 30.5026525, -0.5753105, -0.0973562, -0.4747057, -0.7313397, -0.4799151)    0    0   24.81857638  4 1.560 34.15560237
(-17.9024037, 27.2425086, 11.3473934, -0.8829477, 0.3113904, 0.3388594, -0.0928101)    0    0   -2.35700869  0 5.000 -1.46004229
(-18.5343654, 17.3828333, 2.0518136, -0.5912841, 0.6020912, 0.4819619, -0.2357583)    0    0   -219.42055716  13 4.200 -307.16236068
(-18.4438826, 16.0782059, 1.8132193, -0.5132846, 0.8149102, -0.0466742, -0.2651070)    0    0   -191.54997698  1 4.680 -231.23933490
(-15.0344365, 26.0570276, -1.5432225, -0.5210704, -0.4943780, 0.3631171, -0.5934830)    0    0   7.86281572  3 4.040 10.78253659
(-6.9304245, 19.7143108, 3.5755041, 0.5404452, 0.2889346, -0.5173566, 0.5973089)    0    0   -247.87848604  4 3.160 -271.09837830
(-15.0063240, 21.4314184, -4.6720123, 0.2354421, 0.0127726, -0.9709377, 0.0410359)    0    0   -113.05675502  10 4.600 -230.51904064
(-15.0740095, 26.4751242, -1.9783484, 0.6664742, 0.7434401, -0.0302362, 0.0468484)    0    0   8.33312834  8 3.640 11.83554152
(-14.8526789, 26.6186583, -0.7660554, -0.5227106, -0.4984286, 0.3597199, -0.5907149)    0    0   7.33898257  4 2.120 12.27398845
(-20.1968144, 24.7517195, -1.8706350, -0.7996084, 0.0641710, 0.2184664, -0.5556806)    0    0   -11.92108278  5 2.200 -1.79131248
(-14.8986081, 31.4933559, 1.4735990, -0.3589013, -0.2913122, 0.3405925, 0.8187331)    0    0   13.41282893  5 0.600 16.50399700
(-16.9165716, 16.3584649, 2.9482635, -0.5040161, 0.8208395, -0.0047022, -0.2686412)    0    0   -235.39487763  10 2.840 -288.96797398
(-16.1190948, 25.8210348, 10.3867536, -0.8926457, 0.3250239, 0.3121694, -0.0096624)    0    0   -48.10067136  5 1.880 -46.49032163
(-18.1898300, 23.1657792, 8.5582113, -0.8743297, 0.2847492, 0.3926792, -0.0163884)    0    0   -80.97937899  9 3.480 -99.79244369
(-6.7533739, 24.0936408, 2.1947989, 0.2228863, -0.0044660, -0.4173154, 0.8809935)    0    0   -83.42258072  4 5.000 -115.76376552
(-6.9845538, 23.8569069, 2.5291636, 0.1525351, -0.0606736, -0.3465925, 0.9235396)    0    0   -79.56507262  1 4.760 -92.76150920
(-16.0983873, 25.7248331, 10.3036675, -0.8932674, 0.3190456, 0.3117632, -0.0555604)    0    0   -44.20738059  6 2.200 -42.77792625
(-19.5094154, 21.2246048, 2.2552888, -0.4515414, 0.5981561, 0.6338511, -0.1911865)    0    0   -150.97772829  7 1.960 -180.79513423
(-15.0802573, 25.9934355, -1.6196904, -0.5360582, -0.5122362, 0.3444993, -0.5758263)    0    0   10.57869170  0 3.160 18.67096423
(-14.9088219, 26.3423212, -1.1534944, -0.5338734, -0.5223294, 0.3422585, -0.5700967)    0    0   7.92926764  2 4.200 13.81204905
