#Coordinates  RecID  LigID  Luciferin  Neighbor's number  Vision Range  Scoring
(-10.2464207, 21.3765666, 3.8306485, 0.8885150, -0.0131247, -0.0903939, 0.4496640)    0    0   -510.44528548  0 0.600 -1282.36321369
(-15.1286266, 25.1656953, -12.1273621, 0.5448660, 0.2311352, 0.5467435, 0.5922576)    0    0   -208.38304263  0 0.600 -527.20760657
(-14.6599244, 18.0092254, 2.1494319, 0.9019906, 0.0086022, -0.0297608, 0.4306429)    0    0   -694.49576866  0 0.600 -1742.48942165
(-12.4432198, 26.2758364, -2.3508361, 0.6168497, 0.1190091, 0.2280564, 0.7438572)    0    0   -256.13697475  0 0.600 -646.59243687
(-19.9331635, 22.9485317, -2.1293328, 0.6536582, 0.1392456, 0.2895540, 0.6852007)    0    0   -289.85711199  0 0.600 -730.89277998
(-8.1605733, 24.8009068, -0.6406890, 0.8681979, 0.0458519, 0.0628971, 0.4900755)    0    0   -151.15652438  0 0.600 -384.14131096
(-11.8543630, 18.3243113, -0.4294447, 0.6113306, 0.0820763, 0.2643877, 0.7413754)    0    0   -794.23170104  0 0.600 -1991.82925261
(-10.7958988, 31.1914170, -4.0492378, 0.6108519, 0.1605973, 0.4122989, 0.6565654)    0    0   20.41356689  0 0.600 44.78391722
(-18.7361188, 17.4929428, 2.1307711, 0.3853742, 0.1111272, 0.1881758, 0.8965084)    0    0   -840.26592912  0 0.600 -2106.91482279
(-11.8693839, 23.3594475, -2.5221839, 0.8053490, 0.0631934, 0.2013342, 0.5539713)    0    0   -338.77831767  0 0.600 -853.19579417
(-6.9987576, 22.4129873, -2.7628614, 0.9002395, 0.0643359, 0.1219540, 0.4129855)    0    0   -330.42647030  0 0.600 -832.31617576
(-12.7050907, 22.3023367, 6.5623809, 0.5759781, -0.1248899, -0.1480590, 0.7941853)    0    0   -487.97498332  0 0.600 -1226.18745830
(-14.8420776, 29.1947088, 2.7031261, 0.5572722, 0.0516217, 0.0369255, 0.8279006)    0    0   -239.67194059  0 0.600 -605.42985148
(-8.6401094, 26.2253695, 4.4139225, 0.8448681, -0.0103429, -0.0923990, 0.5268333)    0    0   -81.63937125  0 0.600 -210.34842812
(-10.3002685, 21.8093830, 5.9150420, 0.6724197, 0.0635077, 0.2217238, 0.7033186)    0    0   -615.77943581  0 0.600 -1545.69858952
(-18.9558116, 29.9269969, -2.3450437, 0.4939137, 0.1303983, 0.2489236, 0.8228503)    0    0   -221.51748558  0 0.600 -560.04371396
(-6.7558613, 23.2869115, 3.7615597, 0.7356374, 0.0243373, -0.0177332, 0.6767058)    0    0   -355.53188576  0 0.600 -895.07971440
(-9.3707627, 22.6495641, -6.1571618, 0.6997914, 0.1564945, 0.3456476, 0.6052514)    0    0   -437.33444644  0 0.600 -1099.58611611
(-13.2152258, 17.4497868, 3.2950883, 0.9256443, -0.0177259, -0.0925327, 0.3664780)    0    0   -821.77583978  0 0.600 -2060.68959944
(-8.8609631, 16.6818733, -0.2681419, 0.7222879, 0.0740765, 0.2355620, 0.6460057)    0    0   -910.53445509  0 0.600 -2282.58613771
(-4.9147323, 26.2552796, -2.3970476, 0.7449541, 0.0899949, 0.1628693, 0.6406387)    0    0   -133.10230416  0 0.600 -339.00576040
(-9.4441270, 15.7997055, -5.6309824, 0.7814305, 0.2095899, 0.5316339, 0.2506069)    0    0   -944.65417550  0 0.600 -2367.88543874
(-14.5366981, 30.0259208, -7.4743989, 0.6226075, 0.2121021, 0.4999978, 0.5633603)    0    0   -24.18464350  0 0.600 -66.71160874
(-11.3920159, 25.2271157, -5.2128545, 0.6846356, 0.2019863, 0.4793277, 0.5106081)    0    0   -150.03407687  0 0.600 -381.33519216
(-9.4427712, 18.3613993, -1.0895622, 0.7232575, 0.2098341, 0.4841630, 0.4454822)    0    0   -850.06299464  0 0.600 -2131.40748661
(-8.4686696, 28.1787726, -7.5240406, 0.7136648, 0.1872013, 0.4394381, 0.5123792)    0    0   -2.98195091  0 0.600 -13.70487728
(-15.2289357, 29.5883397, -10.0552338, 0.5642784, 0.2473791, 0.5728319, 0.5406081)    0    0   9.31113933  0 0.600 17.02784834
(-21.4984673, 22.7218635, -9.2406139, 0.5418803, 0.2806320, 0.7098479, 0.3517491)    0    0   -197.23028784  0 0.600 -499.32571961
(-14.9983780, 19.9992736, -2.0132791, 0.6327139, 0.2370076, 0.5801331, 0.4549134)    0    0   -661.91189220  0 0.600 -1661.02973050
(-7.2987792, 24.7826624, -9.3799792, 0.7460689, 0.1959039, 0.4734840, 0.4252244)    0    0   -61.53986388  0 0.600 -160.09965971
(-6.2220754, 23.4689089, -4.4655501, 0.8591004, 0.0698868, 0.2030742, 0.4645678)    0    0   -272.20969230  0 0.600 -686.77423076
(-12.0414978, 30.5659912, -4.8785967, 0.6194602, 0.1299189, 0.2590841, 0.7295653)    0    0   -57.18627694  0 0.600 -149.21569236
(-15.5176847, 18.2708448, -7.9025846, 0.7855723, 0.2120254, 0.4741621, 0.3362910)    0    0   -718.18622126  0 0.600 -1801.71555316
(-7.4326096, 17.7224706, -2.2105948, 0.7647717, 0.2032002, 0.4643995, 0.3977023)    0    0   -908.71944331  0 0.600 -2278.04860828
(-14.6462228, 25.9709725, -11.3549414, 0.7572649, 0.1774860, 0.4187240, 0.4687417)    0    0   -35.21941183  0 0.600 -94.29852957
(-21.1220534, 26.4908784, -4.1866266, 0.3880918, 0.1403795, 0.3931599, 0.8216469)    0    0   -321.78382250  0 0.600 -810.70955625
(-12.8214834, 23.7840615, 5.8854984, 0.8162970, -0.0416364, -0.1789210, 0.5476430)    0    0   -355.63249434  0 0.600 -895.33123584
(-10.4990226, 28.4721504, 3.5876856, 0.6203655, 0.0715124, 0.2430951, 0.7422516)    0    0   -168.59553253  0 0.600 -427.73883133
(-19.7309322, 28.9558443, -6.8042182, 0.5848987, 0.1471935, 0.3903012, 0.6956238)    0    0   -161.40755958  0 0.600 -409.76889896
(-16.5617537, 31.3523101, -1.6494236, 0.6377235, 0.0253346, 0.1511801, 0.7548586)    0    0   -123.44662371  0 0.600 -314.86655927
(-16.9217604, 20.7835971, -11.7409683, 0.7607402, 0.2085762, 0.5193265, 0.3287405)    0    0   -291.48458704  0 0.600 -734.96146761
(-19.4720616, 25.6463877, -6.7388085, 0.4339886, 0.1895159, 0.4815995, 0.7374277)    0    0   -298.40146227  0 0.600 -752.25365567
(-18.6555171, 24.8293419, 1.5125125, 0.6324290, -0.0293422, 0.0427573, 0.7728806)    0    0   -253.24602419  0 0.600 -639.36506049
(-12.1175635, 21.6499819, -8.2733348, 0.6448787, 0.2667395, 0.5935772, 0.4008086)    0    0   -366.56358252  0 0.600 -922.65895630
(-18.3270924, 24.0944717, -9.9236028, 0.5353545, 0.3065012, 0.6747371, 0.4051943)    0    0   -141.05399842  0 0.600 -358.88499604
(-19.6980406, 23.4240073, -8.2259425, 0.5623925, 0.2683253, 0.6705967, 0.4025125)    0    0   -171.31560840  0 0.600 -434.53902101
(-14.1947351, 32.0124876, -2.3106836, 0.5777190, 0.1074522, 0.1918683, 0.7860543)    0    0   -71.25834435  0 0.600 -184.39586086
(-9.9628491, 31.4039705, -2.6740358, 0.6741185, 0.1576275, 0.3451988, 0.6336842)    0    0   1.82259297  0 0.600 -1.69351758
(-8.3049159, 24.7913930, 4.6346392, 0.6892355, 0.0650992, 0.2227088, 0.6863799)    0    0   -338.33447633  0 0.600 -852.08619083
(-20.0586312, 27.2122556, 3.3563195, 0.6140560, 0.0058847, -0.0805493, 0.7851194)    0    0   -196.84368717  0 0.600 -498.35921791
(-22.7691553, 27.3788592, -4.4630486, 0.3628444, 0.1449075, 0.4031174, 0.8275519)    0    0   -305.38209034  0 0.600 -769.70522586
(-15.3606487, 24.4913646, -12.4235584, 0.6027491, 0.2251290, 0.5371549, 0.5454127)    0    0   -209.63682367  0 0.600 -530.34205916
(-5.7763294, 22.9472878, 0.4450528, 0.8806297, 0.0050754, 0.0722154, 0.4682420)    0    0   -276.63221295  0 0.600 -697.83053237
(-11.3778219, 16.4339753, -4.2239031, 0.7447962, 0.2220041, 0.5606234, 0.2858222)    0    0   -970.75210418  0 0.600 -2433.13026045
(-10.5396076, 18.3368104, -7.8391079, 0.8590318, 0.1546005, 0.3572771, 0.3324396)    0    0   -589.71765421  0 0.600 -1480.54413553
(-6.6124108, 23.5335030, -3.2796520, 0.7207959, 0.1736664, 0.4210532, 0.5225012)    0    0   -297.03617776  0 0.600 -748.84044441
(-12.6857471, 27.6776698, 2.8095241, 0.7783167, 0.0120787, -0.0444265, 0.6261816)    0    0   -89.75639262  0 0.600 -230.64098156
(-21.2958728, 23.2864858, -0.2429842, 0.5384522, 0.0431565, 0.1957116, 0.8184765)    0    0   -343.60637119  0 0.600 -865.26592797
(-15.1679750, 24.8589429, -0.5214130, 0.7666875, 0.0682334, 0.1058382, 0.6295496)    0    0   -142.16575536  0 0.600 -361.66438839
(-20.8214204, 25.3037658, 4.0704749, 0.3707178, 0.1349249, 0.3838555, 0.8348764)    0    0   -520.87933119  0 0.600 -1308.44832798
(-12.1189731, 14.7006020, 0.4976832, 0.6860768, 0.1275308, 0.2603186, 0.6672846)    0    0   -1011.71954410  0 0.600 -2535.54886024
(-13.9745384, 17.3644128, 2.2369204, 0.6597361, 0.2185014, 0.5261636, 0.4900585)    0    0   -819.23457603  0 0.600 -2054.33644007
(-15.8683101, 30.7951218, -8.6864237, 0.6055929, 0.2206017, 0.5235598, 0.5572049)    0    0   -17.11923214  0 0.600 -49.04808036
(-19.9490375, 26.6880645, -3.5079004, 0.4697080, 0.1662307, 0.3486299, 0.7938507)    0    0   -349.06566938  0 0.600 -878.91417345
(-12.0289708, 32.3784154, -6.7359455, 0.6487272, 0.1882243, 0.4317021, 0.5977942)    0    0   6.62166015  0 0.600 10.30415038
(-6.8579025, 27.8417194, -5.3351197, 0.7090083, 0.1210684, 0.2450915, 0.6500614)    0    0   -54.93594595  0 0.600 -143.58986487
(-12.8424719, 17.7575853, 4.3169702, 0.5818221, -0.0758174, -0.0467267, 0.8084253)    0    0   -847.08836223  0 0.600 -2123.97090557
(-19.6626733, 16.7360254, -2.2849027, 0.7671744, 0.1931157, 0.4701692, 0.3912680)    0    0   -709.01132499  0 0.600 -1778.77831248
(-12.0019102, 31.2991840, -6.3248230, 0.6517909, 0.1896138, 0.4363091, 0.5906350)    0    0   -6.80016981  0 0.600 -23.25042453
(-20.3336665, 30.1959865, -0.9277837, 0.5573904, 0.0187287, 0.1460241, 0.8170937)    0    0   -200.76798134  0 0.600 -508.16995334
(-9.7763225, 16.7268233, -5.3853094, 0.9302929, 0.1023262, 0.2433122, 0.2547228)    0    0   -794.95820765  0 0.600 -1993.64551913
(-7.4066131, 29.8514689, -0.4248012, 0.6668590, 0.1111669, 0.3134831, 0.6668353)    0    0   20.62094877  0 0.600 45.30237194
(-13.6421859, 21.8790271, 1.7175366, 0.8407798, 0.0233768, -0.0036411, 0.5408600)    0    0   -307.90492531  0 0.600 -776.01231328
(-11.9111202, 32.7775506, -3.8689751, 0.7063949, 0.0481660, 0.1876529, 0.6807883)    0    0   -15.02051844  0 0.600 -43.80129610
(-14.8378577, 20.7486801, 5.4049640, 0.8276755, -0.0532696, -0.2066284, 0.5190571)    0    0   -528.28927223  0 0.600 -1326.97318057
(-17.3791869, 22.3400979, -8.4429676, 0.5505668, 0.3066090, 0.6726569, 0.3878142)    0    0   -234.02756230  0 0.600 -591.31890575
(-8.5617337, 18.5384795, 2.9389041, 0.9383947, -0.0049673, -0.0551833, 0.3410945)    0    0   -844.54254854  0 0.600 -2117.60637134
(-21.7021382, 19.2428801, 1.2376552, 0.3264050, 0.1445237, 0.2783812, 0.8916707)    0    0   -728.33510030  0 0.600 -1827.08775076
(-14.5122598, 18.0150543, 1.3711552, 0.5843763, 0.2513725, 0.5771500, 0.5120684)    0    0   -802.44205174  0 0.600 -2012.35512936
(-12.9619885, 27.1973544, 1.5774706, 0.5769516, 0.1248395, 0.3492437, 0.7277162)    0    0   -260.68961694  0 0.600 -657.97404235
(-16.9296433, 18.4477015, -6.7898257, 0.7578787, 0.2190653, 0.4925509, 0.3674560)    0    0   -587.73171945  0 0.600 -1475.57929863
(-13.3580107, 26.4402623, -11.5038053, 0.7721691, 0.1687134, 0.3952725, 0.4680282)    0    0   -28.81902627  0 0.600 -78.29756567
(-11.0651151, 21.6069674, 0.5324669, 0.8520240, 0.0090991, 0.0867116, 0.5161912)    0    0   -421.41915694  0 0.600 -1059.79789235
(-18.2031295, 26.9106825, -10.9913504, 0.6373388, 0.2094605, 0.4972496, 0.5501531)    0    0   -123.38845096  0 0.600 -314.72112741
(-11.6988212, 28.3253897, 0.5108574, 0.6003388, 0.1269502, 0.3508324, 0.7073851)    0    0   -167.30901684  0 0.600 -424.52254209
(-19.0247653, 21.3156937, -8.3035205, 0.5812499, 0.2715722, 0.6867750, 0.3416682)    0    0   -332.14779975  0 0.600 -836.61949938
(-19.8788105, 30.9380204, -0.2075220, 0.5033353, 0.1869890, 0.4113643, 0.7365243)    0    0   -157.54235889  0 0.600 -400.10589721
(-13.7005676, 18.5437083, -6.9949009, 0.8597191, 0.1517008, 0.3677421, 0.3203679)    0    0   -619.32230640  0 0.600 -1554.55576599
(-13.3193917, 23.5520837, 2.6505300, 0.5918256, 0.0539392, 0.0462078, 0.8029308)    0    0   -371.36487464  0 0.600 -934.66218659
(-18.9054519, 23.0336702, -9.4666387, 0.5251824, 0.2397163, 0.5716832, 0.5830076)    0    0   -343.89541903  0 0.600 -865.98854756
(-16.1605862, 26.1511166, -6.4722311, 0.6048637, 0.2327068, 0.5612482, 0.5147698)    0    0   -80.26142500  0 0.600 -206.90356250
(-13.5565595, 29.8307292, 1.2939020, 0.5832258, 0.0676684, 0.0827631, 0.8052447)    0    0   -191.31100443  0 0.600 -484.52751108
(-10.1252405, 23.2112551, 2.8207522, 0.8422983, -0.0363463, -0.0025316, 0.5377788)    0    0   -292.09691877  0 0.600 -736.49229692
(-8.1097041, 25.6336539, -10.3986806, 0.8008060, 0.1379709, 0.3420219, 0.4719054)    0    0   -80.54517535  0 0.600 -207.61293836
(-15.8217092, 25.3267738, 2.9301081, 0.4855178, -0.0422454, 0.0298097, 0.8726965)    0    0   -396.15735020  0 0.600 -996.64337551
(-15.9491266, 18.8297893, 4.8822701, 0.4624620, -0.1150627, -0.1179586, 0.8711919)    0    0   -732.78227111  0 0.600 -1838.20567778
(-22.9108463, 21.9906937, -7.4974349, 0.4279925, 0.2603159, 0.6250377, 0.5986534)    0    0   -407.98713808  0 0.600 -1026.21784520
(-10.8778435, 25.4993489, -1.3454126, 0.7949413, 0.0314745, 0.1416954, 0.5890671)    0    0   -185.13950709  0 0.600 -469.09876772
(-6.9017970, 23.9300301, -1.6573701, 0.8869258, 0.0531292, 0.0872843, 0.4504680)    0    0   -185.21336973  0 0.600 -469.28342431
(-9.1627853, 16.3903698, -6.2005640, 0.7558392, 0.1791617, 0.4235491, 0.4660625)    0    0   -973.80603204  0 0.600 -2440.76508009
(-11.5282638, 24.8164408, 2.5518856, 0.5885727, -0.0259858, 0.0539691, 0.8062222)    0    0   -299.24034847  0 0.600 -754.35087118
(-13.1198162, 19.0756813, 1.7149048, 0.5620141, 0.0133427, 0.1349556, 0.8159345)    0    0   -638.12695627  0 0.600 -1601.56739068
(-11.1408643, 17.6532170, 1.6515004, 0.7449350, 0.1861705, 0.4427265, 0.4630394)    0    0   -935.16294585  0 0.600 -2344.15736463
(-19.6905346, 18.4701785, -5.6479897, 0.5604359, 0.2834990, 0.7264861, 0.2788510)    0    0   -559.11922860  0 0.600 -1404.04807150
(-8.2307697, 16.7105947, -4.1229926, 0.7283456, 0.1496176, 0.3763151, 0.5527334)    0    0   -877.21522819  0 0.600 -2199.28807048
(-18.3820022, 28.9283197, 1.7015609, 0.6529028, 0.0373745, 0.0074601, 0.7564823)    0    0   -147.24781304  0 0.600 -374.36953260
(-13.6333886, 19.5595923, -8.1303800, 0.6834078, 0.2420322, 0.6102538, 0.3193189)    0    0   -489.45748189  0 0.600 -1229.89370473
(-19.2287131, 16.4994950, -2.9818470, 0.3671846, 0.2687993, 0.6282086, 0.6310914)    0    0   -824.10861042  0 0.600 -2066.52152606
(-14.5345914, 16.0077352, 0.0825492, 0.5704086, 0.1537838, 0.3218566, 0.7398601)    0    0   -864.89567269  0 0.600 -2168.48918172
(-17.2640586, 23.7730671, -11.3041487, 0.6798367, 0.2282498, 0.5234253, 0.4601630)    0    0   -189.49875110  0 0.600 -479.99687774
(-15.1174200, 22.1548802, -4.6879024, 0.5753629, 0.1827768, 0.4062706, 0.6859260)    0    0   -549.31213214  0 0.600 -1379.53033035
(-9.5319153, 29.1973007, -0.8318127, 0.8086417, 0.0517725, 0.0674893, 0.5821197)    0    0   4.45611443  0 0.600 4.89028608
(-16.1190420, 31.5695956, 0.6901830, 0.5092418, 0.1207967, 0.3476934, 0.7779397)    0    0   -89.70456772  0 0.600 -230.51141931
(-18.3801904, 23.1727523, -8.5097947, 0.5869551, 0.2622878, 0.6550809, 0.3969355)    0    0   -196.76973166  0 0.600 -498.17432916
(-12.8761265, 28.9101429, -10.2018935, 0.7619427, 0.1518705, 0.3427022, 0.5281419)    0    0   -11.69608927  0 0.600 -35.49022317
(-17.8481881, 17.6800761, -9.3416495, 0.4959143, 0.3085471, 0.6832511, 0.4382187)    0    0   -660.82500010  0 0.600 -1658.31250025
(-15.3234062, 16.7887682, -1.0879830, 0.9111866, 0.0878071, 0.1922118, 0.3536715)    0    0   -693.18987473  0 0.600 -1739.22468682
(-23.4442534, 21.9405471, -0.2633384, 0.3429583, 0.3166428, 0.7112183, 0.5256286)    0    0   -448.42440430  0 0.600 -1127.31101076
(-17.5142157, 32.5905298, -0.7478343, 0.4684931, 0.0197466, 0.1550227, 0.8695356)    0    0   -63.16242482  0 0.600 -164.15606205
(-15.3801735, 26.2808470, 6.5079723, 0.7150141, -0.1305930, -0.1768831, 0.6636359)    0    0   -224.80792107  0 0.600 -568.26980269
(-22.5670059, 18.6347809, -2.6463244, 0.3496295, 0.2497155, 0.5857206, 0.6872647)    0    0   -633.34147754  0 0.600 -1589.60369385
(-8.0038368, 28.7562957, 2.0524508, 0.6811898, 0.0483189, 0.0401492, 0.7294065)    0    0   -60.92262158  0 0.600 -158.55655395
(-10.7843457, 18.3295938, -9.4273624, 0.8814264, 0.1453539, 0.3564383, 0.2736996)    0    0   -569.74619035  0 0.600 -1430.61547587
(-14.1164048, 22.9633984, 2.1530914, 0.6190714, 0.1780645, 0.3976161, 0.6534103)    0    0   -468.86067209  0 0.600 -1178.40168024
(-9.8142425, 27.1439187, 0.8165112, 0.6418090, 0.1208780, 0.3348049, 0.6792462)    0    0   -156.00368179  0 0.600 -396.25920447
(-22.5466770, 24.7490472, -2.4782929, 0.3368469, 0.1257797, 0.3682963, 0.8573631)    0    0   -492.89382807  0 0.600 -1238.48457018
(-9.4078621, 28.0204957, 4.3252265, 0.6439163, 0.0580278, 0.2144299, 0.7321369)    0    0   -185.18609230  0 0.600 -469.21523075
(-10.0825915, 27.5250523, -2.8981198, 0.6573660, 0.1116491, 0.2119109, 0.7144916)    0    0   -154.77152105  0 0.600 -393.17880263
(-17.9913256, 23.1805105, -1.2445567, 0.4828869, 0.2523380, 0.5901668, 0.5956919)    0    0   -446.56679952  0 0.600 -1122.66699880
(-16.3115904, 26.1426962, -8.1914764, 0.7294450, 0.1670510, 0.3816706, 0.5425233)    0    0   -115.12542999  0 0.600 -294.06357498
(-23.8793150, 22.0944805, -1.9728411, 0.4286051, 0.1594369, 0.4263336, 0.7804596)    0    0   -477.85414955  0 0.600 -1200.88537389
(-9.5314507, 22.2786456, 4.1198155, 0.6856347, 0.0961907, 0.2827394, 0.6638606)    0    0   -500.78198558  0 0.600 -1258.20496395
(-7.7207372, 21.7539681, 0.8392483, 0.7250790, 0.1437309, 0.3660524, 0.5653384)    0    0   -586.84133824  0 0.600 -1473.35334559
(-9.0437597, 18.2658317, 1.3545464, 0.7397680, 0.1746795, 0.4196191, 0.4961353)    0    0   -882.07312707  0 0.600 -2211.43281767
(-17.3114247, 20.1693218, -11.6137625, 0.5759936, 0.2543653, 0.6260925, 0.4599324)    0    0   -444.35084653  0 0.600 -1117.12711633
(-12.7260479, 22.3276438, 3.0999016, 0.6016427, 0.1394406, 0.3740887, 0.6918382)    0    0   -525.38981703  0 0.600 -1319.72454258
(-8.5621587, 16.1751055, -3.4636867, 0.7757931, 0.1476649, 0.3330033, 0.5152173)    0    0   -1023.30990179  0 0.600 -2564.52475448
(-15.8601185, 20.3531505, 2.0189954, 0.8244388, 0.0191048, -0.0181076, 0.5653386)    0    0   -357.64639861  0 0.600 -900.36599653
(-8.3259938, 27.8842181, -7.0892248, 0.6650513, 0.1943228, 0.4665274, 0.5498159)    0    0   7.97402765  0 0.600 13.68506912
(-14.3777471, 17.4805237, -6.0882281, 0.6783233, 0.2485251, 0.6326055, 0.2791470)    0    0   -875.08422488  0 0.600 -2193.96056220
(-9.1638927, 26.1036062, -10.3850025, 0.6356386, 0.1698097, 0.4262438, 0.6208417)    0    0   -166.64605064  0 0.600 -422.86512660
(-7.9219609, 29.3969328, -0.3362862, 0.7912225, 0.0039998, 0.0881405, 0.6051300)    0    0   -17.31411152  0 0.600 -49.53527879
(-17.4840119, 23.3397870, -1.9497693, 0.5004123, 0.2538255, 0.5910410, 0.5795089)    0    0   -405.94769530  0 0.600 -1021.11923825
(-11.1734313, 19.9059201, 2.5459867, 0.8824823, -0.0277941, 0.0057679, 0.4694882)    0    0   -733.27711418  0 0.600 -1839.44278544
(-20.4093860, 21.8591801, -0.3385270, 0.5854373, 0.0586514, 0.2217073, 0.7776047)    0    0   -465.54847730  0 0.600 -1170.12119325
(-11.6755211, 29.4737737, -9.3336176, 0.6131470, 0.2218727, 0.5223236, 0.5495465)    0    0   23.81713015  0 0.600 53.29282536
(-13.3086090, 30.9398040, -7.1359461, 0.6956538, 0.1042804, 0.2967524, 0.6458555)    0    0   -38.60997785  0 0.600 -102.77494462
(-19.2886323, 29.0274672, -0.8860908, 0.4794889, 0.1155286, 0.2062948, 0.8450953)    0    0   -278.25171263  0 0.600 -701.87928157
(-16.2487768, 28.1586133, 1.2830159, 0.5305101, 0.0768935, 0.1035203, 0.8378126)    0    0   -284.86603634  0 0.600 -718.41509084
(-14.8939049, 26.3711323, -2.9470448, 0.7111034, 0.0687580, 0.2268874, 0.6619112)    0    0   -200.59930890  0 0.600 -507.74827225
(-19.5412321, 18.5388587, -7.5096602, 0.5781452, 0.2810027, 0.7229203, 0.2533217)    0    0   -536.24758834  0 0.600 -1346.86897085
(-15.2750493, 23.1897778, -0.3586833, 0.4965533, 0.0532725, 0.2188312, 0.8382778)    0    0   -517.11599527  0 0.600 -1299.03998818
(-9.4836426, 27.7932009, -1.7841700, 0.6649480, 0.0967656, 0.1712339, 0.7205273)    0    0   -120.83560019  0 0.600 -308.33900047
(-9.2701242, 15.7339309, -4.3600774, 0.9483373, 0.0869054, 0.2055150, 0.2255381)    0    0   -862.06547627  0 0.600 -2161.41369068
(-8.1390640, 28.1972647, 1.4052667, 0.6653062, 0.0985392, 0.2897596, 0.6809531)    0    0   -80.71671571  0 0.600 -208.04178927
(-16.7049215, 24.5262919, 5.2410642, 0.5050741, 0.0089362, -0.0814491, 0.8591777)    0    0   -477.68756976  0 0.600 -1200.46892440
(-17.1503428, 25.6454670, -9.4835928, 0.7178125, 0.1849877, 0.4334890, 0.5124569)    0    0   -105.58209090  0 0.600 -270.20522725
(-10.3116808, 27.0271508, -6.4324597, 0.6935466, 0.1954063, 0.4607404, 0.5181966)    0    0   -40.16853403  0 0.600 -106.67133508
(-20.6553586, 28.5170995, -0.7504305, 0.4248490, 0.1976461, 0.4971297, 0.7302749)    0    0   -225.25127569  0 0.600 -569.37818922
(-20.5245388, 25.2744793, -2.3143164, 0.4440232, 0.1617406, 0.3339145, 0.8155885)    0    0   -466.34079825  0 0.600 -1172.10199562
(-12.0054416, 16.3210300, 0.5280334, 0.6221561, 0.0733320, 0.2464154, 0.7394753)    0    0   -868.63370940  0 0.600 -2177.83427350
(-17.0189773, 31.5019523, 1.7052357, 0.6302780, -0.0390782, 0.0233116, 0.7750349)    0    0   -125.62354878  0 0.600 -320.30887196
(-12.8975388, 14.6264202, -5.9458854, 0.7281215, 0.2378937, 0.6156203, 0.1850873)    0    0   -1043.37648608  0 0.600 -2614.69121521
(-9.5138929, 27.9421008, -3.3581786, 0.6450870, 0.1666520, 0.4192929, 0.6166711)    0    0   -33.98140047  0 0.600 -91.20350117
(-7.8671562, 21.2522932, -9.5802946, 0.6856598, 0.1842556, 0.4455362, 0.5453605)    0    0   -445.70927797  0 0.600 -1120.52319491
(-19.5755576, 17.4442026, -6.9675571, 0.7422390, 0.2247710, 0.5697537, 0.2719191)    0    0   -582.38969180  0 0.600 -1462.22422951
(-16.4957029, 16.6913230, 2.4187713, 0.4128522, 0.0003005, 0.1200209, 0.9028554)    0    0   -770.28203331  0 0.600 -1931.95508328
(-14.3881885, 20.0848974, -11.9751098, 0.7649418, 0.2254447, 0.5012895, 0.3357791)    0    0   -357.81155051  0 0.600 -900.77887628
(-22.9988447, 22.9214688, -4.1588906, 0.4066342, 0.3294402, 0.7265267, 0.4452829)    0    0   -285.67326055  0 0.600 -720.43315137
(-20.3750700, 23.3094539, 0.1653745, 0.3604812, 0.0492885, 0.2196090, 0.9052049)    0    0   -571.53972761  0 0.600 -1435.09931903
(-14.7734435, 17.5767956, -0.3004210, 0.8769363, 0.0572784, 0.1748037, 0.4440109)    0    0   -760.45753042  0 0.600 -1907.39382605
(-4.2998447, 22.5122446, -3.1054857, 0.7402649, 0.0747122, 0.2341739, 0.6257704)    0    0   -475.38925152  0 0.600 -1194.72312880
(-20.0375717, 20.5586491, -4.5076346, 0.4760548, 0.3312294, 0.7213330, 0.3785995)    0    0   -421.30913168  0 0.600 -1059.52282919
(-9.4553846, 21.3431094, -1.4355109, 0.7422257, 0.1800100, 0.4232023, 0.4874395)    0    0   -513.76752413  0 0.600 -1290.66881032
(-8.5503997, 22.8088757, 0.3393178, 0.6647723, 0.0257683, 0.1489809, 0.7315863)    0    0   -381.97297383  0 0.600 -961.18243456
(-9.8740847, 20.4521013, -3.8949602, 0.7404594, 0.2001679, 0.4856555, 0.4192750)    0    0   -569.86287408  0 0.600 -1430.90718519
(-11.4732395, 18.7940041, -10.9379155, 0.6385794, 0.2445886, 0.5578758, 0.4702843)    0    0   -578.03451267  0 0.600 -1451.33628167
(-21.7840736, 22.0395820, -8.7360025, 0.4630205, 0.2601150, 0.6281826, 0.5686288)    0    0   -382.00651512  0 0.600 -961.26628779
(-19.3527959, 17.8982424, -6.9377393, 0.5283443, 0.3502721, 0.7397147, 0.2257963)    0    0   -654.14325222  0 0.600 -1641.60813056
(-14.8106922, 20.5589675, -8.5664641, 0.8104034, 0.1728898, 0.4182567, 0.3720441)    0    0   -423.15795014  0 0.600 -1064.14487536
(-15.6900068, 22.5577297, -1.6602333, 0.7867341, 0.0948291, 0.1830547, 0.5818486)    0    0   -283.33271148  0 0.600 -714.58177869
(-7.6256605, 17.4541364, -5.6249594, 0.7758241, 0.1572503, 0.3614941, 0.4926371)    0    0   -855.29191576  0 0.600 -2144.47978941
(-19.1606799, 30.9027445, -6.3814972, 0.4492988, 0.1320215, 0.3734604, 0.8007673)    0    0   -112.31859576  0 0.600 -287.04648939
(-19.4109138, 26.1683139, -9.7303402, 0.5100825, 0.2980470, 0.6645326, 0.4575808)    0    0   -105.74832930  0 0.600 -270.62082324
(-17.5973396, 26.0594155, 2.3209244, 0.5270516, 0.1789473, 0.3901620, 0.7334631)    0    0   -418.61608418  0 0.600 -1052.79021045
(-9.8241033, 20.3573795, -8.0905343, 0.7393409, 0.2149427, 0.5338589, 0.3495274)    0    0   -448.37231236  0 0.600 -1127.18078090
(-11.4486128, 23.0352958, -11.6361999, 0.6511213, 0.2686985, 0.5956056, 0.3861296)    0    0   -124.44058087  0 0.600 -317.35145217
(-19.6498465, 29.2196416, -9.1063453, 0.5124235, 0.2041168, 0.4625237, 0.6941400)    0    0   -141.86108862  0 0.600 -360.90272155
(-16.4258053, 17.9215849, -7.9325512, 0.5758117, 0.2484894, 0.6068458, 0.4882951)    0    0   -700.49325093  0 0.600 -1757.48312733
(-8.6110874, 22.2362982, -9.0911485, 0.6952367, 0.2396906, 0.5399104, 0.4095010)    0    0   -263.76684891  0 0.600 -665.66712227
(-11.1943892, 26.2464225, -7.1126317, 0.8101928, 0.1237991, 0.2701903, 0.5052312)    0    0   -58.91085949  0 0.600 -153.52714872
(-6.0530182, 26.7287231, -2.7675515, 0.8648814, 0.0619617, 0.1065492, 0.4866089)    0    0   -11.72957883  0 0.600 -35.57394707
(-16.3706003, 18.2481072, 1.8434559, 0.8650378, 0.0206932, -0.0059809, 0.5012441)    0    0   -538.01071983  0 0.600 -1351.27679958
(-19.3693056, 28.0810796, 1.9367352, 0.5911872, -0.0470452, 0.0111403, 0.8050841)    0    0   -206.44526915  0 0.600 -522.36317288
(-20.7834334, 24.8107086, -3.8654446, 0.4471279, 0.1883198, 0.4105780, 0.7720350)    0    0   -459.41862323  0 0.600 -1154.79655808
(-11.5445314, 29.2308855, 2.4671102, 0.7488372, -0.0400924, 0.0062414, 0.6615107)    0    0   -82.56163436  0 0.600 -212.65408590
(-12.1798155, 16.0285468, -8.3529557, 0.6923891, 0.2223944, 0.5456449, 0.4164249)    0    0   -924.48759611  0 0.600 -2317.46899027
(-6.1642288, 25.1781576, 1.0448539, 0.7202382, 0.1105716, 0.3051707, 0.6131082)    0    0   -202.96840801  0 0.600 -513.67102003
(-21.5573765, 29.9514281, -2.5955268, 0.3906846, 0.0759826, 0.2699454, 0.8767677)    0    0   -181.20347683  0 0.600 -459.25869208
(-22.2416278, 23.8413616, -6.6311122, 0.4454766, 0.3254449, 0.7160922, 0.4276075)    0    0   -213.76016194  0 0.600 -540.65040485
