#Coordinates  RecID  LigID  Luciferin  Neighbor's number  Vision Range  Scoring
(13.4409989, -20.2767175, 17.8031779, -0.4189036,  0.8373548,  0.1540371,  0.3156412)    0    0  82.25710927  1 4.480  54.65727605
(15.5329197, -17.3750331, 24.9431044, -0.7477378, -0.3013811,  0.3180152, -0.4989228)    0    0  59.67605300  3 5.000  39.80154047
( 5.8270096, -20.1945555, 16.0072095, -0.4771838, -0.7782656,  0.2942099, -0.2829114)    0    0 116.79625211  3 3.400  78.12820396
(14.4411910, -9.7358670, 20.6338575,  0.2535276, -0.0091911, -0.9646071,  0.0719194)    0    0 115.55984360  8 4.760  76.36785087
( 8.0270804, -11.5916062, 28.3491544,  0.1824810, -0.8925584,  0.3134998,  0.2678770)    0    0  65.36582705  1 2.960  43.59493525
(-2.6886835, -14.4463107, 25.3503061, -0.0776093, -0.5894037,  0.3111027, -0.7414817)    0    0  97.86289241 10 0.080  65.96372656
(-2.7721637, -14.6714079, 25.5190002, -0.0776093, -0.5894039,  0.3111026, -0.7414816)    0    0  96.96615139  0 0.400  64.77862824
( 7.8704344, -11.2168545, 28.0818299,  0.1824810, -0.8925584,  0.3134998,  0.2678770)    0    0  63.92411468  7 0.240  43.57572199
( 8.0397652, -11.6886664, 28.4004374,  0.1824810, -0.8925584,  0.3134998,  0.2678770)    0    0  64.25012606  0 0.440  43.77969284
( 8.3182421, -11.2152413, 28.4207211,  0.1824810, -0.8925584,  0.3134998,  0.2678770)    0    0  63.63163125  1 0.640  42.40652513
( 7.6635685, -12.7878352, 24.6451979, -0.8003912, -0.5482141,  0.1673696,  0.1755637)    0    0  81.40004273  8 3.480  53.49526890
(-2.6689683, -14.5439165, 25.6466349, -0.0776093, -0.5894042,  0.3111025, -0.7414815)    0    0  96.82252080 24 0.000  65.30455873
( 6.0848460, -20.3407078, 16.0621885, -0.4771838, -0.7782656,  0.2942099, -0.2829114)    0    0 114.80434564 10 3.960  75.46699618
( 8.3289647, -19.4802393, 24.0803004, -0.3005851, -0.9368571, -0.0451471, -0.1729414)    0    0  58.00920673  6 1.000  37.84015471
(-2.4144830, -15.0651416, 25.3062882, -0.0776093, -0.5894037,  0.3111027, -0.7414817)    0    0  99.08934813  4 0.880  66.15622366
(-2.4114495, -15.0690817, 25.3009149, -0.0776093, -0.5894037,  0.3111027, -0.7414818)    0    0  98.84051973  5 0.640  66.03038474
(-2.4020462, -14.8328477, 25.1322695, -0.0776093, -0.5894040,  0.3111026, -0.7414816)    0    0  96.21900337  9 0.080  63.91424907
( 8.4383411, -16.2024760, 19.9317464,  0.2481963, -0.8380793, -0.1093221, -0.4733607)    0    0  78.40889104  9 0.080  54.45537147
(-2.4300067, -15.0477411, 25.3089433, -0.0776093, -0.5894037,  0.3111027, -0.7414818)    0    0  98.53199714  6 0.480  65.37498438
( 7.8867694, -11.8905492, 28.2544899,  0.1824810, -0.8925584,  0.3134998,  0.2678770)    0    0  63.30873026  1 0.720  41.39373570
(14.4076579, -9.7441180, 20.6181899,  0.2535276, -0.0091911, -0.9646071,  0.0719194)    0    0 113.00556387  9 0.240  75.16114671
( 5.9484925, -20.2886053, 15.9619292, -0.4771838, -0.7782656,  0.2942099, -0.2829114)    0    0 115.04379063  6 0.440  76.63893867
(15.5501932, -17.5817515, 24.7661465, -0.7477378, -0.3013811,  0.3180152, -0.4989228)    0    0  61.13211772  0 5.000  40.75474515
(13.1973841, -20.0261416, 17.6953869, -0.4189036,  0.8373548,  0.1540371,  0.3156412)    0    0  81.28459411  3 0.360  54.47014065
( 0.4587600, -20.2959786, 17.7390856, -0.2837565,  0.5277087,  0.7360345, -0.3150540)    0    0  70.38562278  2 0.920  47.62498538
( 7.8517197, -15.8173804, 19.6917151,  0.2488227, -0.8377965, -0.1094164, -0.4735106)    0    0  78.16147405 10 0.200  51.10843918
(12.8033082, -20.0204583, 17.5841568, -0.4189036,  0.8373548,  0.1540371,  0.3156412)    0    0  81.10816324  9 0.160  53.94625434
( 4.6219005, -18.1173348, 18.9452561,  0.7217484, -0.4508606,  0.4887233,  0.1922300)    0    0  68.53792687  8 0.600  47.83501408
( 7.8093993, -15.8315541, 19.7923905,  0.2488300, -0.8378783, -0.1092787, -0.4733938)    0    0  76.89237350  6 0.320  50.40311737
(13.2574201, -20.4217648, 17.6261064, -0.4189036,  0.8373548,  0.1540371,  0.3156412)    0    0  80.27931878  7 0.400  53.35563058
(12.8370250, -19.7740292, 17.9379143, -0.4189036,  0.8373548,  0.1540371,  0.3156412)    0    0  77.26880075 15 0.000  54.96945157
( 8.1596158, -15.8407092, 19.5714989,  0.2486690, -0.8378839, -0.1093640, -0.4734488)    0    0  79.24103729  5 0.680  53.41184853
(11.9205993, -18.2186311, 25.7273429,  0.6152614,  0.6081056,  0.2677036,  0.4242590)    0    0  58.24088101  3 1.880  38.62653851
(-2.5909693, -14.6437715, 25.3731557, -0.0776093, -0.5894042,  0.3111025, -0.7414815)    0    0  97.30866509  3 0.560  66.15684448
( 4.4053220, -17.9719035, 19.1264483,  0.7216913, -0.4516161,  0.4883625,  0.1915891)    0    0  70.25628390  3 2.760  47.27355277
( 8.1921955, -11.5246423, 28.4696044,  0.1824810, -0.8925584,  0.3134998,  0.2678770)    0    0  63.97962383  9 0.880  42.10067244
(15.5862745, -17.4062620, 24.9484066, -0.7477378, -0.3013811,  0.3180152, -0.4989228)    0    0  59.88488856  1 5.000  40.14253408
(-2.5545057, -14.7925837, 25.7339409, -0.0776093, -0.5894042,  0.3111025, -0.7414814)    0    0  96.51801002  0 0.400  65.71781597
( 0.4870066, -20.3469210, 17.5377339, -0.2837565,  0.5277087,  0.7360345, -0.3150540)    0    0  70.26482220  4 5.000  46.37962426
( 4.4607688, -18.0025537, 19.0785851,  0.7216518, -0.4519078,  0.4882069,  0.1913282)    0    0  71.76066314  0 2.680  48.20588769
( 6.0213629, -20.2976896, 16.0718736, -0.4771838, -0.7782656,  0.2942099, -0.2829114)    0    0 115.02358842  7 0.600  75.97286419
(13.1775409, -19.7688048, 17.8562595, -0.4189036,  0.8373548,  0.1540371,  0.3156412)    0    0  79.47027463  4 0.560  53.23012716
(14.4635193, -9.9227722, 20.6566282,  0.2535276, -0.0091911, -0.9646071,  0.0719194)    0    0 115.45326835  9 3.160  75.87434477
(12.0477131, -18.1254456, 25.7264712,  0.6153233,  0.6080679,  0.2675853,  0.4242979)    0    0  57.38230472  7 0.600  38.16535246
( 8.4719464, -19.2317073, 24.1200011, -0.3005029, -0.9368976, -0.0450952, -0.1728783)    0    0  58.87041312  3 2.520  39.52148719
( 7.6274414, -15.8562126, 19.8553227,  0.2488160, -0.8377954, -0.1094222, -0.4735148)    0    0  78.10253783  8 0.160  53.35256451
(-2.6816847, -14.5480156, 25.2895428, -0.0776093, -0.5894039,  0.3111026, -0.7414816)    0    0  97.54949159 11 0.000  65.66854351
(15.5055539, -17.7885752, 24.5496965, -0.7477378, -0.3013811,  0.3180152, -0.4989228)    0    0  59.49868226  6 0.440  39.68716025
( 0.5297333, -20.4189162, 17.2480082, -0.2837565,  0.5277086,  0.7360345, -0.3150540)    0    0  71.63043363  0 5.000  47.75362244
( 3.9972771, -17.7278623, 19.4741841,  0.7217599, -0.4507095,  0.4887956,  0.1923584)    0    0  69.76753851  5 3.360  46.84373084
(13.2188671, -20.1267754, 17.5522106, -0.4189036,  0.8373548,  0.1540371,  0.3156412)    0    0  81.40728714  2 0.720  54.65128489
(-2.6977532, -14.8953203, 25.5100732, -0.0776093, -0.5894043,  0.3111024, -0.7414814)    0    0  95.83905554  0 0.400  66.06134912
(13.0410554, -19.9719435, 17.6360651, -0.4189036,  0.8373548,  0.1540371,  0.3156412)    0    0  81.02387421  8 0.200  54.18241391
(-2.6525030, -14.5778862, 25.6051679, -0.0776093, -0.5894040,  0.3111026, -0.7414816)    0    0  96.28083127  1 0.480  63.64774748
( 6.1660405, -20.3902582, 16.0681168, -0.4771838, -0.7782656,  0.2942099, -0.2829114)    0    0 118.50557488  1 2.200  78.86015651
( 4.5109456, -18.0447441, 19.0386017,  0.7216913, -0.4516162,  0.4883625,  0.1915890)    0    0  70.00498205  4 1.080  46.50602183
( 7.7792036, -15.8278028, 19.7276770,  0.2488235, -0.8377967, -0.1094157, -0.4735101)    0    0  80.54117490  1 4.120  54.51545065
(-2.8547893, -14.4437618, 25.7720066, -0.0776093, -0.5894039,  0.3111026, -0.7414816)    0    0  97.59760818 10 0.000  65.34113107
(14.1737347, -10.5314513, 20.7448969,  0.2535276, -0.0091911, -0.9646071,  0.0719194)    0    0 113.91064029  3 0.280  76.18478518
( 0.5582519, -20.4669706, 17.0546262, -0.2837565,  0.5277087,  0.7360345, -0.3150540)    0    0  70.75035421  1 5.000  47.64174585
( 8.0304702, -11.5899226, 28.3506297,  0.1824810, -0.8925584,  0.3134998,  0.2678770)    0    0  65.63687645  0 3.440  43.79668360
(-2.4205982, -15.0641052, 25.3050000, -0.0776093, -0.5894037,  0.3111027, -0.7414818)    0    0  99.18953856  3 1.040  66.14481749
(14.4536776, -9.6292761, 20.6339726,  0.2535276, -0.0091911, -0.9646071,  0.0719194)    0    0 115.73258958  4 0.800  77.34041045
( 8.2171492, -15.7535936, 19.4593110,  0.2485090, -0.8379379, -0.1093696, -0.4734359)    0    0  79.59340232  2 0.680  53.67450147
( 7.9241857, -11.5421662, 28.3579112,  0.1820140, -0.8926393,  0.3135148,  0.2679071)    0    0  63.23019425  9 0.080  42.76160892
(15.5209071, -17.3284934, 24.9778173, -0.7477378, -0.3013811,  0.3180152, -0.4989228)    0    0  59.51486866  5 4.920  39.76986808
( 4.2517539, -17.8423000, 19.2487447,  0.7216798, -0.4517672,  0.4882903,  0.1914608)    0    0  70.74211706  1 3.160  47.88669249
(11.9231544, -17.9125448, 25.6703791,  0.6500759,  0.5832434,  0.1957222,  0.4460058)    0    0  38.07534950 13 1.240  23.11639336
(15.5155949, -17.7500285, 24.5913773, -0.7477378, -0.3013811,  0.3180152, -0.4989228)    0    0  59.67729204  2 5.000  39.56369103
(-2.8536481, -14.7802348, 25.4683089, -0.0776093, -0.5894037,  0.3111027, -0.7414817)    0    0  96.85072861 12 0.000  64.43647722
( 8.2495060, -15.6341930, 19.6672754,  0.2486691, -0.8379161, -0.1093114, -0.4734039)    0    0  76.22068033  8 0.240  49.46045054
( 5.6243352, -20.0861644, 15.9458902, -0.4771838, -0.7782656,  0.2942099, -0.2829114)    0    0 116.09715726  5 0.520  78.54155812
(14.5492366, -10.1190845, 20.6547458,  0.2535276, -0.0091911, -0.9646071,  0.0719194)    0    0 115.58365409  4 0.360  77.46903954
(-2.5728995, -14.9993420, 25.4434377, -0.0776093, -0.5894043,  0.3111024, -0.7414814)    0    0  96.66543685  0 0.400  64.65990030
(-2.7739562, -14.9018734, 25.8217446, -0.0776093, -0.5894042,  0.3111025, -0.7414814)    0    0  97.25673358 14 0.000  64.88726675
(-2.6174795, -14.7220874, 25.5137826, -0.0776093, -0.5894039,  0.3111026, -0.7414816)    0    0  96.95312134 13 0.000  64.38138903
( 8.2721358, -19.7552157, 23.8944679, -0.3004209, -0.9369381, -0.0450434, -0.1728151)    0    0  58.07334432  5 3.320  38.36454409
( 8.3704050, -19.3328191, 24.1442950, -0.3000458, -0.9371230, -0.0448059, -0.1725267)    0    0  59.61046368  0 4.360  40.13140317
(-2.2508578, -15.0000308, 25.6760395, -0.0776093, -0.5894039,  0.3111026, -0.7414816)    0    0  96.59718481  8 0.160  64.38550710
(-2.4451430, -14.7468215, 25.6976068, -0.0776093, -0.5894037,  0.3111027, -0.7414817)    0    0  98.04806514  6 0.320  65.79741061
(11.9410729, -18.7056891, 25.8625204,  0.6158769,  0.6077291,  0.2665237,  0.4246459)    0    0  56.42673780 10 0.120  38.54262569
(-2.7154273, -14.6840179, 25.4669796, -0.0776093, -0.5894037,  0.3111027, -0.7414818)    0    0  99.71867575  1 5.000  66.61073551
(-2.9481662, -14.6776669, 25.3852068, -0.0776093, -0.5894043,  0.3111025, -0.7414814)    0    0  96.32193610 24 0.000  64.27542710
(14.2674571, -10.0049201, 20.7733963,  0.2535276, -0.0091911, -0.9646071,  0.0719194)    0    0 112.60781097  9 0.320  74.20093957
( 8.5008690, -19.2350676, 23.9958878, -0.1587377, -0.9775923,  0.0442861, -0.1309744)    0    0  50.69146332  8 2.600  32.41530714
(12.3959062, -18.0557809, 25.6137888, -0.7244537, -0.4834052,  0.0267413, -0.4906844)    0    0  58.61607174  7 3.160  39.48969848
(-3.0266020, -14.6479708, 25.3557092, -0.0776093, -0.5894038,  0.3111026, -0.7414817)    0    0  97.98028596  7 0.240  65.93637673
(-2.6030583, -15.1450565, 25.2098315, -0.0776093, -0.5894046,  0.3111023, -0.7414812)    0    0  95.87510250  0 0.400  64.09273783
( 8.6054226, -11.3033645, 28.5816237,  0.1824810, -0.8925584,  0.3134998,  0.2678770)    0    0  64.73400153  4 0.760  43.87836674
(14.2271740, -9.3578584, 20.6394774,  0.2535276, -0.0091911, -0.9646071,  0.0719194)    0    0 115.74628828  3 0.560  78.39830795
(11.9782892, -18.2625102, 25.9052859,  0.6152978,  0.6080835,  0.2676341,  0.4242819)    0    0  56.64440442  2 0.520  37.80973273
( 8.2857038, -15.7617299, 19.4761386,  0.2488234, -0.8378128, -0.1093895, -0.4734877)    0    0  78.96705321  7 0.520  53.73406185
(14.3553736, -10.2471949, 20.7936099,  0.2535276, -0.0091911, -0.9646071,  0.0719194)    0    0 116.50798051  2 0.960  78.71128071
(11.9273015, -18.4008607, 25.7740520,  0.6152695,  0.6081007,  0.2676882,  0.4242641)    0    0  58.31546879  2 1.520  38.91056404
( 0.4329145, -20.5489245, 17.4274507, -0.2837565,  0.5277087,  0.7360345, -0.3150540)    0    0  69.43529662  2 0.520  46.88834272
( 8.5449331, -11.4808444, 28.7885756,  0.1824810, -0.8925584,  0.3134998,  0.2678770)    0    0  64.68261847  5 1.200  42.99103949
(13.6525225, -20.6894560, 17.7220439, -0.4189036,  0.8373548,  0.1540371,  0.3156412)    0    0  81.26949004  3 0.320  54.47923283
( 4.3338721, -17.6449471, 19.1169532,  0.7217536, -0.4507847,  0.4887591,  0.1922941)    0    0  67.15004137  5 0.360  47.61277301
( 7.8875821, -12.3702970, 24.9236645, -0.8003912, -0.5482141,  0.1673696,  0.1755637)    0    0  83.18966391  2 5.000  55.81714651
( 8.6428853, -10.9795443, 28.6215699,  0.1824810, -0.8925584,  0.3134998,  0.2678770)    0    0  64.96694909  3 0.880  43.57784143
( 8.4048855, -11.3359335, 28.3324851,  0.1824810, -0.8925584,  0.3134998,  0.2678770)    0    0  64.12446427  5 0.560  42.55152632
( 4.6029701, -17.9775756, 18.9320403,  0.7217429, -0.4509363,  0.4886874,  0.1921660)    0    0  69.37516798  6 2.040  46.53449849
(13.0190541, -19.9802699, 17.6304487, -0.4189036,  0.8373548,  0.1540371,  0.3156412)    0    0  80.98175801 11 0.320  54.52156888
(-2.5522405, -14.7315757, 25.5060875, -0.0776093, -0.5894040,  0.3111026, -0.7414815)    0    0  96.35970768 26 0.000  64.29621301
(15.5907516, -17.2519718, 25.0914481, -0.7477378, -0.3013811,  0.3180152, -0.4989228)    0    0  58.90401816  7 4.520  39.61598049
(-2.6938213, -14.7115513, 25.4550165, -0.0776093, -0.5894037,  0.3111027, -0.7414818)    0    0 100.06587341  0 5.000  66.71058263
( 0.4841290, -20.3518608, 17.5280465, -0.2837565,  0.5277087,  0.7360345, -0.3150540)    0    0  70.29740007  3 5.000  46.35724784
(-2.4648708, -15.3308893, 25.2950054, -0.0776093, -0.5894043,  0.3111024, -0.7414814)    0    0  96.64892899 17 0.000  64.08429489
(13.1024427, -20.0377484, 17.6667810, -0.4189036,  0.8373548,  0.1540371,  0.3156412)    0    0  81.76654341  3 5.000  54.49649259
(-2.4650448, -15.0853147, 25.3431534, -0.0776093, -0.5894041,  0.3111025, -0.7414815)    0    0  96.22909290  2 0.640  63.12332363
( 5.6841666, -20.1342609, 15.9116802, -0.4771838, -0.7782656,  0.2942099, -0.2829114)    0    0 113.15673759  7 0.360  72.94076976
( 4.4747332, -18.0874258, 19.0856850,  0.7216904, -0.4516287,  0.4883565,  0.1915784)    0    0  67.42387888  9 1.000  41.89674958
(15.5664474, -17.7221675, 24.6487988, -0.7477378, -0.3013811,  0.3180152, -0.4989228)    0    0  59.59683628  4 4.680  39.63735129
(14.5065348, -10.0295738, 20.5304051,  0.2535276, -0.0091911, -0.9646071,  0.0719194)    0    0 111.38795420  8 0.160  74.02205914
( 6.5543245, -20.5881187, 16.2265827, -0.4771838, -0.7782656,  0.2942099, -0.2829114)    0    0 117.84554541  2 5.000  80.30109054
(-2.9917671, -14.4307381, 25.6583410, -0.0776093, -0.5894037,  0.3111027, -0.7414818)    0    0  97.95770352  9 0.240  65.72445933
(11.8438797, -17.9928143, 25.7177609,  0.6152695,  0.6081007,  0.2676881,  0.4242641)    0    0  57.92106703  4 0.760  38.77746449
( 6.1490236, -20.3804439, 16.0650297, -0.4771838, -0.7782656,  0.2942099, -0.2829114)    0    0 119.95460900  0 5.000  80.01092013
( 7.9196163, -12.3460291, 24.9095196, -0.8003912, -0.5482141,  0.1673696,  0.1755637)    0    0  82.94469925  4 4.840  55.78285625
( 6.5157622, -20.5871076, 16.1475556, -0.4771838, -0.7782656,  0.2942099, -0.2829114)    0    0 115.94300810  6 0.920  78.26942059
( 4.3528939, -17.7351804, 19.2631490,  0.7179779, -0.4873768,  0.4703391,  0.1604766)    0    0  41.52709403 11 1.000  38.59850110
(-2.6647885, -14.7358638, 25.7283004, -0.0776093, -0.5894040,  0.3111026, -0.7414816)    0    0  95.73080762 24 0.000  63.34376086
(-2.6789554, -14.6211048, 25.4073137, -0.0776093, -0.5894043,  0.3111024, -0.7414814)    0    0  97.78607458  1 0.720  65.38685541
(13.0735546, -20.0408659, 17.5368362, -0.4189036,  0.8373548,  0.1540371,  0.3156412)    0    0  80.29266916  0 0.480  53.49952407
( 8.5758884, -19.1443644, 24.1800199, -0.3000458, -0.9371230, -0.0448059, -0.1725267)    0    0  59.02852546  2 0.760  40.00746935
(13.1670418, -20.4369832, 17.5869651, -0.4189036,  0.8373548,  0.1540371,  0.3156412)    0    0  80.00738345 10 0.520  53.42989727
( 0.5469116, -20.4175312, 17.2089162, -0.2837565,  0.5277087,  0.7360345, -0.3150540)    0    0  69.62693131  7 1.400  46.17021100
( 7.8914930, -11.6274434, 28.4769646, -0.0162364, -0.9086748,  0.3135850,  0.2751563)    0    0  41.99492127 12 0.480  30.47791253
( 9.9494435, -20.5079280, 30.2824506, -0.1801955,  0.4227217,  0.1981197, -0.8657855)    0    0  18.63397921  0 5.000  12.42265281
( 9.7935504, -20.5267333, 30.3082030, -0.1801955,  0.4227217,  0.1981197, -0.8657855)    0    0  18.53554692  1 5.000  12.33793665
(-2.6049641, -14.5399546, 25.4105145, -0.0776093, -0.5894040,  0.3111026, -0.7414815)    0    0  95.58546830 24 0.000  64.60469413
(14.4498932, -9.7122769, 20.6304364,  0.2535276, -0.0091911, -0.9646071,  0.0719194)    0    0 115.80802420  3 3.120  76.55742972
(13.1581042, -20.0926556, 17.4800984, -0.4189036,  0.8373548,  0.1540371,  0.3156412)    0    0  80.96140194  3 0.560  54.24235368
(-2.8218529, -14.9684667, 25.5688845, -0.0776093, -0.5894039,  0.3111026, -0.7414816)    0    0  96.37735366 17 0.000  63.96319657
( 7.9072797, -11.7107737, 28.3373496,  0.1824810, -0.8925584,  0.3134998,  0.2678770)    0    0  64.32139135  6 0.400  43.30963339
(-2.6116070, -14.5460207, 25.1086660, -0.0776093, -0.5894041,  0.3111025, -0.7414815)    0    0  96.87598498 17 0.000  65.24069428
(-2.5773083, -14.7429975, 25.4676862, -0.0776093, -0.5894038,  0.3111027, -0.7414817)    0    0  97.48683556 11 0.000  64.92142094
( 8.1512599, -15.7034794, 19.6010216,  0.2488239, -0.8378129, -0.1093890, -0.4734873)    0    0  78.47979684  2 0.720  52.03889531
(-2.5261060, -14.6806919, 25.7332152, -0.0776093, -0.5894040,  0.3111026, -0.7414816)    0    0  95.84768205 29 0.000  64.89704321
(13.1516344, -20.0722879, 17.6851045, -0.4189036,  0.8373548,  0.1540371,  0.3156412)    0    0  82.86596192  0 5.000  55.24415009
( 7.6970421, -12.7105116, 24.7095406, -0.8003912, -0.5482141,  0.1673696,  0.1755637)    0    0  83.39365376  1 2.440  56.10938703
( 7.8501621, -11.2975850, 28.4389171,  0.0792111, -0.9054734,  0.3151129,  0.2730336)    0    0  32.67450150  0 0.560  28.40644414
(11.6757367, -18.6649419, 25.9351080,  0.6164181,  0.6073946,  0.2654811,  0.4249859)    0    0  55.60338668  8 0.280  38.45485486
( 0.5313146, -20.3777611, 17.3335207, -0.2837565,  0.5277087,  0.7360345, -0.3150540)    0    0  69.75858235  6 1.400  46.91742178
( 8.1695415, -15.8001297, 19.5379119,  0.2488240, -0.8377968, -0.1094153, -0.4735098)    0    0  80.59672835  0 4.400  53.75576166
(12.3959994, -18.2671613, 25.6699887, -0.7244537, -0.4834052,  0.0267413, -0.4906844)    0    0  58.58862423  9 3.080  39.08834072
( 7.6901212, -12.7228802, 24.7017462, -0.8003912, -0.5482141,  0.1673696,  0.1755637)    0    0  83.85777898  0 5.000  55.91016678
(-2.4825317, -14.8987508, 25.3320012, -0.0776093, -0.5894040,  0.3111026, -0.7414816)    0    0  95.55076155 28 0.000  63.48210076
(14.0700844, -10.3180689, 20.8572406,  0.2535276, -0.0091911, -0.9646071,  0.0719194)    0    0 111.78547806  7 0.280  74.05152230
(-3.0338890, -14.7657811, 25.1564993, -0.0776093, -0.5894041,  0.3111025, -0.7414815)    0    0  94.20975440 31 0.000  60.58527060
(11.9162667, -18.1676511, 25.7206609,  0.6152614,  0.6081056,  0.2677036,  0.4242590)    0    0  57.91246435  5 1.880  38.03117468
(-2.6960673, -14.5918784, 25.4678373, -0.0776093, -0.5894042,  0.3111025, -0.7414815)    0    0  96.59106340  6 0.320  64.92919305
(13.1210485, -20.0312502, 17.6803342, -0.4189036,  0.8373548,  0.1540371,  0.3156412)    0    0  81.84639873  2 1.080  54.79497892
( 8.5128482, -16.1279669, 19.8284304,  0.2485929, -0.8379196, -0.1093504, -0.4734287)    0    0  78.99553212  3 0.440  53.68908652
( 6.4416492, -20.5767536, 16.0374914, -0.4771838, -0.7782656,  0.2942099, -0.2829114)    0    0 115.45517865  7 2.840  77.69720216
( 7.9191660, -15.9870281, 19.9051355,  0.2488191, -0.8378282, -0.1093670, -0.4734680)    0    0  75.36740206  6 0.360  49.84151061
( 4.8109183, -18.2802441, 18.7944229,  0.7217574, -0.4507461,  0.4887784,  0.1923275)    0    0  69.14374689  0 0.680  46.78023264
(11.9298078, -17.8052975, 25.6491669,  0.6152731,  0.6080985,  0.2676813,  0.4242664)    0    0  57.27075873  7 0.280  39.03711353
( 8.5066861, -11.6986527, 28.3078888,  0.1824810, -0.8925584,  0.3134998,  0.2678770)    0    0  64.96716978  2 1.160  43.75704964
( 8.4188666, -19.5109754, 23.9746400, -0.0853563, -0.9864725,  0.0887529, -0.1082093)    0    0  46.63726520  9 2.120  27.72513354
(-2.3355235, -15.1169763, 25.2972021, -0.0776093, -0.5894040,  0.3111026, -0.7414816)    0    0  95.42512279  2 0.640  62.89090153
(-2.8365959, -14.6701179, 25.8624187, -0.0776093, -0.5894045,  0.3111024, -0.7414813)    0    0  96.71475855 20 0.000  65.30674714
( 7.7347260, -12.6464744, 24.7469352, -0.8003912, -0.5482141,  0.1673696,  0.1755637)    0    0  82.18874486  6 3.400  55.67646722
(14.4050234, -10.2046049, 20.7030896,  0.2535276, -0.0091911, -0.9646071,  0.0719194)    0    0 116.54469056  1 5.000  78.34947489
( 7.7362863, -11.7528059, 27.8946619,  0.0787376, -0.9055098,  0.3151125,  0.2730503)    0    0  27.59569620  0 0.440  23.22514116
(-2.3926277, -15.1508231, 25.2089974, -0.0776093, -0.5894042,  0.3111025, -0.7414814)    0    0  96.93750932  0 0.400  65.42932528
( 7.8741572, -15.7885905, 19.6997636,  0.2488235, -0.8378128, -0.1093894, -0.4734876)    0    0  78.43231152  9 1.840  52.16948891
( 7.5746466, -13.0647754, 24.3657135, -0.8003912, -0.5482141,  0.1673696,  0.1755637)    0    0  82.99453336  3 1.160  55.90412800
(14.4399742, -9.8213678, 20.6465268,  0.2535276, -0.0091911, -0.9646071,  0.0719194)    0    0 117.70774052  0 5.000  78.47184290
(11.9500058, -18.7876542, 25.8897807,  0.6152615,  0.6081056,  0.2677035,  0.4242591)    0    0  57.85350230  6 0.680  38.95388793
( 8.1419315, -15.7425465, 19.4744484,  0.2486693, -0.8378678, -0.1093901, -0.4734711)    0    0  79.53342008  4 0.880  53.92491042
( 4.6117861, -18.3565954, 19.0103636,  0.7216856, -0.4516916,  0.4883264,  0.1915250)    0    0  70.39823766  2 1.880  46.93888350
( 7.4938069, -12.9857824, 24.6143812, -0.8003912, -0.5482141,  0.1673696,  0.1755637)    0    0  81.27407599  7 0.600  54.00784634
(-2.4914028, -15.4498450, 25.4904307, -0.0776093, -0.5894038,  0.3111027, -0.7414817)    0    0  97.11499383  2 0.400  65.94104724
(-2.5492420, -14.7209165, 25.3316146, -0.0776093, -0.5894044,  0.3111024, -0.7414813)    0    0  95.83830909 32 0.000  62.83230773
( 8.2723457, -19.4072426, 24.1222267, -0.3004209, -0.9369381, -0.0450434, -0.1728151)    0    0  57.75700643  7 0.600  37.86286223
(-2.6658218, -15.0262756, 24.9557333, -0.0776093, -0.5894038,  0.3111026, -0.7414817)    0    0  95.31180191  1 0.800  62.84870645
( 8.1106913, -19.3522163, 24.2652781, -0.3000459, -0.9371229, -0.0448059, -0.1725268)    0    0  58.68761611  4 1.080  39.42392771
( 8.2267472, -15.7960741, 19.5101010,  0.2488230, -0.8377966, -0.1094161, -0.4735104)    0    0  79.64359466  2 1.960  52.36682730
( 0.5852603, -20.4666868, 16.9594345, -0.2837565,  0.5277087,  0.7360345, -0.3150540)    0    0  69.10226278  9 1.800  46.05043033
(-2.4236638, -15.0558184, 25.3054571, -0.0776093, -0.5894037,  0.3111027, -0.7414818)    0    0  99.57266534  2 5.000  66.26699925
( 5.9988845, -20.2149214, 16.2911311, -0.4771838, -0.7782656,  0.2942099, -0.2829114)    0    0 116.59447068  1 0.680  78.65045129
(12.8712886, -19.8643924, 17.7801481, -0.4189036,  0.8373548,  0.1540371,  0.3156412)    0    0  81.44086480  5 0.720  54.28966503
(13.0954071, -20.0325646, 17.6621613, -0.4189036,  0.8373548,  0.1540371,  0.3156412)    0    0  81.70021726  4 3.960  54.42785360
( 8.1896744, -11.4672291, 28.3579088,  0.1824810, -0.8925584,  0.3134998,  0.2678770)    0    0  63.97456193  6 0.480  42.57622386
(12.0509367, -18.4575550, 25.7171925,  0.6152696,  0.6081006,  0.2676880,  0.4242641)    0    0  56.84554591  9 0.520  36.69972028
( 7.9171750, -15.8571438, 19.8395150,  0.2488258, -0.8378615, -0.1093086, -0.4734188)    0    0  77.62930154  0 0.400  52.16342951
( 8.3255032, -11.4365462, 28.3990261,  0.1824810, -0.8925584,  0.3134998,  0.2678770)    0    0  63.31236203  0 0.480  43.09602565
( 7.6386589, -12.7960388, 24.6724182, -0.8003912, -0.5482141,  0.1673696,  0.1755637)    0    0  81.89003476  7 4.840  53.91897340
(-2.4672067, -15.1370028, 24.9306022, -0.0776093, -0.5894037,  0.3111027, -0.7414817)    0    0  97.25030347  1 0.640  65.30128166
(14.5882470, -10.1730505, 20.5743914,  0.2535276, -0.0091911, -0.9646071,  0.0719194)    0    0 112.56321025  3 0.480  73.69498734
(-2.5953095, -14.9502259, 25.6326911, -0.0776093, -0.5894039,  0.3111026, -0.7414816)    0    0  97.10747234  0 0.400  65.39474240
(14.2967413, -9.5544765, 20.6299693,  0.2535276, -0.0091911, -0.9646071,  0.0719194)    0    0 114.89646936  8 0.240  77.05469982
( 7.6894935, -12.7244444, 24.7003669, -0.8003912, -0.5482141,  0.1673696,  0.1755637)    0    0  80.84394641 10 0.520  54.43040774
(-2.5965005, -14.5101491, 25.5452259, -0.0776093, -0.5894043,  0.3111025, -0.7414814)    0    0  96.13253073  0 0.400  63.52774167
( 8.3204940, -19.1551450, 24.3108952, -0.3000458, -0.9371230, -0.0448059, -0.1725267)    0    0  59.23698851  1 4.520  39.98209648
( 8.2205650, -16.2601065, 19.2861198,  0.2488205, -0.8378123, -0.1093920, -0.4734895)    0    0  77.82241883  7 0.320  51.20022917
( 7.3890622, -13.2645735, 24.3570921, -0.8003912, -0.5482141,  0.1673696,  0.1755637)    0    0  82.31526497  5 2.280  55.03779076
(14.4439544, -9.7430045, 20.6344341,  0.2535276, -0.0091911, -0.9646071,  0.0719194)    0    0 115.60185848  5 1.040  76.43331607
( 0.5604627, -20.4948956, 16.9798064, -0.2837565,  0.5277087,  0.7360345, -0.3150540)    0    0  69.83065552  5 2.680  46.19303930
