#Coordinates  RecID  LigID  Luciferin  Neighbor's number  Vision Range  Scoring
(-27.9195551, 30.2482958,  9.7602637, -0.0343164, -0.2628621, -0.6186284,  0.7396113)    0    0  51.99411664  2 0.400  35.75616506
(-30.6892408, 29.8268032, 18.6451528, -0.0699414, -0.8942167, -0.1042137,  0.4296792)    0    0  27.65957518  3 0.680  18.22722137
(-24.5224109, 30.3819506, 18.7781649, -0.0693230,  0.2678210,  0.9579482,  0.0761675)    0    0  52.12362399 14 0.000  34.51569512
(-22.2364507, 34.1829654, 14.5412538,  0.1525501,  0.2162671,  0.0918017, -0.9599633)    0    0  51.51888508  0 0.400  34.16872438
(-17.1640540, 31.5275373, 11.7693831,  0.3588647, -0.1848519, -0.5434624,  0.7359990)    0    0 102.45727405  3 2.240  68.26437643
(-17.0566987, 31.4083392, 11.2109841,  0.3588647, -0.1848519, -0.5434624,  0.7359990)    0    0 102.21699401  4 2.960  67.27629563
(-24.5635875, 38.7300162,  9.1676567,  0.3970598, -0.5792746,  0.6782046, -0.2163862)    0    0  41.49028768  3 5.000  27.67259558
(-27.9943661, 29.9669438,  9.6322493, -0.0343167, -0.2628615, -0.6186286,  0.7396113)    0    0  54.31831634  1 3.760  36.68889457
(-28.2910703, 37.7944931, 14.6096225, -0.0529289,  0.4277063,  0.7212122,  0.5423272)    0    0  44.81391225  5 0.480  29.68146173
(-28.2351226, 37.7959490, 14.7362271, -0.0529289,  0.4277063,  0.7212122,  0.5423272)    0    0  45.68261770  0 5.000  30.45511399
(-21.8305476, 31.0492957,  4.7172073,  0.0403521, -0.4376544, -0.5344131,  0.7219646)    0    0  93.22850336  0 0.400  64.00718974
(-28.1085466, 29.8418802,  9.3691473, -0.0343167, -0.2628615, -0.6186286,  0.7396113)    0    0  52.63618612  6 0.240  34.98753485
(-24.2108118, 30.2908183, 18.5167115, -0.0693230,  0.2678210,  0.9579482,  0.0761675)    0    0  52.18816166  7 0.240  35.18237375
(-17.1651522, 31.4243433, 11.3574366,  0.3588647, -0.1848519, -0.5434624,  0.7359990)    0    0 101.50473740  4 0.560  66.91668751
(-17.5059659, 31.4120865, 11.2138410,  0.3588647, -0.1848519, -0.5434624,  0.7359990)    0    0 102.74947532  2 1.120  68.92263016
(-22.4245183, 34.3983061, 14.6128306,  0.1525501,  0.2162670,  0.0918017, -0.9599633)    0    0  51.68939034  1 0.640  33.62657867
(-21.9971043, 31.5122984,  4.6616986,  0.0403520, -0.4376545, -0.5344131,  0.7219646)    0    0  92.24759270 11 0.000  62.21690172
(-24.3313850, 30.2875163, 19.1305795, -0.0693230,  0.2678210,  0.9579482,  0.0761675)    0    0  51.64692057  0 0.640  33.63832387
(-22.2544207, 34.1452852, 14.8736938,  0.1525501,  0.2162670,  0.0918016, -0.9599633)    0    0  53.44767202  2 0.800  35.87346601
(-21.9909619, 31.3440729,  4.2522158,  0.0403521, -0.4376544, -0.5344131,  0.7219646)    0    0  92.90561177 10 4.440  61.84156157
(-28.2547140, 37.8079665, 14.4440861, -0.0529289,  0.4277063,  0.7212122,  0.5423272)    0    0  44.62032214  7 0.200  29.49441875
(-24.1641251, 30.4341166, 18.7687374, -0.0693230,  0.2678210,  0.9579482,  0.0761675)    0    0  52.21019354  6 0.320  35.05029564
(-35.0358104, 32.2436345, 13.4241662,  0.8559968,  0.4182260,  0.1056583, -0.2849436)    0    0  47.02892888  0 0.400  30.79572593
(-22.7109272, 31.3858917,  4.7570911,  0.0403521, -0.4376544, -0.5344131,  0.7219646)    0    0  93.61114014  4 5.000  63.19379892
(-22.1696086, 34.0179837, 15.3769904,  0.1525501,  0.2162669,  0.0918012, -0.9599633)    0    0  51.17659644  0 0.400  33.38667939
(-28.0707122, 30.4154238,  9.5433342, -0.0343166, -0.2628616, -0.6186286,  0.7396113)    0    0  53.57223058  3 0.560  36.04397797
(-22.3712837, 34.1140786, 14.5350245,  0.1525501,  0.2162670,  0.0918016, -0.9599633)    0    0  52.24843377  8 0.160  35.09294397
(-28.1650770, 30.1389219,  9.2844146, -0.0343167, -0.2628615, -0.6186286,  0.7396113)    0    0  52.46837431  1 0.720  34.90355789
(-22.5135396, 34.2313036, 14.5777744,  0.1525501,  0.2162671,  0.0918018, -0.9599633)    0    0  54.21897062  0 4.480  36.15489736
(-17.0851375, 31.4383056, 11.4653278,  0.3588647, -0.1848519, -0.5434624,  0.7359990)    0    0 101.53253411  0 0.400  68.60098353
(-22.4190735, 34.1001693, 14.6291673,  0.1525501,  0.2162670,  0.0918014, -0.9599633)    0    0  51.50976328  0 0.400  35.18734351
(-21.5348623, 31.2627511,  5.8122446, -0.0857318, -0.4438441, -0.4632369,  0.7622756)    0    0  40.78392490  0 1.000  20.59506312
(-27.9377315, 29.8495265,  9.7325456, -0.0343167, -0.2628615, -0.6186286,  0.7396113)    0    0  53.87669604  3 0.920  36.60412604
(-22.4549453, 34.1964024, 14.5579940,  0.1525501,  0.2162670,  0.0918016, -0.9599633)    0    0  52.18220908 11 0.080  34.61247819
(-22.3373604, 34.0561027, 14.9091249,  0.1525501,  0.2162671,  0.0918019, -0.9599632)    0    0  50.47685518 15 0.000  33.46347279
(-35.1851995, 32.7725464, 13.2149049,  0.8559968,  0.4182260,  0.1056583, -0.2849436)    0    0  46.90316750 15 2.360  30.18722546
(-30.5258481, 29.7841968, 18.9142240, -0.0699414, -0.8942167, -0.1042137,  0.4296792)    0    0  28.02022365  4 5.000  18.60514735
(-28.2070367, 37.8272419, 14.4326449, -0.0529289,  0.4277063,  0.7212122,  0.5423272)    0    0  44.85962422  5 1.560  30.13195776
(-30.7512006, 30.2566670, 18.4049636, -0.0699414, -0.8942167, -0.1042137,  0.4296792)    0    0  27.54813838  8 1.720  18.98335669
(-28.1731004, 30.4246913,  9.3475896, -0.0343167, -0.2628615, -0.6186286,  0.7396113)    0    0  54.22383442  2 4.400  36.03706038
(-35.1365826, 32.4213617, 13.1237843,  0.8559968,  0.4182260,  0.1056583, -0.2849436)    0    0  47.99969827  5 0.240  32.98043121
(-34.1112286, 25.6338034, 11.5617425, -0.6668410,  0.0742869,  0.2560094, -0.6958906)    0    0  59.06401098  1 5.000  39.14448279
(-22.2590898, 34.1606639, 14.8653932,  0.1525501,  0.2162671,  0.0918018, -0.9599633)    0    0  53.42644023  4 5.000  35.33646943
(-20.6813409, 31.1007307,  6.7019090, -0.4109808, -0.4101945, -0.2218869,  0.7833272)    0    0  47.57250724  8 0.840  38.85110337
(-22.4217855, 34.1617632, 14.6213878,  0.1525501,  0.2162671,  0.0918018, -0.9599633)    0    0  52.90567942  1 0.640  35.17890502
(-17.0538945, 31.6529537, 11.1035692,  0.3588647, -0.1848519, -0.5434624,  0.7359990)    0    0 101.55350058  1 0.560  67.53991312
(-22.5593457, 34.2220712, 14.6137768,  0.1525501,  0.2162671,  0.0918017, -0.9599633)    0    0  52.45383804 14 0.480  33.63917316
(-27.9465393, 30.1834049,  9.8315465, -0.0343167, -0.2628615, -0.6186286,  0.7396113)    0    0  51.55239862 16 0.000  33.93850123
(-17.3208456, 31.5395564, 11.6410894,  0.3588647, -0.1848519, -0.5434624,  0.7359990)    0    0 102.11332224  0 0.720  68.44608209
(-20.9868643, 31.0069150,  6.2563244, -0.2099050, -0.4399889, -0.3815586,  0.7853424)    0    0  68.80210781  2 2.600  46.29917799
(-35.0234609, 32.7182765, 13.5994187,  0.8559968,  0.4182260,  0.1056583, -0.2849436)    0    0  47.30016365 12 2.280  30.40745312
(-16.9944381, 31.6091935, 10.8471831,  0.3588647, -0.1848519, -0.5434624,  0.7359990)    0    0  99.66260042  7 0.240  65.70692095
(-34.9595414, 32.7276008, 13.6707874,  0.8559968,  0.4182260,  0.1056583, -0.2849436)    0    0  47.67291596  8 0.400  31.21178177
(-20.6032857, 31.0853924,  6.7509285, -0.4274404, -0.4062125, -0.2070208,  0.7805830)    0    0  57.72719505  6 0.760  44.90785509
(-24.2157066, 30.5307289, 18.2810327, -0.0693230,  0.2678210,  0.9579482,  0.0761675)    0    0  53.23844277  5 0.640  36.00076013
(-22.5537360, 34.2092305, 14.8394235,  0.1525501,  0.2162670,  0.0918017, -0.9599633)    0    0  52.66208121  9 0.480  34.33317112
(-20.3406583, 37.3055647, 13.6256640, -0.5196610,  0.5766926, -0.5656393,  0.2782630)    0    0  32.99146274  4 2.360  22.77417479
(-22.5570074, 31.0059903,  4.5857083,  0.0403521, -0.4376544, -0.5344131,  0.7219646)    0    0  92.49562231  0 0.720  62.18507484
(-17.2603464, 31.4261567, 11.3368022,  0.3588647, -0.1848519, -0.5434624,  0.7359990)    0    0 103.29653352  0 5.000  68.86435568
(-28.3077531, 37.8380140, 14.2642324, -0.0529289,  0.4277063,  0.7212122,  0.5423272)    0    0  44.46587386  8 0.120  29.85286240
(-30.9335907, 30.2973935, 18.5493306, -0.0699414, -0.8942167, -0.1042137,  0.4296792)    0    0  26.89268428 10 0.200  17.89403996
(-28.1401879, 30.0912065,  9.9753687, -0.0343167, -0.2628615, -0.6186286,  0.7396113)    0    0  52.05776705 12 0.080  33.79773301
(-24.1589036, 30.5369011, 18.2734645, -0.0693230,  0.2678210,  0.9579482,  0.0761675)    0    0  52.44262927  7 0.320  34.90715657
(-20.6730744, 31.2482832,  6.6885495, -0.4358464, -0.4041226, -0.1993631,  0.7790874)    0    0  66.54314387  5 1.160  44.97778289
(-35.1069548, 32.4284292, 13.2471753,  0.8559968,  0.4182260,  0.1056583, -0.2849436)    0    0  48.12692628  4 1.200  33.01396308
(-22.7192054, 31.4130040,  4.5167914,  0.0403521, -0.4376544, -0.5344131,  0.7219646)    0    0  90.88598424  0 0.400  60.11345178
(-24.4959287, 30.3858229, 18.7550815, -0.0693230,  0.2678210,  0.9579482,  0.0761675)    0    0  53.98599869  3 3.800  36.03510005
(-22.2581023, 34.1928178, 14.9106876,  0.1525501,  0.2162670,  0.0918016, -0.9599633)    0    0  51.71256844  8 0.240  32.73433070
(-28.2660262, 37.8069870, 14.4465586, -0.0529289,  0.4277063,  0.7212122,  0.5423272)    0    0  45.12744116  3 1.560  30.06222459
(-17.5657591, 31.4194510, 11.2521320,  0.3588647, -0.1848519, -0.5434624,  0.7359990)    0    0 100.79447402 14 0.000  67.10295838
(-28.1491690, 30.3638155,  9.3857886, -0.0343167, -0.2628615, -0.6186286,  0.7396113)    0    0  53.87436746  4 1.840  35.38074574
(-28.0162016, 30.0463361,  9.6046943, -0.0343167, -0.2628615, -0.6186286,  0.7396113)    0    0  53.51160108  7 0.480  35.89612832
(-20.5085983, 37.0793615, 13.6755470,  0.4268464, -0.2381795,  0.4192608, -0.7650445)    0    0  42.58729021 14 4.280  28.52313422
(-30.6228725, 30.0482061, 18.1440514, -0.0699414, -0.8942167, -0.1042137,  0.4296792)    0    0  27.18598381  0 0.600  17.73384739
(-17.1740891, 31.1698178, 11.8102655,  0.3588647, -0.1848519, -0.5434624,  0.7359990)    0    0 100.19341195 11 0.000  66.17164670
(-35.0973912, 32.7001704, 13.5747375,  0.8559968,  0.4182260,  0.1056583, -0.2849436)    0    0  45.43450745 12 0.000  29.71368280
(-24.5304036, 30.3667833, 18.8190075, -0.0693230,  0.2678210,  0.9579482,  0.0761675)    0    0  53.60175978  4 0.880  35.94048368
(-22.2743748, 34.0020004, 15.2306252,  0.1525500,  0.2162671,  0.0918017, -0.9599633)    0    0  52.02615071  0 0.640  34.23634394
(-27.8640000, 29.8349957, 10.0128594, -0.0343166, -0.2628616, -0.6186285,  0.7396113)    0    0  53.04481406  5 0.400  35.79086884
(-21.8008294, 31.3103039,  4.4628034,  0.0403520, -0.4376545, -0.5344131,  0.7219646)    0    0  93.00179499  6 0.320  63.46218745
(-27.8960130, 29.9621661,  9.5662235, -0.0343166, -0.2628618, -0.6186285,  0.7396113)    0    0  51.03844448  9 0.160  33.49604852
(-22.1481172, 34.1214731, 14.9563622,  0.1525501,  0.2162671,  0.0918017, -0.9599633)    0    0  53.34517507  5 0.560  35.51708025
(-17.1667951, 31.3575903, 11.1217541,  0.3588647, -0.1848519, -0.5434624,  0.7359990)    0    0 102.11843568  0 0.480  68.56840913
(-22.5331800, 34.4096451, 14.8790986,  0.1525501,  0.2162670,  0.0918016, -0.9599633)    0    0  51.96008699  0 0.480  34.33902326
(-22.2774747, 34.2282420, 15.0945733,  0.1525501,  0.2162670,  0.0918015, -0.9599633)    0    0  51.71289394  5 0.400  34.23646068
(-24.5720179, 30.2244114, 18.7372586, -0.0693230,  0.2678210,  0.9579482,  0.0761675)    0    0  51.49111611  7 0.200  34.31498842
(-21.9863361, 31.3999455,  4.2665970,  0.0403520, -0.4376545, -0.5344131,  0.7219646)    0    0  91.41207500 11 0.000  63.35831175
(-17.1470607, 31.4289840, 11.4070160,  0.3588647, -0.1848519, -0.5434624,  0.7359990)    0    0 101.56646877  4 0.560  66.83534280
(-28.0568693, 37.8345821, 14.6634089, -0.0529289,  0.4277063,  0.7212122,  0.5423272)    0    0  44.69127881  3 0.600  29.77281238
(-28.2795698, 37.8050775, 14.4024829, -0.0529289,  0.4277063,  0.7212122,  0.5423272)    0    0  44.80776951  8 0.760  29.60485304
(-16.8462917, 31.5449863, 11.3616862,  0.3588647, -0.1848519, -0.5434624,  0.7359990)    0    0 100.86241701  0 0.400  67.05322027
(-22.2944788, 31.4009033,  4.4429766,  0.0403521, -0.4376545, -0.5344131,  0.7219646)    0    0  93.28466655  6 1.920  63.61043144
(-22.7990541, 34.2723589, 14.5558994,  0.1525501,  0.2162670,  0.0918016, -0.9599633)    0    0  52.51718851  0 0.400  35.08752726
(-22.5782865, 34.3757281, 14.4760767,  0.1525501,  0.2162670,  0.0918017, -0.9599633)    0    0  51.49431302 15 0.000  34.59374949
(-28.0428294, 30.0911901,  9.5550913, -0.0343167, -0.2628615, -0.6186286,  0.7396113)    0    0  55.55797151  0 5.000  37.03872873
(-28.2143259, 37.7892860, 14.9225532, -0.0529289,  0.4277063,  0.7212122,  0.5423272)    0    0  45.22187899  1 5.000  30.18323042
(-34.1556759, 25.9991921, 11.4973262, -0.6668410,  0.0742869,  0.2560094, -0.6958906)    0    0  58.27013788  4 5.000  38.40724793
(-22.2311446, 34.1370071, 14.8550516,  0.1525501,  0.2162670,  0.0918016, -0.9599633)    0    0  50.52426568  9 0.240  32.86351781
(-35.2183259, 32.5121768, 13.6876691,  0.8559968,  0.4182260,  0.1056583, -0.2849436)    0    0  47.35279711  0 0.400  31.66632613
(-22.0977066, 31.3500858,  4.4949440,  0.0403520, -0.4376545, -0.5344131,  0.7219646)    0    0  92.79317092  5 0.640  62.29091576
(-35.0640967, 32.6004207, 13.4672977,  0.8559968,  0.4182260,  0.1056583, -0.2849436)    0    0  47.74707399  7 0.960  30.87994903
(-20.8023969, 30.7050277,  6.7082923, -0.4385241, -0.4034285, -0.1968907,  0.7785636)    0    0  66.76816157  4 1.800  46.01899472
(-24.5953580, 30.5180449, 18.4516799, -0.0693230,  0.2678210,  0.9579482,  0.0761675)    0    0  52.39951130  4 0.400  34.91462777
(-34.1208975, 25.9353718, 11.4355045, -0.6668410,  0.0742869,  0.2560094, -0.6958906)    0    0  58.13435541  6 4.760  38.28561549
(-17.4822904, 31.5865681, 11.0266744,  0.3588647, -0.1848519, -0.5434624,  0.7359990)    0    0 100.24325178  8 0.160  66.43915854
(-28.3229771, 37.7750958, 14.5750148, -0.0529289,  0.4277063,  0.7212122,  0.5423272)    0    0  45.16556778  2 2.400  29.92107076
(-28.0529720, 30.2887780,  9.5664856, -0.0343167, -0.2628615, -0.6186286,  0.7396113)    0    0  53.68983143  5 1.040  35.13267470
(-34.8544178, 33.0039248, 13.4484609,  0.8559968,  0.4182260,  0.1056583, -0.2849436)    0    0  48.61303360  1 2.120  32.68290171
(-30.5853451, 29.8693035, 18.7933223, -0.0699414, -0.8942166, -0.1042137,  0.4296792)    0    0  28.56444069  0 5.000  19.04296046
(-34.1292104, 26.1427332, 11.3532040, -0.6668410,  0.0742869,  0.2560094, -0.6958906)    0    0  58.98534250  3 5.000  39.50113649
(-24.5343597, 38.5857550,  9.0776837,  0.3970598, -0.5792746,  0.6782046, -0.2163862)    0    0  42.09722354  0 5.000  28.06481569
(-35.0157428, 32.7225382, 13.5815401,  0.8559968,  0.4182260,  0.1056583, -0.2849436)    0    0  47.43419217 10 0.720  30.39059423
(-34.1180709, 25.8272652, 11.4824882, -0.6668410,  0.0742869,  0.2560094, -0.6958906)    0    0  59.87200874  0 5.000  39.91467499
(-24.6262576, 30.4217648, 18.9086180, -0.0693230,  0.2678210,  0.9579482,  0.0761675)    0    0  51.84567032  0 0.400  35.05657485
(-24.2317083, 30.3793173, 18.4796315, -0.0693230,  0.2678210,  0.9579482,  0.0761675)    0    0  51.16596772  6 0.400  33.75645486
(-27.9976605, 30.5400387,  9.3088572, -0.0343167, -0.2628615, -0.6186286,  0.7396113)    0    0  52.36432348  3 0.640  35.26340555
(-17.6896043, 31.4636673, 11.4426216,  0.3588647, -0.1848519, -0.5434624,  0.7359990)    0    0 100.98742681 12 0.000  67.73324434
(-34.1157727, 25.7818920, 11.4992003, -0.6668410,  0.0742869,  0.2560094, -0.6958906)    0    0  58.17732861  5 3.480  38.78485352
(-22.5697333, 31.3905027,  4.5682150,  0.0403521, -0.4376544, -0.5344131,  0.7219646)    0    0  93.81082282  2 3.400  63.51954118
(-22.1585340, 31.4734011,  4.2898613,  0.0403521, -0.4376544, -0.5344131,  0.7219646)    0    0  93.66498782  3 4.480  62.53648252
(-22.5819041, 34.2540206, 14.4995027,  0.1525501,  0.2162671,  0.0918018, -0.9599633)    0    0  53.71772045  1 1.120  36.20535531
(-24.4561402, 38.1996585,  8.8368839,  0.3970598, -0.5792746,  0.6782046, -0.2163862)    0    0  41.85115244  1 5.000  28.05247764
(-17.3843853, 31.4078171, 11.0597895,  0.3588647, -0.1848519, -0.5434624,  0.7359990)    0    0 101.82360645  0 0.400  68.14256369
(-20.9262266, 31.0165208,  6.6415589, -0.4382837, -0.4034901, -0.1971118,  0.7786094)    0    0  67.33039601  1 1.720  46.76795620
(-21.9932456, 31.2497667,  4.6205247,  0.0403520, -0.4376545, -0.5344131,  0.7219647)    0    0  91.11861537  1 0.480  62.40433290
(-22.2774417, 31.3065297,  4.3592207,  0.0403521, -0.4376544, -0.5344131,  0.7219646)    0    0  90.54121068  9 0.160  60.04834550
(-30.5719349, 29.8094691, 18.8315001, -0.0699414, -0.8942167, -0.1042137,  0.4296792)    0    0  27.95962108  6 4.920  18.52220480
(-22.5423956, 34.2507545, 14.5276737,  0.1525501,  0.2162671,  0.0918018, -0.9599633)    0    0  52.66353261  4 0.480  34.98856412
(-34.1164990, 25.7440306, 11.5202973, -0.6668410,  0.0742869,  0.2560094, -0.6958906)    0    0  57.41046891  7 2.680  37.27553202
(-30.6776621, 29.9966395, 18.6071158, -0.0699414, -0.8942167, -0.1042137,  0.4296792)    0    0  28.08139429  2 4.280  18.72590161
(-24.2966864, 30.5671367, 18.1451063, -0.0693230,  0.2678210,  0.9579482,  0.0761675)    0    0  52.17498950 12 0.000  34.82917852
(-35.0749175, 32.5745707, 13.2517930,  0.8559968,  0.4182260,  0.1056583, -0.2849436)    0    0  48.49727008  2 0.640  32.95352403
(-17.2534423, 31.6273702, 11.8715747,  0.3588647, -0.1848519, -0.5434624,  0.7359990)    0    0 101.13821356  0 0.560  67.35407372
(-30.7263330, 30.0540021, 18.5126647, -0.0699414, -0.8942167, -0.1042137,  0.4296792)    0    0  27.97889261  5 2.120  18.74216595
(-28.5101263, 37.6405958, 14.4810183, -0.0529289,  0.4277063,  0.7212122,  0.5423272)    0    0  44.28121998  9 0.040  29.38286382
(-28.2832297, 37.7567645, 15.0747622, -0.0529289,  0.4277063,  0.7212122,  0.5423272)    0    0  45.10993176  3 0.600  30.32954641
(-20.1478439, 37.1223325, 13.6914781, -0.5189475,  0.5901606, -0.5676085,  0.2453981)    0    0  40.31872776  2 3.400  27.90163683
(-27.7284245, 29.8904693,  9.9164486, -0.0343166, -0.2628616, -0.6186286,  0.7396113)    0    0  53.01876013  6 0.320  35.91918272
(-17.6488933, 31.3843947, 11.4440363,  0.3588647, -0.1848519, -0.5434624,  0.7359990)    0    0 100.17919179  0 0.400  66.56786386
(-24.4806055, 30.3936883, 18.7296375, -0.0693230,  0.2678210,  0.9579482,  0.0761675)    0    0  54.02541283  1 5.000  36.06007105
(-30.7099105, 30.1186184, 18.5176752, -0.0699414, -0.8942167, -0.1042137,  0.4296792)    0    0  28.20030216  1 5.000  18.89993434
(-22.5213452, 34.3279481, 14.8428994,  0.1525501,  0.2162671,  0.0918017, -0.9599633)    0    0  52.47179409  0 0.400  35.83539644
(-17.3292723, 31.3266806, 11.2461064,  0.3588647, -0.1848519, -0.5434624,  0.7359990)    0    0 100.87831789  0 0.400  67.52545586
(-21.0793408, 36.0313854, 14.0265254,  0.2328195,  0.1036687,  0.1837024, -0.9493689)    0    0  25.78676891  0 1.000  18.56577592
(-22.0775485, 31.2488693,  4.4392090,  0.0403521, -0.4376545, -0.5344131,  0.7219646)    0    0  90.06017924 10 0.000  60.55409004
(-21.8925613, 31.2686527,  4.0743773,  0.0403521, -0.4376544, -0.5344131,  0.7219646)    0    0  93.06228638  8 0.320  62.90510054
(-20.5867710, 31.3588486,  6.7001618, -0.4406867, -0.4028694, -0.1948957,  0.7781430)    0    0  66.86052811  3 0.920  46.13964877
(-30.6210673, 29.8678603, 18.7427928, -0.0699414, -0.8942167, -0.1042137,  0.4296792)    0    0  26.79172612  4 0.600  17.94002228
(-22.5231764, 34.3081749, 14.5190750,  0.1525501,  0.2162670,  0.0918015, -0.9599633)    0    0  51.07077189  0 0.400  34.80970664
(-20.5785338, 30.5400055,  6.7641649, -0.4409302, -0.4028059, -0.1946703,  0.7780946)    0    0  67.17688713  2 1.400  46.47322474
(-17.3370548, 31.2550837, 11.0792366,  0.3588647, -0.1848519, -0.5434624,  0.7359990)    0    0 102.08956228  5 0.320  68.66303342
(-24.2501560, 30.5083608, 18.3677425, -0.0693230,  0.2678210,  0.9579482,  0.0761675)    0    0  52.58639889  3 0.800  34.55660305
(-23.1738377, 34.4727002, 14.7253309,  0.1525500,  0.2162672,  0.0918019, -0.9599632)    0    0  51.88184041 13 0.000  35.44110946
(-34.1262211, 26.0343124, 11.3999065, -0.6668410,  0.0742869,  0.2560094, -0.6958906)    0    0  58.99912515  2 5.000  39.33497492
(-22.4801077, 34.2619303, 14.5434182,  0.1525501,  0.2162671,  0.0918016, -0.9599633)    0    0  51.07066436  6 0.320  34.11717248
(-22.7115751, 34.2425226, 14.3993872,  0.1525501,  0.2162670,  0.0918016, -0.9599633)    0    0  52.70720899  7 0.280  35.35563062
(-22.3899245, 34.2847622, 14.4353174,  0.1525501,  0.2162670,  0.0918013, -0.9599633)    0    0  52.16942079  0 0.400  34.94554675
(-28.2533338, 37.8018418, 14.7030248, -0.0529289,  0.4277063,  0.7212122,  0.5423272)    0    0  44.83386842  2 0.600  29.84192070
(-28.6896175, 37.5806791, 15.0349458, -0.0529289,  0.4277063,  0.7212122,  0.5423272)    0    0  44.27838080  7 0.120  29.83344328
(-34.7307269, 32.8140282, 13.9068242,  0.8559968,  0.4182260,  0.1056583, -0.2849436)    0    0  47.65794295  0 0.400  31.97418404
(-22.1617821, 31.2605066,  4.2186397,  0.0403519, -0.4376545, -0.5344130,  0.7219647)    0    0  90.21446970  1 0.720  61.42006026
(-28.0609578, 30.0769047,  9.8589908, -0.0343164, -0.2628622, -0.6186283,  0.7396113)    0    0  52.69938604  9 0.080  35.76448317
(-34.8274576, 32.6566417, 13.5692609,  0.8559968,  0.4182260,  0.1056583, -0.2849436)    0    0  46.42313469  9 0.080  31.21317344
(-17.1360212, 31.3707490, 11.2791847,  0.3588647, -0.1848519, -0.5434624,  0.7359990)    0    0 101.05096277  8 0.240  66.33114271
(-35.0354247, 32.6248879, 13.4057632,  0.8559968,  0.4182260,  0.1056583, -0.2849436)    0    0  49.57546853  0 5.000  33.05034510
(-22.5323551, 34.3125931, 14.5445649,  0.1525501,  0.2162670,  0.0918017, -0.9599633)    0    0  51.97299518  0 0.400  35.35490722
(-28.2525316, 37.7866287, 14.8119473, -0.0529289,  0.4277063,  0.7212122,  0.5423272)    0    0  44.61340055  4 0.600  29.41697325
(-20.2602785, 37.6449941, 13.5352759, -0.5190068,  0.5893478, -0.5675039,  0.2474311)    0    0  39.32683887  3 3.000  26.26883970
(-34.9908991, 33.0301698, 13.3923645,  0.8559968,  0.4182260,  0.1056583, -0.2849436)    0    0  47.99606500  0 0.560  32.12376786
(-22.2108002, 34.1367347, 14.9234126,  0.1525501,  0.2162669,  0.0918014, -0.9599633)    0    0  52.53990642  0 0.400  35.67233087
(-17.1532387, 31.4953224, 11.1322338,  0.3588647, -0.1848519, -0.5434624,  0.7359990)    0    0 101.82401537  8 0.480  67.82999699
(-22.4182880, 34.1972250, 14.7980318,  0.1525501,  0.2162670,  0.0918016, -0.9599633)    0    0  52.53957690  5 0.640  35.07629898
(-30.5504615, 29.7994956, 18.8705123, -0.0699414, -0.8942167, -0.1042137,  0.4296792)    0    0  28.07565374  3 1.560  18.63113767
(-22.4698478, 34.1253591, 14.7429310,  0.1525500,  0.2162672,  0.0918022, -0.9599632)    0    0  52.24119855  9 0.080  34.76086656
(-27.9542806, 30.2396155,  9.7300544, -0.0343166, -0.2628617, -0.6186285,  0.7396113)    0    0  51.78787490  7 0.240  34.43493664
(-22.0725335, 31.2983041,  4.5358443,  0.0403521, -0.4376544, -0.5344131,  0.7219646)    0    0  92.50931644  7 0.400  61.72520042
(-24.4467722, 30.4110555, 18.6734580, -0.0693230,  0.2678210,  0.9579482,  0.0761675)    0    0  54.07842124  0 5.000  36.05228083
(-17.5745205, 31.4337078, 11.4304308,  0.3588647, -0.1848519, -0.5434624,  0.7359990)    0    0 102.77168001  1 1.600  69.35164403
(-24.2390826, 30.5176658, 18.3285935, -0.0693230,  0.2678210,  0.9579482,  0.0761675)    0    0  53.99596850  2 5.000  35.97062655
(-16.8960675, 31.4460126, 11.3428884,  0.3588647, -0.1848519, -0.5434624,  0.7359990)    0    0 101.36512553  0 0.480  67.32526000
(-24.3843953, 30.4279425, 18.5965839, -0.0693230,  0.2678210,  0.9579482,  0.0761675)    0    0  52.37506789 10 2.280  34.47216604
(-22.1982097, 34.1005901, 15.0143520,  0.1525497,  0.2162683,  0.0918061, -0.9599626)    0    0  52.34757903  0 0.400  35.78799725
(-24.4781353, 38.3072871,  8.9040611,  0.3970598, -0.5792746,  0.6782046, -0.2163862)    0    0  41.56012013  2 5.000  27.69362421
(-22.1882148, 33.9894029, 14.9329738,  0.1525501,  0.2162671,  0.0918017, -0.9599633)    0    0  52.13253186  0 0.400  34.66454002
(-20.1697134, 37.1853378, 13.6613769, -0.5188903,  0.5908823, -0.5676974,  0.2435786)    0    0  40.87734717  1 4.520  27.67470896
(-22.3753815, 34.5687798, 14.3307155,  0.1525501,  0.2162670,  0.0918017, -0.9599633)    0    0  50.41809753 15 0.000  33.45112019
(-22.0184143, 31.3454850,  4.2718231,  0.0403521, -0.4376544, -0.5344131,  0.7219646)    0    0  94.06364416  0 0.920  63.82039627
(-20.7884427, 30.7884705,  6.6963404, -0.4257172, -0.4066689, -0.2086232,  0.7809364)    0    0  55.90246288  7 0.920  44.82492522
(-35.0262017, 32.5989454, 13.7567809,  0.8559968,  0.4182260,  0.1056583, -0.2849436)    0    0  47.14972313  8 0.160  30.27044145
(-35.1935972, 32.5206745, 13.5094885,  0.8559968,  0.4182260,  0.1056583, -0.2849436)    0    0  46.09701006  8 0.160  30.49719426
(-22.2568188, 34.1458284, 14.8762560,  0.1525501,  0.2162671,  0.0918018, -0.9599633)    0    0  53.44615607  3 2.240  35.29576058
(-21.8471182, 31.1868019,  4.7060036,  0.0403521, -0.4376544, -0.5344131,  0.7219646)    0    0  92.02747587 11 0.000  62.70728034
(-28.0421706, 29.7993162,  9.3203586, -0.0343166, -0.2628616, -0.6186285,  0.7396113)    0    0  53.43392929  8 0.480  35.80687075
(-24.3808301, 30.5519914, 18.3561141, -0.0386325,  0.3005655,  0.9470230, -0.1063735)    0    0  26.17424796 19 1.960  13.17143440
(-24.3168046, 30.4772477, 18.4596444, -0.0693230,  0.2678210,  0.9579482,  0.0761675)    0    0  52.94244108  6 1.320  35.29173593
(-21.7910401, 31.0940566,  4.6939969,  0.0403520, -0.4376545, -0.5344131,  0.7219646)    0    0  93.29559031  5 0.400  63.49945361
(-34.8814781, 32.7681241, 13.0627807,  0.8559968,  0.4182260,  0.1056583, -0.2849436)    0    0  48.13562755  3 0.880  32.91916952
(-22.0013312, 31.3442654,  4.2604865,  0.0403521, -0.4376544, -0.5344131,  0.7219646)    0    0  93.92974466  1 5.000  62.71100211
(-27.9118488, 30.2669508,  9.8931441, -0.0343167, -0.2628615, -0.6186286,  0.7396113)    0    0  51.71815590 14 0.000  34.36279766
(-17.0675779, 31.6285664, 10.9907361,  0.3588647, -0.1848519, -0.5434624,  0.7359990)    0    0 100.92202950  8 0.160  67.16185969
