#Coordinates  RecID  LigID  Luciferin  Neighbor's number  Vision Range  Scoring
(-28.1602062, 30.3162054,  9.3425773, -0.0343167, -0.2628615, -0.6186286,  0.7396113)    0    0  54.03815112  5 0.720  35.30383155
(-30.9552335, 29.8548064, 18.4854634, -0.0699414, -0.8942167, -0.1042137,  0.4296792)    0    0  27.17432171  2 0.440  18.60512910
(-24.4388892, 30.5197839, 18.4354305, -0.0693230,  0.2678210,  0.9579482,  0.0761675)    0    0  53.32513724  5 1.120  35.18411657
(-22.1518347, 34.1289188, 15.0226319,  0.1525501,  0.2162671,  0.0918018, -0.9599633)    0    0  51.78311993  0 0.400  35.13729633
(-16.8335283, 31.3692421, 10.8594772,  0.3588647, -0.1848519, -0.5434624,  0.7359990)    0    0 101.46088255 13 0.000  69.60759408
(-17.0514128, 31.4125121, 11.2191629,  0.3588647, -0.1848519, -0.5434624,  0.7359990)    0    0 102.22520553  8 3.600  67.49799179
(-24.5636006, 38.7300126,  9.1676582,  0.3970598, -0.5792746,  0.6782046, -0.2163862)    0    0  41.48711640  3 5.000  27.67259558
(-28.2769146, 30.2387676,  9.0364769, -0.0343167, -0.2628615, -0.6186286,  0.7396113)    0    0  53.94092318  6 3.840  36.37328198
(-28.9383073, 37.6127383, 14.5488901, -0.0529289,  0.4277063,  0.7212122,  0.5423272)    0    0  44.83677619  0 0.480  29.95206009
(-28.9571754, 37.7971434, 14.3212639, -0.0529289,  0.4277063,  0.7212122,  0.5423272)    0    0  45.14657748  6 4.360  30.20420246
(-21.3249995, 30.8880100,  4.0639312,  0.0403521, -0.4376544, -0.5344131,  0.7219646)    0    0  98.17429114  5 0.400  66.15570024
(-28.0408192, 30.1610978,  9.5220006, -0.0343167, -0.2628615, -0.6186286,  0.7396113)    0    0  52.98192356  0 0.400  36.44366258
(-24.0934846, 30.5152057, 18.2091952, -0.0693230,  0.2678210,  0.9579482,  0.0761675)    0    0  51.88452031  0 0.400  34.57413937
(-17.7052525, 31.4495378, 10.9617513,  0.3588647, -0.1848519, -0.5434624,  0.7359990)    0    0 101.26693725  0 0.640  67.30939889
(-17.8484989, 31.3052258, 11.3240993,  0.3588647, -0.1848519, -0.5434624,  0.7359990)    0    0  99.00530878  0 0.800  64.93877964
(-22.0821315, 33.9818719, 14.9135019,  0.1525501,  0.2162671,  0.0918018, -0.9599633)    0    0  52.76788585 11 0.000  35.22453397
(-21.5681628, 31.0089159,  3.8702967,  0.0403521, -0.4376544, -0.5344131,  0.7219646)    0    0  99.58092239  6 0.400  67.00370644
(-24.4014227, 30.4744662, 18.5953802, -0.0693230,  0.2678210,  0.9579482,  0.0761675)    0    0  52.00171906  6 0.400  34.42486762
(-22.5731186, 34.1501959, 14.7682512,  0.1525501,  0.2162671,  0.0918018, -0.9599633)    0    0  52.62339662  0 0.480  35.41822592
(-21.3388762, 31.3300372,  3.9658487,  0.0403521, -0.4376544, -0.5344131,  0.7219646)    0    0 100.33477671  3 1.160  68.25350304
(-28.7414443, 37.7658249, 14.5504712, -0.0529289,  0.4277063,  0.7212122,  0.5423272)    0    0  46.24121826  0 3.880  30.83656583
(-24.2291099, 30.5060496, 18.3446874, -0.0693230,  0.2678210,  0.9579482,  0.0761675)    0    0  52.85735905  6 0.800  35.77397425
(-35.0440345, 32.6116436, 13.4526527,  0.8559968,  0.4182260,  0.1056583, -0.2849436)    0    0  46.36835101  4 0.560  31.31145401
(-21.4461652, 30.5473060,  3.8160062,  0.0403521, -0.4376544, -0.5344131,  0.7219646)    0    0  99.62640477  6 0.680  66.88083002
(-22.1951724, 34.1788538, 14.8016157,  0.1525501,  0.2162671,  0.0918018, -0.9599633)    0    0  53.39442845  4 0.640  35.85074897
(-27.8994906, 29.6768164,  9.8882193, -0.0343167, -0.2628615, -0.6186286,  0.7396113)    0    0  51.80148885  0 0.400  34.01217702
(-22.4381003, 34.1937010, 14.4436352,  0.1525501,  0.2162671,  0.0918018, -0.9599633)    0    0  52.11934536  0 0.400  34.58471979
(-28.1438607, 30.2954504,  9.3821042, -0.0343167, -0.2628615, -0.6186286,  0.7396113)    0    0  51.87079363 18 0.640  32.14908254
(-22.5135396, 34.2313036, 14.5777744,  0.1525501,  0.2162671,  0.0918018, -0.9599633)    0    0  53.53778613  3 5.000  34.99743231
(-17.1708753, 31.5613799, 11.6626189,  0.3588647, -0.1848519, -0.5434624,  0.7359990)    0    0 102.07837641  0 0.400  68.12249034
(-22.7343847, 34.2228768, 14.8049032,  0.1525501,  0.2162671,  0.0918018, -0.9599633)    0    0  51.94520512  7 0.240  34.11646588
(-20.9203851, 30.7494222,  6.4970969, -0.4394051, -0.4032036, -0.1960812,  0.7783970)    0    0  66.42219344  3 1.080  45.71949295
(-28.0809200, 30.2834523,  9.5221219, -0.0343167, -0.2628615, -0.6186286,  0.7396113)    0    0  53.06303383  3 0.680  35.02892396
(-22.3636448, 34.0859170, 14.8416976,  0.1525501,  0.2162671,  0.0918018, -0.9599633)    0    0  51.65366765  0 0.400  34.89410963
(-22.5385217, 34.3868461, 14.5826294,  0.1525501,  0.2162671,  0.0918018, -0.9599633)    0    0  52.15748561  2 0.560  34.42433687
(-34.7700308, 32.7259373, 13.6278937,  0.8559968,  0.4182260,  0.1056583, -0.2849436)    0    0  47.83516150  5 0.280  32.24992062
(-30.5831938, 29.8391544, 18.8079782, -0.0699414, -0.8942167, -0.1042137,  0.4296792)    0    0  27.38331993  7 3.560  18.53974641
(-28.5709079, 37.7703387, 14.6436875, -0.0529289,  0.4277063,  0.7212122,  0.5423272)    0    0  44.65409118  8 0.280  29.19583693
(-30.4323313, 29.6034132, 19.0878494, -0.0699414, -0.8942167, -0.1042137,  0.4296792)    0    0  27.68111505  5 0.680  18.89531058
(-28.0025655, 30.0144843,  9.6281005, -0.0343167, -0.2628615, -0.6186286,  0.7396113)    0    0  54.09525351  4 3.400  36.50441019
(-35.0741910, 32.5730518, 13.8734396,  0.8559968,  0.4182260,  0.1056583, -0.2849436)    0    0  49.73928419  0 3.040  33.18416538
(-34.1112286, 25.6338034, 11.5617425, -0.6668410,  0.0742869,  0.2560094, -0.6958906)    0    0  59.06405497  2 5.000  39.14448279
(-22.1998856, 34.1791289, 14.8012199,  0.1525501,  0.2162671,  0.0918018, -0.9599633)    0    0  53.88591156  1 5.000  35.92438115
(-20.7926864, 30.6982525,  6.7203032, -0.4396498, -0.4031400, -0.1958551,  0.7783489)    0    0  65.55194093  6 1.400  42.83544491
(-22.2911792, 34.2697997, 14.1420480,  0.1525501,  0.2162671,  0.0918018, -0.9599633)    0    0  52.86974999  4 0.480  35.85950792
(-17.0957347, 31.4386936, 11.1749803,  0.3588647, -0.1848519, -0.5434624,  0.7359990)    0    0 100.84799323 11 0.000  66.91945336
(-22.0133615, 33.9833208, 14.5845913,  0.1525501,  0.2162671,  0.0918018, -0.9599633)    0    0  50.87758131  0 0.560  33.42620834
(-27.9329755, 29.8079167,  9.7349627, -0.0343167, -0.2628615, -0.6186286,  0.7396113)    0    0  53.62050186  2 0.400  36.66600280
(-17.5311539, 31.4242788, 11.3490773,  0.3588647, -0.1848519, -0.5434624,  0.7359990)    0    0 102.92114519  1 1.760  69.46854369
(-20.6941485, 30.8171962,  6.7444446, -0.4385081, -0.4034356, -0.1969089,  0.7785716)    0    0  66.58193794  2 1.080  45.65582361
(-35.1576913, 32.4590812, 13.6282734,  0.8559968,  0.4182260,  0.1056583, -0.2849436)    0    0  48.34455290  5 0.440  32.52448865
(-17.2127627, 31.2598070, 11.1908753,  0.3588647, -0.1848519, -0.5434624,  0.7359990)    0    0 100.93230776  7 0.240  67.09480275
(-34.8195288, 32.6499596, 13.8497027,  0.8559968,  0.4182260,  0.1056583, -0.2849436)    0    0  47.11077040 10 0.080  31.26575110
(-20.6650370, 30.8487876,  6.7524767, -0.4398345, -0.4030919, -0.1956844,  0.7783124)    0    0  69.78782528  0 2.600  46.70319061
(-24.5691703, 30.3563988, 18.8385286, -0.0693230,  0.2678210,  0.9579482,  0.0761675)    0    0  53.25710215  6 0.480  35.45061644
(-22.1522960, 34.1017614, 14.9976657,  0.1525501,  0.2162671,  0.0918018, -0.9599633)    0    0  52.59615435  0 0.400  35.89593516
(-20.6516392, 37.3873703, 13.5628050,  0.4265086, -0.2374356,  0.4188222, -0.7657041)    0    0  41.53597337  4 5.000  27.76384383
(-21.3697191, 31.3827964,  3.6830315,  0.0403521, -0.4376544, -0.5344131,  0.7219646)    0    0  97.03162195  3 0.560  64.75481005
(-17.2603464, 31.4261567, 11.3368022,  0.3588647, -0.1848519, -0.5434624,  0.7359990)    0    0 103.29653352  0 5.000  68.86435568
(-28.7535975, 37.7396664, 14.7185400, -0.0529289,  0.4277063,  0.7212122,  0.5423272)    0    0  45.16462784  3 0.760  30.14016197
(-30.7723607, 29.8835593, 18.6844359, -0.0699414, -0.8942167, -0.1042137,  0.4296792)    0    0  26.43935781 10 0.200  17.45758097
(-28.0126414, 30.3876872,  9.8340617, -0.0343167, -0.2628615, -0.6186286,  0.7396113)    0    0  53.57733133  0 0.560  35.65579412
(-24.1303574, 30.3695101, 18.8155283, -0.0693230,  0.2678210,  0.9579482,  0.0761675)    0    0  52.53646970  3 0.400  35.18545531
(-21.1194954, 30.3725281,  6.6175118, -0.3974319, -0.4132543, -0.2338705,  0.7852219)    0    0  36.59026549  9 0.680  27.78534218
(-34.9560383, 32.6393273, 13.8035462,  0.8559968,  0.4182260,  0.1056583, -0.2849436)    0    0  48.05681155  6 0.480  31.52501487
(-21.0155441, 31.0104097,  3.7365077,  0.0403521, -0.4376544, -0.5344131,  0.7219646)    0    0  98.61116220  0 0.400  67.03115902
(-24.5023165, 30.3826911, 18.7653840, -0.0693230,  0.2678210,  0.9579482,  0.0761675)    0    0  53.06703493  8 2.520  35.96194480
(-22.5846422, 34.3620379, 14.5940629,  0.1525501,  0.2162671,  0.0918018, -0.9599633)    0    0  50.99061410  1 0.560  32.40383330
(-28.6859482, 37.7637402, 14.6378961, -0.0529289,  0.4277063,  0.7212122,  0.5423272)    0    0  44.85626971  8 0.600  29.72716335
(-17.1337345, 31.3741250, 11.2163929,  0.3588647, -0.1848519, -0.5434624,  0.7359990)    0    0 102.54914418  5 0.800  68.67315470
(-28.0894862, 30.2768423,  9.4858290, -0.0343167, -0.2628615, -0.6186286,  0.7396113)    0    0  53.30750835 10 1.280  34.97418337
(-28.0162016, 30.0463361,  9.6046943, -0.0343167, -0.2628615, -0.6186286,  0.7396113)    0    0  54.25827185  2 2.480  35.95474264
(-20.4148054, 37.7619399, 13.3931555, -0.5190445,  0.5888748, -0.5674457,  0.2486240)    0    0  39.04514003  3 3.080  26.92592967
(-30.3552643, 29.9035003, 19.2833373, -0.0699414, -0.8942167, -0.1042137,  0.4296792)    0    0  27.15983649  0 0.760  18.12432885
(-16.9797795, 31.4006077, 11.1897912,  0.3588647, -0.1848519, -0.5434624,  0.7359990)    0    0 101.31170686  0 0.400  67.80829842
(-35.0271072, 32.6931300, 13.4474289,  0.8559968,  0.4182260,  0.1056583, -0.2849436)    0    0  47.14433865  4 0.640  30.00536460
(-24.5327632, 30.3669287, 18.8162336, -0.0693230,  0.2678210,  0.9579482,  0.0761675)    0    0  53.68705669  4 0.800  35.96217001
(-22.4089442, 34.2397996, 14.4619679,  0.1525501,  0.2162671,  0.0918018, -0.9599633)    0    0  52.07335464  0 0.400  34.76109414
(-28.0142121, 29.9995001,  9.5857615, -0.0343167, -0.2628615, -0.6186286,  0.7396113)    0    0  52.03313192  0 0.400  35.79836745
(-21.0436035, 31.1325373,  3.9705381,  0.0403521, -0.4376544, -0.5344131,  0.7219646)    0    0  97.00920612 12 0.000  65.41244621
(-27.7911930, 29.3952904,  9.9928982, -0.0343167, -0.2628615, -0.6186286,  0.7396113)    0    0  51.47060274  8 0.240  33.61429743
(-22.4276514, 34.2589391, 14.7824005,  0.1525501,  0.2162671,  0.0918018, -0.9599633)    0    0  51.92438597  0 0.400  36.07584842
(-17.0426013, 31.3188749, 11.0517697,  0.3588647, -0.1848519, -0.5434624,  0.7359990)    0    0 100.61690978 10 0.000  66.90675925
(-22.3903013, 34.4688805, 14.5954588,  0.1525501,  0.2162671,  0.0918017, -0.9599633)    0    0  51.33703008  0 0.400  34.12832172
(-22.5525126, 34.2534837, 14.4807095,  0.1525501,  0.2162671,  0.0918018, -0.9599633)    0    0  53.48024407  4 0.880  35.92134737
(-24.2118071, 30.7072112, 18.5287042, -0.0693230,  0.2678210,  0.9579482,  0.0761675)    0    0  51.85514246  0 0.600  34.47146545
(-21.1868444, 31.2287274,  3.7979817,  0.0403521, -0.4376544, -0.5344131,  0.7219646)    0    0 100.09795634  4 0.640  67.54987592
(-17.4584695, 31.5487074, 11.4517949,  0.3588647, -0.1848519, -0.5434624,  0.7359990)    0    0 102.21600984  6 0.400  68.17809667
(-28.6007681, 37.7196493, 14.7874598, -0.0529289,  0.4277063,  0.7212122,  0.5423272)    0    0  45.47064197  1 1.960  30.27526387
(-28.3582388, 37.6423251, 14.3891225, -0.0529289,  0.4277063,  0.7212122,  0.5423272)    0    0  44.78113160  1 0.440  30.48791230
(-16.8402675, 31.4599541, 11.4910427,  0.3588647, -0.1848519, -0.5434624,  0.7359990)    0    0 102.47867090  7 0.800  67.81393639
(-21.6262816, 30.5961339,  3.9975973,  0.0403521, -0.4376544, -0.5344131,  0.7219646)    0    0 100.90463278  2 3.440  68.28160231
(-22.5832904, 34.0520229, 14.7500259,  0.1525501,  0.2162671,  0.0918018, -0.9599633)    0    0  51.48825362 13 0.000  34.42316566
(-22.3763427, 34.2973872, 14.4114734,  0.1525501,  0.2162671,  0.0918018, -0.9599633)    0    0  51.71445606 11 0.000  34.35852490
(-28.0428294, 30.0911901,  9.5550913, -0.0343167, -0.2628615, -0.6186286,  0.7396113)    0    0  55.55809236  0 5.000  37.03872873
(-28.8721328, 37.8497095, 14.2455649, -0.0529289,  0.4277063,  0.7212122,  0.5423272)    0    0  45.31835469  2 5.000  30.33772950
(-34.1061530, 25.7531272, 11.4877157, -0.6668410,  0.0742869,  0.2560094, -0.6958906)    0    0  57.33569093  7 4.440  37.03256834
(-22.5668129, 34.2429133, 14.5291076,  0.1525501,  0.2162671,  0.0918018, -0.9599633)    0    0  53.38261962  6 0.480  35.80247013
(-35.0676400, 32.5827108, 13.7809125,  0.8559968,  0.4182260,  0.1056583, -0.2849436)    0    0  47.86570398 10 0.640  30.79182923
(-21.1654371, 31.4593588,  3.8235406,  0.0403521, -0.4376544, -0.5344131,  0.7219646)    0    0  98.78912700  0 0.560  66.79295027
(-35.0251059, 32.6130606, 13.5818838,  0.8559968,  0.4182260,  0.1056583, -0.2849436)    0    0  47.71790860  3 0.640  31.64340454
(-20.8981482, 30.5962286,  6.6923280, -0.4264417, -0.4064335, -0.2078988,  0.7807151)    0    0  57.27039619  6 0.760  45.95748630
(-24.4124600, 30.4269761, 18.6311260, -0.0693230,  0.2678210,  0.9579482,  0.0761675)    0    0  51.80623599 10 0.000  34.92278458
(-34.0076394, 26.2553455, 10.9674605, -0.6668410,  0.0742869,  0.2560094, -0.6958906)    0    0  58.52069965  3 4.840  39.19863959
(-16.8638067, 31.4358199, 11.1629806,  0.3588647, -0.1848519, -0.5434624,  0.7359990)    0    0 101.90521745 11 0.000  68.20087844
(-28.6462077, 37.7330290, 14.7148288, -0.0529289,  0.4277063,  0.7212122,  0.5423272)    0    0  44.60955980 12 1.680  29.02030399
(-27.9909336, 29.9587909,  9.6626864, -0.0343167, -0.2628615, -0.6186286,  0.7396113)    0    0  54.22070172  3 0.720  36.71244803
(-35.0931378, 32.4899456, 14.1252448,  0.8559968,  0.4182260,  0.1056583, -0.2849436)    0    0  48.91209174  3 1.640  33.01042087
(-30.5853451, 29.8693035, 18.7933223, -0.0699414, -0.8942166, -0.1042137,  0.4296792)    0    0  28.56444069  0 5.000  19.04296046
(-34.1288441, 26.1260430, 11.3606472, -0.6668410,  0.0742869,  0.2560094, -0.6958906)    0    0  58.39056522  4 5.000  38.96864036
(-24.5343597, 38.5857550,  9.0776837,  0.3970598, -0.5792746,  0.6782046, -0.2163862)    0    0  42.09722354  0 5.000  28.06481569
(-34.9269543, 32.6172271, 13.9347136,  0.8559968,  0.4182260,  0.1056583, -0.2849436)    0    0  47.74785114  7 0.240  32.57373566
(-34.1180709, 25.8272652, 11.4824882, -0.6668410,  0.0742869,  0.2560094, -0.6958906)    0    0  59.87201246  0 5.000  39.91467499
(-24.2162604, 30.4471024, 18.2337484, -0.0693230,  0.2678210,  0.9579482,  0.0761675)    0    0  51.82164026  0 0.400  34.82546825
(-24.3746580, 30.5258278, 18.1646062, -0.0693230,  0.2678210,  0.9579482,  0.0761675)    0    0  51.41061394  2 0.560  32.85295756
(-28.5982008, 30.3238306,  9.2147075, -0.0343167, -0.2628615, -0.6186286,  0.7396113)    0    0  52.12176004  0 0.400  35.20038332
(-17.3788507, 31.3246720, 11.1438610,  0.3588647, -0.1848519, -0.5434624,  0.7359990)    0    0 101.67196182  0 0.400  68.07036725
(-34.1140387, 25.7804103, 11.4952587, -0.6668410,  0.0742869,  0.2560094, -0.6958906)    0    0  58.20029325  5 2.360  38.77667549
(-21.4866369, 31.0827309,  4.0022775,  0.0403521, -0.4376544, -0.5344131,  0.7219646)    0    0  97.57848246  7 0.440  64.96303006
(-21.4123718, 30.9256606,  3.9015815,  0.0403521, -0.4376544, -0.5344131,  0.7219646)    0    0 100.90921863  1 5.000  66.86504569
(-22.5961038, 34.2456824, 14.5159375,  0.1525501,  0.2162671,  0.0918018, -0.9599633)    0    0  53.86141225  2 3.040  35.88282923
(-24.4561402, 38.1996585,  8.8368839,  0.3970598, -0.5792746,  0.6782046, -0.2163862)    0    0  41.85115244  1 5.000  28.05247764
(-16.8079267, 31.4265721, 11.6565930,  0.3588647, -0.1848519, -0.5434624,  0.7359990)    0    0 102.75147206  2 0.640  69.03018512
(-20.7157375, 30.7926036,  6.7412409, -0.4379358, -0.4035830, -0.1974363,  0.7786820)    0    0  66.27008960  4 0.680  45.37051860
(-21.5075380, 31.6199929,  3.9823665,  0.0403521, -0.4376544, -0.5344131,  0.7219646)    0    0  98.26182756  1 0.560  66.25203257
(-21.3533777, 31.0948937,  3.8912186,  0.0403521, -0.4376544, -0.5344131,  0.7219646)    0    0 100.31197186  4 1.200  66.95748100
(-30.5643225, 29.8254403, 18.8404026, -0.0699414, -0.8942167, -0.1042137,  0.4296792)    0    0  27.65048941  6 3.960  18.56660507
(-22.3490067, 33.9835798, 14.9816420,  0.1525501,  0.2162671,  0.0918018, -0.9599633)    0    0  51.79252766  0 0.400  34.51996154
(-34.1590004, 25.8006466, 11.6066495, -0.6668410,  0.0742869,  0.2560094, -0.6958906)    0    0  57.85048618  6 2.520  37.88243934
(-30.6606415, 30.0269348, 18.6245214, -0.0699414, -0.8942167, -0.1042137,  0.4296792)    0    0  27.19434136  8 4.440  17.66505449
(-24.4425605, 30.4347367, 18.6097447, -0.0693230,  0.2678210,  0.9579482,  0.0761675)    0    0  52.81204346 10 0.480  35.26029456
(-34.9534396, 32.8767061, 13.3701488,  0.8559968,  0.4182260,  0.1056583, -0.2849436)    0    0  48.66980326  5 0.640  33.21614202
(-16.9431168, 31.4106834, 11.3780800,  0.3588647, -0.1848519, -0.5434624,  0.7359990)    0    0 102.03978617 10 0.160  67.97462386
(-30.7248085, 30.0570169, 18.5140773, -0.0699414, -0.8942167, -0.1042137,  0.4296792)    0    0  28.01875450  3 2.840  18.74239733
(-28.8408425, 37.8164426, 14.8389225, -0.0529289,  0.4277063,  0.7212122,  0.5423272)    0    0  44.29380414 10 0.120  29.52361924
(-28.8928142, 37.8181950, 14.2890743, -0.0529289,  0.4277063,  0.7212122,  0.5423272)    0    0  45.15567211  3 0.600  30.21143338
(-20.1352401, 37.4562609, 13.5390972, -0.5195384,  0.5562093, -0.5615875,  0.3245467)    0    0  32.90132718  4 2.360  26.71265464
(-28.1177156, 30.3844259,  9.3973410, -0.0343167, -0.2628615, -0.6186286,  0.7396113)    0    0  52.18916877  5 0.400  34.68858616
(-17.2158568, 31.4005521, 11.1895059,  0.3588647, -0.1848519, -0.5434624,  0.7359990)    0    0 102.91002409  2 1.280  68.89330997
(-24.4806055, 30.3936883, 18.7296375, -0.0693230,  0.2678210,  0.9579482,  0.0761675)    0    0  54.02541288  1 5.000  36.06007105
(-30.7099105, 30.1186184, 18.5176752, -0.0699414, -0.8942167, -0.1042137,  0.4296792)    0    0  28.20030282  1 5.000  18.89993434
(-22.3619029, 34.2792993, 14.7361557,  0.1525501,  0.2162671,  0.0918018, -0.9599633)    0    0  52.29732097  2 0.720  34.09294896
(-17.3099317, 31.5030864, 11.2985137,  0.3588647, -0.1848519, -0.5434624,  0.7359990)    0    0 100.32043627  0 0.400  68.05616041
(-20.5170404, 38.0162966, 13.2754453, -0.5191274,  0.5875791, -0.5672688,  0.2518296)    0    0  39.62749678  1 3.400  28.25680251
(-21.1313522, 31.4724878,  3.8520543,  0.0403521, -0.4376544, -0.5344131,  0.7219646)    0    0  97.54957617 15 0.000  64.93308058
(-21.3135569, 30.9545728,  3.8104993,  0.0403521, -0.4376544, -0.5344131,  0.7219646)    0    0  98.55579953  8 0.240  66.26439576
(-21.0431894, 30.8520268,  5.7375669, -0.0853531, -0.4438405, -0.4634681,  0.7621796)    0    0  46.39199630 27 0.840   7.38974661
(-30.5094498, 29.7431054, 18.9556309, -0.0699414, -0.8942167, -0.1042137,  0.4296792)    0    0  27.99232540  4 0.920  18.61210365
(-22.9270225, 34.4035208, 14.8572045,  0.1525501,  0.2162671,  0.0918018, -0.9599633)    0    0  52.41834105  1 0.400  35.11211821
(-20.7216754, 30.7872215,  6.7368360, -0.4380673, -0.4035490, -0.1973149,  0.7786565)    0    0  66.30026720  4 1.080  45.42338738
(-17.2008512, 31.4485056, 11.4653777,  0.3588647, -0.1848519, -0.5434624,  0.7359990)    0    0 102.48751869  5 0.640  68.29014385
(-24.2597897, 30.5070796, 18.3627302, -0.0693230,  0.2678210,  0.9579482,  0.0761675)    0    0  53.94649241  3 1.440  35.96783521
(-22.2465427, 34.1869651, 14.7676313,  0.1525501,  0.2162671,  0.0918018, -0.9599633)    0    0  54.42782060  0 2.240  36.45209054
(-34.1254749, 26.0336549, 11.3982205, -0.6668410,  0.0742869,  0.2560094, -0.6958906)    0    0  59.10003614  1 5.000  39.41840623
(-22.2564419, 34.0528999, 14.5529594,  0.1525501,  0.2162671,  0.0918018, -0.9599633)    0    0  51.58303502  0 0.560  33.43106630
(-22.7064258, 34.2281773, 14.4053263,  0.1525501,  0.2162671,  0.0918018, -0.9599633)    0    0  53.06689631  7 0.240  35.80718301
(-22.4111546, 34.2261373, 14.6472165,  0.1525501,  0.2162671,  0.0918018, -0.9599633)    0    0  52.67298022  0 0.400  36.08211767
(-28.8013709, 37.7812222, 14.4352907, -0.0529289,  0.4277063,  0.7212122,  0.5423272)    0    0  45.00252497  5 0.440  30.09875670
(-28.6515624, 37.7272888, 14.7138421, -0.0529289,  0.4277063,  0.7212122,  0.5423272)    0    0  43.63116394  4 0.600  28.58744447
(-35.0610561, 32.5953157, 13.6853902,  0.8559968,  0.4182260,  0.1056583, -0.2849436)    0    0  47.82154821 10 0.320  32.15102293
(-21.3122471, 30.9876410,  3.5552548,  0.0403521, -0.4376544, -0.5344131,  0.7219646)    0    0  99.19300434 10 0.240  67.25690451
(-28.0349892, 30.4432446,  9.2716208, -0.0343167, -0.2628615, -0.6186286,  0.7396113)    0    0  52.93000728  5 0.400  35.54277595
(-35.3549591, 32.4462015, 13.3790816,  0.8559968,  0.4182260,  0.1056583, -0.2849436)    0    0  48.04831634  5 0.480  32.40648917
(-17.2404859, 31.4585580, 11.7446440,  0.3588647, -0.1848519, -0.5434624,  0.7359990)    0    0 102.74380587  3 0.480  69.13376929
(-35.0354247, 32.6248879, 13.4057632,  0.8559968,  0.4182260,  0.1056583, -0.2849436)    0    0  49.56611403  1 5.000  33.03882143
(-22.1837632, 34.3434265, 15.0611509,  0.1525501,  0.2162671,  0.0918018, -0.9599633)    0    0  51.51790114  0 0.400  34.91058750
(-29.0221169, 37.4259753, 14.6704421, -0.0529289,  0.4277063,  0.7212122,  0.5423272)    0    0  45.14920072  5 0.600  30.19919795
(-20.5857675, 37.2964492, 13.5846118, -0.5094567,  0.4777690, -0.5376633,  0.4723440)    0    0  13.76401283  5 2.600   1.17062291
(-35.0765352, 32.5704495, 13.8952754,  0.8559968,  0.4182260,  0.1056583, -0.2849436)    0    0  49.26548677  2 1.520  33.11796053
(-22.1953668, 33.9196373, 15.0774176,  0.1525501,  0.2162671,  0.0918018, -0.9599633)    0    0  51.97855988  0 0.480  34.11878241
(-17.2968460, 31.2853727, 11.3242878,  0.3588647, -0.1848519, -0.5434624,  0.7359990)    0    0 100.06099720  3 0.560  66.40492155
(-22.0339297, 34.0495168, 14.6890338,  0.1525501,  0.2162671,  0.0918018, -0.9599633)    0    0  51.96305162  2 0.480  34.04704972
(-30.5504615, 29.7994956, 18.8705123, -0.0699414, -0.8942167, -0.1042137,  0.4296792)    0    0  28.09963484  2 4.280  18.63113767
(-22.4247329, 34.2006667, 14.6353374,  0.1525501,  0.2162671,  0.0918018, -0.9599633)    0    0  51.40165476 13 0.000  33.56227118
(-28.1015955, 30.2790544,  9.4066152, -0.0343167, -0.2628615, -0.6186286,  0.7396113)    0    0  53.47965216  5 0.480  35.18177902
(-21.2516062, 30.8103716,  3.7120735,  0.0403521, -0.4376544, -0.5344131,  0.7219646)    0    0  98.57125635  0 0.560  66.28674330
(-24.4467722, 30.4110555, 18.6734580, -0.0693230,  0.2678210,  0.9579482,  0.0761675)    0    0  54.07842124  0 5.000  36.05228083
(-16.8125795, 31.4613332, 11.3104890,  0.3588647, -0.1848519, -0.5434624,  0.7359990)    0    0 100.61833040  0 0.400  66.35561002
(-24.2390826, 30.5176658, 18.3285935, -0.0693230,  0.2678210,  0.9579482,  0.0761675)    0    0  53.99597707  2 5.000  35.97062655
(-17.0662723, 31.3691530, 11.0729302,  0.3588647, -0.1848519, -0.5434624,  0.7359990)    0    0 101.01173721  0 0.400  66.85736902
(-24.6938875, 30.3295764, 18.9511824, -0.0693230,  0.2678210,  0.9579482,  0.0761675)    0    0  52.32750547  0 0.520  34.77036592
(-22.7703872, 33.9808749, 14.6295657,  0.1525501,  0.2162671,  0.0918018, -0.9599633)    0    0  50.77186043  0 0.400  33.59930176
(-24.4783325, 38.3072332,  8.9040838,  0.3970598, -0.5792746,  0.6782046, -0.2163862)    0    0  41.55995418  2 5.000  27.69362421
(-22.1850291, 34.1630676, 14.8222564,  0.1525501,  0.2162671,  0.0918018, -0.9599633)    0    0  52.98646368  0 0.400  35.90273959
(-20.4532967, 37.2623290, 13.6190835, -0.5193085,  0.5849320, -0.5669174,  0.2584141)    0    0  39.40137096  2 3.320  27.83948002
(-22.1096888, 34.0801337, 14.7730299,  0.1525501,  0.2162671,  0.0918018, -0.9599633)    0    0  52.18742741  0 0.400  35.23320344
(-21.4103961, 30.9489399,  3.9048532,  0.0403521, -0.4376544, -0.5344131,  0.7219646)    0    0 101.92900718  0 3.960  68.43453780
(-20.6204681, 30.8971093,  6.7647631, -0.4397767, -0.4031070, -0.1957379,  0.7783238)    0    0  69.56011122  1 2.680  46.91808675
(-35.0400119, 32.6266026, 13.3070550,  0.8559968,  0.4182260,  0.1056583, -0.2849436)    0    0  48.80640925  4 1.680  33.08090216
(-34.9571261, 32.6576167, 13.7831796,  0.8559968,  0.4182260,  0.1056583, -0.2849436)    0    0  46.48048839 11 0.160  32.10131582
(-22.1812964, 34.1757832, 14.8148897,  0.1525501,  0.2162671,  0.0918018, -0.9599633)    0    0  53.02038007  8 2.240  35.93821234
(-21.5035239, 30.8815525,  3.8850192,  0.0403521, -0.4376544, -0.5344131,  0.7219646)    0    0  99.13681390 10 0.160  67.55947908
(-27.9645601, 29.9416272,  9.6972474, -0.0343167, -0.2628615, -0.6186286,  0.7396113)    0    0  54.26694129  1 0.960  36.60424553
(-24.6368395, 30.0280954, 18.7122143, -0.0688593,  0.2684080,  0.9580351,  0.0733190)    0    0  51.36262741 12 0.000  35.39978179
(-24.3210191, 30.4789956, 18.4576303, -0.0693230,  0.2678210,  0.9579482,  0.0761675)    0    0  53.20022526  6 0.760  35.21848763
(-21.3192561, 30.9597018,  3.7039024,  0.0403521, -0.4376544, -0.5344131,  0.7219646)    0    0  99.46884697  5 0.400  67.46808394
(-35.0625290, 32.6084673, 13.2714068,  0.8559968,  0.4182260,  0.1056583, -0.2849436)    0    0  48.22585762  7 0.320  32.93607810
(-21.4907173, 30.6764079,  3.9109490,  0.0403521, -0.4376544, -0.5344131,  0.7219646)    0    0  99.41847566  9 2.760  68.55051098
(-27.9909151, 30.7105765,  9.8891203, -0.0343167, -0.2628615, -0.6186286,  0.7396113)    0    0  51.89945854  7 0.240  33.82431396
(-17.0352910, 31.3647091, 11.2013922,  0.3588647, -0.1848519, -0.5434624,  0.7359990)    0    0 101.35859325  4 0.320  67.20046741
